[0.368s] Invoking command in '/home/pritismankar/ros2_ws/build/my_odometry': CMAKE_PREFIX_PATH=/home/pritismankar/ros2_ws/install/my_slam:/home/pritismankar/ros2_ws/install/my_simulation:/home/pritismankar/ros2_ws/install/my_robot_description:/home/pritismankar/ros2_ws/install/my_odometry:/home/pritismankar/ros2_ws/install/my_fusion:/opt/ros/foxy:${CMAKE_PREFIX_PATH} /usr/bin/cmake /home/pritismankar/ros2_ws/src/my_odometry -DAMENT_CMAKE_SYMLINK_INSTALL=1 -DCMAKE_INSTALL_PREFIX=/home/pritismankar/ros2_ws/install/my_odometry
[0.606s] -- Found ament_cmake: 0.9.12 (/opt/ros/foxy/share/ament_cmake/cmake)
[0.606s] -- Using PYTHON_EXECUTABLE: /usr/bin/python3
[0.638s] -- Override CMake install command with custom implementation using symlinks instead of copying resources
[0.655s] -- Found rclcpp: 2.4.3 (/opt/ros/foxy/share/rclcpp/cmake)
[0.697s] -- Using all available rosidl_typesupport_c: rosidl_typesupport_fastrtps_c;rosidl_typesupport_introspection_c
[0.702s] -- Found rosidl_adapter: 1.3.1 (/opt/ros/foxy/share/rosidl_adapter/cmake)
[0.823s] -- Using all available rosidl_typesupport_cpp: rosidl_typesupport_fastrtps_cpp;rosidl_typesupport_introspection_cpp
[0.893s] -- Found rmw_implementation_cmake: 1.0.4 (/opt/ros/foxy/share/rmw_implementation_cmake/cmake)
[0.895s] -- Using RMW implementation 'rmw_fastrtps_cpp' as default
[1.046s] -- Found sensor_msgs: 2.0.5 (/opt/ros/foxy/share/sensor_msgs/cmake)
[1.161s] -- Found nav_msgs: 2.0.5 (/opt/ros/foxy/share/nav_msgs/cmake)
[1.249s] -- Found visualization_msgs: 2.0.5 (/opt/ros/foxy/share/visualization_msgs/cmake)
[1.331s] -- Found tf2: 0.13.14 (/opt/ros/foxy/share/tf2/cmake)
[1.342s] -- Found tf2_geometry_msgs: 0.13.14 (/opt/ros/foxy/share/tf2_geometry_msgs/cmake)
[1.352s] -- Found eigen3_cmake_module: 0.1.1 (/opt/ros/foxy/share/eigen3_cmake_module/cmake)
[2.039s] -- Configuring done
[2.049s] CMake Error at CMakeLists.txt:20 (add_executable):
[2.049s]   Target "odom_node" links to target "class_loader::class_loader" but the
[2.049s]   target was not found.  Perhaps a find_package() call is missing for an
[2.049s]   IMPORTED target, or an ALIAS target is missing?
[2.050s] 
[2.050s] 
[2.086s] -- Generating done
[2.086s] CMake Generate step failed.  Build files cannot be regenerated correctly.
[2.148s] Invoked command in '/home/pritismankar/ros2_ws/build/my_odometry' returned '1': CMAKE_PREFIX_PATH=/home/pritismankar/ros2_ws/install/my_slam:/home/pritismankar/ros2_ws/install/my_simulation:/home/pritismankar/ros2_ws/install/my_robot_description:/home/pritismankar/ros2_ws/install/my_odometry:/home/pritismankar/ros2_ws/install/my_fusion:/opt/ros/foxy:${CMAKE_PREFIX_PATH} /usr/bin/cmake /home/pritismankar/ros2_ws/src/my_odometry -DAMENT_CMAKE_SYMLINK_INSTALL=1 -DCMAKE_INSTALL_PREFIX=/home/pritismankar/ros2_ws/install/my_odometry
