running egg_info
writing ../../build/my_odometry/my_odometry.egg-info/PKG-INFO
writing dependency_links to ../../build/my_odometry/my_odometry.egg-info/dependency_links.txt
writing entry points to ../../build/my_odometry/my_odometry.egg-info/entry_points.txt
writing top-level names to ../../build/my_odometry/my_odometry.egg-info/top_level.txt
reading manifest file '../../build/my_odometry/my_odometry.egg-info/SOURCES.txt'
writing manifest file '../../build/my_odometry/my_odometry.egg-info/SOURCES.txt'
running build
running build_py
running install
running install_lib
running install_data
running install_egg_info
removing '/home/pritismankar/ros2_ws/install/my_odometry/lib/python3.8/site-packages/my_odometry-0.0.0-py3.8.egg-info' (and everything under it)
Copying ../../build/my_odometry/my_odometry.egg-info to /home/pritismankar/ros2_ws/install/my_odometry/lib/python3.8/site-packages/my_odometry-0.0.0-py3.8.egg-info
running install_scripts
Installing encoder_odom script to /home/pritismankar/ros2_ws/install/my_odometry/lib/my_odometry
Installing imu_odom script to /home/pritismankar/ros2_ws/install/my_odometry/lib/my_odometry
Installing move_robot script to /home/pritismankar/ros2_ws/install/my_odometry/lib/my_odometry
writing list of installed files to '/home/pritismankar/ros2_ws/build/my_odometry/install.log'
