[1.569s] Invoking command in '/home/pritismankar/ros2_ws/src/my_odometry': PYTHONPATH=/home/pritismankar/ros2_ws/build/my_odometry/prefix_override:/usr/lib/python3/dist-packages/colcon_core/task/python/colcon_distutils_commands:/home/pritismankar/ros2_ws/install/my_odometry/lib/python3.8/site-packages:${PYTHONPATH} /usr/bin/python3 -W ignore:setup.py install is deprecated -W ignore:easy_install command is deprecated setup.py egg_info --egg-base ../../build/my_odometry build --build-base /home/pritismankar/ros2_ws/build/my_odometry/build install --record /home/pritismankar/ros2_ws/build/my_odometry/install.log --install-scripts $base/lib/my_odometry --single-version-externally-managed install_data
[1.739s] running egg_info
[1.740s] writing ../../build/my_odometry/my_odometry.egg-info/PKG-INFO
[1.741s] writing dependency_links to ../../build/my_odometry/my_odometry.egg-info/dependency_links.txt
[1.742s] writing entry points to ../../build/my_odometry/my_odometry.egg-info/entry_points.txt
[1.743s] writing top-level names to ../../build/my_odometry/my_odometry.egg-info/top_level.txt
[1.783s] reading manifest file '../../build/my_odometry/my_odometry.egg-info/SOURCES.txt'
[1.784s] writing manifest file '../../build/my_odometry/my_odometry.egg-info/SOURCES.txt'
[1.785s] running build
[1.785s] running build_py
[1.785s] running install
[1.786s] running install_lib
[1.788s] running install_data
[1.788s] running install_egg_info
[1.789s] removing '/home/pritismankar/ros2_ws/install/my_odometry/lib/python3.8/site-packages/my_odometry-0.0.0-py3.8.egg-info' (and everything under it)
[1.791s] Copying ../../build/my_odometry/my_odometry.egg-info to /home/pritismankar/ros2_ws/install/my_odometry/lib/python3.8/site-packages/my_odometry-0.0.0-py3.8.egg-info
[1.793s] running install_scripts
[1.816s] Installing encoder_odom script to /home/pritismankar/ros2_ws/install/my_odometry/lib/my_odometry
[1.817s] Installing imu_odom script to /home/pritismankar/ros2_ws/install/my_odometry/lib/my_odometry
[1.817s] Installing move_robot script to /home/pritismankar/ros2_ws/install/my_odometry/lib/my_odometry
[1.818s] writing list of installed files to '/home/pritismankar/ros2_ws/build/my_odometry/install.log'
[1.859s] Invoked command in '/home/pritismankar/ros2_ws/src/my_odometry' returned '0': PYTHONPATH=/home/pritismankar/ros2_ws/build/my_odometry/prefix_override:/usr/lib/python3/dist-packages/colcon_core/task/python/colcon_distutils_commands:/home/pritismankar/ros2_ws/install/my_odometry/lib/python3.8/site-packages:${PYTHONPATH} /usr/bin/python3 -W ignore:setup.py install is deprecated -W ignore:easy_install command is deprecated setup.py egg_info --egg-base ../../build/my_odometry build --build-base /home/pritismankar/ros2_ws/build/my_odometry/build install --record /home/pritismankar/ros2_ws/build/my_odometry/install.log --install-scripts $base/lib/my_odometry --single-version-externally-managed install_data
