[1.805s] Invoking command in '/home/pritismankar/ros2_ws/build/my_slam': PYTHONPATH=/home/pritismankar/ros2_ws/build/my_slam/prefix_override:/usr/lib/python3/dist-packages/colcon_core/task/python/colcon_distutils_commands:/home/pritismankar/ros2_ws/install/my_slam/lib/python3.8/site-packages:${PYTHONPATH} /usr/bin/python3 -W ignore:setup.py install is deprecated -W ignore:easy_install command is deprecated setup.py develop --editable --build-directory /home/pritismankar/ros2_ws/build/my_slam/build --no-deps symlink_data
[2.748s] running develop
[2.920s] running egg_info
[2.921s] creating my_slam.egg-info
[2.923s] writing my_slam.egg-info/PKG-INFO
[2.926s] writing dependency_links to my_slam.egg-info/dependency_links.txt
[2.926s] writing entry points to my_slam.egg-info/entry_points.txt
[2.926s] writing requirements to my_slam.egg-info/requires.txt
[2.926s] writing top-level names to my_slam.egg-info/top_level.txt
[2.931s] writing manifest file 'my_slam.egg-info/SOURCES.txt'
[3.010s] reading manifest file 'my_slam.egg-info/SOURCES.txt'
[3.013s] writing manifest file 'my_slam.egg-info/SOURCES.txt'
[3.090s] running build_ext
[3.096s] Creating /home/pritismankar/ros2_ws/install/my_slam/lib/python3.8/site-packages/site.py
[3.096s] Creating /home/pritismankar/ros2_ws/install/my_slam/lib/python3.8/site-packages/my-slam.egg-link (link to .)
[3.096s] Installing map_builder script to /home/pritismankar/ros2_ws/install/my_slam/lib/my_slam
[3.096s] Installing scan_matcher script to /home/pritismankar/ros2_ws/install/my_slam/lib/my_slam
[3.096s] 
[3.096s] Installed /home/pritismankar/ros2_ws/build/my_slam
[3.096s] running symlink_data
[3.096s] creating /home/pritismankar/ros2_ws/install/my_slam/share/ament_index
[3.096s] creating /home/pritismankar/ros2_ws/install/my_slam/share/ament_index/resource_index
[3.097s] creating /home/pritismankar/ros2_ws/install/my_slam/share/ament_index/resource_index/packages
[3.097s] symbolically linking /home/pritismankar/ros2_ws/build/my_slam/resource/my_slam -> /home/pritismankar/ros2_ws/install/my_slam/share/ament_index/resource_index/packages
[3.097s] symbolically linking /home/pritismankar/ros2_ws/build/my_slam/package.xml -> /home/pritismankar/ros2_ws/install/my_slam/share/my_slam
[3.135s] Invoked command in '/home/pritismankar/ros2_ws/build/my_slam' returned '0': PYTHONPATH=/home/pritismankar/ros2_ws/build/my_slam/prefix_override:/usr/lib/python3/dist-packages/colcon_core/task/python/colcon_distutils_commands:/home/pritismankar/ros2_ws/install/my_slam/lib/python3.8/site-packages:${PYTHONPATH} /usr/bin/python3 -W ignore:setup.py install is deprecated -W ignore:easy_install command is deprecated setup.py develop --editable --build-directory /home/pritismankar/ros2_ws/build/my_slam/build --no-deps symlink_data
