[0.295s] Invoking command in '/home/pritismankar/ros2_ws/build/my_odometry': /usr/bin/cmake /home/pritismankar/ros2_ws/src/my_odometry -DCMAKE_INSTALL_PREFIX=/home/pritismankar/ros2_ws/install/my_odometry
[0.541s] -- Found ament_cmake: 0.9.12 (/opt/ros/foxy/share/ament_cmake/cmake)
[0.542s] -- Using PYTHON_EXECUTABLE: /usr/bin/python3
[0.542s] -- Found rclcpp: 2.4.3 (/opt/ros/foxy/share/rclcpp/cmake)
[0.584s] -- Using all available rosidl_typesupport_c: rosidl_typesupport_fastrtps_c;rosidl_typesupport_introspection_c
[0.588s] -- Found rosidl_adapter: 1.3.1 (/opt/ros/foxy/share/rosidl_adapter/cmake)
[0.733s] -- Using all available rosidl_typesupport_cpp: rosidl_typesupport_fastrtps_cpp;rosidl_typesupport_introspection_cpp
[0.780s] -- Found rmw_implementation_cmake: 1.0.4 (/opt/ros/foxy/share/rmw_implementation_cmake/cmake)
[0.785s] -- Using RMW implementation 'rmw_fastrtps_cpp' as default
[0.949s] -- Found sensor_msgs: 2.0.5 (/opt/ros/foxy/share/sensor_msgs/cmake)
[1.104s] -- Found nav_msgs: 2.0.5 (/opt/ros/foxy/share/nav_msgs/cmake)
[1.202s] -- Found visualization_msgs: 2.0.5 (/opt/ros/foxy/share/visualization_msgs/cmake)
[1.311s] CMake Error at /opt/ros/foxy/share/ament_cmake_target_dependencies/cmake/ament_target_dependencies.cmake:77 (message):
[1.312s]   ament_target_dependencies() the passed package name 'tf2' was not found
[1.312s]   before
[1.312s] Call Stack (most recent call first):
[1.312s]   CMakeLists.txt:19 (ament_target_dependencies)
[1.312s] 
[1.312s] 
[1.319s] -- Configuring incomplete, errors occurred!
[1.320s] See also "/home/pritismankar/ros2_ws/build/my_odometry/CMakeFiles/CMakeOutput.log".
[1.320s] See also "/home/pritismankar/ros2_ws/build/my_odometry/CMakeFiles/CMakeError.log".
[1.333s] Invoked command in '/home/pritismankar/ros2_ws/build/my_odometry' returned '1': /usr/bin/cmake /home/pritismankar/ros2_ws/src/my_odometry -DCMAKE_INSTALL_PREFIX=/home/pritismankar/ros2_ws/install/my_odometry
