[2.804s] Invoking command in '/home/pritismankar/ros2_ws/build/my_simulation': PYTHONPATH=/home/pritismankar/ros2_ws/build/my_simulation/prefix_override:/usr/lib/python3/dist-packages/colcon_core/task/python/colcon_distutils_commands:/home/pritismankar/ros2_ws/install/my_simulation/lib/python3.8/site-packages:${PYTHONPATH} /usr/bin/python3 -W ignore:setup.py install is deprecated -W ignore:easy_install command is deprecated setup.py develop --editable --build-directory /home/pritismankar/ros2_ws/build/my_simulation/build --no-deps symlink_data
[3.468s] running develop
[3.956s] running egg_info
[3.958s] creating my_simulation.egg-info
[3.958s] writing my_simulation.egg-info/PKG-INFO
[3.958s] writing dependency_links to my_simulation.egg-info/dependency_links.txt
[3.958s] writing entry points to my_simulation.egg-info/entry_points.txt
[3.958s] writing top-level names to my_simulation.egg-info/top_level.txt
[3.960s] writing manifest file 'my_simulation.egg-info/SOURCES.txt'
[4.020s] reading manifest file 'my_simulation.egg-info/SOURCES.txt'
[4.071s] writing manifest file 'my_simulation.egg-info/SOURCES.txt'
[4.189s] running build_ext
[4.190s] Creating /home/pritismankar/ros2_ws/install/my_simulation/lib/python3.8/site-packages/site.py
[4.193s] Creating /home/pritismankar/ros2_ws/install/my_simulation/lib/python3.8/site-packages/my-simulation.egg-link (link to .)
[4.196s] 
[4.197s] Installed /home/pritismankar/ros2_ws/build/my_simulation
[4.197s] running symlink_data
[4.198s] creating /home/pritismankar/ros2_ws/install/my_simulation/share/ament_index
[4.198s] creating /home/pritismankar/ros2_ws/install/my_simulation/share/ament_index/resource_index
[4.198s] creating /home/pritismankar/ros2_ws/install/my_simulation/share/ament_index/resource_index/packages
[4.198s] symbolically linking /home/pritismankar/ros2_ws/build/my_simulation/resource/my_simulation -> /home/pritismankar/ros2_ws/install/my_simulation/share/ament_index/resource_index/packages
[4.199s] symbolically linking /home/pritismankar/ros2_ws/build/my_simulation/package.xml -> /home/pritismankar/ros2_ws/install/my_simulation/share/my_simulation
[4.199s] creating /home/pritismankar/ros2_ws/install/my_simulation/share/my_simulation/worlds
[4.199s] symbolically linking /home/pritismankar/ros2_ws/build/my_simulation/worlds/apartment.world -> /home/pritismankar/ros2_ws/install/my_simulation/share/my_simulation/worlds
[4.199s] creating /home/pritismankar/ros2_ws/install/my_simulation/share/my_simulation/launch
[4.199s] symbolically linking /home/pritismankar/ros2_ws/build/my_simulation/launch/sim.launch.py -> /home/pritismankar/ros2_ws/install/my_simulation/share/my_simulation/launch
[4.200s] creating /home/pritismankar/ros2_ws/install/my_simulation/share/my_simulation/config
[4.200s] symbolically linking /home/pritismankar/ros2_ws/build/my_simulation/config/diffbot_controllers.yaml -> /home/pritismankar/ros2_ws/install/my_simulation/share/my_simulation/config
[4.237s] Invoked command in '/home/pritismankar/ros2_ws/build/my_simulation' returned '0': PYTHONPATH=/home/pritismankar/ros2_ws/build/my_simulation/prefix_override:/usr/lib/python3/dist-packages/colcon_core/task/python/colcon_distutils_commands:/home/pritismankar/ros2_ws/install/my_simulation/lib/python3.8/site-packages:${PYTHONPATH} /usr/bin/python3 -W ignore:setup.py install is deprecated -W ignore:easy_install command is deprecated setup.py develop --editable --build-directory /home/pritismankar/ros2_ws/build/my_simulation/build --no-deps symlink_data
