[0.337s] Invoking command in '/home/pritismankar/ros2_ws/build/my_odometry': /usr/bin/cmake /home/pritismankar/ros2_ws/src/my_odometry -DCMAKE_INSTALL_PREFIX=/home/pritismankar/ros2_ws/install/my_odometry
[1.032s] -- The C compiler identification is GNU 9.4.0
[1.455s] -- The CXX compiler identification is GNU 9.4.0
[1.492s] -- Check for working C compiler: /usr/bin/cc
[1.626s] -- Check for working C compiler: /usr/bin/cc -- works
[1.642s] -- Detecting C compiler ABI info
[1.821s] -- Detecting C compiler ABI info - done
[1.824s] -- Detecting C compile features
[1.824s] -- Detecting C compile features - done
[1.841s] -- Check for working CXX compiler: /usr/bin/c++
[2.005s] -- Check for working CXX compiler: /usr/bin/c++ -- works
[2.008s] -- Detecting CXX compiler ABI info
[2.155s] -- Detecting CXX compiler ABI info - done
[2.172s] -- Detecting CXX compile features
[2.174s] -- Detecting CXX compile features - done
[2.254s] -- Found ament_cmake: 0.9.12 (/opt/ros/foxy/share/ament_cmake/cmake)
[2.340s] -- Found PythonInterp: /usr/bin/python3 (found suitable version "3.8.10", minimum required is "3") 
[2.340s] -- Using PYTHON_EXECUTABLE: /usr/bin/python3
[2.795s] -- Found rclcpp: 2.4.3 (/opt/ros/foxy/share/rclcpp/cmake)
[3.049s] -- Using all available rosidl_typesupport_c: rosidl_typesupport_fastrtps_c;rosidl_typesupport_introspection_c
[3.099s] -- Found rosidl_adapter: 1.3.1 (/opt/ros/foxy/share/rosidl_adapter/cmake)
[3.389s] -- Found OpenSSL: /usr/lib/x86_64-linux-gnu/libcrypto.so (found version "1.1.1f")  
[3.439s] -- Found FastRTPS: /opt/ros/foxy/include  
[3.637s] -- Using all available rosidl_typesupport_cpp: rosidl_typesupport_fastrtps_cpp;rosidl_typesupport_introspection_cpp
[3.808s] -- Found rmw_implementation_cmake: 1.0.4 (/opt/ros/foxy/share/rmw_implementation_cmake/cmake)
[3.817s] -- Using RMW implementation 'rmw_fastrtps_cpp' as default
[3.823s] -- Looking for pthread.h
[4.020s] -- Looking for pthread.h - found
[4.020s] -- Performing Test CMAKE_HAVE_LIBC_PTHREAD
[4.123s] -- Performing Test CMAKE_HAVE_LIBC_PTHREAD - Failed
[4.123s] -- Looking for pthread_create in pthreads
[4.237s] -- Looking for pthread_create in pthreads - not found
[4.237s] -- Looking for pthread_create in pthread
[4.348s] -- Looking for pthread_create in pthread - found
[4.350s] -- Found Threads: TRUE  
[4.623s] -- Found sensor_msgs: 2.0.5 (/opt/ros/foxy/share/sensor_msgs/cmake)
[4.800s] -- Found nav_msgs: 2.0.5 (/opt/ros/foxy/share/nav_msgs/cmake)
[4.908s] -- Found visualization_msgs: 2.0.5 (/opt/ros/foxy/share/visualization_msgs/cmake)
[4.993s] CMake Error at /opt/ros/foxy/share/ament_cmake_target_dependencies/cmake/ament_target_dependencies.cmake:77 (message):
[4.993s]   ament_target_dependencies() the passed package name 'tf2' was not found
[4.993s]   before
[4.993s] Call Stack (most recent call first):
[4.993s]   CMakeLists.txt:19 (ament_target_dependencies)
[4.993s] 
[4.993s] 
[4.993s] -- Configuring incomplete, errors occurred!
[4.994s] See also "/home/pritismankar/ros2_ws/build/my_odometry/CMakeFiles/CMakeOutput.log".
[4.994s] See also "/home/pritismankar/ros2_ws/build/my_odometry/CMakeFiles/CMakeError.log".
[5.002s] Invoked command in '/home/pritismankar/ros2_ws/build/my_odometry' returned '1': /usr/bin/cmake /home/pritismankar/ros2_ws/src/my_odometry -DCMAKE_INSTALL_PREFIX=/home/pritismankar/ros2_ws/install/my_odometry
