[0.099s] Invoking command in '/home/pritismankar/ros2_ws/build/my_fusion': CMAKE_PREFIX_PATH=/home/pritismankar/ros2_ws/install/my_odometry:/home/pritismankar/ros2_ws/install/my_fusion:/home/pritismankar/ros2_ws/install/matplotlib_cpp:/home/pritismankar/ros2_ws/install/my_slam:/home/pritismankar/ros2_ws/install/my_simulation:/home/pritismankar/ros2_ws/install/my_robot_description:/opt/ros/foxy:/home/pritismankar/catkin_ws/devel:/opt/ros/noetic /usr/bin/cmake /home/pritismankar/ros2_ws/src/my_fusion -DAMENT_CMAKE_SYMLINK_INSTALL=1 -DCMAKE_INSTALL_PREFIX=/home/pritismankar/ros2_ws/install/my_fusion
[0.400s] -- The C compiler identification is GNU 9.4.0
[0.536s] -- The CXX compiler identification is GNU 9.4.0
[0.538s] -- Check for working C compiler: /usr/bin/cc
[0.794s] -- Check for working C compiler: /usr/bin/cc -- works
[0.794s] -- Detecting C compiler ABI info
[1.111s] -- Detecting C compiler ABI info - done
[1.135s] -- Detecting C compile features
[1.135s] -- Detecting C compile features - done
[1.139s] -- Check for working CXX compiler: /usr/bin/c++
[1.582s] -- Check for working CXX compiler: /usr/bin/c++ -- works
[1.582s] -- Detecting CXX compiler ABI info
[1.945s] -- Detecting CXX compiler ABI info - done
[1.956s] -- Detecting CXX compile features
[1.956s] -- Detecting CXX compile features - done
[1.976s] -- Found ament_cmake: 0.9.12 (/opt/ros/foxy/share/ament_cmake/cmake)
[2.099s] -- Found PythonInterp: /usr/bin/python3 (found suitable version "3.8.10", minimum required is "3") 
[2.099s] -- Using PYTHON_EXECUTABLE: /usr/bin/python3
[2.419s] -- Override CMake install command with custom implementation using symlinks instead of copying resources
[2.516s] -- Found rclcpp: 2.4.3 (/opt/ros/foxy/share/rclcpp/cmake)
[2.602s] -- Using all available rosidl_typesupport_c: rosidl_typesupport_fastrtps_c;rosidl_typesupport_introspection_c
[2.617s] -- Found rosidl_adapter: 1.3.1 (/opt/ros/foxy/share/rosidl_adapter/cmake)
[3.109s] -- Found OpenSSL: /usr/lib/x86_64-linux-gnu/libcrypto.so (found version "1.1.1f")  
[3.216s] -- Found FastRTPS: /opt/ros/foxy/include  
[3.512s] -- Using all available rosidl_typesupport_cpp: rosidl_typesupport_fastrtps_cpp;rosidl_typesupport_introspection_cpp
[3.721s] -- Found rmw_implementation_cmake: 1.0.4 (/opt/ros/foxy/share/rmw_implementation_cmake/cmake)
[3.785s] -- Using RMW implementation 'rmw_fastrtps_cpp' as default
[3.790s] -- Looking for pthread.h
[4.716s] -- Looking for pthread.h - found
[4.725s] -- Performing Test CMAKE_HAVE_LIBC_PTHREAD
[5.501s] -- Performing Test CMAKE_HAVE_LIBC_PTHREAD - Failed
[5.509s] -- Looking for pthread_create in pthreads
[5.979s] -- Looking for pthread_create in pthreads - not found
[5.979s] -- Looking for pthread_create in pthread
[6.540s] -- Looking for pthread_create in pthread - found
[6.546s] -- Found Threads: TRUE  
[6.782s] -- Found sensor_msgs: 2.0.5 (/opt/ros/foxy/share/sensor_msgs/cmake)
[8.168s] -- Found nav_msgs: 2.0.5 (/opt/ros/foxy/share/nav_msgs/cmake)
[8.318s] -- Found visualization_msgs: 2.0.5 (/opt/ros/foxy/share/visualization_msgs/cmake)
[8.502s] -- Found tf2: 0.13.14 (/opt/ros/foxy/share/tf2/cmake)
[8.520s] -- Found tf2_geometry_msgs: 0.13.14 (/opt/ros/foxy/share/tf2_geometry_msgs/cmake)
[8.649s] -- Found eigen3_cmake_module: 0.1.1 (/opt/ros/foxy/share/eigen3_cmake_module/cmake)
[8.656s] -- Found Eigen3: TRUE (found version "3.3.7") 
[9.894s] -- Configuring done
[9.971s] -- Generating done
[10.050s] -- Build files have been written to: /home/pritismankar/ros2_ws/build/my_fusion
[10.095s] Invoked command in '/home/pritismankar/ros2_ws/build/my_fusion' returned '0': CMAKE_PREFIX_PATH=/home/pritismankar/ros2_ws/install/my_odometry:/home/pritismankar/ros2_ws/install/my_fusion:/home/pritismankar/ros2_ws/install/matplotlib_cpp:/home/pritismankar/ros2_ws/install/my_slam:/home/pritismankar/ros2_ws/install/my_simulation:/home/pritismankar/ros2_ws/install/my_robot_description:/opt/ros/foxy:/home/pritismankar/catkin_ws/devel:/opt/ros/noetic /usr/bin/cmake /home/pritismankar/ros2_ws/src/my_fusion -DAMENT_CMAKE_SYMLINK_INSTALL=1 -DCMAKE_INSTALL_PREFIX=/home/pritismankar/ros2_ws/install/my_fusion
[10.106s] Invoking command in '/home/pritismankar/ros2_ws/build/my_fusion': CMAKE_PREFIX_PATH=/home/pritismankar/ros2_ws/install/my_odometry:/home/pritismankar/ros2_ws/install/my_fusion:/home/pritismankar/ros2_ws/install/matplotlib_cpp:/home/pritismankar/ros2_ws/install/my_slam:/home/pritismankar/ros2_ws/install/my_simulation:/home/pritismankar/ros2_ws/install/my_robot_description:/opt/ros/foxy:/home/pritismankar/catkin_ws/devel:/opt/ros/noetic /usr/bin/cmake --build /home/pritismankar/ros2_ws/build/my_fusion -- -j4 -l4
[10.785s] [35m[1mScanning dependencies of target ekf_fusion_node[0m
[11.580s] [ 50%] [32mBuilding CXX object CMakeFiles/ekf_fusion_node.dir/scripts/ekf_fusion_node.cpp.o[0m
[30.734s] [100%] [32m[1mLinking CXX executable ekf_fusion_node[0m
[31.257s] [100%] Built target ekf_fusion_node
[31.278s] Invoked command in '/home/pritismankar/ros2_ws/build/my_fusion' returned '0': CMAKE_PREFIX_PATH=/home/pritismankar/ros2_ws/install/my_odometry:/home/pritismankar/ros2_ws/install/my_fusion:/home/pritismankar/ros2_ws/install/matplotlib_cpp:/home/pritismankar/ros2_ws/install/my_slam:/home/pritismankar/ros2_ws/install/my_simulation:/home/pritismankar/ros2_ws/install/my_robot_description:/opt/ros/foxy:/home/pritismankar/catkin_ws/devel:/opt/ros/noetic /usr/bin/cmake --build /home/pritismankar/ros2_ws/build/my_fusion -- -j4 -l4
[31.278s] Invoking command in '/home/pritismankar/ros2_ws/build/my_fusion': CMAKE_PREFIX_PATH=/home/pritismankar/ros2_ws/install/my_odometry:/home/pritismankar/ros2_ws/install/my_fusion:/home/pritismankar/ros2_ws/install/matplotlib_cpp:/home/pritismankar/ros2_ws/install/my_slam:/home/pritismankar/ros2_ws/install/my_simulation:/home/pritismankar/ros2_ws/install/my_robot_description:/opt/ros/foxy:/home/pritismankar/catkin_ws/devel:/opt/ros/noetic /usr/bin/cmake --install /home/pritismankar/ros2_ws/build/my_fusion
[31.287s] -- Install configuration: ""
[31.288s] -- Execute custom install script
[31.290s] -- Symlinking: /home/pritismankar/ros2_ws/install/my_fusion/lib/my_fusion/ekf_fusion_node
[31.302s] -- Symlinking: /home/pritismankar/ros2_ws/install/my_fusion/share/my_fusion//launch/fusion.launch.py
[31.322s] -- Symlinking: /home/pritismankar/ros2_ws/install/my_fusion/share/my_fusion//resource/my_fusion
[31.338s] -- Symlinking: /home/pritismankar/ros2_ws/install/my_fusion/share/ament_index/resource_index/package_run_dependencies/my_fusion
[31.350s] -- Symlinking: /home/pritismankar/ros2_ws/install/my_fusion/share/ament_index/resource_index/parent_prefix_path/my_fusion
[31.367s] -- Symlinking: /home/pritismankar/ros2_ws/install/my_fusion/share/my_fusion/environment/ament_prefix_path.sh
[31.382s] -- Symlinking: /home/pritismankar/ros2_ws/install/my_fusion/share/my_fusion/environment/ament_prefix_path.dsv
[31.393s] -- Symlinking: /home/pritismankar/ros2_ws/install/my_fusion/share/my_fusion/environment/path.sh
[31.414s] -- Symlinking: /home/pritismankar/ros2_ws/install/my_fusion/share/my_fusion/environment/path.dsv
[31.432s] -- Symlinking: /home/pritismankar/ros2_ws/install/my_fusion/share/my_fusion/local_setup.bash
[31.446s] -- Symlinking: /home/pritismankar/ros2_ws/install/my_fusion/share/my_fusion/local_setup.sh
[31.463s] -- Symlinking: /home/pritismankar/ros2_ws/install/my_fusion/share/my_fusion/local_setup.zsh
[31.484s] -- Symlinking: /home/pritismankar/ros2_ws/install/my_fusion/share/my_fusion/local_setup.dsv
[31.507s] -- Symlinking: /home/pritismankar/ros2_ws/install/my_fusion/share/my_fusion/package.dsv
[31.529s] -- Symlinking: /home/pritismankar/ros2_ws/install/my_fusion/share/ament_index/resource_index/packages/my_fusion
[31.545s] -- Symlinking: /home/pritismankar/ros2_ws/install/my_fusion/share/my_fusion/cmake/my_fusionConfig.cmake
[31.567s] -- Symlinking: /home/pritismankar/ros2_ws/install/my_fusion/share/my_fusion/cmake/my_fusionConfig-version.cmake
[31.581s] -- Symlinking: /home/pritismankar/ros2_ws/install/my_fusion/share/my_fusion/package.xml
[31.603s] Invoked command in '/home/pritismankar/ros2_ws/build/my_fusion' returned '0': CMAKE_PREFIX_PATH=/home/pritismankar/ros2_ws/install/my_odometry:/home/pritismankar/ros2_ws/install/my_fusion:/home/pritismankar/ros2_ws/install/matplotlib_cpp:/home/pritismankar/ros2_ws/install/my_slam:/home/pritismankar/ros2_ws/install/my_simulation:/home/pritismankar/ros2_ws/install/my_robot_description:/opt/ros/foxy:/home/pritismankar/catkin_ws/devel:/opt/ros/noetic /usr/bin/cmake --install /home/pritismankar/ros2_ws/build/my_fusion
