[0.101s] Invoking command in '/home/pritismankar/ros2_ws/build/my_odometry': CMAKE_PREFIX_PATH=/home/pritismankar/ros2_ws/install/my_odometry:/home/pritismankar/ros2_ws/install/my_fusion:/home/pritismankar/ros2_ws/install/my_simulation:/home/pritismankar/ros2_ws/install/my_robot_description:/opt/ros/foxy:/home/pritismankar/catkin_ws/devel:/opt/ros/noetic /usr/bin/cmake --build /home/pritismankar/ros2_ws/build/my_odometry -- -j4 -l4
[0.594s] [100%] Built target odom_node
[0.639s] Invoked command in '/home/pritismankar/ros2_ws/build/my_odometry' returned '0': CMAKE_PREFIX_PATH=/home/pritismankar/ros2_ws/install/my_odometry:/home/pritismankar/ros2_ws/install/my_fusion:/home/pritismankar/ros2_ws/install/my_simulation:/home/pritismankar/ros2_ws/install/my_robot_description:/opt/ros/foxy:/home/pritismankar/catkin_ws/devel:/opt/ros/noetic /usr/bin/cmake --build /home/pritismankar/ros2_ws/build/my_odometry -- -j4 -l4
[0.641s] Invoking command in '/home/pritismankar/ros2_ws/build/my_odometry': CMAKE_PREFIX_PATH=/home/pritismankar/ros2_ws/install/my_odometry:/home/pritismankar/ros2_ws/install/my_fusion:/home/pritismankar/ros2_ws/install/my_simulation:/home/pritismankar/ros2_ws/install/my_robot_description:/opt/ros/foxy:/home/pritismankar/catkin_ws/devel:/opt/ros/noetic /usr/bin/cmake --install /home/pritismankar/ros2_ws/build/my_odometry
[0.681s] -- Install configuration: ""
[0.682s] -- Execute custom install script
[0.682s] -- Up-to-date symlink: /home/pritismankar/ros2_ws/install/my_odometry/lib/my_odometry/odom_node
[0.682s] -- Up-to-date symlink: /home/pritismankar/ros2_ws/install/my_odometry/share/my_odometry/launch/odom.launch.py
[0.682s] -- Up-to-date symlink: /home/pritismankar/ros2_ws/install/my_odometry/share/my_odometry/rviz/config.rviz
[0.682s] -- Up-to-date symlink: /home/pritismankar/ros2_ws/install/my_odometry/share/ament_index/resource_index/package_run_dependencies/my_odometry
[0.682s] -- Up-to-date symlink: /home/pritismankar/ros2_ws/install/my_odometry/share/ament_index/resource_index/parent_prefix_path/my_odometry
[0.682s] -- Up-to-date symlink: /home/pritismankar/ros2_ws/install/my_odometry/share/my_odometry/environment/ament_prefix_path.sh
[0.682s] -- Up-to-date symlink: /home/pritismankar/ros2_ws/install/my_odometry/share/my_odometry/environment/ament_prefix_path.dsv
[0.682s] -- Up-to-date symlink: /home/pritismankar/ros2_ws/install/my_odometry/share/my_odometry/environment/path.sh
[0.682s] -- Up-to-date symlink: /home/pritismankar/ros2_ws/install/my_odometry/share/my_odometry/environment/path.dsv
[0.682s] -- Up-to-date symlink: /home/pritismankar/ros2_ws/install/my_odometry/share/my_odometry/local_setup.bash
[0.682s] -- Up-to-date symlink: /home/pritismankar/ros2_ws/install/my_odometry/share/my_odometry/local_setup.sh
[0.683s] -- Up-to-date symlink: /home/pritismankar/ros2_ws/install/my_odometry/share/my_odometry/local_setup.zsh
[0.683s] -- Up-to-date symlink: /home/pritismankar/ros2_ws/install/my_odometry/share/my_odometry/local_setup.dsv
[0.683s] -- Symlinking: /home/pritismankar/ros2_ws/install/my_odometry/share/my_odometry/package.dsv
[0.700s] -- Up-to-date symlink: /home/pritismankar/ros2_ws/install/my_odometry/share/ament_index/resource_index/packages/my_odometry
[0.700s] -- Up-to-date symlink: /home/pritismankar/ros2_ws/install/my_odometry/share/my_odometry/cmake/my_odometryConfig.cmake
[0.700s] -- Up-to-date symlink: /home/pritismankar/ros2_ws/install/my_odometry/share/my_odometry/cmake/my_odometryConfig-version.cmake
[0.701s] -- Up-to-date symlink: /home/pritismankar/ros2_ws/install/my_odometry/share/my_odometry/package.xml
[0.752s] Invoked command in '/home/pritismankar/ros2_ws/build/my_odometry' returned '0': CMAKE_PREFIX_PATH=/home/pritismankar/ros2_ws/install/my_odometry:/home/pritismankar/ros2_ws/install/my_fusion:/home/pritismankar/ros2_ws/install/my_simulation:/home/pritismankar/ros2_ws/install/my_robot_description:/opt/ros/foxy:/home/pritismankar/catkin_ws/devel:/opt/ros/noetic /usr/bin/cmake --install /home/pritismankar/ros2_ws/build/my_odometry
