[1.867s] Invoking command in '/home/pritismankar/ros2_ws/build/my_simulation': PYTHONPATH=/home/pritismankar/ros2_ws/build/my_simulation/prefix_override:/usr/lib/python3/dist-packages/colcon_core/task/python/colcon_distutils_commands:/home/pritismankar/ros2_ws/install/my_simulation/lib/python3.8/site-packages:${PYTHONPATH} /usr/bin/python3 -W ignore:setup.py install is deprecated -W ignore:easy_install command is deprecated setup.py develop --editable --build-directory /home/pritismankar/ros2_ws/build/my_simulation/build --no-deps symlink_data
[2.213s] running develop
[2.362s] running egg_info
[2.362s] creating my_simulation.egg-info
[2.363s] writing my_simulation.egg-info/PKG-INFO
[2.364s] writing dependency_links to my_simulation.egg-info/dependency_links.txt
[2.364s] writing entry points to my_simulation.egg-info/entry_points.txt
[2.365s] writing top-level names to my_simulation.egg-info/top_level.txt
[2.365s] writing manifest file 'my_simulation.egg-info/SOURCES.txt'
[2.405s] reading manifest file 'my_simulation.egg-info/SOURCES.txt'
[2.406s] writing manifest file 'my_simulation.egg-info/SOURCES.txt'
[2.471s] running build_ext
[2.471s] Creating /home/pritismankar/ros2_ws/install/my_simulation/lib/python3.8/site-packages/site.py
[2.476s] Creating /home/pritismankar/ros2_ws/install/my_simulation/lib/python3.8/site-packages/my-simulation.egg-link (link to .)
[2.476s] 
[2.476s] Installed /home/pritismankar/ros2_ws/build/my_simulation
[2.476s] running symlink_data
[2.476s] creating /home/pritismankar/ros2_ws/install/my_simulation/share/ament_index
[2.476s] creating /home/pritismankar/ros2_ws/install/my_simulation/share/ament_index/resource_index
[2.476s] creating /home/pritismankar/ros2_ws/install/my_simulation/share/ament_index/resource_index/packages
[2.477s] symbolically linking /home/pritismankar/ros2_ws/build/my_simulation/resource/my_simulation -> /home/pritismankar/ros2_ws/install/my_simulation/share/ament_index/resource_index/packages
[2.477s] symbolically linking /home/pritismankar/ros2_ws/build/my_simulation/package.xml -> /home/pritismankar/ros2_ws/install/my_simulation/share/my_simulation
[2.477s] creating /home/pritismankar/ros2_ws/install/my_simulation/share/my_simulation/worlds
[2.477s] symbolically linking /home/pritismankar/ros2_ws/build/my_simulation/worlds/apartment.world -> /home/pritismankar/ros2_ws/install/my_simulation/share/my_simulation/worlds
[2.477s] creating /home/pritismankar/ros2_ws/install/my_simulation/share/my_simulation/launch
[2.477s] symbolically linking /home/pritismankar/ros2_ws/build/my_simulation/launch/sim.launch.py -> /home/pritismankar/ros2_ws/install/my_simulation/share/my_simulation/launch
[2.989s] Invoked command in '/home/pritismankar/ros2_ws/build/my_simulation' returned '0': PYTHONPATH=/home/pritismankar/ros2_ws/build/my_simulation/prefix_override:/usr/lib/python3/dist-packages/colcon_core/task/python/colcon_distutils_commands:/home/pritismankar/ros2_ws/install/my_simulation/lib/python3.8/site-packages:${PYTHONPATH} /usr/bin/python3 -W ignore:setup.py install is deprecated -W ignore:easy_install command is deprecated setup.py develop --editable --build-directory /home/pritismankar/ros2_ws/build/my_simulation/build --no-deps symlink_data
