[0.289s] DEBUG:colcon:Command line arguments: ['/usr/bin/colcon', 'build', '--symlink-install']
[0.289s] DEBUG:colcon:Parsed command line arguments: Namespace(allow_overriding=[], ament_cmake_args=None, base_paths=['.'], build_base='build', catkin_cmake_args=None, catkin_skip_building_tests=False, cmake_args=None, cmake_clean_cache=False, cmake_clean_first=False, cmake_force_configure=False, cmake_target=None, cmake_target_skip_unavailable=False, continue_on_error=False, event_handlers=None, executor='parallel', ignore_user_meta=False, install_base='install', log_base=None, log_level=None, main=<bound method BuildVerb.main of <colcon_core.verb.build.BuildVerb object at 0x7f721b695f10>>, merge_install=False, metas=['./colcon.meta'], packages_above=None, packages_above_and_dependencies=None, packages_above_depth=None, packages_end=None, packages_ignore=None, packages_ignore_regex=None, packages_select=None, packages_select_build_failed=False, packages_select_by_dep=None, packages_select_regex=None, packages_select_test_failures=False, packages_skip=None, packages_skip_build_finished=False, packages_skip_by_dep=None, packages_skip_regex=None, packages_skip_test_passed=False, packages_skip_up_to=None, packages_start=None, packages_up_to=None, packages_up_to_regex=None, parallel_workers=4, paths=None, symlink_install=True, test_result_base=None, verb_extension=<colcon_core.verb.build.BuildVerb object at 0x7f721b695f10>, verb_name='build', verb_parser=<colcon_defaults.argument_parser.defaults.DefaultArgumentsDecorator object at 0x7f721b6a03a0>)
[0.522s] Level 1:colcon.colcon_core.package_discovery:discover_packages(colcon_meta) check parameters
[0.522s] Level 1:colcon.colcon_core.package_discovery:discover_packages(recursive) check parameters
[0.523s] Level 1:colcon.colcon_core.package_discovery:discover_packages(ignore) check parameters
[0.523s] Level 1:colcon.colcon_core.package_discovery:discover_packages(path) check parameters
[0.523s] Level 1:colcon.colcon_core.package_discovery:discover_packages(colcon_meta) discover
[0.523s] Level 1:colcon.colcon_core.package_discovery:discover_packages(recursive) discover
[0.523s] INFO:colcon.colcon_core.package_discovery:Crawling recursively for packages in '/home/pritismankar/ros2_ws'
[0.523s] Level 1:colcon.colcon_core.package_identification:_identify(.) by extensions ['ignore', 'ignore_ament_install']
[0.523s] Level 1:colcon.colcon_core.package_identification:_identify(.) by extension 'ignore'
[0.523s] Level 1:colcon.colcon_core.package_identification:_identify(.) by extension 'ignore_ament_install'
[0.523s] Level 1:colcon.colcon_core.package_identification:_identify(.) by extensions ['colcon_pkg']
[0.523s] Level 1:colcon.colcon_core.package_identification:_identify(.) by extension 'colcon_pkg'
[0.523s] Level 1:colcon.colcon_core.package_identification:_identify(.) by extensions ['colcon_meta']
[0.523s] Level 1:colcon.colcon_core.package_identification:_identify(.) by extension 'colcon_meta'
[0.523s] Level 1:colcon.colcon_core.package_identification:_identify(.) by extensions ['ros']
[0.523s] Level 1:colcon.colcon_core.package_identification:_identify(.) by extension 'ros'
[0.568s] Level 1:colcon.colcon_core.package_identification:_identify(.) by extensions ['cmake', 'python']
[0.568s] Level 1:colcon.colcon_core.package_identification:_identify(.) by extension 'cmake'
[0.568s] Level 1:colcon.colcon_core.package_identification:_identify(.) by extension 'python'
[0.568s] Level 1:colcon.colcon_core.package_identification:_identify(.) by extensions ['python_setup_py']
[0.568s] Level 1:colcon.colcon_core.package_identification:_identify(.) by extension 'python_setup_py'
[0.568s] Level 1:colcon.colcon_core.package_identification:_identify(build) by extensions ['ignore', 'ignore_ament_install']
[0.569s] Level 1:colcon.colcon_core.package_identification:_identify(build) by extension 'ignore'
[0.569s] Level 1:colcon.colcon_core.package_identification:_identify(build) ignored
[0.569s] Level 1:colcon.colcon_core.package_identification:_identify(install) by extensions ['ignore', 'ignore_ament_install']
[0.569s] Level 1:colcon.colcon_core.package_identification:_identify(install) by extension 'ignore'
[0.569s] Level 1:colcon.colcon_core.package_identification:_identify(install) ignored
[0.569s] Level 1:colcon.colcon_core.package_identification:_identify(log) by extensions ['ignore', 'ignore_ament_install']
[0.569s] Level 1:colcon.colcon_core.package_identification:_identify(log) by extension 'ignore'
[0.569s] Level 1:colcon.colcon_core.package_identification:_identify(log) ignored
[0.570s] Level 1:colcon.colcon_core.package_identification:_identify(src) by extensions ['ignore', 'ignore_ament_install']
[0.570s] Level 1:colcon.colcon_core.package_identification:_identify(src) by extension 'ignore'
[0.570s] Level 1:colcon.colcon_core.package_identification:_identify(src) by extension 'ignore_ament_install'
[0.570s] Level 1:colcon.colcon_core.package_identification:_identify(src) by extensions ['colcon_pkg']
[0.570s] Level 1:colcon.colcon_core.package_identification:_identify(src) by extension 'colcon_pkg'
[0.570s] Level 1:colcon.colcon_core.package_identification:_identify(src) by extensions ['colcon_meta']
[0.570s] Level 1:colcon.colcon_core.package_identification:_identify(src) by extension 'colcon_meta'
[0.570s] Level 1:colcon.colcon_core.package_identification:_identify(src) by extensions ['ros']
[0.570s] Level 1:colcon.colcon_core.package_identification:_identify(src) by extension 'ros'
[0.570s] Level 1:colcon.colcon_core.package_identification:_identify(src) by extensions ['cmake', 'python']
[0.570s] Level 1:colcon.colcon_core.package_identification:_identify(src) by extension 'cmake'
[0.570s] Level 1:colcon.colcon_core.package_identification:_identify(src) by extension 'python'
[0.570s] Level 1:colcon.colcon_core.package_identification:_identify(src) by extensions ['python_setup_py']
[0.570s] Level 1:colcon.colcon_core.package_identification:_identify(src) by extension 'python_setup_py'
[0.571s] Level 1:colcon.colcon_core.package_identification:_identify(src/my_fusion) by extensions ['ignore', 'ignore_ament_install']
[0.571s] Level 1:colcon.colcon_core.package_identification:_identify(src/my_fusion) by extension 'ignore'
[0.571s] Level 1:colcon.colcon_core.package_identification:_identify(src/my_fusion) by extension 'ignore_ament_install'
[0.571s] Level 1:colcon.colcon_core.package_identification:_identify(src/my_fusion) by extensions ['colcon_pkg']
[0.571s] Level 1:colcon.colcon_core.package_identification:_identify(src/my_fusion) by extension 'colcon_pkg'
[0.571s] Level 1:colcon.colcon_core.package_identification:_identify(src/my_fusion) by extensions ['colcon_meta']
[0.571s] Level 1:colcon.colcon_core.package_identification:_identify(src/my_fusion) by extension 'colcon_meta'
[0.571s] Level 1:colcon.colcon_core.package_identification:_identify(src/my_fusion) by extensions ['ros']
[0.571s] Level 1:colcon.colcon_core.package_identification:_identify(src/my_fusion) by extension 'ros'
[0.577s] DEBUG:colcon.colcon_core.package_identification:Package 'src/my_fusion' with type 'ros.ament_python' and name 'my_fusion'
[0.578s] Level 1:colcon.colcon_core.package_identification:_identify(src/my_odometry) by extensions ['ignore', 'ignore_ament_install']
[0.578s] Level 1:colcon.colcon_core.package_identification:_identify(src/my_odometry) by extension 'ignore'
[0.578s] Level 1:colcon.colcon_core.package_identification:_identify(src/my_odometry) by extension 'ignore_ament_install'
[0.578s] Level 1:colcon.colcon_core.package_identification:_identify(src/my_odometry) by extensions ['colcon_pkg']
[0.578s] Level 1:colcon.colcon_core.package_identification:_identify(src/my_odometry) by extension 'colcon_pkg'
[0.578s] Level 1:colcon.colcon_core.package_identification:_identify(src/my_odometry) by extensions ['colcon_meta']
[0.578s] Level 1:colcon.colcon_core.package_identification:_identify(src/my_odometry) by extension 'colcon_meta'
[0.578s] Level 1:colcon.colcon_core.package_identification:_identify(src/my_odometry) by extensions ['ros']
[0.578s] Level 1:colcon.colcon_core.package_identification:_identify(src/my_odometry) by extension 'ros'
[0.582s] DEBUG:colcon.colcon_core.package_identification:Package 'src/my_odometry' with type 'ros.ament_python' and name 'my_odometry'
[0.583s] Level 1:colcon.colcon_core.package_identification:_identify(src/my_robot_description) by extensions ['ignore', 'ignore_ament_install']
[0.583s] Level 1:colcon.colcon_core.package_identification:_identify(src/my_robot_description) by extension 'ignore'
[0.583s] Level 1:colcon.colcon_core.package_identification:_identify(src/my_robot_description) by extension 'ignore_ament_install'
[0.583s] Level 1:colcon.colcon_core.package_identification:_identify(src/my_robot_description) by extensions ['colcon_pkg']
[0.583s] Level 1:colcon.colcon_core.package_identification:_identify(src/my_robot_description) by extension 'colcon_pkg'
[0.583s] Level 1:colcon.colcon_core.package_identification:_identify(src/my_robot_description) by extensions ['colcon_meta']
[0.583s] Level 1:colcon.colcon_core.package_identification:_identify(src/my_robot_description) by extension 'colcon_meta'
[0.583s] Level 1:colcon.colcon_core.package_identification:_identify(src/my_robot_description) by extensions ['ros']
[0.583s] Level 1:colcon.colcon_core.package_identification:_identify(src/my_robot_description) by extension 'ros'
[0.585s] DEBUG:colcon.colcon_core.package_identification:Package 'src/my_robot_description' with type 'ros.ament_python' and name 'my_robot_description'
[0.585s] Level 1:colcon.colcon_core.package_identification:_identify(src/my_simulation) by extensions ['ignore', 'ignore_ament_install']
[0.585s] Level 1:colcon.colcon_core.package_identification:_identify(src/my_simulation) by extension 'ignore'
[0.585s] Level 1:colcon.colcon_core.package_identification:_identify(src/my_simulation) by extension 'ignore_ament_install'
[0.585s] Level 1:colcon.colcon_core.package_identification:_identify(src/my_simulation) by extensions ['colcon_pkg']
[0.585s] Level 1:colcon.colcon_core.package_identification:_identify(src/my_simulation) by extension 'colcon_pkg'
[0.586s] Level 1:colcon.colcon_core.package_identification:_identify(src/my_simulation) by extensions ['colcon_meta']
[0.586s] Level 1:colcon.colcon_core.package_identification:_identify(src/my_simulation) by extension 'colcon_meta'
[0.586s] Level 1:colcon.colcon_core.package_identification:_identify(src/my_simulation) by extensions ['ros']
[0.586s] Level 1:colcon.colcon_core.package_identification:_identify(src/my_simulation) by extension 'ros'
[0.587s] DEBUG:colcon.colcon_core.package_identification:Package 'src/my_simulation' with type 'ros.ament_python' and name 'my_simulation'
[0.588s] Level 1:colcon.colcon_core.package_identification:_identify(src/my_slam) by extensions ['ignore', 'ignore_ament_install']
[0.588s] Level 1:colcon.colcon_core.package_identification:_identify(src/my_slam) by extension 'ignore'
[0.588s] Level 1:colcon.colcon_core.package_identification:_identify(src/my_slam) by extension 'ignore_ament_install'
[0.588s] Level 1:colcon.colcon_core.package_identification:_identify(src/my_slam) by extensions ['colcon_pkg']
[0.588s] Level 1:colcon.colcon_core.package_identification:_identify(src/my_slam) by extension 'colcon_pkg'
[0.588s] Level 1:colcon.colcon_core.package_identification:_identify(src/my_slam) by extensions ['colcon_meta']
[0.588s] Level 1:colcon.colcon_core.package_identification:_identify(src/my_slam) by extension 'colcon_meta'
[0.588s] Level 1:colcon.colcon_core.package_identification:_identify(src/my_slam) by extensions ['ros']
[0.589s] Level 1:colcon.colcon_core.package_identification:_identify(src/my_slam) by extension 'ros'
[0.590s] DEBUG:colcon.colcon_core.package_identification:Package 'src/my_slam' with type 'ros.ament_python' and name 'my_slam'
[0.590s] Level 1:colcon.colcon_core.package_discovery:discover_packages(recursive) using defaults
[0.591s] Level 1:colcon.colcon_core.package_discovery:discover_packages(ignore) discover
[0.591s] Level 1:colcon.colcon_core.package_discovery:discover_packages(ignore) using defaults
[0.591s] Level 1:colcon.colcon_core.package_discovery:discover_packages(path) discover
[0.591s] Level 1:colcon.colcon_core.package_discovery:discover_packages(path) using defaults
[0.637s] Level 1:colcon.colcon_core.package_discovery:discover_packages(prefix_path) check parameters
[0.637s] Level 1:colcon.colcon_core.package_discovery:discover_packages(prefix_path) discover
[0.640s] DEBUG:colcon.colcon_installed_package_information.package_discovery:Found 5 installed packages in /home/pritismankar/ros2_ws/install
[0.642s] DEBUG:colcon.colcon_installed_package_information.package_discovery:Found 266 installed packages in /opt/ros/foxy
[0.644s] Level 1:colcon.colcon_core.package_discovery:discover_packages(prefix_path) using defaults
[0.741s] Level 5:colcon.colcon_core.verb:set package 'my_fusion' build argument 'cmake_args' from command line to 'None'
[0.741s] Level 5:colcon.colcon_core.verb:set package 'my_fusion' build argument 'cmake_target' from command line to 'None'
[0.741s] Level 5:colcon.colcon_core.verb:set package 'my_fusion' build argument 'cmake_target_skip_unavailable' from command line to 'False'
[0.741s] Level 5:colcon.colcon_core.verb:set package 'my_fusion' build argument 'cmake_clean_cache' from command line to 'False'
[0.742s] Level 5:colcon.colcon_core.verb:set package 'my_fusion' build argument 'cmake_clean_first' from command line to 'False'
[0.742s] Level 5:colcon.colcon_core.verb:set package 'my_fusion' build argument 'cmake_force_configure' from command line to 'False'
[0.742s] Level 5:colcon.colcon_core.verb:set package 'my_fusion' build argument 'ament_cmake_args' from command line to 'None'
[0.742s] Level 5:colcon.colcon_core.verb:set package 'my_fusion' build argument 'catkin_cmake_args' from command line to 'None'
[0.742s] Level 5:colcon.colcon_core.verb:set package 'my_fusion' build argument 'catkin_skip_building_tests' from command line to 'False'
[0.742s] DEBUG:colcon.colcon_core.verb:Building package 'my_fusion' with the following arguments: {'ament_cmake_args': None, 'build_base': '/home/pritismankar/ros2_ws/build/my_fusion', 'catkin_cmake_args': None, 'catkin_skip_building_tests': False, 'cmake_args': None, 'cmake_clean_cache': False, 'cmake_clean_first': False, 'cmake_force_configure': False, 'cmake_target': None, 'cmake_target_skip_unavailable': False, 'install_base': '/home/pritismankar/ros2_ws/install/my_fusion', 'merge_install': False, 'path': '/home/pritismankar/ros2_ws/src/my_fusion', 'symlink_install': True, 'test_result_base': None}
[0.743s] Level 5:colcon.colcon_core.verb:set package 'my_odometry' build argument 'cmake_args' from command line to 'None'
[0.743s] Level 5:colcon.colcon_core.verb:set package 'my_odometry' build argument 'cmake_target' from command line to 'None'
[0.743s] Level 5:colcon.colcon_core.verb:set package 'my_odometry' build argument 'cmake_target_skip_unavailable' from command line to 'False'
[0.743s] Level 5:colcon.colcon_core.verb:set package 'my_odometry' build argument 'cmake_clean_cache' from command line to 'False'
[0.743s] Level 5:colcon.colcon_core.verb:set package 'my_odometry' build argument 'cmake_clean_first' from command line to 'False'
[0.743s] Level 5:colcon.colcon_core.verb:set package 'my_odometry' build argument 'cmake_force_configure' from command line to 'False'
[0.743s] Level 5:colcon.colcon_core.verb:set package 'my_odometry' build argument 'ament_cmake_args' from command line to 'None'
[0.743s] Level 5:colcon.colcon_core.verb:set package 'my_odometry' build argument 'catkin_cmake_args' from command line to 'None'
[0.743s] Level 5:colcon.colcon_core.verb:set package 'my_odometry' build argument 'catkin_skip_building_tests' from command line to 'False'
[0.744s] DEBUG:colcon.colcon_core.verb:Building package 'my_odometry' with the following arguments: {'ament_cmake_args': None, 'build_base': '/home/pritismankar/ros2_ws/build/my_odometry', 'catkin_cmake_args': None, 'catkin_skip_building_tests': False, 'cmake_args': None, 'cmake_clean_cache': False, 'cmake_clean_first': False, 'cmake_force_configure': False, 'cmake_target': None, 'cmake_target_skip_unavailable': False, 'install_base': '/home/pritismankar/ros2_ws/install/my_odometry', 'merge_install': False, 'path': '/home/pritismankar/ros2_ws/src/my_odometry', 'symlink_install': True, 'test_result_base': None}
[0.744s] Level 5:colcon.colcon_core.verb:set package 'my_robot_description' build argument 'cmake_args' from command line to 'None'
[0.744s] Level 5:colcon.colcon_core.verb:set package 'my_robot_description' build argument 'cmake_target' from command line to 'None'
[0.744s] Level 5:colcon.colcon_core.verb:set package 'my_robot_description' build argument 'cmake_target_skip_unavailable' from command line to 'False'
[0.744s] Level 5:colcon.colcon_core.verb:set package 'my_robot_description' build argument 'cmake_clean_cache' from command line to 'False'
[0.744s] Level 5:colcon.colcon_core.verb:set package 'my_robot_description' build argument 'cmake_clean_first' from command line to 'False'
[0.744s] Level 5:colcon.colcon_core.verb:set package 'my_robot_description' build argument 'cmake_force_configure' from command line to 'False'
[0.744s] Level 5:colcon.colcon_core.verb:set package 'my_robot_description' build argument 'ament_cmake_args' from command line to 'None'
[0.744s] Level 5:colcon.colcon_core.verb:set package 'my_robot_description' build argument 'catkin_cmake_args' from command line to 'None'
[0.744s] Level 5:colcon.colcon_core.verb:set package 'my_robot_description' build argument 'catkin_skip_building_tests' from command line to 'False'
[0.744s] DEBUG:colcon.colcon_core.verb:Building package 'my_robot_description' with the following arguments: {'ament_cmake_args': None, 'build_base': '/home/pritismankar/ros2_ws/build/my_robot_description', 'catkin_cmake_args': None, 'catkin_skip_building_tests': False, 'cmake_args': None, 'cmake_clean_cache': False, 'cmake_clean_first': False, 'cmake_force_configure': False, 'cmake_target': None, 'cmake_target_skip_unavailable': False, 'install_base': '/home/pritismankar/ros2_ws/install/my_robot_description', 'merge_install': False, 'path': '/home/pritismankar/ros2_ws/src/my_robot_description', 'symlink_install': True, 'test_result_base': None}
[0.746s] Level 5:colcon.colcon_core.verb:set package 'my_simulation' build argument 'cmake_args' from command line to 'None'
[0.746s] Level 5:colcon.colcon_core.verb:set package 'my_simulation' build argument 'cmake_target' from command line to 'None'
[0.746s] Level 5:colcon.colcon_core.verb:set package 'my_simulation' build argument 'cmake_target_skip_unavailable' from command line to 'False'
[0.746s] Level 5:colcon.colcon_core.verb:set package 'my_simulation' build argument 'cmake_clean_cache' from command line to 'False'
[0.746s] Level 5:colcon.colcon_core.verb:set package 'my_simulation' build argument 'cmake_clean_first' from command line to 'False'
[0.746s] Level 5:colcon.colcon_core.verb:set package 'my_simulation' build argument 'cmake_force_configure' from command line to 'False'
[0.746s] Level 5:colcon.colcon_core.verb:set package 'my_simulation' build argument 'ament_cmake_args' from command line to 'None'
[0.746s] Level 5:colcon.colcon_core.verb:set package 'my_simulation' build argument 'catkin_cmake_args' from command line to 'None'
[0.746s] Level 5:colcon.colcon_core.verb:set package 'my_simulation' build argument 'catkin_skip_building_tests' from command line to 'False'
[0.746s] DEBUG:colcon.colcon_core.verb:Building package 'my_simulation' with the following arguments: {'ament_cmake_args': None, 'build_base': '/home/pritismankar/ros2_ws/build/my_simulation', 'catkin_cmake_args': None, 'catkin_skip_building_tests': False, 'cmake_args': None, 'cmake_clean_cache': False, 'cmake_clean_first': False, 'cmake_force_configure': False, 'cmake_target': None, 'cmake_target_skip_unavailable': False, 'install_base': '/home/pritismankar/ros2_ws/install/my_simulation', 'merge_install': False, 'path': '/home/pritismankar/ros2_ws/src/my_simulation', 'symlink_install': True, 'test_result_base': None}
[0.746s] Level 5:colcon.colcon_core.verb:set package 'my_slam' build argument 'cmake_args' from command line to 'None'
[0.746s] Level 5:colcon.colcon_core.verb:set package 'my_slam' build argument 'cmake_target' from command line to 'None'
[0.746s] Level 5:colcon.colcon_core.verb:set package 'my_slam' build argument 'cmake_target_skip_unavailable' from command line to 'False'
[0.747s] Level 5:colcon.colcon_core.verb:set package 'my_slam' build argument 'cmake_clean_cache' from command line to 'False'
[0.747s] Level 5:colcon.colcon_core.verb:set package 'my_slam' build argument 'cmake_clean_first' from command line to 'False'
[0.747s] Level 5:colcon.colcon_core.verb:set package 'my_slam' build argument 'cmake_force_configure' from command line to 'False'
[0.747s] Level 5:colcon.colcon_core.verb:set package 'my_slam' build argument 'ament_cmake_args' from command line to 'None'
[0.747s] Level 5:colcon.colcon_core.verb:set package 'my_slam' build argument 'catkin_cmake_args' from command line to 'None'
[0.747s] Level 5:colcon.colcon_core.verb:set package 'my_slam' build argument 'catkin_skip_building_tests' from command line to 'False'
[0.747s] DEBUG:colcon.colcon_core.verb:Building package 'my_slam' with the following arguments: {'ament_cmake_args': None, 'build_base': '/home/pritismankar/ros2_ws/build/my_slam', 'catkin_cmake_args': None, 'catkin_skip_building_tests': False, 'cmake_args': None, 'cmake_clean_cache': False, 'cmake_clean_first': False, 'cmake_force_configure': False, 'cmake_target': None, 'cmake_target_skip_unavailable': False, 'install_base': '/home/pritismankar/ros2_ws/install/my_slam', 'merge_install': False, 'path': '/home/pritismankar/ros2_ws/src/my_slam', 'symlink_install': True, 'test_result_base': None}
[0.747s] INFO:colcon.colcon_core.executor:Executing jobs using 'parallel' executor
[0.828s] DEBUG:colcon.colcon_parallel_executor.executor.parallel:run_until_complete
[0.830s] INFO:colcon.colcon_ros.task.ament_python.build:Building ROS package in '/home/pritismankar/ros2_ws/src/my_fusion' with build type 'ament_python'
[0.830s] Level 1:colcon.colcon_core.shell:create_environment_hook('my_fusion', 'ament_prefix_path')
[0.835s] INFO:colcon.colcon_core.plugin_system:Skipping extension 'colcon_core.shell.bat': Not used on non-Windows systems
[0.835s] INFO:colcon.colcon_core.shell:Creating environment hook '/home/pritismankar/ros2_ws/install/my_fusion/share/my_fusion/hook/ament_prefix_path.ps1'
[0.837s] INFO:colcon.colcon_core.shell:Creating environment descriptor '/home/pritismankar/ros2_ws/install/my_fusion/share/my_fusion/hook/ament_prefix_path.dsv'
[0.838s] INFO:colcon.colcon_core.shell:Creating environment hook '/home/pritismankar/ros2_ws/install/my_fusion/share/my_fusion/hook/ament_prefix_path.sh'
[0.839s] INFO:colcon.colcon_core.shell:Skip shell extension 'powershell' for command environment: Not usable outside of PowerShell
[0.839s] DEBUG:colcon.colcon_core.shell:Skip shell extension 'dsv' for command environment
[0.841s] DEBUG:colcon.colcon_core.shell:Ignoring prefix path '/home/pritismankar/catkin_ws/devel'
[0.853s] INFO:colcon.colcon_ros.task.ament_python.build:Building ROS package in '/home/pritismankar/ros2_ws/src/my_odometry' with build type 'ament_python'
[0.853s] Level 1:colcon.colcon_core.shell:create_environment_hook('my_odometry', 'ament_prefix_path')
[0.854s] INFO:colcon.colcon_core.shell:Creating environment hook '/home/pritismankar/ros2_ws/install/my_odometry/share/my_odometry/hook/ament_prefix_path.ps1'
[0.857s] INFO:colcon.colcon_core.shell:Creating environment descriptor '/home/pritismankar/ros2_ws/install/my_odometry/share/my_odometry/hook/ament_prefix_path.dsv'
[0.862s] INFO:colcon.colcon_core.shell:Creating environment hook '/home/pritismankar/ros2_ws/install/my_odometry/share/my_odometry/hook/ament_prefix_path.sh'
[0.869s] INFO:colcon.colcon_core.shell:Skip shell extension 'powershell' for command environment: Not usable outside of PowerShell
[0.869s] DEBUG:colcon.colcon_core.shell:Skip shell extension 'dsv' for command environment
[0.875s] DEBUG:colcon.colcon_core.shell:Ignoring prefix path '/home/pritismankar/catkin_ws/devel'
[0.881s] INFO:colcon.colcon_ros.task.ament_python.build:Building ROS package in '/home/pritismankar/ros2_ws/src/my_robot_description' with build type 'ament_python'
[0.882s] Level 1:colcon.colcon_core.shell:create_environment_hook('my_robot_description', 'ament_prefix_path')
[0.882s] INFO:colcon.colcon_core.shell:Creating environment hook '/home/pritismankar/ros2_ws/install/my_robot_description/share/my_robot_description/hook/ament_prefix_path.ps1'
[0.884s] INFO:colcon.colcon_core.shell:Creating environment descriptor '/home/pritismankar/ros2_ws/install/my_robot_description/share/my_robot_description/hook/ament_prefix_path.dsv'
[0.886s] INFO:colcon.colcon_core.shell:Creating environment hook '/home/pritismankar/ros2_ws/install/my_robot_description/share/my_robot_description/hook/ament_prefix_path.sh'
[0.887s] INFO:colcon.colcon_core.shell:Skip shell extension 'powershell' for command environment: Not usable outside of PowerShell
[0.887s] DEBUG:colcon.colcon_core.shell:Skip shell extension 'dsv' for command environment
[0.891s] DEBUG:colcon.colcon_core.shell:Ignoring prefix path '/home/pritismankar/catkin_ws/devel'
[0.915s] INFO:colcon.colcon_ros.task.ament_python.build:Building ROS package in '/home/pritismankar/ros2_ws/src/my_simulation' with build type 'ament_python'
[0.916s] Level 1:colcon.colcon_core.shell:create_environment_hook('my_simulation', 'ament_prefix_path')
[0.917s] INFO:colcon.colcon_core.shell:Creating environment hook '/home/pritismankar/ros2_ws/install/my_simulation/share/my_simulation/hook/ament_prefix_path.ps1'
[0.918s] INFO:colcon.colcon_core.shell:Creating environment descriptor '/home/pritismankar/ros2_ws/install/my_simulation/share/my_simulation/hook/ament_prefix_path.dsv'
[0.919s] INFO:colcon.colcon_core.shell:Creating environment hook '/home/pritismankar/ros2_ws/install/my_simulation/share/my_simulation/hook/ament_prefix_path.sh'
[0.920s] INFO:colcon.colcon_core.shell:Skip shell extension 'powershell' for command environment: Not usable outside of PowerShell
[0.920s] DEBUG:colcon.colcon_core.shell:Skip shell extension 'dsv' for command environment
[0.922s] DEBUG:colcon.colcon_core.shell:Ignoring prefix path '/home/pritismankar/catkin_ws/devel'
[1.704s] INFO:colcon.colcon_core.task.python.build:Building Python package in '/home/pritismankar/ros2_ws/src/my_fusion'
[1.705s] INFO:colcon.colcon_core.shell:Skip shell extension 'powershell' for command environment: Not usable outside of PowerShell
[1.705s] DEBUG:colcon.colcon_core.shell:Skip shell extension 'dsv' for command environment
[1.709s] DEBUG:colcon.colcon_core.shell:Ignoring prefix path '/home/pritismankar/catkin_ws/devel'
[2.031s] INFO:colcon.colcon_core.task.python.build:Building Python package in '/home/pritismankar/ros2_ws/src/my_odometry'
[2.032s] INFO:colcon.colcon_core.shell:Skip shell extension 'powershell' for command environment: Not usable outside of PowerShell
[2.032s] DEBUG:colcon.colcon_core.shell:Skip shell extension 'dsv' for command environment
[2.037s] DEBUG:colcon.colcon_core.shell:Ignoring prefix path '/home/pritismankar/catkin_ws/devel'
[2.745s] INFO:colcon.colcon_core.task.python.build:Building Python package in '/home/pritismankar/ros2_ws/src/my_robot_description'
[2.746s] INFO:colcon.colcon_core.shell:Skip shell extension 'powershell' for command environment: Not usable outside of PowerShell
[2.746s] DEBUG:colcon.colcon_core.shell:Skip shell extension 'dsv' for command environment
[2.750s] DEBUG:colcon.colcon_core.shell:Ignoring prefix path '/home/pritismankar/catkin_ws/devel'
[3.158s] INFO:colcon.colcon_core.task.python.build:Building Python package in '/home/pritismankar/ros2_ws/src/my_simulation'
[3.158s] INFO:colcon.colcon_core.shell:Skip shell extension 'powershell' for command environment: Not usable outside of PowerShell
[3.158s] DEBUG:colcon.colcon_core.shell:Skip shell extension 'dsv' for command environment
[3.161s] DEBUG:colcon.colcon_core.shell:Ignoring prefix path '/home/pritismankar/catkin_ws/devel'
[4.027s] DEBUG:colcon.colcon_core.event_handler.log_command:Invoking command in '/home/pritismankar/ros2_ws/build/my_robot_description': PYTHONPATH=/home/pritismankar/ros2_ws/build/my_robot_description/prefix_override:/usr/lib/python3/dist-packages/colcon_core/task/python/colcon_distutils_commands:/home/pritismankar/ros2_ws/install/my_robot_description/lib/python3.8/site-packages:${PYTHONPATH} /usr/bin/python3 -W ignore:setup.py install is deprecated -W ignore:easy_install command is deprecated setup.py develop --editable --build-directory /home/pritismankar/ros2_ws/build/my_robot_description/build --no-deps symlink_data
[4.065s] DEBUG:colcon.colcon_core.event_handler.log_command:Invoking command in '/home/pritismankar/ros2_ws/build/my_fusion': PYTHONPATH=/home/pritismankar/ros2_ws/build/my_fusion/prefix_override:/usr/lib/python3/dist-packages/colcon_core/task/python/colcon_distutils_commands:/home/pritismankar/ros2_ws/install/my_fusion/lib/python3.8/site-packages:${PYTHONPATH} /usr/bin/python3 -W ignore:setup.py install is deprecated -W ignore:easy_install command is deprecated setup.py develop --editable --build-directory /home/pritismankar/ros2_ws/build/my_fusion/build --no-deps symlink_data
[4.302s] DEBUG:colcon.colcon_core.event_handler.log_command:Invoking command in '/home/pritismankar/ros2_ws/build/my_odometry': PYTHONPATH=/home/pritismankar/ros2_ws/build/my_odometry/prefix_override:/usr/lib/python3/dist-packages/colcon_core/task/python/colcon_distutils_commands:/home/pritismankar/ros2_ws/install/my_odometry/lib/python3.8/site-packages:${PYTHONPATH} /usr/bin/python3 -W ignore:setup.py install is deprecated -W ignore:easy_install command is deprecated setup.py develop --editable --build-directory /home/pritismankar/ros2_ws/build/my_odometry/build --no-deps symlink_data
[4.598s] DEBUG:colcon.colcon_core.event_handler.log_command:Invoking command in '/home/pritismankar/ros2_ws/build/my_simulation': PYTHONPATH=/home/pritismankar/ros2_ws/build/my_simulation/prefix_override:/usr/lib/python3/dist-packages/colcon_core/task/python/colcon_distutils_commands:/home/pritismankar/ros2_ws/install/my_simulation/lib/python3.8/site-packages:${PYTHONPATH} /usr/bin/python3 -W ignore:setup.py install is deprecated -W ignore:easy_install command is deprecated setup.py develop --editable --build-directory /home/pritismankar/ros2_ws/build/my_simulation/build --no-deps symlink_data
[4.775s] Level 1:colcon.colcon_core.shell:create_environment_hook('my_robot_description', 'pythonpath_develop')
[4.775s] INFO:colcon.colcon_core.shell:Creating environment hook '/home/pritismankar/ros2_ws/build/my_robot_description/share/my_robot_description/hook/pythonpath_develop.ps1'
[4.777s] INFO:colcon.colcon_core.shell:Creating environment descriptor '/home/pritismankar/ros2_ws/build/my_robot_description/share/my_robot_description/hook/pythonpath_develop.dsv'
[4.777s] INFO:colcon.colcon_core.shell:Creating environment hook '/home/pritismankar/ros2_ws/build/my_robot_description/share/my_robot_description/hook/pythonpath_develop.sh'
[4.781s] Level 1:colcon.colcon_core.environment:checking '/home/pritismankar/ros2_ws/install/my_robot_description' for CMake module files
[4.781s] Level 1:colcon.colcon_core.environment:checking '/home/pritismankar/ros2_ws/install/my_robot_description' for CMake config files
[4.782s] Level 1:colcon.colcon_core.environment:checking '/home/pritismankar/ros2_ws/install/my_robot_description/lib'
[4.782s] Level 1:colcon.colcon_core.environment:checking '/home/pritismankar/ros2_ws/install/my_robot_description/bin'
[4.782s] Level 1:colcon.colcon_core.environment:checking '/home/pritismankar/ros2_ws/install/my_robot_description/lib/pkgconfig/my_robot_description.pc'
[4.782s] Level 1:colcon.colcon_core.environment:checking '/home/pritismankar/ros2_ws/install/my_robot_description/lib/python3.8/site-packages'
[4.782s] Level 1:colcon.colcon_core.shell:create_environment_hook('my_robot_description', 'pythonpath')
[4.782s] INFO:colcon.colcon_core.shell:Creating environment hook '/home/pritismankar/ros2_ws/install/my_robot_description/share/my_robot_description/hook/pythonpath.ps1'
[4.783s] INFO:colcon.colcon_core.shell:Creating environment descriptor '/home/pritismankar/ros2_ws/install/my_robot_description/share/my_robot_description/hook/pythonpath.dsv'
[4.784s] INFO:colcon.colcon_core.shell:Creating environment hook '/home/pritismankar/ros2_ws/install/my_robot_description/share/my_robot_description/hook/pythonpath.sh'
[4.784s] Level 1:colcon.colcon_core.environment:checking '/home/pritismankar/ros2_ws/install/my_robot_description/bin'
[4.785s] Level 1:colcon.colcon_core.environment:create_environment_scripts_only(my_robot_description)
[4.785s] INFO:colcon.colcon_core.shell:Creating package script '/home/pritismankar/ros2_ws/install/my_robot_description/share/my_robot_description/package.ps1'
[4.786s] INFO:colcon.colcon_core.shell:Creating package descriptor '/home/pritismankar/ros2_ws/install/my_robot_description/share/my_robot_description/package.dsv'
[4.787s] INFO:colcon.colcon_core.shell:Creating package script '/home/pritismankar/ros2_ws/install/my_robot_description/share/my_robot_description/package.sh'
[4.788s] INFO:colcon.colcon_core.shell:Creating package script '/home/pritismankar/ros2_ws/install/my_robot_description/share/my_robot_description/package.bash'
[4.789s] INFO:colcon.colcon_core.shell:Creating package script '/home/pritismankar/ros2_ws/install/my_robot_description/share/my_robot_description/package.zsh'
[4.790s] Level 1:colcon.colcon_core.environment:create_file_with_runtime_dependencies(/home/pritismankar/ros2_ws/install/my_robot_description/share/colcon-core/packages/my_robot_description)
[4.790s] INFO:colcon.colcon_ros.task.ament_python.build:Building ROS package in '/home/pritismankar/ros2_ws/src/my_slam' with build type 'ament_python'
[4.791s] Level 1:colcon.colcon_core.shell:create_environment_hook('my_slam', 'ament_prefix_path')
[4.791s] INFO:colcon.colcon_core.shell:Creating environment hook '/home/pritismankar/ros2_ws/install/my_slam/share/my_slam/hook/ament_prefix_path.ps1'
[4.792s] INFO:colcon.colcon_core.shell:Creating environment descriptor '/home/pritismankar/ros2_ws/install/my_slam/share/my_slam/hook/ament_prefix_path.dsv'
[4.793s] INFO:colcon.colcon_core.shell:Creating environment hook '/home/pritismankar/ros2_ws/install/my_slam/share/my_slam/hook/ament_prefix_path.sh'
[4.795s] INFO:colcon.colcon_core.shell:Skip shell extension 'powershell' for command environment: Not usable outside of PowerShell
[4.795s] DEBUG:colcon.colcon_core.shell:Skip shell extension 'dsv' for command environment
[4.799s] DEBUG:colcon.colcon_core.shell:Ignoring prefix path '/home/pritismankar/catkin_ws/devel'
[4.802s] DEBUG:colcon.colcon_core.event_handler.log_command:Invoked command in '/home/pritismankar/ros2_ws/build/my_robot_description' returned '0': PYTHONPATH=/home/pritismankar/ros2_ws/build/my_robot_description/prefix_override:/usr/lib/python3/dist-packages/colcon_core/task/python/colcon_distutils_commands:/home/pritismankar/ros2_ws/install/my_robot_description/lib/python3.8/site-packages:${PYTHONPATH} /usr/bin/python3 -W ignore:setup.py install is deprecated -W ignore:easy_install command is deprecated setup.py develop --editable --build-directory /home/pritismankar/ros2_ws/build/my_robot_description/build --no-deps symlink_data
[5.643s] INFO:colcon.colcon_core.task.python.build:Building Python package in '/home/pritismankar/ros2_ws/src/my_slam'
[5.644s] INFO:colcon.colcon_core.shell:Skip shell extension 'powershell' for command environment: Not usable outside of PowerShell
[5.644s] DEBUG:colcon.colcon_core.shell:Skip shell extension 'dsv' for command environment
[5.648s] DEBUG:colcon.colcon_core.shell:Ignoring prefix path '/home/pritismankar/catkin_ws/devel'
[5.706s] Level 1:colcon.colcon_core.shell:create_environment_hook('my_simulation', 'pythonpath_develop')
[5.707s] INFO:colcon.colcon_core.shell:Creating environment hook '/home/pritismankar/ros2_ws/build/my_simulation/share/my_simulation/hook/pythonpath_develop.ps1'
[5.714s] INFO:colcon.colcon_core.shell:Creating environment descriptor '/home/pritismankar/ros2_ws/build/my_simulation/share/my_simulation/hook/pythonpath_develop.dsv'
[5.716s] INFO:colcon.colcon_core.shell:Creating environment hook '/home/pritismankar/ros2_ws/build/my_simulation/share/my_simulation/hook/pythonpath_develop.sh'
[5.724s] Level 1:colcon.colcon_core.environment:checking '/home/pritismankar/ros2_ws/install/my_simulation' for CMake module files
[5.725s] DEBUG:colcon.colcon_core.event_handler.log_command:Invoked command in '/home/pritismankar/ros2_ws/build/my_simulation' returned '0': PYTHONPATH=/home/pritismankar/ros2_ws/build/my_simulation/prefix_override:/usr/lib/python3/dist-packages/colcon_core/task/python/colcon_distutils_commands:/home/pritismankar/ros2_ws/install/my_simulation/lib/python3.8/site-packages:${PYTHONPATH} /usr/bin/python3 -W ignore:setup.py install is deprecated -W ignore:easy_install command is deprecated setup.py develop --editable --build-directory /home/pritismankar/ros2_ws/build/my_simulation/build --no-deps symlink_data
[5.726s] Level 1:colcon.colcon_core.environment:checking '/home/pritismankar/ros2_ws/install/my_simulation' for CMake config files
[5.728s] Level 1:colcon.colcon_core.environment:checking '/home/pritismankar/ros2_ws/install/my_simulation/lib'
[5.729s] Level 1:colcon.colcon_core.environment:checking '/home/pritismankar/ros2_ws/install/my_simulation/bin'
[5.729s] Level 1:colcon.colcon_core.environment:checking '/home/pritismankar/ros2_ws/install/my_simulation/lib/pkgconfig/my_simulation.pc'
[5.729s] Level 1:colcon.colcon_core.environment:checking '/home/pritismankar/ros2_ws/install/my_simulation/lib/python3.8/site-packages'
[5.729s] Level 1:colcon.colcon_core.shell:create_environment_hook('my_simulation', 'pythonpath')
[5.730s] INFO:colcon.colcon_core.shell:Creating environment hook '/home/pritismankar/ros2_ws/install/my_simulation/share/my_simulation/hook/pythonpath.ps1'
[5.731s] INFO:colcon.colcon_core.shell:Creating environment descriptor '/home/pritismankar/ros2_ws/install/my_simulation/share/my_simulation/hook/pythonpath.dsv'
[5.733s] INFO:colcon.colcon_core.shell:Creating environment hook '/home/pritismankar/ros2_ws/install/my_simulation/share/my_simulation/hook/pythonpath.sh'
[5.735s] Level 1:colcon.colcon_core.environment:checking '/home/pritismankar/ros2_ws/install/my_simulation/bin'
[5.735s] Level 1:colcon.colcon_core.environment:create_environment_scripts_only(my_simulation)
[5.736s] INFO:colcon.colcon_core.shell:Creating package script '/home/pritismankar/ros2_ws/install/my_simulation/share/my_simulation/package.ps1'
[5.737s] INFO:colcon.colcon_core.shell:Creating package descriptor '/home/pritismankar/ros2_ws/install/my_simulation/share/my_simulation/package.dsv'
[5.738s] INFO:colcon.colcon_core.shell:Creating package script '/home/pritismankar/ros2_ws/install/my_simulation/share/my_simulation/package.sh'
[5.739s] INFO:colcon.colcon_core.shell:Creating package script '/home/pritismankar/ros2_ws/install/my_simulation/share/my_simulation/package.bash'
[5.740s] INFO:colcon.colcon_core.shell:Creating package script '/home/pritismankar/ros2_ws/install/my_simulation/share/my_simulation/package.zsh'
[5.740s] Level 1:colcon.colcon_core.environment:create_file_with_runtime_dependencies(/home/pritismankar/ros2_ws/install/my_simulation/share/colcon-core/packages/my_simulation)
[5.743s] Level 1:colcon.colcon_core.shell:create_environment_hook('my_odometry', 'pythonpath_develop')
[5.744s] DEBUG:colcon.colcon_core.event_handler.log_command:Invoked command in '/home/pritismankar/ros2_ws/build/my_odometry' returned '0': PYTHONPATH=/home/pritismankar/ros2_ws/build/my_odometry/prefix_override:/usr/lib/python3/dist-packages/colcon_core/task/python/colcon_distutils_commands:/home/pritismankar/ros2_ws/install/my_odometry/lib/python3.8/site-packages:${PYTHONPATH} /usr/bin/python3 -W ignore:setup.py install is deprecated -W ignore:easy_install command is deprecated setup.py develop --editable --build-directory /home/pritismankar/ros2_ws/build/my_odometry/build --no-deps symlink_data
[5.744s] INFO:colcon.colcon_core.shell:Creating environment hook '/home/pritismankar/ros2_ws/build/my_odometry/share/my_odometry/hook/pythonpath_develop.ps1'
[5.745s] INFO:colcon.colcon_core.shell:Creating environment descriptor '/home/pritismankar/ros2_ws/build/my_odometry/share/my_odometry/hook/pythonpath_develop.dsv'
[5.746s] INFO:colcon.colcon_core.shell:Creating environment hook '/home/pritismankar/ros2_ws/build/my_odometry/share/my_odometry/hook/pythonpath_develop.sh'
[5.747s] Level 1:colcon.colcon_core.environment:checking '/home/pritismankar/ros2_ws/install/my_odometry' for CMake module files
[5.748s] Level 1:colcon.colcon_core.environment:checking '/home/pritismankar/ros2_ws/install/my_odometry' for CMake config files
[5.748s] Level 1:colcon.colcon_core.environment:checking '/home/pritismankar/ros2_ws/install/my_odometry/lib'
[5.748s] Level 1:colcon.colcon_core.environment:checking '/home/pritismankar/ros2_ws/install/my_odometry/bin'
[5.748s] Level 1:colcon.colcon_core.environment:checking '/home/pritismankar/ros2_ws/install/my_odometry/lib/pkgconfig/my_odometry.pc'
[5.749s] Level 1:colcon.colcon_core.environment:checking '/home/pritismankar/ros2_ws/install/my_odometry/lib/python3.8/site-packages'
[5.749s] Level 1:colcon.colcon_core.shell:create_environment_hook('my_odometry', 'pythonpath')
[5.749s] INFO:colcon.colcon_core.shell:Creating environment hook '/home/pritismankar/ros2_ws/install/my_odometry/share/my_odometry/hook/pythonpath.ps1'
[5.750s] INFO:colcon.colcon_core.shell:Creating environment descriptor '/home/pritismankar/ros2_ws/install/my_odometry/share/my_odometry/hook/pythonpath.dsv'
[5.750s] INFO:colcon.colcon_core.shell:Creating environment hook '/home/pritismankar/ros2_ws/install/my_odometry/share/my_odometry/hook/pythonpath.sh'
[5.753s] Level 1:colcon.colcon_core.environment:checking '/home/pritismankar/ros2_ws/install/my_odometry/bin'
[5.754s] Level 1:colcon.colcon_core.environment:create_environment_scripts_only(my_odometry)
[5.754s] INFO:colcon.colcon_core.shell:Creating package script '/home/pritismankar/ros2_ws/install/my_odometry/share/my_odometry/package.ps1'
[5.757s] INFO:colcon.colcon_core.shell:Creating package descriptor '/home/pritismankar/ros2_ws/install/my_odometry/share/my_odometry/package.dsv'
[5.759s] INFO:colcon.colcon_core.shell:Creating package script '/home/pritismankar/ros2_ws/install/my_odometry/share/my_odometry/package.sh'
[5.760s] INFO:colcon.colcon_core.shell:Creating package script '/home/pritismankar/ros2_ws/install/my_odometry/share/my_odometry/package.bash'
[5.760s] INFO:colcon.colcon_core.shell:Creating package script '/home/pritismankar/ros2_ws/install/my_odometry/share/my_odometry/package.zsh'
[5.762s] Level 1:colcon.colcon_core.environment:create_file_with_runtime_dependencies(/home/pritismankar/ros2_ws/install/my_odometry/share/colcon-core/packages/my_odometry)
[5.763s] Level 1:colcon.colcon_core.shell:create_environment_hook('my_fusion', 'pythonpath_develop')
[5.765s] DEBUG:colcon.colcon_core.event_handler.log_command:Invoked command in '/home/pritismankar/ros2_ws/build/my_fusion' returned '0': PYTHONPATH=/home/pritismankar/ros2_ws/build/my_fusion/prefix_override:/usr/lib/python3/dist-packages/colcon_core/task/python/colcon_distutils_commands:/home/pritismankar/ros2_ws/install/my_fusion/lib/python3.8/site-packages:${PYTHONPATH} /usr/bin/python3 -W ignore:setup.py install is deprecated -W ignore:easy_install command is deprecated setup.py develop --editable --build-directory /home/pritismankar/ros2_ws/build/my_fusion/build --no-deps symlink_data
[5.765s] INFO:colcon.colcon_core.shell:Creating environment hook '/home/pritismankar/ros2_ws/build/my_fusion/share/my_fusion/hook/pythonpath_develop.ps1'
[5.766s] INFO:colcon.colcon_core.shell:Creating environment descriptor '/home/pritismankar/ros2_ws/build/my_fusion/share/my_fusion/hook/pythonpath_develop.dsv'
[5.767s] INFO:colcon.colcon_core.shell:Creating environment hook '/home/pritismankar/ros2_ws/build/my_fusion/share/my_fusion/hook/pythonpath_develop.sh'
[5.769s] Level 1:colcon.colcon_core.environment:checking '/home/pritismankar/ros2_ws/install/my_fusion' for CMake module files
[5.770s] Level 1:colcon.colcon_core.environment:checking '/home/pritismankar/ros2_ws/install/my_fusion' for CMake config files
[5.770s] Level 1:colcon.colcon_core.environment:checking '/home/pritismankar/ros2_ws/install/my_fusion/lib'
[5.770s] Level 1:colcon.colcon_core.environment:checking '/home/pritismankar/ros2_ws/install/my_fusion/bin'
[5.771s] Level 1:colcon.colcon_core.environment:checking '/home/pritismankar/ros2_ws/install/my_fusion/lib/pkgconfig/my_fusion.pc'
[5.771s] Level 1:colcon.colcon_core.environment:checking '/home/pritismankar/ros2_ws/install/my_fusion/lib/python3.8/site-packages'
[5.771s] Level 1:colcon.colcon_core.shell:create_environment_hook('my_fusion', 'pythonpath')
[5.771s] INFO:colcon.colcon_core.shell:Creating environment hook '/home/pritismankar/ros2_ws/install/my_fusion/share/my_fusion/hook/pythonpath.ps1'
[5.772s] INFO:colcon.colcon_core.shell:Creating environment descriptor '/home/pritismankar/ros2_ws/install/my_fusion/share/my_fusion/hook/pythonpath.dsv'
[5.773s] INFO:colcon.colcon_core.shell:Creating environment hook '/home/pritismankar/ros2_ws/install/my_fusion/share/my_fusion/hook/pythonpath.sh'
[5.775s] Level 1:colcon.colcon_core.environment:checking '/home/pritismankar/ros2_ws/install/my_fusion/bin'
[5.775s] Level 1:colcon.colcon_core.environment:create_environment_scripts_only(my_fusion)
[5.775s] INFO:colcon.colcon_core.shell:Creating package script '/home/pritismankar/ros2_ws/install/my_fusion/share/my_fusion/package.ps1'
[5.776s] INFO:colcon.colcon_core.shell:Creating package descriptor '/home/pritismankar/ros2_ws/install/my_fusion/share/my_fusion/package.dsv'
[5.777s] INFO:colcon.colcon_core.shell:Creating package script '/home/pritismankar/ros2_ws/install/my_fusion/share/my_fusion/package.sh'
[5.777s] INFO:colcon.colcon_core.shell:Creating package script '/home/pritismankar/ros2_ws/install/my_fusion/share/my_fusion/package.bash'
[5.778s] INFO:colcon.colcon_core.shell:Creating package script '/home/pritismankar/ros2_ws/install/my_fusion/share/my_fusion/package.zsh'
[5.779s] Level 1:colcon.colcon_core.environment:create_file_with_runtime_dependencies(/home/pritismankar/ros2_ws/install/my_fusion/share/colcon-core/packages/my_fusion)
[6.469s] DEBUG:colcon.colcon_core.event_handler.log_command:Invoking command in '/home/pritismankar/ros2_ws/build/my_slam': PYTHONPATH=/home/pritismankar/ros2_ws/build/my_slam/prefix_override:/usr/lib/python3/dist-packages/colcon_core/task/python/colcon_distutils_commands:/home/pritismankar/ros2_ws/install/my_slam/lib/python3.8/site-packages:${PYTHONPATH} /usr/bin/python3 -W ignore:setup.py install is deprecated -W ignore:easy_install command is deprecated setup.py develop --editable --build-directory /home/pritismankar/ros2_ws/build/my_slam/build --no-deps symlink_data
[7.164s] Level 1:colcon.colcon_core.shell:create_environment_hook('my_slam', 'pythonpath_develop')
[7.165s] INFO:colcon.colcon_core.shell:Creating environment hook '/home/pritismankar/ros2_ws/build/my_slam/share/my_slam/hook/pythonpath_develop.ps1'
[7.170s] DEBUG:colcon.colcon_core.event_handler.log_command:Invoked command in '/home/pritismankar/ros2_ws/build/my_slam' returned '0': PYTHONPATH=/home/pritismankar/ros2_ws/build/my_slam/prefix_override:/usr/lib/python3/dist-packages/colcon_core/task/python/colcon_distutils_commands:/home/pritismankar/ros2_ws/install/my_slam/lib/python3.8/site-packages:${PYTHONPATH} /usr/bin/python3 -W ignore:setup.py install is deprecated -W ignore:easy_install command is deprecated setup.py develop --editable --build-directory /home/pritismankar/ros2_ws/build/my_slam/build --no-deps symlink_data
[7.174s] INFO:colcon.colcon_core.shell:Creating environment descriptor '/home/pritismankar/ros2_ws/build/my_slam/share/my_slam/hook/pythonpath_develop.dsv'
[7.175s] INFO:colcon.colcon_core.shell:Creating environment hook '/home/pritismankar/ros2_ws/build/my_slam/share/my_slam/hook/pythonpath_develop.sh'
[7.179s] Level 1:colcon.colcon_core.environment:checking '/home/pritismankar/ros2_ws/install/my_slam' for CMake module files
[7.180s] Level 1:colcon.colcon_core.environment:checking '/home/pritismankar/ros2_ws/install/my_slam' for CMake config files
[7.180s] Level 1:colcon.colcon_core.environment:checking '/home/pritismankar/ros2_ws/install/my_slam/lib'
[7.180s] Level 1:colcon.colcon_core.environment:checking '/home/pritismankar/ros2_ws/install/my_slam/bin'
[7.180s] Level 1:colcon.colcon_core.environment:checking '/home/pritismankar/ros2_ws/install/my_slam/lib/pkgconfig/my_slam.pc'
[7.180s] Level 1:colcon.colcon_core.environment:checking '/home/pritismankar/ros2_ws/install/my_slam/lib/python3.8/site-packages'
[7.181s] Level 1:colcon.colcon_core.shell:create_environment_hook('my_slam', 'pythonpath')
[7.181s] INFO:colcon.colcon_core.shell:Creating environment hook '/home/pritismankar/ros2_ws/install/my_slam/share/my_slam/hook/pythonpath.ps1'
[7.181s] INFO:colcon.colcon_core.shell:Creating environment descriptor '/home/pritismankar/ros2_ws/install/my_slam/share/my_slam/hook/pythonpath.dsv'
[7.182s] INFO:colcon.colcon_core.shell:Creating environment hook '/home/pritismankar/ros2_ws/install/my_slam/share/my_slam/hook/pythonpath.sh'
[7.183s] Level 1:colcon.colcon_core.environment:checking '/home/pritismankar/ros2_ws/install/my_slam/bin'
[7.183s] Level 1:colcon.colcon_core.environment:create_environment_scripts_only(my_slam)
[7.184s] INFO:colcon.colcon_core.shell:Creating package script '/home/pritismankar/ros2_ws/install/my_slam/share/my_slam/package.ps1'
[7.186s] INFO:colcon.colcon_core.shell:Creating package descriptor '/home/pritismankar/ros2_ws/install/my_slam/share/my_slam/package.dsv'
[7.192s] INFO:colcon.colcon_core.shell:Creating package script '/home/pritismankar/ros2_ws/install/my_slam/share/my_slam/package.sh'
[7.195s] INFO:colcon.colcon_core.shell:Creating package script '/home/pritismankar/ros2_ws/install/my_slam/share/my_slam/package.bash'
[7.196s] INFO:colcon.colcon_core.shell:Creating package script '/home/pritismankar/ros2_ws/install/my_slam/share/my_slam/package.zsh'
[7.197s] Level 1:colcon.colcon_core.environment:create_file_with_runtime_dependencies(/home/pritismankar/ros2_ws/install/my_slam/share/colcon-core/packages/my_slam)
[7.197s] DEBUG:colcon.colcon_parallel_executor.executor.parallel:closing loop
[7.210s] DEBUG:colcon.colcon_parallel_executor.executor.parallel:loop closed
[7.211s] DEBUG:colcon.colcon_parallel_executor.executor.parallel:run_until_complete finished with '0'
[7.211s] DEBUG:colcon.colcon_core.event_reactor:joining thread
[7.227s] INFO:colcon.colcon_core.plugin_system:Skipping extension 'colcon_notification.desktop_notification.terminal_notifier': Not used on non-Darwin systems
[7.228s] INFO:colcon.colcon_core.plugin_system:Skipping extension 'colcon_notification.desktop_notification.win32': Not used on non-Windows systems
[7.228s] INFO:colcon.colcon_notification.desktop_notification:Sending desktop notification using 'notify2'
[7.368s] DEBUG:colcon.colcon_core.event_reactor:joined thread
[7.368s] INFO:colcon.colcon_core.shell:Creating prefix script '/home/pritismankar/ros2_ws/install/local_setup.ps1'
[7.370s] INFO:colcon.colcon_core.shell:Creating prefix util module '/home/pritismankar/ros2_ws/install/_local_setup_util_ps1.py'
[7.373s] INFO:colcon.colcon_core.shell:Creating prefix chain script '/home/pritismankar/ros2_ws/install/setup.ps1'
[7.375s] INFO:colcon.colcon_core.shell:Creating prefix script '/home/pritismankar/ros2_ws/install/local_setup.sh'
[7.376s] INFO:colcon.colcon_core.shell:Creating prefix util module '/home/pritismankar/ros2_ws/install/_local_setup_util_sh.py'
[7.377s] INFO:colcon.colcon_core.shell:Creating prefix chain script '/home/pritismankar/ros2_ws/install/setup.sh'
[7.378s] INFO:colcon.colcon_core.shell:Creating prefix script '/home/pritismankar/ros2_ws/install/local_setup.bash'
[7.379s] INFO:colcon.colcon_core.shell:Creating prefix chain script '/home/pritismankar/ros2_ws/install/setup.bash'
[7.381s] INFO:colcon.colcon_core.shell:Creating prefix script '/home/pritismankar/ros2_ws/install/local_setup.zsh'
[7.382s] INFO:colcon.colcon_core.shell:Creating prefix chain script '/home/pritismankar/ros2_ws/install/setup.zsh'
