[0.095s] Invoking command in '/home/pritismankar/ros2_ws/build/my_fusion': CMAKE_PREFIX_PATH=/home/pritismankar/ros2_ws/install/my_odometry:/home/pritismankar/ros2_ws/install/my_fusion:/home/pritismankar/ros2_ws/install/matplotlib_cpp:/home/pritismankar/ros2_ws/install/my_slam:/home/pritismankar/ros2_ws/install/my_simulation:/home/pritismankar/ros2_ws/install/my_robot_description:/opt/ros/foxy:/home/pritismankar/catkin_ws/devel:/opt/ros/noetic /usr/bin/cmake /home/pritismankar/ros2_ws/src/my_fusion -DAMENT_CMAKE_SYMLINK_INSTALL=1 -DCMAKE_INSTALL_PREFIX=/home/pritismankar/ros2_ws/install/my_fusion
[0.179s] -- The C compiler identification is GNU 9.4.0
[0.262s] -- The CXX compiler identification is GNU 9.4.0
[0.276s] -- Check for working C compiler: /usr/bin/cc
[0.413s] -- Check for working C compiler: /usr/bin/cc -- works
[0.413s] -- Detecting C compiler ABI info
[0.556s] -- Detecting C compiler ABI info - done
[0.567s] -- Detecting C compile features
[0.568s] -- Detecting C compile features - done
[0.570s] -- Check for working CXX compiler: /usr/bin/c++
[0.761s] -- Check for working CXX compiler: /usr/bin/c++ -- works
[0.762s] -- Detecting CXX compiler ABI info
[0.913s] -- Detecting CXX compiler ABI info - done
[0.934s] -- Detecting CXX compile features
[0.934s] -- Detecting CXX compile features - done
[0.937s] -- Found ament_cmake: 0.9.12 (/opt/ros/foxy/share/ament_cmake/cmake)
[0.976s] -- Found PythonInterp: /usr/bin/python3 (found suitable version "3.8.10", minimum required is "3") 
[0.976s] -- Using PYTHON_EXECUTABLE: /usr/bin/python3
[1.251s] -- Override CMake install command with custom implementation using symlinks instead of copying resources
[1.276s] -- Found rclcpp: 2.4.3 (/opt/ros/foxy/share/rclcpp/cmake)
[1.327s] -- Using all available rosidl_typesupport_c: rosidl_typesupport_fastrtps_c;rosidl_typesupport_introspection_c
[1.376s] -- Found rosidl_adapter: 1.3.1 (/opt/ros/foxy/share/rosidl_adapter/cmake)
[1.607s] -- Found OpenSSL: /usr/lib/x86_64-linux-gnu/libcrypto.so (found version "1.1.1f")  
[1.676s] -- Found FastRTPS: /opt/ros/foxy/include  
[1.794s] -- Using all available rosidl_typesupport_cpp: rosidl_typesupport_fastrtps_cpp;rosidl_typesupport_introspection_cpp
[1.916s] -- Found rmw_implementation_cmake: 1.0.4 (/opt/ros/foxy/share/rmw_implementation_cmake/cmake)
[1.924s] -- Using RMW implementation 'rmw_fastrtps_cpp' as default
[1.928s] -- Looking for pthread.h
[2.442s] -- Looking for pthread.h - found
[2.442s] -- Performing Test CMAKE_HAVE_LIBC_PTHREAD
[3.153s] -- Performing Test CMAKE_HAVE_LIBC_PTHREAD - Failed
[3.154s] -- Looking for pthread_create in pthreads
[3.551s] -- Looking for pthread_create in pthreads - not found
[3.551s] -- Looking for pthread_create in pthread
[4.259s] -- Looking for pthread_create in pthread - found
[4.259s] -- Found Threads: TRUE  
[4.480s] -- Found sensor_msgs: 2.0.5 (/opt/ros/foxy/share/sensor_msgs/cmake)
[4.920s] -- Found nav_msgs: 2.0.5 (/opt/ros/foxy/share/nav_msgs/cmake)
[5.255s] -- Found visualization_msgs: 2.0.5 (/opt/ros/foxy/share/visualization_msgs/cmake)
[5.530s] -- Found tf2: 0.13.14 (/opt/ros/foxy/share/tf2/cmake)
[5.555s] -- Found tf2_geometry_msgs: 0.13.14 (/opt/ros/foxy/share/tf2_geometry_msgs/cmake)
[5.580s] -- Found eigen3_cmake_module: 0.1.1 (/opt/ros/foxy/share/eigen3_cmake_module/cmake)
[5.586s] -- Found Eigen3: TRUE (found version "3.3.7") 
[7.008s] -- Configuring done
[7.126s] -- Generating done
[7.144s] -- Build files have been written to: /home/pritismankar/ros2_ws/build/my_fusion
[7.164s] Invoked command in '/home/pritismankar/ros2_ws/build/my_fusion' returned '0': CMAKE_PREFIX_PATH=/home/pritismankar/ros2_ws/install/my_odometry:/home/pritismankar/ros2_ws/install/my_fusion:/home/pritismankar/ros2_ws/install/matplotlib_cpp:/home/pritismankar/ros2_ws/install/my_slam:/home/pritismankar/ros2_ws/install/my_simulation:/home/pritismankar/ros2_ws/install/my_robot_description:/opt/ros/foxy:/home/pritismankar/catkin_ws/devel:/opt/ros/noetic /usr/bin/cmake /home/pritismankar/ros2_ws/src/my_fusion -DAMENT_CMAKE_SYMLINK_INSTALL=1 -DCMAKE_INSTALL_PREFIX=/home/pritismankar/ros2_ws/install/my_fusion
[7.168s] Invoking command in '/home/pritismankar/ros2_ws/build/my_fusion': CMAKE_PREFIX_PATH=/home/pritismankar/ros2_ws/install/my_odometry:/home/pritismankar/ros2_ws/install/my_fusion:/home/pritismankar/ros2_ws/install/matplotlib_cpp:/home/pritismankar/ros2_ws/install/my_slam:/home/pritismankar/ros2_ws/install/my_simulation:/home/pritismankar/ros2_ws/install/my_robot_description:/opt/ros/foxy:/home/pritismankar/catkin_ws/devel:/opt/ros/noetic /usr/bin/cmake --build /home/pritismankar/ros2_ws/build/my_fusion -- -j4 -l4
[7.496s] [35m[1mScanning dependencies of target ekf_fusion_node[0m
[7.807s] [ 50%] [32mBuilding CXX object CMakeFiles/ekf_fusion_node.dir/scripts/ekf_fusion_node.cpp.o[0m
[22.649s] [100%] [32m[1mLinking CXX executable ekf_fusion_node[0m
[23.059s] [100%] Built target ekf_fusion_node
[23.081s] Invoked command in '/home/pritismankar/ros2_ws/build/my_fusion' returned '0': CMAKE_PREFIX_PATH=/home/pritismankar/ros2_ws/install/my_odometry:/home/pritismankar/ros2_ws/install/my_fusion:/home/pritismankar/ros2_ws/install/matplotlib_cpp:/home/pritismankar/ros2_ws/install/my_slam:/home/pritismankar/ros2_ws/install/my_simulation:/home/pritismankar/ros2_ws/install/my_robot_description:/opt/ros/foxy:/home/pritismankar/catkin_ws/devel:/opt/ros/noetic /usr/bin/cmake --build /home/pritismankar/ros2_ws/build/my_fusion -- -j4 -l4
[23.083s] Invoking command in '/home/pritismankar/ros2_ws/build/my_fusion': CMAKE_PREFIX_PATH=/home/pritismankar/ros2_ws/install/my_odometry:/home/pritismankar/ros2_ws/install/my_fusion:/home/pritismankar/ros2_ws/install/matplotlib_cpp:/home/pritismankar/ros2_ws/install/my_slam:/home/pritismankar/ros2_ws/install/my_simulation:/home/pritismankar/ros2_ws/install/my_robot_description:/opt/ros/foxy:/home/pritismankar/catkin_ws/devel:/opt/ros/noetic /usr/bin/cmake --install /home/pritismankar/ros2_ws/build/my_fusion
[23.093s] -- Install configuration: ""
[23.094s] -- Execute custom install script
[23.094s] -- Symlinking: /home/pritismankar/ros2_ws/install/my_fusion/lib/my_fusion/ekf_fusion_node
[23.114s] -- Symlinking: /home/pritismankar/ros2_ws/install/my_fusion/share/my_fusion//launch/fusion.launch.py
[23.130s] -- Symlinking: /home/pritismankar/ros2_ws/install/my_fusion/share/my_fusion//resource/my_fusion
[23.141s] -- Symlinking: /home/pritismankar/ros2_ws/install/my_fusion/share/ament_index/resource_index/package_run_dependencies/my_fusion
[23.157s] -- Symlinking: /home/pritismankar/ros2_ws/install/my_fusion/share/ament_index/resource_index/parent_prefix_path/my_fusion
[23.166s] -- Symlinking: /home/pritismankar/ros2_ws/install/my_fusion/share/my_fusion/environment/ament_prefix_path.sh
[23.184s] -- Symlinking: /home/pritismankar/ros2_ws/install/my_fusion/share/my_fusion/environment/ament_prefix_path.dsv
[23.194s] -- Symlinking: /home/pritismankar/ros2_ws/install/my_fusion/share/my_fusion/environment/path.sh
[23.210s] -- Symlinking: /home/pritismankar/ros2_ws/install/my_fusion/share/my_fusion/environment/path.dsv
[23.222s] -- Symlinking: /home/pritismankar/ros2_ws/install/my_fusion/share/my_fusion/local_setup.bash
[23.236s] -- Symlinking: /home/pritismankar/ros2_ws/install/my_fusion/share/my_fusion/local_setup.sh
[23.251s] -- Symlinking: /home/pritismankar/ros2_ws/install/my_fusion/share/my_fusion/local_setup.zsh
[23.267s] -- Symlinking: /home/pritismankar/ros2_ws/install/my_fusion/share/my_fusion/local_setup.dsv
[23.284s] -- Symlinking: /home/pritismankar/ros2_ws/install/my_fusion/share/my_fusion/package.dsv
[23.295s] -- Symlinking: /home/pritismankar/ros2_ws/install/my_fusion/share/ament_index/resource_index/packages/my_fusion
[23.305s] -- Symlinking: /home/pritismankar/ros2_ws/install/my_fusion/share/my_fusion/cmake/my_fusionConfig.cmake
[23.314s] -- Symlinking: /home/pritismankar/ros2_ws/install/my_fusion/share/my_fusion/cmake/my_fusionConfig-version.cmake
[23.326s] -- Symlinking: /home/pritismankar/ros2_ws/install/my_fusion/share/my_fusion/package.xml
[23.351s] Invoked command in '/home/pritismankar/ros2_ws/build/my_fusion' returned '0': CMAKE_PREFIX_PATH=/home/pritismankar/ros2_ws/install/my_odometry:/home/pritismankar/ros2_ws/install/my_fusion:/home/pritismankar/ros2_ws/install/matplotlib_cpp:/home/pritismankar/ros2_ws/install/my_slam:/home/pritismankar/ros2_ws/install/my_simulation:/home/pritismankar/ros2_ws/install/my_robot_description:/opt/ros/foxy:/home/pritismankar/catkin_ws/devel:/opt/ros/noetic /usr/bin/cmake --install /home/pritismankar/ros2_ws/build/my_fusion
