[0.012s] Invoking command in '/home/pritismankar/ros2_ws/build/my_odometry': CMAKE_PREFIX_PATH=/home/pritismankar/ros2_ws/install/my_odometry:/home/pritismankar/ros2_ws/install/my_slam:/home/pritismankar/ros2_ws/install/my_simulation:/home/pritismankar/ros2_ws/install/my_robot_description:/home/pritismankar/ros2_ws/install/my_fusion:/opt/ros/foxy:/home/pritismankar/catkin_ws/devel:/opt/ros/noetic /usr/bin/cmake --build /home/pritismankar/ros2_ws/build/my_odometry -- -j4 -l4
[0.090s] [100%] Built target odom_node
[0.103s] Invoked command in '/home/pritismankar/ros2_ws/build/my_odometry' returned '0': CMAKE_PREFIX_PATH=/home/pritismankar/ros2_ws/install/my_odometry:/home/pritismankar/ros2_ws/install/my_slam:/home/pritismankar/ros2_ws/install/my_simulation:/home/pritismankar/ros2_ws/install/my_robot_description:/home/pritismankar/ros2_ws/install/my_fusion:/opt/ros/foxy:/home/pritismankar/catkin_ws/devel:/opt/ros/noetic /usr/bin/cmake --build /home/pritismankar/ros2_ws/build/my_odometry -- -j4 -l4
[0.131s] Invoking command in '/home/pritismankar/ros2_ws/build/my_odometry': CMAKE_PREFIX_PATH=/home/pritismankar/ros2_ws/install/my_odometry:/home/pritismankar/ros2_ws/install/my_slam:/home/pritismankar/ros2_ws/install/my_simulation:/home/pritismankar/ros2_ws/install/my_robot_description:/home/pritismankar/ros2_ws/install/my_fusion:/opt/ros/foxy:/home/pritismankar/catkin_ws/devel:/opt/ros/noetic /usr/bin/cmake --install /home/pritismankar/ros2_ws/build/my_odometry
[0.142s] -- Install configuration: "Debug"
[0.142s] -- Execute custom install script
[0.143s] -- Up-to-date symlink: /home/pritismankar/ros2_ws/install/my_odometry/lib/my_odometry/odom_node
[0.143s] -- Up-to-date symlink: /home/pritismankar/ros2_ws/install/my_odometry/share/ament_index/resource_index/package_run_dependencies/my_odometry
[0.143s] -- Up-to-date symlink: /home/pritismankar/ros2_ws/install/my_odometry/share/ament_index/resource_index/parent_prefix_path/my_odometry
[0.143s] -- Up-to-date symlink: /home/pritismankar/ros2_ws/install/my_odometry/share/my_odometry/environment/ament_prefix_path.sh
[0.144s] -- Up-to-date symlink: /home/pritismankar/ros2_ws/install/my_odometry/share/my_odometry/environment/ament_prefix_path.dsv
[0.144s] -- Up-to-date symlink: /home/pritismankar/ros2_ws/install/my_odometry/share/my_odometry/environment/path.sh
[0.144s] -- Up-to-date symlink: /home/pritismankar/ros2_ws/install/my_odometry/share/my_odometry/environment/path.dsv
[0.144s] -- Up-to-date symlink: /home/pritismankar/ros2_ws/install/my_odometry/share/my_odometry/local_setup.bash
[0.144s] -- Up-to-date symlink: /home/pritismankar/ros2_ws/install/my_odometry/share/my_odometry/local_setup.sh
[0.145s] -- Up-to-date symlink: /home/pritismankar/ros2_ws/install/my_odometry/share/my_odometry/local_setup.zsh
[0.145s] -- Up-to-date symlink: /home/pritismankar/ros2_ws/install/my_odometry/share/my_odometry/local_setup.dsv
[0.145s] -- Symlinking: /home/pritismankar/ros2_ws/install/my_odometry/share/my_odometry/package.dsv
[0.155s] -- Up-to-date symlink: /home/pritismankar/ros2_ws/install/my_odometry/share/ament_index/resource_index/packages/my_odometry
[0.156s] -- Up-to-date symlink: /home/pritismankar/ros2_ws/install/my_odometry/share/my_odometry/cmake/my_odometryConfig.cmake
[0.156s] -- Up-to-date symlink: /home/pritismankar/ros2_ws/install/my_odometry/share/my_odometry/cmake/my_odometryConfig-version.cmake
[0.157s] -- Up-to-date symlink: /home/pritismankar/ros2_ws/install/my_odometry/share/my_odometry/package.xml
[0.162s] Invoked command in '/home/pritismankar/ros2_ws/build/my_odometry' returned '0': CMAKE_PREFIX_PATH=/home/pritismankar/ros2_ws/install/my_odometry:/home/pritismankar/ros2_ws/install/my_slam:/home/pritismankar/ros2_ws/install/my_simulation:/home/pritismankar/ros2_ws/install/my_robot_description:/home/pritismankar/ros2_ws/install/my_fusion:/opt/ros/foxy:/home/pritismankar/catkin_ws/devel:/opt/ros/noetic /usr/bin/cmake --install /home/pritismankar/ros2_ws/build/my_odometry
