[35m[1mScanning dependencies of target odom_node[0m
[ 50%] [32mBuilding CXX object CMakeFiles/odom_node.dir/scripts/odom_node.cpp.o[0m
[100%] [32m[1mLinking CXX executable odom_node[0m
[100%] Built target odom_node
-- Install configuration: "Debug"
-- Execute custom install script
-- Up-to-date symlink: /home/pritismankar/ros2_ws/install/my_odometry/lib/my_odometry/odom_node
-- Up-to-date symlink: /home/pritismankar/ros2_ws/install/my_odometry/share/ament_index/resource_index/package_run_dependencies/my_odometry
-- Up-to-date symlink: /home/pritismankar/ros2_ws/install/my_odometry/share/ament_index/resource_index/parent_prefix_path/my_odometry
-- Up-to-date symlink: /home/pritismankar/ros2_ws/install/my_odometry/share/my_odometry/environment/ament_prefix_path.sh
-- Up-to-date symlink: /home/pritismankar/ros2_ws/install/my_odometry/share/my_odometry/environment/ament_prefix_path.dsv
-- Up-to-date symlink: /home/pritismankar/ros2_ws/install/my_odometry/share/my_odometry/environment/path.sh
-- Up-to-date symlink: /home/pritismankar/ros2_ws/install/my_odometry/share/my_odometry/environment/path.dsv
-- Up-to-date symlink: /home/pritismankar/ros2_ws/install/my_odometry/share/my_odometry/local_setup.bash
-- Up-to-date symlink: /home/pritismankar/ros2_ws/install/my_odometry/share/my_odometry/local_setup.sh
-- Up-to-date symlink: /home/pritismankar/ros2_ws/install/my_odometry/share/my_odometry/local_setup.zsh
-- Up-to-date symlink: /home/pritismankar/ros2_ws/install/my_odometry/share/my_odometry/local_setup.dsv
-- Symlinking: /home/pritismankar/ros2_ws/install/my_odometry/share/my_odometry/package.dsv
-- Up-to-date symlink: /home/pritismankar/ros2_ws/install/my_odometry/share/ament_index/resource_index/packages/my_odometry
-- Up-to-date symlink: /home/pritismankar/ros2_ws/install/my_odometry/share/my_odometry/cmake/my_odometryConfig.cmake
-- Up-to-date symlink: /home/pritismankar/ros2_ws/install/my_odometry/share/my_odometry/cmake/my_odometryConfig-version.cmake
-- Up-to-date symlink: /home/pritismankar/ros2_ws/install/my_odometry/share/my_odometry/package.xml
