[1.891s] Invoking command in '/home/pritismankar/ros2_ws/build/my_fusion': PYTHONPATH=/home/pritismankar/ros2_ws/build/my_fusion/prefix_override:/usr/lib/python3/dist-packages/colcon_core/task/python/colcon_distutils_commands:/home/pritismankar/ros2_ws/install/my_fusion/lib/python3.8/site-packages:${PYTHONPATH} /usr/bin/python3 -W ignore:setup.py install is deprecated -W ignore:easy_install command is deprecated setup.py develop --editable --build-directory /home/pritismankar/ros2_ws/build/my_fusion/build --no-deps symlink_data
[2.253s] running develop
[2.436s] running egg_info
[2.443s] creating my_fusion.egg-info
[2.446s] writing my_fusion.egg-info/PKG-INFO
[2.448s] writing dependency_links to my_fusion.egg-info/dependency_links.txt
[2.449s] writing entry points to my_fusion.egg-info/entry_points.txt
[2.450s] writing top-level names to my_fusion.egg-info/top_level.txt
[2.453s] writing manifest file 'my_fusion.egg-info/SOURCES.txt'
[2.517s] reading manifest file 'my_fusion.egg-info/SOURCES.txt'
[2.518s] writing manifest file 'my_fusion.egg-info/SOURCES.txt'
[2.604s] running build_ext
[2.604s] Creating /home/pritismankar/ros2_ws/install/my_fusion/lib/python3.8/site-packages/site.py
[2.604s] Creating /home/pritismankar/ros2_ws/install/my_fusion/lib/python3.8/site-packages/my-fusion.egg-link (link to .)
[2.605s] Installing ekf_fusion script to /home/pritismankar/ros2_ws/install/my_fusion/lib/my_fusion
[2.606s] 
[2.606s] Installed /home/pritismankar/ros2_ws/build/my_fusion
[2.606s] running symlink_data
[2.606s] creating /home/pritismankar/ros2_ws/install/my_fusion/share/ament_index
[2.607s] creating /home/pritismankar/ros2_ws/install/my_fusion/share/ament_index/resource_index
[2.608s] creating /home/pritismankar/ros2_ws/install/my_fusion/share/ament_index/resource_index/packages
[2.609s] symbolically linking /home/pritismankar/ros2_ws/build/my_fusion/resource/my_fusion -> /home/pritismankar/ros2_ws/install/my_fusion/share/ament_index/resource_index/packages
[2.609s] symbolically linking /home/pritismankar/ros2_ws/build/my_fusion/package.xml -> /home/pritismankar/ros2_ws/install/my_fusion/share/my_fusion
[2.610s] creating /home/pritismankar/ros2_ws/install/my_fusion/share/my_fusion/config
[2.610s] symbolically linking /home/pritismankar/ros2_ws/build/my_fusion/config/ekf.yaml -> /home/pritismankar/ros2_ws/install/my_fusion/share/my_fusion/config
[2.613s] creating /home/pritismankar/ros2_ws/install/my_fusion/share/my_fusion/launch
[2.613s] symbolically linking /home/pritismankar/ros2_ws/build/my_fusion/launch/fusion.launch.py -> /home/pritismankar/ros2_ws/install/my_fusion/share/my_fusion/launch
[2.614s] creating /home/pritismankar/ros2_ws/install/my_fusion/share/my_fusion/scripts
[2.614s] symbolically linking /home/pritismankar/ros2_ws/build/my_fusion/scripts/ekf_fusion.py -> /home/pritismankar/ros2_ws/install/my_fusion/share/my_fusion/scripts
[3.088s] Invoked command in '/home/pritismankar/ros2_ws/build/my_fusion' returned '0': PYTHONPATH=/home/pritismankar/ros2_ws/build/my_fusion/prefix_override:/usr/lib/python3/dist-packages/colcon_core/task/python/colcon_distutils_commands:/home/pritismankar/ros2_ws/install/my_fusion/lib/python3.8/site-packages:${PYTHONPATH} /usr/bin/python3 -W ignore:setup.py install is deprecated -W ignore:easy_install command is deprecated setup.py develop --editable --build-directory /home/pritismankar/ros2_ws/build/my_fusion/build --no-deps symlink_data
