[1.774s] Invoking command in '/home/pritismankar/ros2_ws/src/my_fusion': PYTHONPATH=/home/pritismankar/ros2_ws/build/my_fusion/prefix_override:/usr/lib/python3/dist-packages/colcon_core/task/python/colcon_distutils_commands:/home/pritismankar/ros2_ws/install/my_fusion/lib/python3.8/site-packages:${PYTHONPATH} /usr/bin/python3 -W ignore:setup.py install is deprecated -W ignore:easy_install command is deprecated setup.py egg_info --egg-base ../../build/my_fusion build --build-base /home/pritismankar/ros2_ws/build/my_fusion/build install --record /home/pritismankar/ros2_ws/build/my_fusion/install.log --install-scripts $base/lib/my_fusion --single-version-externally-managed install_data
[2.084s] running egg_info
[2.086s] writing ../../build/my_fusion/my_fusion.egg-info/PKG-INFO
[2.086s] writing dependency_links to ../../build/my_fusion/my_fusion.egg-info/dependency_links.txt
[2.087s] writing entry points to ../../build/my_fusion/my_fusion.egg-info/entry_points.txt
[2.088s] writing top-level names to ../../build/my_fusion/my_fusion.egg-info/top_level.txt
[2.142s] reading manifest file '../../build/my_fusion/my_fusion.egg-info/SOURCES.txt'
[2.143s] writing manifest file '../../build/my_fusion/my_fusion.egg-info/SOURCES.txt'
[2.143s] running build
[2.143s] running build_py
[2.143s] running install
[2.143s] running install_lib
[2.145s] running install_data
[2.145s] running install_egg_info
[2.150s] removing '/home/pritismankar/ros2_ws/install/my_fusion/lib/python3.8/site-packages/my_fusion-0.0.0-py3.8.egg-info' (and everything under it)
[2.150s] Copying ../../build/my_fusion/my_fusion.egg-info to /home/pritismankar/ros2_ws/install/my_fusion/lib/python3.8/site-packages/my_fusion-0.0.0-py3.8.egg-info
[2.151s] running install_scripts
[2.178s] Installing ekf_fusion script to /home/pritismankar/ros2_ws/install/my_fusion/lib/my_fusion
[2.178s] writing list of installed files to '/home/pritismankar/ros2_ws/build/my_fusion/install.log'
[2.280s] Invoked command in '/home/pritismankar/ros2_ws/src/my_fusion' returned '0': PYTHONPATH=/home/pritismankar/ros2_ws/build/my_fusion/prefix_override:/usr/lib/python3/dist-packages/colcon_core/task/python/colcon_distutils_commands:/home/pritismankar/ros2_ws/install/my_fusion/lib/python3.8/site-packages:${PYTHONPATH} /usr/bin/python3 -W ignore:setup.py install is deprecated -W ignore:easy_install command is deprecated setup.py egg_info --egg-base ../../build/my_fusion build --build-base /home/pritismankar/ros2_ws/build/my_fusion/build install --record /home/pritismankar/ros2_ws/build/my_fusion/install.log --install-scripts $base/lib/my_fusion --single-version-externally-managed install_data
