running develop
Removing /home/pritismankar/ros2_ws/install/my_fusion/lib/python3.8/site-packages/my-fusion.egg-link (link to .)
running egg_info
writing ../../build/my_fusion/my_fusion.egg-info/PKG-INFO
writing dependency_links to ../../build/my_fusion/my_fusion.egg-info/dependency_links.txt
writing entry points to ../../build/my_fusion/my_fusion.egg-info/entry_points.txt
writing top-level names to ../../build/my_fusion/my_fusion.egg-info/top_level.txt
reading manifest file '../../build/my_fusion/my_fusion.egg-info/SOURCES.txt'
writing manifest file '../../build/my_fusion/my_fusion.egg-info/SOURCES.txt'
running build
running build_py
creating /home/pritismankar/ros2_ws/build/my_fusion/build
creating /home/pritismankar/ros2_ws/build/my_fusion/build/lib
creating /home/pritismankar/ros2_ws/build/my_fusion/build/lib/my_fusion
copying my_fusion/__init__.py -> /home/pritismankar/ros2_ws/build/my_fusion/build/lib/my_fusion
running install
running install_lib
creating /home/pritismankar/ros2_ws/install/my_fusion/lib/python3.8/site-packages/my_fusion
copying /home/pritismankar/ros2_ws/build/my_fusion/build/lib/my_fusion/__init__.py -> /home/pritismankar/ros2_ws/install/my_fusion/lib/python3.8/site-packages/my_fusion
byte-compiling /home/pritismankar/ros2_ws/install/my_fusion/lib/python3.8/site-packages/my_fusion/__init__.py to __init__.cpython-38.pyc
running install_data
copying resource/my_fusion -> /home/pritismankar/ros2_ws/install/my_fusion/share/ament_index/resource_index/packages
copying package.xml -> /home/pritismankar/ros2_ws/install/my_fusion/share/my_fusion
copying config/ekf.yaml -> /home/pritismankar/ros2_ws/install/my_fusion/share/my_fusion/config
copying launch/fusion.launch.py -> /home/pritismankar/ros2_ws/install/my_fusion/share/my_fusion/launch
copying scripts/ekf_fusion.py -> /home/pritismankar/ros2_ws/install/my_fusion/share/my_fusion/scripts
running install_egg_info
Copying ../../build/my_fusion/my_fusion.egg-info to /home/pritismankar/ros2_ws/install/my_fusion/lib/python3.8/site-packages/my_fusion-0.0.0-py3.8.egg-info
running install_scripts
Installing ekf_fusion script to /home/pritismankar/ros2_ws/install/my_fusion/lib/my_fusion
writing list of installed files to '/home/pritismankar/ros2_ws/build/my_fusion/install.log'
