[1.906s] Invoking command in '/home/pritismankar/ros2_ws/build/my_fusion': PYTHONPATH=/home/pritismankar/ros2_ws/build/my_fusion/prefix_override:/usr/lib/python3/dist-packages/colcon_core/task/python/colcon_distutils_commands:/home/pritismankar/ros2_ws/install/my_fusion/lib/python3.8/site-packages:${PYTHONPATH} /usr/bin/python3 -W ignore:setup.py install is deprecated -W ignore:easy_install command is deprecated setup.py develop --uninstall --editable --build-directory /home/pritismankar/ros2_ws/build/my_fusion/build
[2.288s] running develop
[2.451s] Removing /home/pritismankar/ros2_ws/install/my_fusion/lib/python3.8/site-packages/my-fusion.egg-link (link to .)
[2.480s] Invoked command in '/home/pritismankar/ros2_ws/build/my_fusion' returned '0': PYTHONPATH=/home/pritismankar/ros2_ws/build/my_fusion/prefix_override:/usr/lib/python3/dist-packages/colcon_core/task/python/colcon_distutils_commands:/home/pritismankar/ros2_ws/install/my_fusion/lib/python3.8/site-packages:${PYTHONPATH} /usr/bin/python3 -W ignore:setup.py install is deprecated -W ignore:easy_install command is deprecated setup.py develop --uninstall --editable --build-directory /home/pritismankar/ros2_ws/build/my_fusion/build
[2.489s] Invoking command in '/home/pritismankar/ros2_ws/src/my_fusion': PYTHONPATH=/home/pritismankar/ros2_ws/build/my_fusion/prefix_override:/usr/lib/python3/dist-packages/colcon_core/task/python/colcon_distutils_commands:/home/pritismankar/ros2_ws/install/my_fusion/lib/python3.8/site-packages:${PYTHONPATH} /usr/bin/python3 -W ignore:setup.py install is deprecated -W ignore:easy_install command is deprecated setup.py egg_info --egg-base ../../build/my_fusion build --build-base /home/pritismankar/ros2_ws/build/my_fusion/build install --record /home/pritismankar/ros2_ws/build/my_fusion/install.log --install-scripts $base/lib/my_fusion --single-version-externally-managed install_data --force
[2.887s] running egg_info
[2.887s] writing ../../build/my_fusion/my_fusion.egg-info/PKG-INFO
[2.890s] writing dependency_links to ../../build/my_fusion/my_fusion.egg-info/dependency_links.txt
[2.890s] writing entry points to ../../build/my_fusion/my_fusion.egg-info/entry_points.txt
[2.890s] writing top-level names to ../../build/my_fusion/my_fusion.egg-info/top_level.txt
[2.951s] reading manifest file '../../build/my_fusion/my_fusion.egg-info/SOURCES.txt'
[2.954s] writing manifest file '../../build/my_fusion/my_fusion.egg-info/SOURCES.txt'
[2.954s] running build
[2.954s] running build_py
[2.954s] creating /home/pritismankar/ros2_ws/build/my_fusion/build
[2.954s] creating /home/pritismankar/ros2_ws/build/my_fusion/build/lib
[2.954s] creating /home/pritismankar/ros2_ws/build/my_fusion/build/lib/my_fusion
[2.954s] copying my_fusion/__init__.py -> /home/pritismankar/ros2_ws/build/my_fusion/build/lib/my_fusion
[2.954s] running install
[2.954s] running install_lib
[2.957s] creating /home/pritismankar/ros2_ws/install/my_fusion/lib/python3.8/site-packages/my_fusion
[2.957s] copying /home/pritismankar/ros2_ws/build/my_fusion/build/lib/my_fusion/__init__.py -> /home/pritismankar/ros2_ws/install/my_fusion/lib/python3.8/site-packages/my_fusion
[2.957s] byte-compiling /home/pritismankar/ros2_ws/install/my_fusion/lib/python3.8/site-packages/my_fusion/__init__.py to __init__.cpython-38.pyc
[2.959s] running install_data
[2.960s] copying resource/my_fusion -> /home/pritismankar/ros2_ws/install/my_fusion/share/ament_index/resource_index/packages
[2.960s] copying package.xml -> /home/pritismankar/ros2_ws/install/my_fusion/share/my_fusion
[2.961s] copying config/ekf.yaml -> /home/pritismankar/ros2_ws/install/my_fusion/share/my_fusion/config
[2.962s] copying launch/fusion.launch.py -> /home/pritismankar/ros2_ws/install/my_fusion/share/my_fusion/launch
[2.962s] copying scripts/ekf_fusion.py -> /home/pritismankar/ros2_ws/install/my_fusion/share/my_fusion/scripts
[2.964s] running install_egg_info
[2.967s] Copying ../../build/my_fusion/my_fusion.egg-info to /home/pritismankar/ros2_ws/install/my_fusion/lib/python3.8/site-packages/my_fusion-0.0.0-py3.8.egg-info
[2.971s] running install_scripts
[2.998s] Installing ekf_fusion script to /home/pritismankar/ros2_ws/install/my_fusion/lib/my_fusion
[2.999s] writing list of installed files to '/home/pritismankar/ros2_ws/build/my_fusion/install.log'
[3.085s] Invoked command in '/home/pritismankar/ros2_ws/src/my_fusion' returned '0': PYTHONPATH=/home/pritismankar/ros2_ws/build/my_fusion/prefix_override:/usr/lib/python3/dist-packages/colcon_core/task/python/colcon_distutils_commands:/home/pritismankar/ros2_ws/install/my_fusion/lib/python3.8/site-packages:${PYTHONPATH} /usr/bin/python3 -W ignore:setup.py install is deprecated -W ignore:easy_install command is deprecated setup.py egg_info --egg-base ../../build/my_fusion build --build-base /home/pritismankar/ros2_ws/build/my_fusion/build install --record /home/pritismankar/ros2_ws/build/my_fusion/install.log --install-scripts $base/lib/my_fusion --single-version-externally-managed install_data --force
