[0.421s] DEBUG:colcon:Command line arguments: ['/usr/bin/colcon', 'build']
[0.421s] DEBUG:colcon:Parsed command line arguments: Namespace(allow_overriding=[], ament_cmake_args=None, base_paths=['.'], build_base='build', catkin_cmake_args=None, catkin_skip_building_tests=False, cmake_args=None, cmake_clean_cache=False, cmake_clean_first=False, cmake_force_configure=False, cmake_target=None, cmake_target_skip_unavailable=False, continue_on_error=False, event_handlers=None, executor='parallel', ignore_user_meta=False, install_base='install', log_base=None, log_level=None, main=<bound method BuildVerb.main of <colcon_core.verb.build.BuildVerb object at 0x7fe0c11b1940>>, merge_install=False, metas=['./colcon.meta'], packages_above=None, packages_above_and_dependencies=None, packages_above_depth=None, packages_end=None, packages_ignore=None, packages_ignore_regex=None, packages_select=None, packages_select_build_failed=False, packages_select_by_dep=None, packages_select_regex=None, packages_select_test_failures=False, packages_skip=None, packages_skip_build_finished=False, packages_skip_by_dep=None, packages_skip_regex=None, packages_skip_test_passed=False, packages_skip_up_to=None, packages_start=None, packages_up_to=None, packages_up_to_regex=None, parallel_workers=4, paths=None, symlink_install=False, test_result_base=None, verb_extension=<colcon_core.verb.build.BuildVerb object at 0x7fe0c11b1940>, verb_name='build', verb_parser=<colcon_defaults.argument_parser.defaults.DefaultArgumentsDecorator object at 0x7fe0c11b1d90>)
[0.704s] Level 1:colcon.colcon_core.package_discovery:discover_packages(colcon_meta) check parameters
[0.705s] Level 1:colcon.colcon_core.package_discovery:discover_packages(recursive) check parameters
[0.705s] Level 1:colcon.colcon_core.package_discovery:discover_packages(ignore) check parameters
[0.705s] Level 1:colcon.colcon_core.package_discovery:discover_packages(path) check parameters
[0.705s] Level 1:colcon.colcon_core.package_discovery:discover_packages(colcon_meta) discover
[0.705s] Level 1:colcon.colcon_core.package_discovery:discover_packages(recursive) discover
[0.705s] INFO:colcon.colcon_core.package_discovery:Crawling recursively for packages in '/home/pritismankar/ros2_ws'
[0.705s] Level 1:colcon.colcon_core.package_identification:_identify(.) by extensions ['ignore', 'ignore_ament_install']
[0.705s] Level 1:colcon.colcon_core.package_identification:_identify(.) by extension 'ignore'
[0.705s] Level 1:colcon.colcon_core.package_identification:_identify(.) by extension 'ignore_ament_install'
[0.705s] Level 1:colcon.colcon_core.package_identification:_identify(.) by extensions ['colcon_pkg']
[0.705s] Level 1:colcon.colcon_core.package_identification:_identify(.) by extension 'colcon_pkg'
[0.705s] Level 1:colcon.colcon_core.package_identification:_identify(.) by extensions ['colcon_meta']
[0.706s] Level 1:colcon.colcon_core.package_identification:_identify(.) by extension 'colcon_meta'
[0.706s] Level 1:colcon.colcon_core.package_identification:_identify(.) by extensions ['ros']
[0.706s] Level 1:colcon.colcon_core.package_identification:_identify(.) by extension 'ros'
[0.747s] Level 1:colcon.colcon_core.package_identification:_identify(.) by extensions ['cmake', 'python']
[0.747s] Level 1:colcon.colcon_core.package_identification:_identify(.) by extension 'cmake'
[0.747s] Level 1:colcon.colcon_core.package_identification:_identify(.) by extension 'python'
[0.747s] Level 1:colcon.colcon_core.package_identification:_identify(.) by extensions ['python_setup_py']
[0.747s] Level 1:colcon.colcon_core.package_identification:_identify(.) by extension 'python_setup_py'
[0.747s] Level 1:colcon.colcon_core.package_identification:_identify(build) by extensions ['ignore', 'ignore_ament_install']
[0.748s] Level 1:colcon.colcon_core.package_identification:_identify(build) by extension 'ignore'
[0.748s] Level 1:colcon.colcon_core.package_identification:_identify(build) ignored
[0.748s] Level 1:colcon.colcon_core.package_identification:_identify(install) by extensions ['ignore', 'ignore_ament_install']
[0.749s] Level 1:colcon.colcon_core.package_identification:_identify(install) by extension 'ignore'
[0.749s] Level 1:colcon.colcon_core.package_identification:_identify(install) ignored
[0.749s] Level 1:colcon.colcon_core.package_identification:_identify(log) by extensions ['ignore', 'ignore_ament_install']
[0.749s] Level 1:colcon.colcon_core.package_identification:_identify(log) by extension 'ignore'
[0.749s] Level 1:colcon.colcon_core.package_identification:_identify(log) ignored
[0.749s] Level 1:colcon.colcon_core.package_identification:_identify(src) by extensions ['ignore', 'ignore_ament_install']
[0.749s] Level 1:colcon.colcon_core.package_identification:_identify(src) by extension 'ignore'
[0.750s] Level 1:colcon.colcon_core.package_identification:_identify(src) by extension 'ignore_ament_install'
[0.750s] Level 1:colcon.colcon_core.package_identification:_identify(src) by extensions ['colcon_pkg']
[0.750s] Level 1:colcon.colcon_core.package_identification:_identify(src) by extension 'colcon_pkg'
[0.750s] Level 1:colcon.colcon_core.package_identification:_identify(src) by extensions ['colcon_meta']
[0.750s] Level 1:colcon.colcon_core.package_identification:_identify(src) by extension 'colcon_meta'
[0.750s] Level 1:colcon.colcon_core.package_identification:_identify(src) by extensions ['ros']
[0.750s] Level 1:colcon.colcon_core.package_identification:_identify(src) by extension 'ros'
[0.750s] Level 1:colcon.colcon_core.package_identification:_identify(src) by extensions ['cmake', 'python']
[0.750s] Level 1:colcon.colcon_core.package_identification:_identify(src) by extension 'cmake'
[0.750s] Level 1:colcon.colcon_core.package_identification:_identify(src) by extension 'python'
[0.750s] Level 1:colcon.colcon_core.package_identification:_identify(src) by extensions ['python_setup_py']
[0.750s] Level 1:colcon.colcon_core.package_identification:_identify(src) by extension 'python_setup_py'
[0.750s] Level 1:colcon.colcon_core.package_identification:_identify(src/my_fusion) by extensions ['ignore', 'ignore_ament_install']
[0.750s] Level 1:colcon.colcon_core.package_identification:_identify(src/my_fusion) by extension 'ignore'
[0.750s] Level 1:colcon.colcon_core.package_identification:_identify(src/my_fusion) by extension 'ignore_ament_install'
[0.750s] Level 1:colcon.colcon_core.package_identification:_identify(src/my_fusion) by extensions ['colcon_pkg']
[0.750s] Level 1:colcon.colcon_core.package_identification:_identify(src/my_fusion) by extension 'colcon_pkg'
[0.750s] Level 1:colcon.colcon_core.package_identification:_identify(src/my_fusion) by extensions ['colcon_meta']
[0.751s] Level 1:colcon.colcon_core.package_identification:_identify(src/my_fusion) by extension 'colcon_meta'
[0.751s] Level 1:colcon.colcon_core.package_identification:_identify(src/my_fusion) by extensions ['ros']
[0.751s] Level 1:colcon.colcon_core.package_identification:_identify(src/my_fusion) by extension 'ros'
[0.758s] DEBUG:colcon.colcon_core.package_identification:Package 'src/my_fusion' with type 'ros.ament_python' and name 'my_fusion'
[0.758s] Level 1:colcon.colcon_core.package_identification:_identify(src/my_odometry) by extensions ['ignore', 'ignore_ament_install']
[0.758s] Level 1:colcon.colcon_core.package_identification:_identify(src/my_odometry) by extension 'ignore'
[0.759s] Level 1:colcon.colcon_core.package_identification:_identify(src/my_odometry) by extension 'ignore_ament_install'
[0.759s] Level 1:colcon.colcon_core.package_identification:_identify(src/my_odometry) by extensions ['colcon_pkg']
[0.759s] Level 1:colcon.colcon_core.package_identification:_identify(src/my_odometry) by extension 'colcon_pkg'
[0.759s] Level 1:colcon.colcon_core.package_identification:_identify(src/my_odometry) by extensions ['colcon_meta']
[0.759s] Level 1:colcon.colcon_core.package_identification:_identify(src/my_odometry) by extension 'colcon_meta'
[0.759s] Level 1:colcon.colcon_core.package_identification:_identify(src/my_odometry) by extensions ['ros']
[0.759s] Level 1:colcon.colcon_core.package_identification:_identify(src/my_odometry) by extension 'ros'
[0.762s] DEBUG:colcon.colcon_core.package_identification:Package 'src/my_odometry' with type 'ros.ament_python' and name 'my_odometry'
[0.762s] Level 1:colcon.colcon_core.package_identification:_identify(src/my_robot_description) by extensions ['ignore', 'ignore_ament_install']
[0.762s] Level 1:colcon.colcon_core.package_identification:_identify(src/my_robot_description) by extension 'ignore'
[0.763s] Level 1:colcon.colcon_core.package_identification:_identify(src/my_robot_description) by extension 'ignore_ament_install'
[0.763s] Level 1:colcon.colcon_core.package_identification:_identify(src/my_robot_description) by extensions ['colcon_pkg']
[0.763s] Level 1:colcon.colcon_core.package_identification:_identify(src/my_robot_description) by extension 'colcon_pkg'
[0.763s] Level 1:colcon.colcon_core.package_identification:_identify(src/my_robot_description) by extensions ['colcon_meta']
[0.763s] Level 1:colcon.colcon_core.package_identification:_identify(src/my_robot_description) by extension 'colcon_meta'
[0.763s] Level 1:colcon.colcon_core.package_identification:_identify(src/my_robot_description) by extensions ['ros']
[0.763s] Level 1:colcon.colcon_core.package_identification:_identify(src/my_robot_description) by extension 'ros'
[0.764s] DEBUG:colcon.colcon_core.package_identification:Package 'src/my_robot_description' with type 'ros.ament_python' and name 'my_robot_description'
[0.764s] Level 1:colcon.colcon_core.package_identification:_identify(src/my_simulation) by extensions ['ignore', 'ignore_ament_install']
[0.764s] Level 1:colcon.colcon_core.package_identification:_identify(src/my_simulation) by extension 'ignore'
[0.765s] Level 1:colcon.colcon_core.package_identification:_identify(src/my_simulation) by extension 'ignore_ament_install'
[0.765s] Level 1:colcon.colcon_core.package_identification:_identify(src/my_simulation) by extensions ['colcon_pkg']
[0.765s] Level 1:colcon.colcon_core.package_identification:_identify(src/my_simulation) by extension 'colcon_pkg'
[0.765s] Level 1:colcon.colcon_core.package_identification:_identify(src/my_simulation) by extensions ['colcon_meta']
[0.765s] Level 1:colcon.colcon_core.package_identification:_identify(src/my_simulation) by extension 'colcon_meta'
[0.765s] Level 1:colcon.colcon_core.package_identification:_identify(src/my_simulation) by extensions ['ros']
[0.765s] Level 1:colcon.colcon_core.package_identification:_identify(src/my_simulation) by extension 'ros'
[0.766s] DEBUG:colcon.colcon_core.package_identification:Package 'src/my_simulation' with type 'ros.ament_python' and name 'my_simulation'
[0.766s] Level 1:colcon.colcon_core.package_identification:_identify(src/my_slam) by extensions ['ignore', 'ignore_ament_install']
[0.766s] Level 1:colcon.colcon_core.package_identification:_identify(src/my_slam) by extension 'ignore'
[0.766s] Level 1:colcon.colcon_core.package_identification:_identify(src/my_slam) by extension 'ignore_ament_install'
[0.767s] Level 1:colcon.colcon_core.package_identification:_identify(src/my_slam) by extensions ['colcon_pkg']
[0.767s] Level 1:colcon.colcon_core.package_identification:_identify(src/my_slam) by extension 'colcon_pkg'
[0.767s] Level 1:colcon.colcon_core.package_identification:_identify(src/my_slam) by extensions ['colcon_meta']
[0.767s] Level 1:colcon.colcon_core.package_identification:_identify(src/my_slam) by extension 'colcon_meta'
[0.767s] Level 1:colcon.colcon_core.package_identification:_identify(src/my_slam) by extensions ['ros']
[0.767s] Level 1:colcon.colcon_core.package_identification:_identify(src/my_slam) by extension 'ros'
[0.768s] DEBUG:colcon.colcon_core.package_identification:Package 'src/my_slam' with type 'ros.ament_python' and name 'my_slam'
[0.768s] Level 1:colcon.colcon_core.package_discovery:discover_packages(recursive) using defaults
[0.768s] Level 1:colcon.colcon_core.package_discovery:discover_packages(ignore) discover
[0.768s] Level 1:colcon.colcon_core.package_discovery:discover_packages(ignore) using defaults
[0.768s] Level 1:colcon.colcon_core.package_discovery:discover_packages(path) discover
[0.768s] Level 1:colcon.colcon_core.package_discovery:discover_packages(path) using defaults
[0.815s] Level 1:colcon.colcon_core.package_discovery:discover_packages(prefix_path) check parameters
[0.815s] Level 1:colcon.colcon_core.package_discovery:discover_packages(prefix_path) discover
[0.820s] DEBUG:colcon.colcon_installed_package_information.package_discovery:Found 5 installed packages in /home/pritismankar/ros2_ws/install
[0.821s] DEBUG:colcon.colcon_installed_package_information.package_discovery:Found 289 installed packages in /opt/ros/foxy
[0.824s] Level 1:colcon.colcon_core.package_discovery:discover_packages(prefix_path) using defaults
[0.910s] Level 5:colcon.colcon_core.verb:set package 'my_fusion' build argument 'cmake_args' from command line to 'None'
[0.910s] Level 5:colcon.colcon_core.verb:set package 'my_fusion' build argument 'cmake_target' from command line to 'None'
[0.910s] Level 5:colcon.colcon_core.verb:set package 'my_fusion' build argument 'cmake_target_skip_unavailable' from command line to 'False'
[0.910s] Level 5:colcon.colcon_core.verb:set package 'my_fusion' build argument 'cmake_clean_cache' from command line to 'False'
[0.910s] Level 5:colcon.colcon_core.verb:set package 'my_fusion' build argument 'cmake_clean_first' from command line to 'False'
[0.910s] Level 5:colcon.colcon_core.verb:set package 'my_fusion' build argument 'cmake_force_configure' from command line to 'False'
[0.910s] Level 5:colcon.colcon_core.verb:set package 'my_fusion' build argument 'ament_cmake_args' from command line to 'None'
[0.910s] Level 5:colcon.colcon_core.verb:set package 'my_fusion' build argument 'catkin_cmake_args' from command line to 'None'
[0.910s] Level 5:colcon.colcon_core.verb:set package 'my_fusion' build argument 'catkin_skip_building_tests' from command line to 'False'
[0.910s] DEBUG:colcon.colcon_core.verb:Building package 'my_fusion' with the following arguments: {'ament_cmake_args': None, 'build_base': '/home/pritismankar/ros2_ws/build/my_fusion', 'catkin_cmake_args': None, 'catkin_skip_building_tests': False, 'cmake_args': None, 'cmake_clean_cache': False, 'cmake_clean_first': False, 'cmake_force_configure': False, 'cmake_target': None, 'cmake_target_skip_unavailable': False, 'install_base': '/home/pritismankar/ros2_ws/install/my_fusion', 'merge_install': False, 'path': '/home/pritismankar/ros2_ws/src/my_fusion', 'symlink_install': False, 'test_result_base': None}
[0.911s] Level 5:colcon.colcon_core.verb:set package 'my_odometry' build argument 'cmake_args' from command line to 'None'
[0.911s] Level 5:colcon.colcon_core.verb:set package 'my_odometry' build argument 'cmake_target' from command line to 'None'
[0.911s] Level 5:colcon.colcon_core.verb:set package 'my_odometry' build argument 'cmake_target_skip_unavailable' from command line to 'False'
[0.911s] Level 5:colcon.colcon_core.verb:set package 'my_odometry' build argument 'cmake_clean_cache' from command line to 'False'
[0.911s] Level 5:colcon.colcon_core.verb:set package 'my_odometry' build argument 'cmake_clean_first' from command line to 'False'
[0.912s] Level 5:colcon.colcon_core.verb:set package 'my_odometry' build argument 'cmake_force_configure' from command line to 'False'
[0.912s] Level 5:colcon.colcon_core.verb:set package 'my_odometry' build argument 'ament_cmake_args' from command line to 'None'
[0.912s] Level 5:colcon.colcon_core.verb:set package 'my_odometry' build argument 'catkin_cmake_args' from command line to 'None'
[0.912s] Level 5:colcon.colcon_core.verb:set package 'my_odometry' build argument 'catkin_skip_building_tests' from command line to 'False'
[0.912s] DEBUG:colcon.colcon_core.verb:Building package 'my_odometry' with the following arguments: {'ament_cmake_args': None, 'build_base': '/home/pritismankar/ros2_ws/build/my_odometry', 'catkin_cmake_args': None, 'catkin_skip_building_tests': False, 'cmake_args': None, 'cmake_clean_cache': False, 'cmake_clean_first': False, 'cmake_force_configure': False, 'cmake_target': None, 'cmake_target_skip_unavailable': False, 'install_base': '/home/pritismankar/ros2_ws/install/my_odometry', 'merge_install': False, 'path': '/home/pritismankar/ros2_ws/src/my_odometry', 'symlink_install': False, 'test_result_base': None}
[0.913s] Level 5:colcon.colcon_core.verb:set package 'my_robot_description' build argument 'cmake_args' from command line to 'None'
[0.913s] Level 5:colcon.colcon_core.verb:set package 'my_robot_description' build argument 'cmake_target' from command line to 'None'
[0.914s] Level 5:colcon.colcon_core.verb:set package 'my_robot_description' build argument 'cmake_target_skip_unavailable' from command line to 'False'
[0.914s] Level 5:colcon.colcon_core.verb:set package 'my_robot_description' build argument 'cmake_clean_cache' from command line to 'False'
[0.914s] Level 5:colcon.colcon_core.verb:set package 'my_robot_description' build argument 'cmake_clean_first' from command line to 'False'
[0.914s] Level 5:colcon.colcon_core.verb:set package 'my_robot_description' build argument 'cmake_force_configure' from command line to 'False'
[0.914s] Level 5:colcon.colcon_core.verb:set package 'my_robot_description' build argument 'ament_cmake_args' from command line to 'None'
[0.914s] Level 5:colcon.colcon_core.verb:set package 'my_robot_description' build argument 'catkin_cmake_args' from command line to 'None'
[0.914s] Level 5:colcon.colcon_core.verb:set package 'my_robot_description' build argument 'catkin_skip_building_tests' from command line to 'False'
[0.914s] DEBUG:colcon.colcon_core.verb:Building package 'my_robot_description' with the following arguments: {'ament_cmake_args': None, 'build_base': '/home/pritismankar/ros2_ws/build/my_robot_description', 'catkin_cmake_args': None, 'catkin_skip_building_tests': False, 'cmake_args': None, 'cmake_clean_cache': False, 'cmake_clean_first': False, 'cmake_force_configure': False, 'cmake_target': None, 'cmake_target_skip_unavailable': False, 'install_base': '/home/pritismankar/ros2_ws/install/my_robot_description', 'merge_install': False, 'path': '/home/pritismankar/ros2_ws/src/my_robot_description', 'symlink_install': False, 'test_result_base': None}
[0.915s] Level 5:colcon.colcon_core.verb:set package 'my_simulation' build argument 'cmake_args' from command line to 'None'
[0.915s] Level 5:colcon.colcon_core.verb:set package 'my_simulation' build argument 'cmake_target' from command line to 'None'
[0.915s] Level 5:colcon.colcon_core.verb:set package 'my_simulation' build argument 'cmake_target_skip_unavailable' from command line to 'False'
[0.915s] Level 5:colcon.colcon_core.verb:set package 'my_simulation' build argument 'cmake_clean_cache' from command line to 'False'
[0.915s] Level 5:colcon.colcon_core.verb:set package 'my_simulation' build argument 'cmake_clean_first' from command line to 'False'
[0.915s] Level 5:colcon.colcon_core.verb:set package 'my_simulation' build argument 'cmake_force_configure' from command line to 'False'
[0.915s] Level 5:colcon.colcon_core.verb:set package 'my_simulation' build argument 'ament_cmake_args' from command line to 'None'
[0.915s] Level 5:colcon.colcon_core.verb:set package 'my_simulation' build argument 'catkin_cmake_args' from command line to 'None'
[0.915s] Level 5:colcon.colcon_core.verb:set package 'my_simulation' build argument 'catkin_skip_building_tests' from command line to 'False'
[0.915s] DEBUG:colcon.colcon_core.verb:Building package 'my_simulation' with the following arguments: {'ament_cmake_args': None, 'build_base': '/home/pritismankar/ros2_ws/build/my_simulation', 'catkin_cmake_args': None, 'catkin_skip_building_tests': False, 'cmake_args': None, 'cmake_clean_cache': False, 'cmake_clean_first': False, 'cmake_force_configure': False, 'cmake_target': None, 'cmake_target_skip_unavailable': False, 'install_base': '/home/pritismankar/ros2_ws/install/my_simulation', 'merge_install': False, 'path': '/home/pritismankar/ros2_ws/src/my_simulation', 'symlink_install': False, 'test_result_base': None}
[0.916s] Level 5:colcon.colcon_core.verb:set package 'my_slam' build argument 'cmake_args' from command line to 'None'
[0.916s] Level 5:colcon.colcon_core.verb:set package 'my_slam' build argument 'cmake_target' from command line to 'None'
[0.916s] Level 5:colcon.colcon_core.verb:set package 'my_slam' build argument 'cmake_target_skip_unavailable' from command line to 'False'
[0.916s] Level 5:colcon.colcon_core.verb:set package 'my_slam' build argument 'cmake_clean_cache' from command line to 'False'
[0.916s] Level 5:colcon.colcon_core.verb:set package 'my_slam' build argument 'cmake_clean_first' from command line to 'False'
[0.916s] Level 5:colcon.colcon_core.verb:set package 'my_slam' build argument 'cmake_force_configure' from command line to 'False'
[0.916s] Level 5:colcon.colcon_core.verb:set package 'my_slam' build argument 'ament_cmake_args' from command line to 'None'
[0.916s] Level 5:colcon.colcon_core.verb:set package 'my_slam' build argument 'catkin_cmake_args' from command line to 'None'
[0.916s] Level 5:colcon.colcon_core.verb:set package 'my_slam' build argument 'catkin_skip_building_tests' from command line to 'False'
[0.916s] DEBUG:colcon.colcon_core.verb:Building package 'my_slam' with the following arguments: {'ament_cmake_args': None, 'build_base': '/home/pritismankar/ros2_ws/build/my_slam', 'catkin_cmake_args': None, 'catkin_skip_building_tests': False, 'cmake_args': None, 'cmake_clean_cache': False, 'cmake_clean_first': False, 'cmake_force_configure': False, 'cmake_target': None, 'cmake_target_skip_unavailable': False, 'install_base': '/home/pritismankar/ros2_ws/install/my_slam', 'merge_install': False, 'path': '/home/pritismankar/ros2_ws/src/my_slam', 'symlink_install': False, 'test_result_base': None}
[0.916s] INFO:colcon.colcon_core.executor:Executing jobs using 'parallel' executor
[0.919s] DEBUG:colcon.colcon_parallel_executor.executor.parallel:run_until_complete
[0.920s] INFO:colcon.colcon_ros.task.ament_python.build:Building ROS package in '/home/pritismankar/ros2_ws/src/my_fusion' with build type 'ament_python'
[0.920s] Level 1:colcon.colcon_core.shell:create_environment_hook('my_fusion', 'ament_prefix_path')
[0.924s] INFO:colcon.colcon_core.plugin_system:Skipping extension 'colcon_core.shell.bat': Not used on non-Windows systems
[0.924s] INFO:colcon.colcon_core.shell:Creating environment hook '/home/pritismankar/ros2_ws/install/my_fusion/share/my_fusion/hook/ament_prefix_path.ps1'
[0.925s] INFO:colcon.colcon_core.shell:Creating environment descriptor '/home/pritismankar/ros2_ws/install/my_fusion/share/my_fusion/hook/ament_prefix_path.dsv'
[0.928s] INFO:colcon.colcon_core.shell:Creating environment hook '/home/pritismankar/ros2_ws/install/my_fusion/share/my_fusion/hook/ament_prefix_path.sh'
[0.930s] INFO:colcon.colcon_core.shell:Skip shell extension 'powershell' for command environment: Not usable outside of PowerShell
[0.930s] DEBUG:colcon.colcon_core.shell:Skip shell extension 'dsv' for command environment
[0.933s] DEBUG:colcon.colcon_core.shell:Ignoring prefix path '/home/pritismankar/catkin_ws/devel'
[0.945s] INFO:colcon.colcon_ros.task.ament_python.build:Building ROS package in '/home/pritismankar/ros2_ws/src/my_odometry' with build type 'ament_python'
[0.946s] Level 1:colcon.colcon_core.shell:create_environment_hook('my_odometry', 'ament_prefix_path')
[0.947s] INFO:colcon.colcon_core.shell:Creating environment hook '/home/pritismankar/ros2_ws/install/my_odometry/share/my_odometry/hook/ament_prefix_path.ps1'
[0.954s] INFO:colcon.colcon_core.shell:Creating environment descriptor '/home/pritismankar/ros2_ws/install/my_odometry/share/my_odometry/hook/ament_prefix_path.dsv'
[0.956s] INFO:colcon.colcon_core.shell:Creating environment hook '/home/pritismankar/ros2_ws/install/my_odometry/share/my_odometry/hook/ament_prefix_path.sh'
[0.962s] INFO:colcon.colcon_core.shell:Skip shell extension 'powershell' for command environment: Not usable outside of PowerShell
[0.962s] DEBUG:colcon.colcon_core.shell:Skip shell extension 'dsv' for command environment
[0.966s] DEBUG:colcon.colcon_core.shell:Ignoring prefix path '/home/pritismankar/catkin_ws/devel'
[0.974s] INFO:colcon.colcon_ros.task.ament_python.build:Building ROS package in '/home/pritismankar/ros2_ws/src/my_robot_description' with build type 'ament_python'
[0.974s] Level 1:colcon.colcon_core.shell:create_environment_hook('my_robot_description', 'ament_prefix_path')
[0.975s] INFO:colcon.colcon_core.shell:Creating environment hook '/home/pritismankar/ros2_ws/install/my_robot_description/share/my_robot_description/hook/ament_prefix_path.ps1'
[0.978s] INFO:colcon.colcon_core.shell:Creating environment descriptor '/home/pritismankar/ros2_ws/install/my_robot_description/share/my_robot_description/hook/ament_prefix_path.dsv'
[0.986s] INFO:colcon.colcon_core.shell:Creating environment hook '/home/pritismankar/ros2_ws/install/my_robot_description/share/my_robot_description/hook/ament_prefix_path.sh'
[0.999s] INFO:colcon.colcon_core.shell:Skip shell extension 'powershell' for command environment: Not usable outside of PowerShell
[1.004s] DEBUG:colcon.colcon_core.shell:Skip shell extension 'dsv' for command environment
[1.014s] DEBUG:colcon.colcon_core.shell:Ignoring prefix path '/home/pritismankar/catkin_ws/devel'
[1.019s] INFO:colcon.colcon_ros.task.ament_python.build:Building ROS package in '/home/pritismankar/ros2_ws/src/my_simulation' with build type 'ament_python'
[1.020s] Level 1:colcon.colcon_core.shell:create_environment_hook('my_simulation', 'ament_prefix_path')
[1.020s] INFO:colcon.colcon_core.shell:Creating environment hook '/home/pritismankar/ros2_ws/install/my_simulation/share/my_simulation/hook/ament_prefix_path.ps1'
[1.022s] INFO:colcon.colcon_core.shell:Creating environment descriptor '/home/pritismankar/ros2_ws/install/my_simulation/share/my_simulation/hook/ament_prefix_path.dsv'
[1.023s] INFO:colcon.colcon_core.shell:Creating environment hook '/home/pritismankar/ros2_ws/install/my_simulation/share/my_simulation/hook/ament_prefix_path.sh'
[1.026s] INFO:colcon.colcon_core.shell:Skip shell extension 'powershell' for command environment: Not usable outside of PowerShell
[1.026s] DEBUG:colcon.colcon_core.shell:Skip shell extension 'dsv' for command environment
[1.038s] DEBUG:colcon.colcon_core.shell:Ignoring prefix path '/home/pritismankar/catkin_ws/devel'
[1.368s] INFO:colcon.colcon_core.task.python.build:Building Python package in '/home/pritismankar/ros2_ws/src/my_fusion'
[1.369s] INFO:colcon.colcon_core.shell:Skip shell extension 'powershell' for command environment: Not usable outside of PowerShell
[1.369s] DEBUG:colcon.colcon_core.shell:Skip shell extension 'dsv' for command environment
[1.371s] DEBUG:colcon.colcon_core.shell:Ignoring prefix path '/home/pritismankar/catkin_ws/devel'
[1.539s] INFO:colcon.colcon_core.task.python.build:Building Python package in '/home/pritismankar/ros2_ws/src/my_odometry'
[1.539s] INFO:colcon.colcon_core.shell:Skip shell extension 'powershell' for command environment: Not usable outside of PowerShell
[1.539s] DEBUG:colcon.colcon_core.shell:Skip shell extension 'dsv' for command environment
[1.541s] DEBUG:colcon.colcon_core.shell:Ignoring prefix path '/home/pritismankar/catkin_ws/devel'
[1.764s] INFO:colcon.colcon_core.task.python.build:Building Python package in '/home/pritismankar/ros2_ws/src/my_robot_description'
[1.765s] INFO:colcon.colcon_core.shell:Skip shell extension 'powershell' for command environment: Not usable outside of PowerShell
[1.765s] DEBUG:colcon.colcon_core.shell:Skip shell extension 'dsv' for command environment
[1.767s] DEBUG:colcon.colcon_core.shell:Ignoring prefix path '/home/pritismankar/catkin_ws/devel'
[1.955s] INFO:colcon.colcon_core.task.python.build:Building Python package in '/home/pritismankar/ros2_ws/src/my_simulation'
[1.955s] INFO:colcon.colcon_core.shell:Skip shell extension 'powershell' for command environment: Not usable outside of PowerShell
[1.955s] DEBUG:colcon.colcon_core.shell:Skip shell extension 'dsv' for command environment
[1.960s] DEBUG:colcon.colcon_core.shell:Ignoring prefix path '/home/pritismankar/catkin_ws/devel'
[2.398s] DEBUG:colcon.colcon_core.event_handler.log_command:Invoking command in '/home/pritismankar/ros2_ws/src/my_robot_description': PYTHONPATH=/home/pritismankar/ros2_ws/build/my_robot_description/prefix_override:/usr/lib/python3/dist-packages/colcon_core/task/python/colcon_distutils_commands:/home/pritismankar/ros2_ws/install/my_robot_description/lib/python3.8/site-packages:${PYTHONPATH} /usr/bin/python3 -W ignore:setup.py install is deprecated -W ignore:easy_install command is deprecated setup.py egg_info --egg-base ../../build/my_robot_description build --build-base /home/pritismankar/ros2_ws/build/my_robot_description/build install --record /home/pritismankar/ros2_ws/build/my_robot_description/install.log --install-scripts $base/lib/my_robot_description --single-version-externally-managed install_data
[2.481s] DEBUG:colcon.colcon_core.event_handler.log_command:Invoking command in '/home/pritismankar/ros2_ws/src/my_simulation': PYTHONPATH=/home/pritismankar/ros2_ws/build/my_simulation/prefix_override:/usr/lib/python3/dist-packages/colcon_core/task/python/colcon_distutils_commands:/home/pritismankar/ros2_ws/install/my_simulation/lib/python3.8/site-packages:${PYTHONPATH} /usr/bin/python3 -W ignore:setup.py install is deprecated -W ignore:easy_install command is deprecated setup.py egg_info --egg-base ../../build/my_simulation build --build-base /home/pritismankar/ros2_ws/build/my_simulation/build install --record /home/pritismankar/ros2_ws/build/my_simulation/install.log --install-scripts $base/lib/my_simulation --single-version-externally-managed install_data
[2.524s] DEBUG:colcon.colcon_core.event_handler.log_command:Invoking command in '/home/pritismankar/ros2_ws/src/my_odometry': PYTHONPATH=/home/pritismankar/ros2_ws/build/my_odometry/prefix_override:/usr/lib/python3/dist-packages/colcon_core/task/python/colcon_distutils_commands:/home/pritismankar/ros2_ws/install/my_odometry/lib/python3.8/site-packages:${PYTHONPATH} /usr/bin/python3 -W ignore:setup.py install is deprecated -W ignore:easy_install command is deprecated setup.py egg_info --egg-base ../../build/my_odometry build --build-base /home/pritismankar/ros2_ws/build/my_odometry/build install --record /home/pritismankar/ros2_ws/build/my_odometry/install.log --install-scripts $base/lib/my_odometry --single-version-externally-managed install_data
[2.598s] DEBUG:colcon.colcon_core.event_handler.log_command:Invoking command in '/home/pritismankar/ros2_ws/src/my_fusion': PYTHONPATH=/home/pritismankar/ros2_ws/build/my_fusion/prefix_override:/usr/lib/python3/dist-packages/colcon_core/task/python/colcon_distutils_commands:/home/pritismankar/ros2_ws/install/my_fusion/lib/python3.8/site-packages:${PYTHONPATH} /usr/bin/python3 -W ignore:setup.py install is deprecated -W ignore:easy_install command is deprecated setup.py egg_info --egg-base ../../build/my_fusion build --build-base /home/pritismankar/ros2_ws/build/my_fusion/build install --record /home/pritismankar/ros2_ws/build/my_fusion/install.log --install-scripts $base/lib/my_fusion --single-version-externally-managed install_data
[2.720s] DEBUG:colcon.colcon_core.event_handler.log_command:Invoked command in '/home/pritismankar/ros2_ws/src/my_robot_description' returned '0': PYTHONPATH=/home/pritismankar/ros2_ws/build/my_robot_description/prefix_override:/usr/lib/python3/dist-packages/colcon_core/task/python/colcon_distutils_commands:/home/pritismankar/ros2_ws/install/my_robot_description/lib/python3.8/site-packages:${PYTHONPATH} /usr/bin/python3 -W ignore:setup.py install is deprecated -W ignore:easy_install command is deprecated setup.py egg_info --egg-base ../../build/my_robot_description build --build-base /home/pritismankar/ros2_ws/build/my_robot_description/build install --record /home/pritismankar/ros2_ws/build/my_robot_description/install.log --install-scripts $base/lib/my_robot_description --single-version-externally-managed install_data
[2.722s] Level 1:colcon.colcon_core.environment:checking '/home/pritismankar/ros2_ws/install/my_robot_description' for CMake module files
[2.723s] Level 1:colcon.colcon_core.environment:checking '/home/pritismankar/ros2_ws/install/my_robot_description' for CMake config files
[2.724s] Level 1:colcon.colcon_core.environment:checking '/home/pritismankar/ros2_ws/install/my_robot_description/lib'
[2.724s] Level 1:colcon.colcon_core.environment:checking '/home/pritismankar/ros2_ws/install/my_robot_description/bin'
[2.724s] Level 1:colcon.colcon_core.environment:checking '/home/pritismankar/ros2_ws/install/my_robot_description/lib/pkgconfig/my_robot_description.pc'
[2.724s] Level 1:colcon.colcon_core.environment:checking '/home/pritismankar/ros2_ws/install/my_robot_description/lib/python3.8/site-packages'
[2.724s] Level 1:colcon.colcon_core.shell:create_environment_hook('my_robot_description', 'pythonpath')
[2.725s] INFO:colcon.colcon_core.shell:Creating environment hook '/home/pritismankar/ros2_ws/install/my_robot_description/share/my_robot_description/hook/pythonpath.ps1'
[2.726s] INFO:colcon.colcon_core.shell:Creating environment descriptor '/home/pritismankar/ros2_ws/install/my_robot_description/share/my_robot_description/hook/pythonpath.dsv'
[2.727s] INFO:colcon.colcon_core.shell:Creating environment hook '/home/pritismankar/ros2_ws/install/my_robot_description/share/my_robot_description/hook/pythonpath.sh'
[2.729s] Level 1:colcon.colcon_core.environment:checking '/home/pritismankar/ros2_ws/install/my_robot_description/bin'
[2.729s] Level 1:colcon.colcon_core.environment:create_environment_scripts_only(my_robot_description)
[2.730s] INFO:colcon.colcon_core.shell:Creating package script '/home/pritismankar/ros2_ws/install/my_robot_description/share/my_robot_description/package.ps1'
[2.731s] INFO:colcon.colcon_core.shell:Creating package descriptor '/home/pritismankar/ros2_ws/install/my_robot_description/share/my_robot_description/package.dsv'
[2.733s] INFO:colcon.colcon_core.shell:Creating package script '/home/pritismankar/ros2_ws/install/my_robot_description/share/my_robot_description/package.sh'
[2.736s] INFO:colcon.colcon_core.shell:Creating package script '/home/pritismankar/ros2_ws/install/my_robot_description/share/my_robot_description/package.bash'
[2.742s] INFO:colcon.colcon_core.shell:Creating package script '/home/pritismankar/ros2_ws/install/my_robot_description/share/my_robot_description/package.zsh'
[2.743s] Level 1:colcon.colcon_core.environment:create_file_with_runtime_dependencies(/home/pritismankar/ros2_ws/install/my_robot_description/share/colcon-core/packages/my_robot_description)
[2.746s] INFO:colcon.colcon_ros.task.ament_python.build:Building ROS package in '/home/pritismankar/ros2_ws/src/my_slam' with build type 'ament_python'
[2.746s] Level 1:colcon.colcon_core.shell:create_environment_hook('my_slam', 'ament_prefix_path')
[2.746s] INFO:colcon.colcon_core.shell:Creating environment hook '/home/pritismankar/ros2_ws/install/my_slam/share/my_slam/hook/ament_prefix_path.ps1'
[2.747s] INFO:colcon.colcon_core.shell:Creating environment descriptor '/home/pritismankar/ros2_ws/install/my_slam/share/my_slam/hook/ament_prefix_path.dsv'
[2.748s] INFO:colcon.colcon_core.shell:Creating environment hook '/home/pritismankar/ros2_ws/install/my_slam/share/my_slam/hook/ament_prefix_path.sh'
[2.749s] INFO:colcon.colcon_core.shell:Skip shell extension 'powershell' for command environment: Not usable outside of PowerShell
[2.749s] DEBUG:colcon.colcon_core.shell:Skip shell extension 'dsv' for command environment
[2.750s] DEBUG:colcon.colcon_core.shell:Ignoring prefix path '/home/pritismankar/catkin_ws/devel'
[3.162s] INFO:colcon.colcon_core.task.python.build:Building Python package in '/home/pritismankar/ros2_ws/src/my_slam'
[3.163s] INFO:colcon.colcon_core.shell:Skip shell extension 'powershell' for command environment: Not usable outside of PowerShell
[3.163s] DEBUG:colcon.colcon_core.shell:Skip shell extension 'dsv' for command environment
[3.169s] DEBUG:colcon.colcon_core.shell:Ignoring prefix path '/home/pritismankar/catkin_ws/devel'
[3.178s] Level 1:colcon.colcon_core.environment:checking '/home/pritismankar/ros2_ws/install/my_simulation' for CMake module files
[3.179s] DEBUG:colcon.colcon_core.event_handler.log_command:Invoked command in '/home/pritismankar/ros2_ws/src/my_simulation' returned '0': PYTHONPATH=/home/pritismankar/ros2_ws/build/my_simulation/prefix_override:/usr/lib/python3/dist-packages/colcon_core/task/python/colcon_distutils_commands:/home/pritismankar/ros2_ws/install/my_simulation/lib/python3.8/site-packages:${PYTHONPATH} /usr/bin/python3 -W ignore:setup.py install is deprecated -W ignore:easy_install command is deprecated setup.py egg_info --egg-base ../../build/my_simulation build --build-base /home/pritismankar/ros2_ws/build/my_simulation/build install --record /home/pritismankar/ros2_ws/build/my_simulation/install.log --install-scripts $base/lib/my_simulation --single-version-externally-managed install_data
[3.180s] Level 1:colcon.colcon_core.environment:checking '/home/pritismankar/ros2_ws/install/my_simulation' for CMake config files
[3.182s] Level 1:colcon.colcon_core.environment:checking '/home/pritismankar/ros2_ws/install/my_simulation/lib'
[3.182s] Level 1:colcon.colcon_core.environment:checking '/home/pritismankar/ros2_ws/install/my_simulation/bin'
[3.182s] Level 1:colcon.colcon_core.environment:checking '/home/pritismankar/ros2_ws/install/my_simulation/lib/pkgconfig/my_simulation.pc'
[3.182s] Level 1:colcon.colcon_core.environment:checking '/home/pritismankar/ros2_ws/install/my_simulation/lib/python3.8/site-packages'
[3.182s] Level 1:colcon.colcon_core.shell:create_environment_hook('my_simulation', 'pythonpath')
[3.183s] INFO:colcon.colcon_core.shell:Creating environment hook '/home/pritismankar/ros2_ws/install/my_simulation/share/my_simulation/hook/pythonpath.ps1'
[3.185s] INFO:colcon.colcon_core.shell:Creating environment descriptor '/home/pritismankar/ros2_ws/install/my_simulation/share/my_simulation/hook/pythonpath.dsv'
[3.186s] INFO:colcon.colcon_core.shell:Creating environment hook '/home/pritismankar/ros2_ws/install/my_simulation/share/my_simulation/hook/pythonpath.sh'
[3.188s] Level 1:colcon.colcon_core.environment:checking '/home/pritismankar/ros2_ws/install/my_simulation/bin'
[3.188s] Level 1:colcon.colcon_core.environment:create_environment_scripts_only(my_simulation)
[3.188s] INFO:colcon.colcon_core.shell:Creating package script '/home/pritismankar/ros2_ws/install/my_simulation/share/my_simulation/package.ps1'
[3.190s] INFO:colcon.colcon_core.shell:Creating package descriptor '/home/pritismankar/ros2_ws/install/my_simulation/share/my_simulation/package.dsv'
[3.192s] INFO:colcon.colcon_core.shell:Creating package script '/home/pritismankar/ros2_ws/install/my_simulation/share/my_simulation/package.sh'
[3.192s] INFO:colcon.colcon_core.shell:Creating package script '/home/pritismankar/ros2_ws/install/my_simulation/share/my_simulation/package.bash'
[3.193s] INFO:colcon.colcon_core.shell:Creating package script '/home/pritismankar/ros2_ws/install/my_simulation/share/my_simulation/package.zsh'
[3.194s] Level 1:colcon.colcon_core.environment:create_file_with_runtime_dependencies(/home/pritismankar/ros2_ws/install/my_simulation/share/colcon-core/packages/my_simulation)
[3.195s] Level 1:colcon.colcon_core.environment:checking '/home/pritismankar/ros2_ws/install/my_fusion' for CMake module files
[3.196s] Level 1:colcon.colcon_core.environment:checking '/home/pritismankar/ros2_ws/install/my_fusion' for CMake config files
[3.197s] DEBUG:colcon.colcon_core.event_handler.log_command:Invoked command in '/home/pritismankar/ros2_ws/src/my_fusion' returned '0': PYTHONPATH=/home/pritismankar/ros2_ws/build/my_fusion/prefix_override:/usr/lib/python3/dist-packages/colcon_core/task/python/colcon_distutils_commands:/home/pritismankar/ros2_ws/install/my_fusion/lib/python3.8/site-packages:${PYTHONPATH} /usr/bin/python3 -W ignore:setup.py install is deprecated -W ignore:easy_install command is deprecated setup.py egg_info --egg-base ../../build/my_fusion build --build-base /home/pritismankar/ros2_ws/build/my_fusion/build install --record /home/pritismankar/ros2_ws/build/my_fusion/install.log --install-scripts $base/lib/my_fusion --single-version-externally-managed install_data
[3.198s] Level 1:colcon.colcon_core.environment:checking '/home/pritismankar/ros2_ws/install/my_fusion/lib'
[3.198s] Level 1:colcon.colcon_core.environment:checking '/home/pritismankar/ros2_ws/install/my_fusion/bin'
[3.198s] Level 1:colcon.colcon_core.environment:checking '/home/pritismankar/ros2_ws/install/my_fusion/lib/pkgconfig/my_fusion.pc'
[3.198s] Level 1:colcon.colcon_core.environment:checking '/home/pritismankar/ros2_ws/install/my_fusion/lib/python3.8/site-packages'
[3.198s] Level 1:colcon.colcon_core.shell:create_environment_hook('my_fusion', 'pythonpath')
[3.199s] INFO:colcon.colcon_core.shell:Creating environment hook '/home/pritismankar/ros2_ws/install/my_fusion/share/my_fusion/hook/pythonpath.ps1'
[3.200s] INFO:colcon.colcon_core.shell:Creating environment descriptor '/home/pritismankar/ros2_ws/install/my_fusion/share/my_fusion/hook/pythonpath.dsv'
[3.201s] INFO:colcon.colcon_core.shell:Creating environment hook '/home/pritismankar/ros2_ws/install/my_fusion/share/my_fusion/hook/pythonpath.sh'
[3.203s] Level 1:colcon.colcon_core.environment:checking '/home/pritismankar/ros2_ws/install/my_fusion/bin'
[3.203s] Level 1:colcon.colcon_core.environment:create_environment_scripts_only(my_fusion)
[3.204s] INFO:colcon.colcon_core.shell:Creating package script '/home/pritismankar/ros2_ws/install/my_fusion/share/my_fusion/package.ps1'
[3.205s] INFO:colcon.colcon_core.shell:Creating package descriptor '/home/pritismankar/ros2_ws/install/my_fusion/share/my_fusion/package.dsv'
[3.206s] INFO:colcon.colcon_core.shell:Creating package script '/home/pritismankar/ros2_ws/install/my_fusion/share/my_fusion/package.sh'
[3.207s] INFO:colcon.colcon_core.shell:Creating package script '/home/pritismankar/ros2_ws/install/my_fusion/share/my_fusion/package.bash'
[3.207s] INFO:colcon.colcon_core.shell:Creating package script '/home/pritismankar/ros2_ws/install/my_fusion/share/my_fusion/package.zsh'
[3.208s] Level 1:colcon.colcon_core.environment:create_file_with_runtime_dependencies(/home/pritismankar/ros2_ws/install/my_fusion/share/colcon-core/packages/my_fusion)
[3.209s] Level 1:colcon.colcon_core.environment:checking '/home/pritismankar/ros2_ws/install/my_odometry' for CMake module files
[3.210s] Level 1:colcon.colcon_core.environment:checking '/home/pritismankar/ros2_ws/install/my_odometry' for CMake config files
[3.212s] DEBUG:colcon.colcon_core.event_handler.log_command:Invoked command in '/home/pritismankar/ros2_ws/src/my_odometry' returned '0': PYTHONPATH=/home/pritismankar/ros2_ws/build/my_odometry/prefix_override:/usr/lib/python3/dist-packages/colcon_core/task/python/colcon_distutils_commands:/home/pritismankar/ros2_ws/install/my_odometry/lib/python3.8/site-packages:${PYTHONPATH} /usr/bin/python3 -W ignore:setup.py install is deprecated -W ignore:easy_install command is deprecated setup.py egg_info --egg-base ../../build/my_odometry build --build-base /home/pritismankar/ros2_ws/build/my_odometry/build install --record /home/pritismankar/ros2_ws/build/my_odometry/install.log --install-scripts $base/lib/my_odometry --single-version-externally-managed install_data
[3.212s] Level 1:colcon.colcon_core.environment:checking '/home/pritismankar/ros2_ws/install/my_odometry/lib'
[3.212s] Level 1:colcon.colcon_core.environment:checking '/home/pritismankar/ros2_ws/install/my_odometry/bin'
[3.212s] Level 1:colcon.colcon_core.environment:checking '/home/pritismankar/ros2_ws/install/my_odometry/lib/pkgconfig/my_odometry.pc'
[3.213s] Level 1:colcon.colcon_core.environment:checking '/home/pritismankar/ros2_ws/install/my_odometry/lib/python3.8/site-packages'
[3.213s] Level 1:colcon.colcon_core.shell:create_environment_hook('my_odometry', 'pythonpath')
[3.213s] INFO:colcon.colcon_core.shell:Creating environment hook '/home/pritismankar/ros2_ws/install/my_odometry/share/my_odometry/hook/pythonpath.ps1'
[3.214s] INFO:colcon.colcon_core.shell:Creating environment descriptor '/home/pritismankar/ros2_ws/install/my_odometry/share/my_odometry/hook/pythonpath.dsv'
[3.214s] INFO:colcon.colcon_core.shell:Creating environment hook '/home/pritismankar/ros2_ws/install/my_odometry/share/my_odometry/hook/pythonpath.sh'
[3.215s] Level 1:colcon.colcon_core.environment:checking '/home/pritismankar/ros2_ws/install/my_odometry/bin'
[3.215s] Level 1:colcon.colcon_core.environment:create_environment_scripts_only(my_odometry)
[3.216s] INFO:colcon.colcon_core.shell:Creating package script '/home/pritismankar/ros2_ws/install/my_odometry/share/my_odometry/package.ps1'
[3.216s] INFO:colcon.colcon_core.shell:Creating package descriptor '/home/pritismankar/ros2_ws/install/my_odometry/share/my_odometry/package.dsv'
[3.217s] INFO:colcon.colcon_core.shell:Creating package script '/home/pritismankar/ros2_ws/install/my_odometry/share/my_odometry/package.sh'
[3.218s] INFO:colcon.colcon_core.shell:Creating package script '/home/pritismankar/ros2_ws/install/my_odometry/share/my_odometry/package.bash'
[3.223s] INFO:colcon.colcon_core.shell:Creating package script '/home/pritismankar/ros2_ws/install/my_odometry/share/my_odometry/package.zsh'
[3.225s] Level 1:colcon.colcon_core.environment:create_file_with_runtime_dependencies(/home/pritismankar/ros2_ws/install/my_odometry/share/colcon-core/packages/my_odometry)
[3.811s] DEBUG:colcon.colcon_core.event_handler.log_command:Invoking command in '/home/pritismankar/ros2_ws/src/my_slam': PYTHONPATH=/home/pritismankar/ros2_ws/build/my_slam/prefix_override:/usr/lib/python3/dist-packages/colcon_core/task/python/colcon_distutils_commands:/home/pritismankar/ros2_ws/install/my_slam/lib/python3.8/site-packages:${PYTHONPATH} /usr/bin/python3 -W ignore:setup.py install is deprecated -W ignore:easy_install command is deprecated setup.py egg_info --egg-base ../../build/my_slam build --build-base /home/pritismankar/ros2_ws/build/my_slam/build install --record /home/pritismankar/ros2_ws/build/my_slam/install.log --install-scripts $base/lib/my_slam --single-version-externally-managed install_data
[4.194s] Level 1:colcon.colcon_core.environment:checking '/home/pritismankar/ros2_ws/install/my_slam' for CMake module files
[4.197s] DEBUG:colcon.colcon_core.event_handler.log_command:Invoked command in '/home/pritismankar/ros2_ws/src/my_slam' returned '0': PYTHONPATH=/home/pritismankar/ros2_ws/build/my_slam/prefix_override:/usr/lib/python3/dist-packages/colcon_core/task/python/colcon_distutils_commands:/home/pritismankar/ros2_ws/install/my_slam/lib/python3.8/site-packages:${PYTHONPATH} /usr/bin/python3 -W ignore:setup.py install is deprecated -W ignore:easy_install command is deprecated setup.py egg_info --egg-base ../../build/my_slam build --build-base /home/pritismankar/ros2_ws/build/my_slam/build install --record /home/pritismankar/ros2_ws/build/my_slam/install.log --install-scripts $base/lib/my_slam --single-version-externally-managed install_data
[4.197s] Level 1:colcon.colcon_core.environment:checking '/home/pritismankar/ros2_ws/install/my_slam' for CMake config files
[4.198s] Level 1:colcon.colcon_core.environment:checking '/home/pritismankar/ros2_ws/install/my_slam/lib'
[4.198s] Level 1:colcon.colcon_core.environment:checking '/home/pritismankar/ros2_ws/install/my_slam/bin'
[4.198s] Level 1:colcon.colcon_core.environment:checking '/home/pritismankar/ros2_ws/install/my_slam/lib/pkgconfig/my_slam.pc'
[4.198s] Level 1:colcon.colcon_core.environment:checking '/home/pritismankar/ros2_ws/install/my_slam/lib/python3.8/site-packages'
[4.198s] Level 1:colcon.colcon_core.shell:create_environment_hook('my_slam', 'pythonpath')
[4.198s] INFO:colcon.colcon_core.shell:Creating environment hook '/home/pritismankar/ros2_ws/install/my_slam/share/my_slam/hook/pythonpath.ps1'
[4.199s] INFO:colcon.colcon_core.shell:Creating environment descriptor '/home/pritismankar/ros2_ws/install/my_slam/share/my_slam/hook/pythonpath.dsv'
[4.199s] INFO:colcon.colcon_core.shell:Creating environment hook '/home/pritismankar/ros2_ws/install/my_slam/share/my_slam/hook/pythonpath.sh'
[4.200s] Level 1:colcon.colcon_core.environment:checking '/home/pritismankar/ros2_ws/install/my_slam/bin'
[4.200s] Level 1:colcon.colcon_core.environment:create_environment_scripts_only(my_slam)
[4.201s] INFO:colcon.colcon_core.shell:Creating package script '/home/pritismankar/ros2_ws/install/my_slam/share/my_slam/package.ps1'
[4.201s] INFO:colcon.colcon_core.shell:Creating package descriptor '/home/pritismankar/ros2_ws/install/my_slam/share/my_slam/package.dsv'
[4.202s] INFO:colcon.colcon_core.shell:Creating package script '/home/pritismankar/ros2_ws/install/my_slam/share/my_slam/package.sh'
[4.202s] INFO:colcon.colcon_core.shell:Creating package script '/home/pritismankar/ros2_ws/install/my_slam/share/my_slam/package.bash'
[4.203s] INFO:colcon.colcon_core.shell:Creating package script '/home/pritismankar/ros2_ws/install/my_slam/share/my_slam/package.zsh'
[4.204s] Level 1:colcon.colcon_core.environment:create_file_with_runtime_dependencies(/home/pritismankar/ros2_ws/install/my_slam/share/colcon-core/packages/my_slam)
[4.204s] DEBUG:colcon.colcon_parallel_executor.executor.parallel:closing loop
[4.205s] DEBUG:colcon.colcon_parallel_executor.executor.parallel:loop closed
[4.205s] DEBUG:colcon.colcon_parallel_executor.executor.parallel:run_until_complete finished with '0'
[4.205s] DEBUG:colcon.colcon_core.event_reactor:joining thread
[4.215s] INFO:colcon.colcon_core.plugin_system:Skipping extension 'colcon_notification.desktop_notification.terminal_notifier': Not used on non-Darwin systems
[4.215s] INFO:colcon.colcon_core.plugin_system:Skipping extension 'colcon_notification.desktop_notification.win32': Not used on non-Windows systems
[4.215s] INFO:colcon.colcon_notification.desktop_notification:Sending desktop notification using 'notify2'
[4.237s] DEBUG:colcon.colcon_core.event_reactor:joined thread
[4.238s] INFO:colcon.colcon_core.shell:Creating prefix script '/home/pritismankar/ros2_ws/install/local_setup.ps1'
[4.239s] INFO:colcon.colcon_core.shell:Creating prefix util module '/home/pritismankar/ros2_ws/install/_local_setup_util_ps1.py'
[4.240s] INFO:colcon.colcon_core.shell:Creating prefix chain script '/home/pritismankar/ros2_ws/install/setup.ps1'
[4.242s] INFO:colcon.colcon_core.shell:Creating prefix script '/home/pritismankar/ros2_ws/install/local_setup.sh'
[4.244s] INFO:colcon.colcon_core.shell:Creating prefix util module '/home/pritismankar/ros2_ws/install/_local_setup_util_sh.py'
[4.245s] INFO:colcon.colcon_core.shell:Creating prefix chain script '/home/pritismankar/ros2_ws/install/setup.sh'
[4.256s] INFO:colcon.colcon_core.shell:Creating prefix script '/home/pritismankar/ros2_ws/install/local_setup.bash'
[4.259s] INFO:colcon.colcon_core.shell:Creating prefix chain script '/home/pritismankar/ros2_ws/install/setup.bash'
[4.262s] INFO:colcon.colcon_core.shell:Creating prefix script '/home/pritismankar/ros2_ws/install/local_setup.zsh'
[4.263s] INFO:colcon.colcon_core.shell:Creating prefix chain script '/home/pritismankar/ros2_ws/install/setup.zsh'
