running develop
running egg_info
creating my_fusion.egg-info
writing my_fusion.egg-info/PKG-INFO
writing dependency_links to my_fusion.egg-info/dependency_links.txt
writing entry points to my_fusion.egg-info/entry_points.txt
writing top-level names to my_fusion.egg-info/top_level.txt
writing manifest file 'my_fusion.egg-info/SOURCES.txt'
reading manifest file 'my_fusion.egg-info/SOURCES.txt'
writing manifest file 'my_fusion.egg-info/SOURCES.txt'
running build_ext
Creating /home/pritismankar/ros2_ws/install/my_fusion/lib/python3.8/site-packages/site.py
Creating /home/pritismankar/ros2_ws/install/my_fusion/lib/python3.8/site-packages/my-fusion.egg-link (link to .)
Installing ekf_fusion script to /home/pritismankar/ros2_ws/install/my_fusion/lib/my_fusion

Installed /home/pritismankar/ros2_ws/build/my_fusion
running symlink_data
creating /home/pritismankar/ros2_ws/install/my_fusion/share/ament_index
creating /home/pritismankar/ros2_ws/install/my_fusion/share/ament_index/resource_index
creating /home/pritismankar/ros2_ws/install/my_fusion/share/ament_index/resource_index/packages
symbolically linking /home/pritismankar/ros2_ws/build/my_fusion/resource/my_fusion -> /home/pritismankar/ros2_ws/install/my_fusion/share/ament_index/resource_index/packages
symbolically linking /home/pritismankar/ros2_ws/build/my_fusion/package.xml -> /home/pritismankar/ros2_ws/install/my_fusion/share/my_fusion
creating /home/pritismankar/ros2_ws/install/my_fusion/share/my_fusion/launch
symbolically linking /home/pritismankar/ros2_ws/build/my_fusion/launch/fusion.launch.py -> /home/pritismankar/ros2_ws/install/my_fusion/share/my_fusion/launch
creating /home/pritismankar/ros2_ws/install/my_fusion/share/my_fusion/scripts
symbolically linking /home/pritismankar/ros2_ws/build/my_fusion/scripts/ekf_fusion.py -> /home/pritismankar/ros2_ws/install/my_fusion/share/my_fusion/scripts
