[3.239s] Invoking command in '/home/pritismankar/ros2_ws/build/my_slam': PYTHONPATH=/home/pritismankar/ros2_ws/build/my_slam/prefix_override:/usr/lib/python3/dist-packages/colcon_core/task/python/colcon_distutils_commands:/home/pritismankar/ros2_ws/install/my_slam/lib/python3.8/site-packages:${PYTHONPATH} /usr/bin/python3 -W ignore:setup.py install is deprecated -W ignore:easy_install command is deprecated setup.py develop --editable --build-directory /home/pritismankar/ros2_ws/build/my_slam/build --no-deps symlink_data
[3.539s] running develop
[3.809s] running egg_info
[3.814s] creating my_slam.egg-info
[3.814s] writing my_slam.egg-info/PKG-INFO
[3.837s] writing dependency_links to my_slam.egg-info/dependency_links.txt
[3.851s] writing entry points to my_slam.egg-info/entry_points.txt
[3.851s] writing requirements to my_slam.egg-info/requires.txt
[3.856s] writing top-level names to my_slam.egg-info/top_level.txt
[3.856s] writing manifest file 'my_slam.egg-info/SOURCES.txt'
[3.892s] reading manifest file 'my_slam.egg-info/SOURCES.txt'
[3.948s] writing manifest file 'my_slam.egg-info/SOURCES.txt'
[3.991s] running build_ext
[3.991s] Creating /home/pritismankar/ros2_ws/install/my_slam/lib/python3.8/site-packages/site.py
[4.004s] Creating /home/pritismankar/ros2_ws/install/my_slam/lib/python3.8/site-packages/my-slam.egg-link (link to .)
[4.005s] Installing map_builder script to /home/pritismankar/ros2_ws/install/my_slam/lib/my_slam
[4.006s] Installing scan_matcher script to /home/pritismankar/ros2_ws/install/my_slam/lib/my_slam
[4.007s] 
[4.007s] Installed /home/pritismankar/ros2_ws/build/my_slam
[4.007s] running symlink_data
[4.007s] creating /home/pritismankar/ros2_ws/install/my_slam/share/ament_index
[4.007s] creating /home/pritismankar/ros2_ws/install/my_slam/share/ament_index/resource_index
[4.007s] creating /home/pritismankar/ros2_ws/install/my_slam/share/ament_index/resource_index/packages
[4.007s] symbolically linking /home/pritismankar/ros2_ws/build/my_slam/resource/my_slam -> /home/pritismankar/ros2_ws/install/my_slam/share/ament_index/resource_index/packages
[4.008s] symbolically linking /home/pritismankar/ros2_ws/build/my_slam/package.xml -> /home/pritismankar/ros2_ws/install/my_slam/share/my_slam
[4.106s] Invoked command in '/home/pritismankar/ros2_ws/build/my_slam' returned '0': PYTHONPATH=/home/pritismankar/ros2_ws/build/my_slam/prefix_override:/usr/lib/python3/dist-packages/colcon_core/task/python/colcon_distutils_commands:/home/pritismankar/ros2_ws/install/my_slam/lib/python3.8/site-packages:${PYTHONPATH} /usr/bin/python3 -W ignore:setup.py install is deprecated -W ignore:easy_install command is deprecated setup.py develop --editable --build-directory /home/pritismankar/ros2_ws/build/my_slam/build --no-deps symlink_data
