[0.076s] Invoking command in '/home/pritismankar/ros2_ws/build/my_fusion': CMAKE_PREFIX_PATH=/opt/ros/foxy:${CMAKE_PREFIX_PATH} /usr/bin/cmake --build /home/pritismankar/ros2_ws/build/my_fusion -- -j4 -l4
[0.627s] [100%] Built target ekf_fusion_node
[0.633s] Invoked command in '/home/pritismankar/ros2_ws/build/my_fusion' returned '0': CMAKE_PREFIX_PATH=/opt/ros/foxy:${CMAKE_PREFIX_PATH} /usr/bin/cmake --build /home/pritismankar/ros2_ws/build/my_fusion -- -j4 -l4
[0.652s] Invoking command in '/home/pritismankar/ros2_ws/build/my_fusion': CMAKE_PREFIX_PATH=/opt/ros/foxy:${CMAKE_PREFIX_PATH} /usr/bin/cmake --install /home/pritismankar/ros2_ws/build/my_fusion
[0.665s] -- Install configuration: ""
[0.665s] -- Execute custom install script
[0.670s] -- Up-to-date symlink: /home/pritismankar/ros2_ws/install/my_fusion/lib/my_fusion/ekf_fusion_node
[0.675s] -- Up-to-date symlink: /home/pritismankar/ros2_ws/install/my_fusion/share/my_fusion/launch/fusion.launch.py
[0.679s] -- Up-to-date symlink: /home/pritismankar/ros2_ws/install/my_fusion/share/my_fusion/config/ekf.yaml
[0.683s] -- Up-to-date symlink: /home/pritismankar/ros2_ws/install/my_fusion/share/ament_index/resource_index/package_run_dependencies/my_fusion
[0.685s] -- Up-to-date symlink: /home/pritismankar/ros2_ws/install/my_fusion/share/ament_index/resource_index/parent_prefix_path/my_fusion
[0.687s] -- Up-to-date symlink: /home/pritismankar/ros2_ws/install/my_fusion/share/my_fusion/environment/ament_prefix_path.sh
[0.690s] -- Up-to-date symlink: /home/pritismankar/ros2_ws/install/my_fusion/share/my_fusion/environment/ament_prefix_path.dsv
[0.692s] -- Up-to-date symlink: /home/pritismankar/ros2_ws/install/my_fusion/share/my_fusion/environment/path.sh
[0.696s] -- Up-to-date symlink: /home/pritismankar/ros2_ws/install/my_fusion/share/my_fusion/environment/path.dsv
[0.696s] -- Up-to-date symlink: /home/pritismankar/ros2_ws/install/my_fusion/share/my_fusion/local_setup.bash
[0.697s] -- Up-to-date symlink: /home/pritismankar/ros2_ws/install/my_fusion/share/my_fusion/local_setup.sh
[0.698s] -- Up-to-date symlink: /home/pritismankar/ros2_ws/install/my_fusion/share/my_fusion/local_setup.zsh
[0.699s] -- Up-to-date symlink: /home/pritismankar/ros2_ws/install/my_fusion/share/my_fusion/local_setup.dsv
[0.699s] -- Symlinking: /home/pritismankar/ros2_ws/install/my_fusion/share/my_fusion/package.dsv
[0.723s] -- Up-to-date symlink: /home/pritismankar/ros2_ws/install/my_fusion/share/ament_index/resource_index/packages/my_fusion
[0.725s] -- Up-to-date symlink: /home/pritismankar/ros2_ws/install/my_fusion/share/my_fusion/cmake/my_fusionConfig.cmake
[0.729s] -- Up-to-date symlink: /home/pritismankar/ros2_ws/install/my_fusion/share/my_fusion/cmake/my_fusionConfig-version.cmake
[0.729s] -- Up-to-date symlink: /home/pritismankar/ros2_ws/install/my_fusion/share/my_fusion/package.xml
[0.730s] -- Up-to-date: /home/pritismankar/ros2_ws/install/my_fusion/lib/my_fusion/scripts
[0.730s] -- Up-to-date: /home/pritismankar/ros2_ws/install/my_fusion/lib/my_fusion/scripts/plot_odom.py
[0.779s] Invoked command in '/home/pritismankar/ros2_ws/build/my_fusion' returned '0': CMAKE_PREFIX_PATH=/opt/ros/foxy:${CMAKE_PREFIX_PATH} /usr/bin/cmake --install /home/pritismankar/ros2_ws/build/my_fusion
