[3.283s] Invoking command in '/home/pritismankar/ros2_ws/build/my_robot_description': PYTHONPATH=/home/pritismankar/ros2_ws/build/my_robot_description/prefix_override:/usr/lib/python3/dist-packages/colcon_core/task/python/colcon_distutils_commands:/home/pritismankar/ros2_ws/install/my_robot_description/lib/python3.8/site-packages:${PYTHONPATH} /usr/bin/python3 -W ignore:setup.py install is deprecated -W ignore:easy_install command is deprecated setup.py develop --editable --build-directory /home/pritismankar/ros2_ws/build/my_robot_description/build --no-deps symlink_data
[3.664s] running develop
[3.945s] running egg_info
[3.946s] creating my_robot_description.egg-info
[3.946s] writing my_robot_description.egg-info/PKG-INFO
[3.947s] writing dependency_links to my_robot_description.egg-info/dependency_links.txt
[3.947s] writing top-level names to my_robot_description.egg-info/top_level.txt
[3.950s] writing manifest file 'my_robot_description.egg-info/SOURCES.txt'
[4.065s] reading manifest file 'my_robot_description.egg-info/SOURCES.txt'
[4.066s] writing manifest file 'my_robot_description.egg-info/SOURCES.txt'
[4.156s] running build_ext
[4.157s] Creating /home/pritismankar/ros2_ws/install/my_robot_description/lib/python3.8/site-packages/site.py
[4.166s] Creating /home/pritismankar/ros2_ws/install/my_robot_description/lib/python3.8/site-packages/my-robot-description.egg-link (link to .)
[4.176s] 
[4.176s] Installed /home/pritismankar/ros2_ws/build/my_robot_description
[4.176s] running symlink_data
[4.177s] creating /home/pritismankar/ros2_ws/install/my_robot_description/share/ament_index
[4.177s] creating /home/pritismankar/ros2_ws/install/my_robot_description/share/ament_index/resource_index
[4.177s] creating /home/pritismankar/ros2_ws/install/my_robot_description/share/ament_index/resource_index/packages
[4.177s] symbolically linking /home/pritismankar/ros2_ws/build/my_robot_description/resource/my_robot_description -> /home/pritismankar/ros2_ws/install/my_robot_description/share/ament_index/resource_index/packages
[4.200s] symbolically linking /home/pritismankar/ros2_ws/build/my_robot_description/package.xml -> /home/pritismankar/ros2_ws/install/my_robot_description/share/my_robot_description
[4.200s] creating /home/pritismankar/ros2_ws/install/my_robot_description/share/my_robot_description/urdf
[4.200s] symbolically linking /home/pritismankar/ros2_ws/build/my_robot_description/urdf/robot.urdf.xacro -> /home/pritismankar/ros2_ws/install/my_robot_description/share/my_robot_description/urdf
[4.200s] symbolically linking /home/pritismankar/ros2_ws/build/my_robot_description/urdf/materials.xacro -> /home/pritismankar/ros2_ws/install/my_robot_description/share/my_robot_description/urdf
[4.200s] creating /home/pritismankar/ros2_ws/install/my_robot_description/share/my_robot_description/launch
[4.201s] symbolically linking /home/pritismankar/ros2_ws/build/my_robot_description/launch/display.launch.py -> /home/pritismankar/ros2_ws/install/my_robot_description/share/my_robot_description/launch
[4.201s] creating /home/pritismankar/ros2_ws/install/my_robot_description/share/my_robot_description/rviz
[4.201s] symbolically linking /home/pritismankar/ros2_ws/build/my_robot_description/rviz/config.rviz -> /home/pritismankar/ros2_ws/install/my_robot_description/share/my_robot_description/rviz
[4.883s] Invoked command in '/home/pritismankar/ros2_ws/build/my_robot_description' returned '0': PYTHONPATH=/home/pritismankar/ros2_ws/build/my_robot_description/prefix_override:/usr/lib/python3/dist-packages/colcon_core/task/python/colcon_distutils_commands:/home/pritismankar/ros2_ws/install/my_robot_description/lib/python3.8/site-packages:${PYTHONPATH} /usr/bin/python3 -W ignore:setup.py install is deprecated -W ignore:easy_install command is deprecated setup.py develop --editable --build-directory /home/pritismankar/ros2_ws/build/my_robot_description/build --no-deps symlink_data
