[0.345s] Invoking command in '/home/pritismankar/ros2_ws/build/my_odometry': CMAKE_PREFIX_PATH=/home/pritismankar/ros2_ws/install/my_slam:/home/pritismankar/ros2_ws/install/my_simulation:/home/pritismankar/ros2_ws/install/my_robot_description:/home/pritismankar/ros2_ws/install/my_odometry:/home/pritismankar/ros2_ws/install/my_fusion:/opt/ros/foxy:${CMAKE_PREFIX_PATH} /usr/bin/cmake /home/pritismankar/ros2_ws/src/my_odometry -DAMENT_CMAKE_SYMLINK_INSTALL=1 -DCMAKE_INSTALL_PREFIX=/home/pritismankar/ros2_ws/install/my_odometry
[0.608s] -- Found ament_cmake: 0.9.12 (/opt/ros/foxy/share/ament_cmake/cmake)
[0.608s] -- Using PYTHON_EXECUTABLE: /usr/bin/python3
[0.610s] -- Override CMake install command with custom implementation using symlinks instead of copying resources
[0.617s] -- Found rclcpp: 2.4.3 (/opt/ros/foxy/share/rclcpp/cmake)
[0.647s] -- Using all available rosidl_typesupport_c: rosidl_typesupport_fastrtps_c;rosidl_typesupport_introspection_c
[0.649s] -- Found rosidl_adapter: 1.3.1 (/opt/ros/foxy/share/rosidl_adapter/cmake)
[0.824s] -- Using all available rosidl_typesupport_cpp: rosidl_typesupport_fastrtps_cpp;rosidl_typesupport_introspection_cpp
[0.885s] -- Found rmw_implementation_cmake: 1.0.4 (/opt/ros/foxy/share/rmw_implementation_cmake/cmake)
[0.888s] -- Using RMW implementation 'rmw_fastrtps_cpp' as default
[1.065s] -- Found sensor_msgs: 2.0.5 (/opt/ros/foxy/share/sensor_msgs/cmake)
[1.181s] -- Found nav_msgs: 2.0.5 (/opt/ros/foxy/share/nav_msgs/cmake)
[1.273s] -- Found visualization_msgs: 2.0.5 (/opt/ros/foxy/share/visualization_msgs/cmake)
[1.384s] -- Found tf2: 0.13.14 (/opt/ros/foxy/share/tf2/cmake)
[1.395s] -- Found tf2_geometry_msgs: 0.13.14 (/opt/ros/foxy/share/tf2_geometry_msgs/cmake)
[1.406s] -- Found eigen3_cmake_module: 0.1.1 (/opt/ros/foxy/share/eigen3_cmake_module/cmake)
[2.158s] -- Configuring done
[2.159s] CMake Error at CMakeLists.txt:23 (add_executable):
[2.159s]   Target "odom_node" links to target "class_loader::class_loader" but the
[2.159s]   target was not found.  Perhaps a find_package() call is missing for an
[2.159s]   IMPORTED target, or an ALIAS target is missing?
[2.159s] 
[2.159s] 
[2.159s] CMake Error at CMakeLists.txt:23 (add_executable):
[2.161s]   Target "odom_node" links to target "class_loader::class_loader" but the
[2.161s]   target was not found.  Perhaps a find_package() call is missing for an
[2.161s]   IMPORTED target, or an ALIAS target is missing?
[2.161s] 
[2.161s] 
[2.185s] -- Generating done
[2.186s] CMake Generate step failed.  Build files cannot be regenerated correctly.
[2.516s] Invoked command in '/home/pritismankar/ros2_ws/build/my_odometry' returned '1': CMAKE_PREFIX_PATH=/home/pritismankar/ros2_ws/install/my_slam:/home/pritismankar/ros2_ws/install/my_simulation:/home/pritismankar/ros2_ws/install/my_robot_description:/home/pritismankar/ros2_ws/install/my_odometry:/home/pritismankar/ros2_ws/install/my_fusion:/opt/ros/foxy:${CMAKE_PREFIX_PATH} /usr/bin/cmake /home/pritismankar/ros2_ws/src/my_odometry -DAMENT_CMAKE_SYMLINK_INSTALL=1 -DCMAKE_INSTALL_PREFIX=/home/pritismankar/ros2_ws/install/my_odometry
