-- The CXX compiler identification is GNU 9.4.0
-- Check for working CXX compiler: /usr/bin/c++
-- Check for working CXX compiler: /usr/bin/c++ -- works
-- Detecting CXX compiler ABI info
-- Detecting CXX compiler ABI info - done
-- Detecting CXX compile features
-- Detecting CXX compile features - done
-- Found Python3: /usr/bin/python3.8 (found version "3.8.10") found components: Interpreter Development 
-- Found Python3: /home/pritismankar/.local/lib/python3.8/site-packages/numpy/core/include (found version "3.8.10") found components: NumPy Interpreter Development 
-- Configuring done
-- Generating done
-- Build files have been written to: /home/pritismankar/ros2_ws/build/matplotlib_cpp
[35m[1mScanning dependencies of target colorbar[0m
[35m[1mScanning dependencies of target surface[0m
[35m[1mScanning dependencies of target xkcd[0m
[35m[1mScanning dependencies of target spy[0m
[  3%] [32mBuilding CXX object CMakeFiles/xkcd.dir/examples/xkcd.cpp.o[0m
[  6%] [32mBuilding CXX object CMakeFiles/surface.dir/examples/surface.cpp.o[0m
[  9%] [32mBuilding CXX object CMakeFiles/colorbar.dir/examples/colorbar.cpp.o[0m
[ 12%] [32mBuilding CXX object CMakeFiles/spy.dir/examples/spy.cpp.o[0m
[ 15%] [32m[1mLinking CXX executable bin/xkcd[0m
[ 18%] [32m[1mLinking CXX executable bin/colorbar[0m
[ 18%] Built target colorbar
[35m[1mScanning dependencies of target basic[0m
[ 21%] [32m[1mLinking CXX executable bin/spy[0m
[ 25%] [32m[1mLinking CXX executable bin/surface[0m
[ 25%] Built target xkcd
[ 28%] [32mBuilding CXX object CMakeFiles/basic.dir/examples/basic.cpp.o[0m
[ 28%] Built target spy
[35m[1mScanning dependencies of target animation[0m
[35m[1mScanning dependencies of target minimal[0m
[ 31%] [32mBuilding CXX object CMakeFiles/animation.dir/examples/animation.cpp.o[0m
[ 31%] Built target surface
[ 34%] [32mBuilding CXX object CMakeFiles/minimal.dir/examples/minimal.cpp.o[0m
[35m[1mScanning dependencies of target nonblock[0m
[ 37%] [32mBuilding CXX object CMakeFiles/nonblock.dir/examples/nonblock.cpp.o[0m
[ 40%] [32m[1mLinking CXX executable bin/basic[0m
[ 43%] [32m[1mLinking CXX executable bin/animation[0m
[ 46%] [32m[1mLinking CXX executable bin/nonblock[0m
[ 50%] [32m[1mLinking CXX executable bin/minimal[0m
[ 50%] Built target basic
[ 50%] Built target nonblock
[35m[1mScanning dependencies of target fill[0m
[35m[1mScanning dependencies of target contour[0m
[ 53%] [32mBuilding CXX object CMakeFiles/contour.dir/examples/contour.cpp.o[0m
[ 53%] Built target animation
[ 56%] [32mBuilding CXX object CMakeFiles/fill.dir/examples/fill.cpp.o[0m
[ 56%] Built target minimal
[35m[1mScanning dependencies of target fill_inbetween[0m
[35m[1mScanning dependencies of target bar[0m
[ 59%] [32mBuilding CXX object CMakeFiles/bar.dir/examples/bar.cpp.o[0m
[ 62%] [32mBuilding CXX object CMakeFiles/fill_inbetween.dir/examples/fill_inbetween.cpp.o[0m
[ 65%] [32m[1mLinking CXX executable bin/fill[0m
[ 68%] [32m[1mLinking CXX executable bin/fill_inbetween[0m
[ 71%] [32m[1mLinking CXX executable bin/contour[0m
[ 71%] Built target fill
[35m[1mScanning dependencies of target update[0m
[ 71%] Built target fill_inbetween
[35m[1mScanning dependencies of target lines3d[0m
[ 71%] Built target contour
[ 75%] [32mBuilding CXX object CMakeFiles/update.dir/examples/update.cpp.o[0m
[ 78%] [32mBuilding CXX object CMakeFiles/lines3d.dir/examples/lines3d.cpp.o[0m
[35m[1mScanning dependencies of target modern[0m
[ 81%] [32mBuilding CXX object CMakeFiles/modern.dir/examples/modern.cpp.o[0m
[ 84%] [32m[1mLinking CXX executable bin/bar[0m
[ 87%] [32m[1mLinking CXX executable bin/modern[0m
[ 87%] Built target bar
[ 90%] [32m[1mLinking CXX executable bin/lines3d[0m
[35m[1mScanning dependencies of target subplot2grid[0m
[ 90%] Built target modern
[ 93%] [32m[1mLinking CXX executable bin/update[0m
[ 96%] [32mBuilding CXX object CMakeFiles/subplot2grid.dir/examples/subplot2grid.cpp.o[0m
[ 96%] Built target lines3d
[ 96%] Built target update
[100%] [32m[1mLinking CXX executable bin/subplot2grid[0m
[100%] Built target subplot2grid
-- Install configuration: ""
-- Installing: /home/pritismankar/ros2_ws/install/matplotlib_cpp/include/matplotlibcpp.h
-- Installing: /home/pritismankar/ros2_ws/install/matplotlib_cpp/lib/matplotlib_cpp/cmake/matplotlib_cppTargets.cmake
-- Installing: /home/pritismankar/ros2_ws/install/matplotlib_cpp/lib/matplotlib_cpp/cmake/matplotlib_cppConfig.cmake
