[0.702s] DEBUG:colcon:Command line arguments: ['/usr/bin/colcon', 'list', '-p', '--base-paths', '/home/pritismankar/ros2_ws']
[0.702s] DEBUG:colcon:Parsed command line arguments: Namespace(allow_overriding=[], base_paths=['/home/pritismankar/ros2_ws'], build_base='build', ignore_user_meta=False, log_base=None, log_level=None, main=<bound method ListVerb.main of <colcon_package_information.verb.list.ListVerb object at 0x7fcbd22951f0>>, metas=['./colcon.meta'], names_only=False, packages_above=None, packages_above_and_dependencies=None, packages_above_depth=None, packages_end=None, packages_ignore=None, packages_ignore_regex=None, packages_select=None, packages_select_build_failed=False, packages_select_by_dep=None, packages_select_regex=None, packages_select_test_failures=False, packages_skip=None, packages_skip_build_finished=False, packages_skip_by_dep=None, packages_skip_regex=None, packages_skip_test_passed=False, packages_skip_up_to=None, packages_start=None, packages_up_to=None, packages_up_to_regex=None, paths=None, paths_only=True, topological_graph=False, topological_graph_density=False, topological_graph_dot=False, topological_graph_dot_cluster=False, topological_graph_dot_include_skipped=False, topological_graph_legend=False, topological_order=False, verb_extension=<colcon_package_information.verb.list.ListVerb object at 0x7fcbd22951f0>, verb_name='list', verb_parser=<colcon_defaults.argument_parser.defaults.DefaultArgumentsDecorator object at 0x7fcbd21e8f40>)
[1.294s] Level 1:colcon.colcon_core.package_discovery:discover_packages(colcon_meta) check parameters
[1.295s] Level 1:colcon.colcon_core.package_discovery:discover_packages(recursive) check parameters
[1.295s] Level 1:colcon.colcon_core.package_discovery:discover_packages(ignore) check parameters
[1.295s] Level 1:colcon.colcon_core.package_discovery:discover_packages(path) check parameters
[1.295s] Level 1:colcon.colcon_core.package_discovery:discover_packages(recursive) discover
[1.295s] INFO:colcon.colcon_core.package_discovery:Crawling recursively for packages in '/home/pritismankar/ros2_ws'
[1.295s] Level 1:colcon.colcon_core.package_identification:_identify(/home/pritismankar/ros2_ws) by extensions ['ignore', 'ignore_ament_install']
[1.295s] Level 1:colcon.colcon_core.package_identification:_identify(/home/pritismankar/ros2_ws) by extension 'ignore'
[1.295s] Level 1:colcon.colcon_core.package_identification:_identify(/home/pritismankar/ros2_ws) by extension 'ignore_ament_install'
[1.295s] Level 1:colcon.colcon_core.package_identification:_identify(/home/pritismankar/ros2_ws) by extensions ['colcon_pkg']
[1.295s] Level 1:colcon.colcon_core.package_identification:_identify(/home/pritismankar/ros2_ws) by extension 'colcon_pkg'
[1.295s] Level 1:colcon.colcon_core.package_identification:_identify(/home/pritismankar/ros2_ws) by extensions ['colcon_meta']
[1.295s] Level 1:colcon.colcon_core.package_identification:_identify(/home/pritismankar/ros2_ws) by extension 'colcon_meta'
[1.295s] Level 1:colcon.colcon_core.package_identification:_identify(/home/pritismankar/ros2_ws) by extensions ['ros']
[1.295s] Level 1:colcon.colcon_core.package_identification:_identify(/home/pritismankar/ros2_ws) by extension 'ros'
[1.403s] Level 1:colcon.colcon_core.package_identification:_identify(/home/pritismankar/ros2_ws) by extensions ['cmake', 'python']
[1.404s] Level 1:colcon.colcon_core.package_identification:_identify(/home/pritismankar/ros2_ws) by extension 'cmake'
[1.404s] Level 1:colcon.colcon_core.package_identification:_identify(/home/pritismankar/ros2_ws) by extension 'python'
[1.404s] Level 1:colcon.colcon_core.package_identification:_identify(/home/pritismankar/ros2_ws) by extensions ['python_setup_py']
[1.404s] Level 1:colcon.colcon_core.package_identification:_identify(/home/pritismankar/ros2_ws) by extension 'python_setup_py'
[1.404s] Level 1:colcon.colcon_core.package_identification:_identify(/home/pritismankar/ros2_ws/build) by extensions ['ignore', 'ignore_ament_install']
[1.405s] Level 1:colcon.colcon_core.package_identification:_identify(/home/pritismankar/ros2_ws/build) by extension 'ignore'
[1.405s] Level 1:colcon.colcon_core.package_identification:_identify(/home/pritismankar/ros2_ws/build) ignored
[1.405s] Level 1:colcon.colcon_core.package_identification:_identify(/home/pritismankar/ros2_ws/install) by extensions ['ignore', 'ignore_ament_install']
[1.406s] Level 1:colcon.colcon_core.package_identification:_identify(/home/pritismankar/ros2_ws/install) by extension 'ignore'
[1.406s] Level 1:colcon.colcon_core.package_identification:_identify(/home/pritismankar/ros2_ws/install) ignored
[1.406s] Level 1:colcon.colcon_core.package_identification:_identify(/home/pritismankar/ros2_ws/log) by extensions ['ignore', 'ignore_ament_install']
[1.406s] Level 1:colcon.colcon_core.package_identification:_identify(/home/pritismankar/ros2_ws/log) by extension 'ignore'
[1.406s] Level 1:colcon.colcon_core.package_identification:_identify(/home/pritismankar/ros2_ws/log) ignored
[1.407s] Level 1:colcon.colcon_core.package_identification:_identify(/home/pritismankar/ros2_ws/src) by extensions ['ignore', 'ignore_ament_install']
[1.407s] Level 1:colcon.colcon_core.package_identification:_identify(/home/pritismankar/ros2_ws/src) by extension 'ignore'
[1.407s] Level 1:colcon.colcon_core.package_identification:_identify(/home/pritismankar/ros2_ws/src) by extension 'ignore_ament_install'
[1.407s] Level 1:colcon.colcon_core.package_identification:_identify(/home/pritismankar/ros2_ws/src) by extensions ['colcon_pkg']
[1.407s] Level 1:colcon.colcon_core.package_identification:_identify(/home/pritismankar/ros2_ws/src) by extension 'colcon_pkg'
[1.407s] Level 1:colcon.colcon_core.package_identification:_identify(/home/pritismankar/ros2_ws/src) by extensions ['colcon_meta']
[1.407s] Level 1:colcon.colcon_core.package_identification:_identify(/home/pritismankar/ros2_ws/src) by extension 'colcon_meta'
[1.407s] Level 1:colcon.colcon_core.package_identification:_identify(/home/pritismankar/ros2_ws/src) by extensions ['ros']
[1.407s] Level 1:colcon.colcon_core.package_identification:_identify(/home/pritismankar/ros2_ws/src) by extension 'ros'
[1.407s] Level 1:colcon.colcon_core.package_identification:_identify(/home/pritismankar/ros2_ws/src) by extensions ['cmake', 'python']
[1.407s] Level 1:colcon.colcon_core.package_identification:_identify(/home/pritismankar/ros2_ws/src) by extension 'cmake'
[1.408s] Level 1:colcon.colcon_core.package_identification:_identify(/home/pritismankar/ros2_ws/src) by extension 'python'
[1.408s] Level 1:colcon.colcon_core.package_identification:_identify(/home/pritismankar/ros2_ws/src) by extensions ['python_setup_py']
[1.408s] Level 1:colcon.colcon_core.package_identification:_identify(/home/pritismankar/ros2_ws/src) by extension 'python_setup_py'
[1.408s] Level 1:colcon.colcon_core.package_identification:_identify(/home/pritismankar/ros2_ws/src/my_fusion) by extensions ['ignore', 'ignore_ament_install']
[1.408s] Level 1:colcon.colcon_core.package_identification:_identify(/home/pritismankar/ros2_ws/src/my_fusion) by extension 'ignore'
[1.408s] Level 1:colcon.colcon_core.package_identification:_identify(/home/pritismankar/ros2_ws/src/my_fusion) by extension 'ignore_ament_install'
[1.409s] Level 1:colcon.colcon_core.package_identification:_identify(/home/pritismankar/ros2_ws/src/my_fusion) by extensions ['colcon_pkg']
[1.409s] Level 1:colcon.colcon_core.package_identification:_identify(/home/pritismankar/ros2_ws/src/my_fusion) by extension 'colcon_pkg'
[1.409s] Level 1:colcon.colcon_core.package_identification:_identify(/home/pritismankar/ros2_ws/src/my_fusion) by extensions ['colcon_meta']
[1.409s] Level 1:colcon.colcon_core.package_identification:_identify(/home/pritismankar/ros2_ws/src/my_fusion) by extension 'colcon_meta'
[1.409s] Level 1:colcon.colcon_core.package_identification:_identify(/home/pritismankar/ros2_ws/src/my_fusion) by extensions ['ros']
[1.409s] Level 1:colcon.colcon_core.package_identification:_identify(/home/pritismankar/ros2_ws/src/my_fusion) by extension 'ros'
[1.418s] DEBUG:colcon.colcon_core.package_identification:Package '/home/pritismankar/ros2_ws/src/my_fusion' with type 'ros.ament_python' and name 'my_fusion'
[1.419s] Level 1:colcon.colcon_core.package_identification:_identify(/home/pritismankar/ros2_ws/src/my_odometry) by extensions ['ignore', 'ignore_ament_install']
[1.419s] Level 1:colcon.colcon_core.package_identification:_identify(/home/pritismankar/ros2_ws/src/my_odometry) by extension 'ignore'
[1.419s] Level 1:colcon.colcon_core.package_identification:_identify(/home/pritismankar/ros2_ws/src/my_odometry) by extension 'ignore_ament_install'
[1.419s] Level 1:colcon.colcon_core.package_identification:_identify(/home/pritismankar/ros2_ws/src/my_odometry) by extensions ['colcon_pkg']
[1.419s] Level 1:colcon.colcon_core.package_identification:_identify(/home/pritismankar/ros2_ws/src/my_odometry) by extension 'colcon_pkg'
[1.419s] Level 1:colcon.colcon_core.package_identification:_identify(/home/pritismankar/ros2_ws/src/my_odometry) by extensions ['colcon_meta']
[1.419s] Level 1:colcon.colcon_core.package_identification:_identify(/home/pritismankar/ros2_ws/src/my_odometry) by extension 'colcon_meta'
[1.419s] Level 1:colcon.colcon_core.package_identification:_identify(/home/pritismankar/ros2_ws/src/my_odometry) by extensions ['ros']
[1.420s] Level 1:colcon.colcon_core.package_identification:_identify(/home/pritismankar/ros2_ws/src/my_odometry) by extension 'ros'
[1.428s] DEBUG:colcon.colcon_core.package_identification:Package '/home/pritismankar/ros2_ws/src/my_odometry' with type 'ros.ament_cmake' and name 'my_odometry'
[1.429s] Level 1:colcon.colcon_core.package_identification:_identify(/home/pritismankar/ros2_ws/src/my_robot_description) by extensions ['ignore', 'ignore_ament_install']
[1.429s] Level 1:colcon.colcon_core.package_identification:_identify(/home/pritismankar/ros2_ws/src/my_robot_description) by extension 'ignore'
[1.430s] Level 1:colcon.colcon_core.package_identification:_identify(/home/pritismankar/ros2_ws/src/my_robot_description) by extension 'ignore_ament_install'
[1.434s] Level 1:colcon.colcon_core.package_identification:_identify(/home/pritismankar/ros2_ws/src/my_robot_description) by extensions ['colcon_pkg']
[1.435s] Level 1:colcon.colcon_core.package_identification:_identify(/home/pritismankar/ros2_ws/src/my_robot_description) by extension 'colcon_pkg'
[1.435s] Level 1:colcon.colcon_core.package_identification:_identify(/home/pritismankar/ros2_ws/src/my_robot_description) by extensions ['colcon_meta']
[1.435s] Level 1:colcon.colcon_core.package_identification:_identify(/home/pritismankar/ros2_ws/src/my_robot_description) by extension 'colcon_meta'
[1.435s] Level 1:colcon.colcon_core.package_identification:_identify(/home/pritismankar/ros2_ws/src/my_robot_description) by extensions ['ros']
[1.435s] Level 1:colcon.colcon_core.package_identification:_identify(/home/pritismankar/ros2_ws/src/my_robot_description) by extension 'ros'
[1.455s] DEBUG:colcon.colcon_core.package_identification:Package '/home/pritismankar/ros2_ws/src/my_robot_description' with type 'ros.ament_python' and name 'my_robot_description'
[1.456s] Level 1:colcon.colcon_core.package_identification:_identify(/home/pritismankar/ros2_ws/src/my_simulation) by extensions ['ignore', 'ignore_ament_install']
[1.456s] Level 1:colcon.colcon_core.package_identification:_identify(/home/pritismankar/ros2_ws/src/my_simulation) by extension 'ignore'
[1.457s] Level 1:colcon.colcon_core.package_identification:_identify(/home/pritismankar/ros2_ws/src/my_simulation) by extension 'ignore_ament_install'
[1.457s] Level 1:colcon.colcon_core.package_identification:_identify(/home/pritismankar/ros2_ws/src/my_simulation) by extensions ['colcon_pkg']
[1.458s] Level 1:colcon.colcon_core.package_identification:_identify(/home/pritismankar/ros2_ws/src/my_simulation) by extension 'colcon_pkg'
[1.458s] Level 1:colcon.colcon_core.package_identification:_identify(/home/pritismankar/ros2_ws/src/my_simulation) by extensions ['colcon_meta']
[1.458s] Level 1:colcon.colcon_core.package_identification:_identify(/home/pritismankar/ros2_ws/src/my_simulation) by extension 'colcon_meta'
[1.458s] Level 1:colcon.colcon_core.package_identification:_identify(/home/pritismankar/ros2_ws/src/my_simulation) by extensions ['ros']
[1.458s] Level 1:colcon.colcon_core.package_identification:_identify(/home/pritismankar/ros2_ws/src/my_simulation) by extension 'ros'
[1.460s] DEBUG:colcon.colcon_core.package_identification:Package '/home/pritismankar/ros2_ws/src/my_simulation' with type 'ros.ament_python' and name 'my_simulation'
[1.461s] Level 1:colcon.colcon_core.package_identification:_identify(/home/pritismankar/ros2_ws/src/my_slam) by extensions ['ignore', 'ignore_ament_install']
[1.461s] Level 1:colcon.colcon_core.package_identification:_identify(/home/pritismankar/ros2_ws/src/my_slam) by extension 'ignore'
[1.463s] Level 1:colcon.colcon_core.package_identification:_identify(/home/pritismankar/ros2_ws/src/my_slam) by extension 'ignore_ament_install'
[1.468s] Level 1:colcon.colcon_core.package_identification:_identify(/home/pritismankar/ros2_ws/src/my_slam) by extensions ['colcon_pkg']
[1.468s] Level 1:colcon.colcon_core.package_identification:_identify(/home/pritismankar/ros2_ws/src/my_slam) by extension 'colcon_pkg'
[1.469s] Level 1:colcon.colcon_core.package_identification:_identify(/home/pritismankar/ros2_ws/src/my_slam) by extensions ['colcon_meta']
[1.469s] Level 1:colcon.colcon_core.package_identification:_identify(/home/pritismankar/ros2_ws/src/my_slam) by extension 'colcon_meta'
[1.469s] Level 1:colcon.colcon_core.package_identification:_identify(/home/pritismankar/ros2_ws/src/my_slam) by extensions ['ros']
[1.469s] Level 1:colcon.colcon_core.package_identification:_identify(/home/pritismankar/ros2_ws/src/my_slam) by extension 'ros'
[1.471s] DEBUG:colcon.colcon_core.package_identification:Package '/home/pritismankar/ros2_ws/src/my_slam' with type 'ros.ament_python' and name 'my_slam'
[1.471s] Level 1:colcon.colcon_core.package_discovery:discover_packages(recursive) using defaults
