[0.070s] Invoking command in '/home/pritismankar/ros2_ws/build/my_fusion': CMAKE_PREFIX_PATH=/home/pritismankar/ros2_ws/install/my_odometry:/home/pritismankar/ros2_ws/install/my_fusion:/home/pritismankar/ros2_ws/install/my_simulation:/home/pritismankar/ros2_ws/install/my_robot_description:/opt/ros/foxy:/home/pritismankar/catkin_ws/devel:/opt/ros/noetic /usr/bin/cmake --build /home/pritismankar/ros2_ws/build/my_fusion -- -j4 -l4
[0.558s] [100%] Built target ekf_fusion_node
[0.567s] Invoked command in '/home/pritismankar/ros2_ws/build/my_fusion' returned '0': CMAKE_PREFIX_PATH=/home/pritismankar/ros2_ws/install/my_odometry:/home/pritismankar/ros2_ws/install/my_fusion:/home/pritismankar/ros2_ws/install/my_simulation:/home/pritismankar/ros2_ws/install/my_robot_description:/opt/ros/foxy:/home/pritismankar/catkin_ws/devel:/opt/ros/noetic /usr/bin/cmake --build /home/pritismankar/ros2_ws/build/my_fusion -- -j4 -l4
[0.578s] Invoking command in '/home/pritismankar/ros2_ws/build/my_fusion': CMAKE_PREFIX_PATH=/home/pritismankar/ros2_ws/install/my_odometry:/home/pritismankar/ros2_ws/install/my_fusion:/home/pritismankar/ros2_ws/install/my_simulation:/home/pritismankar/ros2_ws/install/my_robot_description:/opt/ros/foxy:/home/pritismankar/catkin_ws/devel:/opt/ros/noetic /usr/bin/cmake --install /home/pritismankar/ros2_ws/build/my_fusion
[0.592s] -- Install configuration: ""
[0.593s] -- Execute custom install script
[0.597s] -- Up-to-date symlink: /home/pritismankar/ros2_ws/install/my_fusion/lib/my_fusion/ekf_fusion_node
[0.598s] -- Up-to-date symlink: /home/pritismankar/ros2_ws/install/my_fusion/share/my_fusion/launch/fusion.launch.py
[0.598s] -- Up-to-date symlink: /home/pritismankar/ros2_ws/install/my_fusion/share/my_fusion/config/ekf.yaml
[0.599s] -- Up-to-date symlink: /home/pritismankar/ros2_ws/install/my_fusion/share/ament_index/resource_index/package_run_dependencies/my_fusion
[0.599s] -- Up-to-date symlink: /home/pritismankar/ros2_ws/install/my_fusion/share/ament_index/resource_index/parent_prefix_path/my_fusion
[0.600s] -- Up-to-date symlink: /home/pritismankar/ros2_ws/install/my_fusion/share/my_fusion/environment/ament_prefix_path.sh
[0.601s] -- Up-to-date symlink: /home/pritismankar/ros2_ws/install/my_fusion/share/my_fusion/environment/ament_prefix_path.dsv
[0.601s] -- Up-to-date symlink: /home/pritismankar/ros2_ws/install/my_fusion/share/my_fusion/environment/path.sh
[0.601s] -- Up-to-date symlink: /home/pritismankar/ros2_ws/install/my_fusion/share/my_fusion/environment/path.dsv
[0.601s] -- Up-to-date symlink: /home/pritismankar/ros2_ws/install/my_fusion/share/my_fusion/local_setup.bash
[0.601s] -- Up-to-date symlink: /home/pritismankar/ros2_ws/install/my_fusion/share/my_fusion/local_setup.sh
[0.601s] -- Up-to-date symlink: /home/pritismankar/ros2_ws/install/my_fusion/share/my_fusion/local_setup.zsh
[0.601s] -- Up-to-date symlink: /home/pritismankar/ros2_ws/install/my_fusion/share/my_fusion/local_setup.dsv
[0.601s] -- Symlinking: /home/pritismankar/ros2_ws/install/my_fusion/share/my_fusion/package.dsv
[0.615s] -- Up-to-date symlink: /home/pritismankar/ros2_ws/install/my_fusion/share/ament_index/resource_index/packages/my_fusion
[0.616s] -- Up-to-date symlink: /home/pritismankar/ros2_ws/install/my_fusion/share/my_fusion/cmake/my_fusionConfig.cmake
[0.616s] -- Up-to-date symlink: /home/pritismankar/ros2_ws/install/my_fusion/share/my_fusion/cmake/my_fusionConfig-version.cmake
[0.616s] -- Up-to-date symlink: /home/pritismankar/ros2_ws/install/my_fusion/share/my_fusion/package.xml
[0.617s] -- Up-to-date: /home/pritismankar/ros2_ws/install/my_fusion/lib/my_fusion/scripts
[0.617s] -- Up-to-date: /home/pritismankar/ros2_ws/install/my_fusion/lib/my_fusion/scripts/plot_odom.py
[0.621s] Invoked command in '/home/pritismankar/ros2_ws/build/my_fusion' returned '0': CMAKE_PREFIX_PATH=/home/pritismankar/ros2_ws/install/my_odometry:/home/pritismankar/ros2_ws/install/my_fusion:/home/pritismankar/ros2_ws/install/my_simulation:/home/pritismankar/ros2_ws/install/my_robot_description:/opt/ros/foxy:/home/pritismankar/catkin_ws/devel:/opt/ros/noetic /usr/bin/cmake --install /home/pritismankar/ros2_ws/build/my_fusion
