running develop
running egg_info
creating my_simulation.egg-info
writing my_simulation.egg-info/PKG-INFO
writing dependency_links to my_simulation.egg-info/dependency_links.txt
writing entry points to my_simulation.egg-info/entry_points.txt
writing top-level names to my_simulation.egg-info/top_level.txt
writing manifest file 'my_simulation.egg-info/SOURCES.txt'
reading manifest file 'my_simulation.egg-info/SOURCES.txt'
writing manifest file 'my_simulation.egg-info/SOURCES.txt'
running build_ext
Creating /home/pritismankar/ros2_ws/install/my_simulation/lib/python3.8/site-packages/site.py
Creating /home/pritismankar/ros2_ws/install/my_simulation/lib/python3.8/site-packages/my-simulation.egg-link (link to .)
Installing velocity_driver script to /home/pritismankar/ros2_ws/install/my_simulation/lib/my_simulation

Installed /home/pritismankar/ros2_ws/build/my_simulation
running symlink_data
creating /home/pritismankar/ros2_ws/install/my_simulation/share/ament_index
creating /home/pritismankar/ros2_ws/install/my_simulation/share/ament_index/resource_index
creating /home/pritismankar/ros2_ws/install/my_simulation/share/ament_index/resource_index/packages
symbolically linking /home/pritismankar/ros2_ws/build/my_simulation/resource/my_simulation -> /home/pritismankar/ros2_ws/install/my_simulation/share/ament_index/resource_index/packages
symbolically linking /home/pritismankar/ros2_ws/build/my_simulation/package.xml -> /home/pritismankar/ros2_ws/install/my_simulation/share/my_simulation
creating /home/pritismankar/ros2_ws/install/my_simulation/share/my_simulation/worlds
symbolically linking /home/pritismankar/ros2_ws/build/my_simulation/worlds/apartment.world -> /home/pritismankar/ros2_ws/install/my_simulation/share/my_simulation/worlds
creating /home/pritismankar/ros2_ws/install/my_simulation/share/my_simulation/launch
symbolically linking /home/pritismankar/ros2_ws/build/my_simulation/launch/sim.launch.py -> /home/pritismankar/ros2_ws/install/my_simulation/share/my_simulation/launch
symbolically linking /home/pritismankar/ros2_ws/build/my_simulation/launch/sim_open_control.launch.py -> /home/pritismankar/ros2_ws/install/my_simulation/share/my_simulation/launch
creating /home/pritismankar/ros2_ws/install/my_simulation/share/my_simulation/config
symbolically linking /home/pritismankar/ros2_ws/build/my_simulation/config/diffbot_controllers.yaml -> /home/pritismankar/ros2_ws/install/my_simulation/share/my_simulation/config
