[2.167s] Invoking command in '/home/pritismankar/ros2_ws/build/my_simulation': PYTHONPATH=/home/pritismankar/ros2_ws/build/my_simulation/prefix_override:/usr/lib/python3/dist-packages/colcon_core/task/python/colcon_distutils_commands:/home/pritismankar/ros2_ws/install/my_simulation/lib/python3.8/site-packages:${PYTHONPATH} /usr/bin/python3 -W ignore:setup.py install is deprecated -W ignore:easy_install command is deprecated setup.py develop --editable --build-directory /home/pritismankar/ros2_ws/build/my_simulation/build --no-deps symlink_data
[2.788s] running develop
[3.036s] running egg_info
[3.037s] creating my_simulation.egg-info
[3.037s] writing my_simulation.egg-info/PKG-INFO
[3.037s] writing dependency_links to my_simulation.egg-info/dependency_links.txt
[3.037s] writing entry points to my_simulation.egg-info/entry_points.txt
[3.037s] writing top-level names to my_simulation.egg-info/top_level.txt
[3.047s] writing manifest file 'my_simulation.egg-info/SOURCES.txt'
[3.125s] reading manifest file 'my_simulation.egg-info/SOURCES.txt'
[3.126s] writing manifest file 'my_simulation.egg-info/SOURCES.txt'
[3.211s] running build_ext
[3.214s] Creating /home/pritismankar/ros2_ws/install/my_simulation/lib/python3.8/site-packages/site.py
[3.223s] Creating /home/pritismankar/ros2_ws/install/my_simulation/lib/python3.8/site-packages/my-simulation.egg-link (link to .)
[3.226s] Installing velocity_driver script to /home/pritismankar/ros2_ws/install/my_simulation/lib/my_simulation
[3.226s] 
[3.226s] Installed /home/pritismankar/ros2_ws/build/my_simulation
[3.226s] running symlink_data
[3.228s] creating /home/pritismankar/ros2_ws/install/my_simulation/share/ament_index
[3.228s] creating /home/pritismankar/ros2_ws/install/my_simulation/share/ament_index/resource_index
[3.228s] creating /home/pritismankar/ros2_ws/install/my_simulation/share/ament_index/resource_index/packages
[3.228s] symbolically linking /home/pritismankar/ros2_ws/build/my_simulation/resource/my_simulation -> /home/pritismankar/ros2_ws/install/my_simulation/share/ament_index/resource_index/packages
[3.230s] symbolically linking /home/pritismankar/ros2_ws/build/my_simulation/package.xml -> /home/pritismankar/ros2_ws/install/my_simulation/share/my_simulation
[3.230s] creating /home/pritismankar/ros2_ws/install/my_simulation/share/my_simulation/worlds
[3.231s] symbolically linking /home/pritismankar/ros2_ws/build/my_simulation/worlds/apartment.world -> /home/pritismankar/ros2_ws/install/my_simulation/share/my_simulation/worlds
[3.232s] creating /home/pritismankar/ros2_ws/install/my_simulation/share/my_simulation/launch
[3.232s] symbolically linking /home/pritismankar/ros2_ws/build/my_simulation/launch/sim.launch.py -> /home/pritismankar/ros2_ws/install/my_simulation/share/my_simulation/launch
[3.232s] symbolically linking /home/pritismankar/ros2_ws/build/my_simulation/launch/sim_open_control.launch.py -> /home/pritismankar/ros2_ws/install/my_simulation/share/my_simulation/launch
[3.232s] creating /home/pritismankar/ros2_ws/install/my_simulation/share/my_simulation/config
[3.232s] symbolically linking /home/pritismankar/ros2_ws/build/my_simulation/config/diffbot_controllers.yaml -> /home/pritismankar/ros2_ws/install/my_simulation/share/my_simulation/config
[3.290s] Invoked command in '/home/pritismankar/ros2_ws/build/my_simulation' returned '0': PYTHONPATH=/home/pritismankar/ros2_ws/build/my_simulation/prefix_override:/usr/lib/python3/dist-packages/colcon_core/task/python/colcon_distutils_commands:/home/pritismankar/ros2_ws/install/my_simulation/lib/python3.8/site-packages:${PYTHONPATH} /usr/bin/python3 -W ignore:setup.py install is deprecated -W ignore:easy_install command is deprecated setup.py develop --editable --build-directory /home/pritismankar/ros2_ws/build/my_simulation/build --no-deps symlink_data
