[1.653s] Invoking command in '/home/pritismankar/ros2_ws/build/my_robot_description': PYTHONPATH=/home/pritismankar/ros2_ws/build/my_robot_description/prefix_override:/usr/lib/python3/dist-packages/colcon_core/task/python/colcon_distutils_commands:/home/pritismankar/ros2_ws/install/my_robot_description/lib/python3.8/site-packages:${PYTHONPATH} /usr/bin/python3 -W ignore:setup.py install is deprecated -W ignore:easy_install command is deprecated setup.py develop --editable --build-directory /home/pritismankar/ros2_ws/build/my_robot_description/build --no-deps symlink_data
[2.040s] running develop
[2.275s] running egg_info
[2.275s] creating my_robot_description.egg-info
[2.276s] writing my_robot_description.egg-info/PKG-INFO
[2.277s] writing dependency_links to my_robot_description.egg-info/dependency_links.txt
[2.278s] writing top-level names to my_robot_description.egg-info/top_level.txt
[2.279s] writing manifest file 'my_robot_description.egg-info/SOURCES.txt'
[2.312s] reading manifest file 'my_robot_description.egg-info/SOURCES.txt'
[2.313s] writing manifest file 'my_robot_description.egg-info/SOURCES.txt'
[2.358s] running build_ext
[2.359s] Creating /home/pritismankar/ros2_ws/install/my_robot_description/lib/python3.8/site-packages/site.py
[2.368s] Creating /home/pritismankar/ros2_ws/install/my_robot_description/lib/python3.8/site-packages/my-robot-description.egg-link (link to .)
[2.369s] 
[2.370s] Installed /home/pritismankar/ros2_ws/build/my_robot_description
[2.370s] running symlink_data
[2.371s] creating /home/pritismankar/ros2_ws/install/my_robot_description/share/ament_index
[2.371s] creating /home/pritismankar/ros2_ws/install/my_robot_description/share/ament_index/resource_index
[2.371s] creating /home/pritismankar/ros2_ws/install/my_robot_description/share/ament_index/resource_index/packages
[2.371s] symbolically linking /home/pritismankar/ros2_ws/build/my_robot_description/resource/my_robot_description -> /home/pritismankar/ros2_ws/install/my_robot_description/share/ament_index/resource_index/packages
[2.372s] symbolically linking /home/pritismankar/ros2_ws/build/my_robot_description/package.xml -> /home/pritismankar/ros2_ws/install/my_robot_description/share/my_robot_description
[2.372s] creating /home/pritismankar/ros2_ws/install/my_robot_description/share/my_robot_description/urdf
[2.372s] symbolically linking /home/pritismankar/ros2_ws/build/my_robot_description/urdf/robot.urdf.xacro -> /home/pritismankar/ros2_ws/install/my_robot_description/share/my_robot_description/urdf
[2.372s] symbolically linking /home/pritismankar/ros2_ws/build/my_robot_description/urdf/materials.xacro -> /home/pritismankar/ros2_ws/install/my_robot_description/share/my_robot_description/urdf
[2.372s] creating /home/pritismankar/ros2_ws/install/my_robot_description/share/my_robot_description/launch
[2.372s] symbolically linking /home/pritismankar/ros2_ws/build/my_robot_description/launch/display.launch.py -> /home/pritismankar/ros2_ws/install/my_robot_description/share/my_robot_description/launch
[2.372s] creating /home/pritismankar/ros2_ws/install/my_robot_description/share/my_robot_description/rviz
[2.372s] symbolically linking /home/pritismankar/ros2_ws/build/my_robot_description/rviz/config.rviz -> /home/pritismankar/ros2_ws/install/my_robot_description/share/my_robot_description/rviz
[2.747s] Invoked command in '/home/pritismankar/ros2_ws/build/my_robot_description' returned '0': PYTHONPATH=/home/pritismankar/ros2_ws/build/my_robot_description/prefix_override:/usr/lib/python3/dist-packages/colcon_core/task/python/colcon_distutils_commands:/home/pritismankar/ros2_ws/install/my_robot_description/lib/python3.8/site-packages:${PYTHONPATH} /usr/bin/python3 -W ignore:setup.py install is deprecated -W ignore:easy_install command is deprecated setup.py develop --editable --build-directory /home/pritismankar/ros2_ws/build/my_robot_description/build --no-deps symlink_data
