[0.070s] Invoking command in '/home/pritismankar/ros2_ws/build/my_fusion': CMAKE_PREFIX_PATH=/opt/ros/foxy:${CMAKE_PREFIX_PATH} /usr/bin/cmake /home/pritismankar/ros2_ws/src/my_fusion -DAMENT_CMAKE_SYMLINK_INSTALL=1 -DCMAKE_INSTALL_PREFIX=/home/pritismankar/ros2_ws/install/my_fusion
[0.640s] -- The C compiler identification is GNU 9.4.0
[1.010s] -- The CXX compiler identification is GNU 9.4.0
[1.028s] -- Check for working C compiler: /usr/bin/cc
[1.323s] -- Check for working C compiler: /usr/bin/cc -- works
[1.324s] -- Detecting C compiler ABI info
[1.546s] -- Detecting C compiler ABI info - done
[1.564s] -- Detecting C compile features
[1.566s] -- Detecting C compile features - done
[1.579s] -- Check for working CXX compiler: /usr/bin/c++
[1.730s] -- Check for working CXX compiler: /usr/bin/c++ -- works
[1.739s] -- Detecting CXX compiler ABI info
[1.969s] -- Detecting CXX compiler ABI info - done
[1.999s] -- Detecting CXX compile features
[2.000s] -- Detecting CXX compile features - done
[2.044s] -- Found ament_cmake: 0.9.12 (/opt/ros/foxy/share/ament_cmake/cmake)
[2.109s] -- Found PythonInterp: /usr/bin/python3 (found suitable version "3.8.10", minimum required is "3") 
[2.109s] -- Using PYTHON_EXECUTABLE: /usr/bin/python3
[2.460s] -- Override CMake install command with custom implementation using symlinks instead of copying resources
[2.611s] -- Found rclcpp: 2.4.3 (/opt/ros/foxy/share/rclcpp/cmake)
[2.914s] -- Using all available rosidl_typesupport_c: rosidl_typesupport_fastrtps_c;rosidl_typesupport_introspection_c
[2.964s] -- Found rosidl_adapter: 1.3.1 (/opt/ros/foxy/share/rosidl_adapter/cmake)
[3.400s] -- Found OpenSSL: /usr/lib/x86_64-linux-gnu/libcrypto.so (found version "1.1.1f")  
[3.471s] -- Found FastRTPS: /opt/ros/foxy/include  
[3.618s] -- Using all available rosidl_typesupport_cpp: rosidl_typesupport_fastrtps_cpp;rosidl_typesupport_introspection_cpp
[3.907s] -- Found rmw_implementation_cmake: 1.0.4 (/opt/ros/foxy/share/rmw_implementation_cmake/cmake)
[3.915s] -- Using RMW implementation 'rmw_fastrtps_cpp' as default
[3.928s] -- Looking for pthread.h
[4.226s] -- Looking for pthread.h - found
[4.226s] -- Performing Test CMAKE_HAVE_LIBC_PTHREAD
[4.394s] -- Performing Test CMAKE_HAVE_LIBC_PTHREAD - Failed
[4.394s] -- Looking for pthread_create in pthreads
[4.572s] -- Looking for pthread_create in pthreads - not found
[4.572s] -- Looking for pthread_create in pthread
[4.996s] -- Looking for pthread_create in pthread - found
[5.033s] -- Found Threads: TRUE  
[5.493s] -- Found nav_msgs: 2.0.5 (/opt/ros/foxy/share/nav_msgs/cmake)
[6.227s] -- Found sensor_msgs: 2.0.5 (/opt/ros/foxy/share/sensor_msgs/cmake)
[6.475s] -- Found visualization_msgs: 2.0.5 (/opt/ros/foxy/share/visualization_msgs/cmake)
[6.609s] -- Found tf2: 0.13.14 (/opt/ros/foxy/share/tf2/cmake)
[6.660s] -- Found tf2_geometry_msgs: 0.13.14 (/opt/ros/foxy/share/tf2_geometry_msgs/cmake)
[6.701s] -- Found eigen3_cmake_module: 0.1.1 (/opt/ros/foxy/share/eigen3_cmake_module/cmake)
[6.720s] -- Found Eigen3: TRUE (found version "3.3.7") 
[7.621s] -- Configuring done
[7.646s] -- Generating done
[7.659s] -- Build files have been written to: /home/pritismankar/ros2_ws/build/my_fusion
[7.692s] Invoked command in '/home/pritismankar/ros2_ws/build/my_fusion' returned '0': CMAKE_PREFIX_PATH=/opt/ros/foxy:${CMAKE_PREFIX_PATH} /usr/bin/cmake /home/pritismankar/ros2_ws/src/my_fusion -DAMENT_CMAKE_SYMLINK_INSTALL=1 -DCMAKE_INSTALL_PREFIX=/home/pritismankar/ros2_ws/install/my_fusion
[7.694s] Invoking command in '/home/pritismankar/ros2_ws/build/my_fusion': CMAKE_PREFIX_PATH=/opt/ros/foxy:${CMAKE_PREFIX_PATH} /usr/bin/cmake --build /home/pritismankar/ros2_ws/build/my_fusion -- -j4 -l4
[7.786s] [35m[1mScanning dependencies of target ekf_fusion_node[0m
[8.552s] [ 50%] [32mBuilding CXX object CMakeFiles/ekf_fusion_node.dir/src/ekf_fusion_node.cpp.o[0m
[24.284s] [100%] [32m[1mLinking CXX executable ekf_fusion_node[0m
[25.888s] [100%] Built target ekf_fusion_node
[25.996s] Invoked command in '/home/pritismankar/ros2_ws/build/my_fusion' returned '0': CMAKE_PREFIX_PATH=/opt/ros/foxy:${CMAKE_PREFIX_PATH} /usr/bin/cmake --build /home/pritismankar/ros2_ws/build/my_fusion -- -j4 -l4
[26.074s] Invoking command in '/home/pritismankar/ros2_ws/build/my_fusion': CMAKE_PREFIX_PATH=/opt/ros/foxy:${CMAKE_PREFIX_PATH} /usr/bin/cmake --install /home/pritismankar/ros2_ws/build/my_fusion
[26.124s] -- Install configuration: ""
[26.129s] -- Execute custom install script
[26.131s] -- Symlinking: /home/pritismankar/ros2_ws/install/my_fusion/lib/my_fusion/ekf_fusion_node
[26.175s] -- Symlinking: /home/pritismankar/ros2_ws/install/my_fusion/share/my_fusion/launch/fusion.launch.py
[26.227s] -- Symlinking: /home/pritismankar/ros2_ws/install/my_fusion/share/my_fusion/config/ekf.yaml
[26.296s] -- Symlinking: /home/pritismankar/ros2_ws/install/my_fusion/share/ament_index/resource_index/package_run_dependencies/my_fusion
[26.337s] -- Symlinking: /home/pritismankar/ros2_ws/install/my_fusion/share/ament_index/resource_index/parent_prefix_path/my_fusion
[26.389s] -- Symlinking: /home/pritismankar/ros2_ws/install/my_fusion/share/my_fusion/environment/ament_prefix_path.sh
[26.483s] -- Symlinking: /home/pritismankar/ros2_ws/install/my_fusion/share/my_fusion/environment/ament_prefix_path.dsv
[26.537s] -- Symlinking: /home/pritismankar/ros2_ws/install/my_fusion/share/my_fusion/environment/path.sh
[26.616s] -- Symlinking: /home/pritismankar/ros2_ws/install/my_fusion/share/my_fusion/environment/path.dsv
[26.646s] -- Symlinking: /home/pritismankar/ros2_ws/install/my_fusion/share/my_fusion/local_setup.bash
[26.670s] -- Symlinking: /home/pritismankar/ros2_ws/install/my_fusion/share/my_fusion/local_setup.sh
[26.694s] -- Symlinking: /home/pritismankar/ros2_ws/install/my_fusion/share/my_fusion/local_setup.zsh
[26.733s] -- Symlinking: /home/pritismankar/ros2_ws/install/my_fusion/share/my_fusion/local_setup.dsv
[26.784s] -- Symlinking: /home/pritismankar/ros2_ws/install/my_fusion/share/my_fusion/package.dsv
[26.867s] -- Symlinking: /home/pritismankar/ros2_ws/install/my_fusion/share/ament_index/resource_index/packages/my_fusion
[26.977s] -- Symlinking: /home/pritismankar/ros2_ws/install/my_fusion/share/my_fusion/cmake/my_fusionConfig.cmake
[27.032s] -- Symlinking: /home/pritismankar/ros2_ws/install/my_fusion/share/my_fusion/cmake/my_fusionConfig-version.cmake
[27.062s] -- Symlinking: /home/pritismankar/ros2_ws/install/my_fusion/share/my_fusion/package.xml
[27.101s] -- Installing: /home/pritismankar/ros2_ws/install/my_fusion/lib/my_fusion/scripts
[27.119s] -- Installing: /home/pritismankar/ros2_ws/install/my_fusion/lib/my_fusion/scripts/plot_odom.py
[27.121s] Invoked command in '/home/pritismankar/ros2_ws/build/my_fusion' returned '0': CMAKE_PREFIX_PATH=/opt/ros/foxy:${CMAKE_PREFIX_PATH} /usr/bin/cmake --install /home/pritismankar/ros2_ws/build/my_fusion
