[0.036s] Invoking command in '/home/pritismankar/ros2_ws/build/my_fusion': CMAKE_PREFIX_PATH=/home/pritismankar/ros2_ws/install/my_odometry:/home/pritismankar/ros2_ws/install/my_fusion:/home/pritismankar/ros2_ws/install/my_simulation:/home/pritismankar/ros2_ws/install/my_robot_description:/opt/ros/foxy:/home/pritismankar/catkin_ws/devel:/opt/ros/noetic /usr/bin/cmake /home/pritismankar/ros2_ws/src/my_fusion -DAMENT_CMAKE_SYMLINK_INSTALL=1 -DCMAKE_INSTALL_PREFIX=/home/pritismankar/ros2_ws/install/my_fusion
[0.408s] -- The C compiler identification is GNU 9.4.0
[0.454s] -- The CXX compiler identification is GNU 9.4.0
[0.464s] -- Check for working C compiler: /usr/bin/cc
[0.597s] -- Check for working C compiler: /usr/bin/cc -- works
[0.599s] -- Detecting C compiler ABI info
[0.758s] -- Detecting C compiler ABI info - done
[0.773s] -- Detecting C compile features
[0.773s] -- Detecting C compile features - done
[0.780s] -- Check for working CXX compiler: /usr/bin/c++
[0.899s] -- Check for working CXX compiler: /usr/bin/c++ -- works
[0.900s] -- Detecting CXX compiler ABI info
[1.044s] -- Detecting CXX compiler ABI info - done
[1.061s] -- Detecting CXX compile features
[1.063s] -- Detecting CXX compile features - done
[1.092s] -- Found ament_cmake: 0.9.12 (/opt/ros/foxy/share/ament_cmake/cmake)
[1.167s] -- Found PythonInterp: /usr/bin/python3 (found suitable version "3.8.10", minimum required is "3") 
[1.167s] -- Using PYTHON_EXECUTABLE: /usr/bin/python3
[1.410s] -- Override CMake install command with custom implementation using symlinks instead of copying resources
[1.511s] -- Found rclcpp: 2.4.3 (/opt/ros/foxy/share/rclcpp/cmake)
[1.703s] -- Using all available rosidl_typesupport_c: rosidl_typesupport_fastrtps_c;rosidl_typesupport_introspection_c
[1.727s] -- Found rosidl_adapter: 1.3.1 (/opt/ros/foxy/share/rosidl_adapter/cmake)
[1.962s] -- Found OpenSSL: /usr/lib/x86_64-linux-gnu/libcrypto.so (found version "1.1.1f")  
[2.027s] -- Found FastRTPS: /opt/ros/foxy/include  
[2.259s] -- Using all available rosidl_typesupport_cpp: rosidl_typesupport_fastrtps_cpp;rosidl_typesupport_introspection_cpp
[2.407s] -- Found rmw_implementation_cmake: 1.0.4 (/opt/ros/foxy/share/rmw_implementation_cmake/cmake)
[2.416s] -- Using RMW implementation 'rmw_fastrtps_cpp' as default
[2.424s] -- Looking for pthread.h
[2.528s] -- Looking for pthread.h - found
[2.528s] -- Performing Test CMAKE_HAVE_LIBC_PTHREAD
[2.659s] -- Performing Test CMAKE_HAVE_LIBC_PTHREAD - Failed
[2.660s] -- Looking for pthread_create in pthreads
[2.761s] -- Looking for pthread_create in pthreads - not found
[2.761s] -- Looking for pthread_create in pthread
[2.863s] -- Looking for pthread_create in pthread - found
[2.864s] -- Found Threads: TRUE  
[3.132s] -- Found nav_msgs: 2.0.5 (/opt/ros/foxy/share/nav_msgs/cmake)
[3.301s] -- Found sensor_msgs: 2.0.5 (/opt/ros/foxy/share/sensor_msgs/cmake)
[3.386s] -- Found visualization_msgs: 2.0.5 (/opt/ros/foxy/share/visualization_msgs/cmake)
[3.486s] -- Found tf2: 0.13.14 (/opt/ros/foxy/share/tf2/cmake)
[3.511s] -- Found tf2_geometry_msgs: 0.13.14 (/opt/ros/foxy/share/tf2_geometry_msgs/cmake)
[3.526s] -- Found eigen3_cmake_module: 0.1.1 (/opt/ros/foxy/share/eigen3_cmake_module/cmake)
[3.536s] -- Found Eigen3: TRUE (found version "3.3.7") 
[4.206s] -- Configuring done
[4.216s] -- Generating done
[4.224s] -- Build files have been written to: /home/pritismankar/ros2_ws/build/my_fusion
[4.237s] Invoked command in '/home/pritismankar/ros2_ws/build/my_fusion' returned '0': CMAKE_PREFIX_PATH=/home/pritismankar/ros2_ws/install/my_odometry:/home/pritismankar/ros2_ws/install/my_fusion:/home/pritismankar/ros2_ws/install/my_simulation:/home/pritismankar/ros2_ws/install/my_robot_description:/opt/ros/foxy:/home/pritismankar/catkin_ws/devel:/opt/ros/noetic /usr/bin/cmake /home/pritismankar/ros2_ws/src/my_fusion -DAMENT_CMAKE_SYMLINK_INSTALL=1 -DCMAKE_INSTALL_PREFIX=/home/pritismankar/ros2_ws/install/my_fusion
[4.241s] Invoking command in '/home/pritismankar/ros2_ws/build/my_fusion': CMAKE_PREFIX_PATH=/home/pritismankar/ros2_ws/install/my_odometry:/home/pritismankar/ros2_ws/install/my_fusion:/home/pritismankar/ros2_ws/install/my_simulation:/home/pritismankar/ros2_ws/install/my_robot_description:/opt/ros/foxy:/home/pritismankar/catkin_ws/devel:/opt/ros/noetic /usr/bin/cmake --build /home/pritismankar/ros2_ws/build/my_fusion -- -j4 -l4
[4.304s] [35m[1mScanning dependencies of target ekf_fusion_node[0m
[4.464s] [ 50%] [32mBuilding CXX object CMakeFiles/ekf_fusion_node.dir/src/ekf_fusion_node.cpp.o[0m
[21.350s] [100%] [32m[1mLinking CXX executable ekf_fusion_node[0m
[22.028s] [100%] Built target ekf_fusion_node
[22.046s] Invoked command in '/home/pritismankar/ros2_ws/build/my_fusion' returned '0': CMAKE_PREFIX_PATH=/home/pritismankar/ros2_ws/install/my_odometry:/home/pritismankar/ros2_ws/install/my_fusion:/home/pritismankar/ros2_ws/install/my_simulation:/home/pritismankar/ros2_ws/install/my_robot_description:/opt/ros/foxy:/home/pritismankar/catkin_ws/devel:/opt/ros/noetic /usr/bin/cmake --build /home/pritismankar/ros2_ws/build/my_fusion -- -j4 -l4
[22.087s] Invoking command in '/home/pritismankar/ros2_ws/build/my_fusion': CMAKE_PREFIX_PATH=/home/pritismankar/ros2_ws/install/my_odometry:/home/pritismankar/ros2_ws/install/my_fusion:/home/pritismankar/ros2_ws/install/my_simulation:/home/pritismankar/ros2_ws/install/my_robot_description:/opt/ros/foxy:/home/pritismankar/catkin_ws/devel:/opt/ros/noetic /usr/bin/cmake --install /home/pritismankar/ros2_ws/build/my_fusion
[22.115s] -- Install configuration: ""
[22.115s] -- Execute custom install script
[22.115s] -- Symlinking: /home/pritismankar/ros2_ws/install/my_fusion/lib/my_fusion/ekf_fusion_node
[22.127s] -- Symlinking: /home/pritismankar/ros2_ws/install/my_fusion/share/my_fusion/launch/fusion.launch.py
[22.139s] -- Symlinking: /home/pritismankar/ros2_ws/install/my_fusion/share/my_fusion/launch/fusion_with_lidar.launch.py
[22.151s] -- Symlinking: /home/pritismankar/ros2_ws/install/my_fusion/share/my_fusion/config/ekf.yaml
[22.171s] -- Symlinking: /home/pritismankar/ros2_ws/install/my_fusion/share/ament_index/resource_index/package_run_dependencies/my_fusion
[22.200s] -- Symlinking: /home/pritismankar/ros2_ws/install/my_fusion/share/ament_index/resource_index/parent_prefix_path/my_fusion
[22.221s] -- Symlinking: /home/pritismankar/ros2_ws/install/my_fusion/share/my_fusion/environment/ament_prefix_path.sh
[22.243s] -- Symlinking: /home/pritismankar/ros2_ws/install/my_fusion/share/my_fusion/environment/ament_prefix_path.dsv
[22.281s] -- Symlinking: /home/pritismankar/ros2_ws/install/my_fusion/share/my_fusion/environment/path.sh
[22.320s] -- Symlinking: /home/pritismankar/ros2_ws/install/my_fusion/share/my_fusion/environment/path.dsv
[22.333s] -- Symlinking: /home/pritismankar/ros2_ws/install/my_fusion/share/my_fusion/local_setup.bash
[22.349s] -- Symlinking: /home/pritismankar/ros2_ws/install/my_fusion/share/my_fusion/local_setup.sh
[22.363s] -- Symlinking: /home/pritismankar/ros2_ws/install/my_fusion/share/my_fusion/local_setup.zsh
[22.407s] -- Symlinking: /home/pritismankar/ros2_ws/install/my_fusion/share/my_fusion/local_setup.dsv
[22.417s] -- Symlinking: /home/pritismankar/ros2_ws/install/my_fusion/share/my_fusion/package.dsv
[22.439s] -- Symlinking: /home/pritismankar/ros2_ws/install/my_fusion/share/ament_index/resource_index/packages/my_fusion
[22.458s] -- Symlinking: /home/pritismankar/ros2_ws/install/my_fusion/share/my_fusion/cmake/my_fusionConfig.cmake
[22.480s] -- Symlinking: /home/pritismankar/ros2_ws/install/my_fusion/share/my_fusion/cmake/my_fusionConfig-version.cmake
[22.503s] -- Symlinking: /home/pritismankar/ros2_ws/install/my_fusion/share/my_fusion/package.xml
[22.522s] -- Installing: /home/pritismankar/ros2_ws/install/my_fusion/lib/my_fusion/scripts
[22.522s] -- Installing: /home/pritismankar/ros2_ws/install/my_fusion/lib/my_fusion/scripts/plot_odom.py
[22.532s] Invoked command in '/home/pritismankar/ros2_ws/build/my_fusion' returned '0': CMAKE_PREFIX_PATH=/home/pritismankar/ros2_ws/install/my_odometry:/home/pritismankar/ros2_ws/install/my_fusion:/home/pritismankar/ros2_ws/install/my_simulation:/home/pritismankar/ros2_ws/install/my_robot_description:/opt/ros/foxy:/home/pritismankar/catkin_ws/devel:/opt/ros/noetic /usr/bin/cmake --install /home/pritismankar/ros2_ws/build/my_fusion
