[0.620s] Invoking command in '/home/pritismankar/ros2_ws/build/my_slam': PYTHONPATH=/home/pritismankar/ros2_ws/build/my_slam/prefix_override:/usr/lib/python3/dist-packages/colcon_core/task/python/colcon_distutils_commands:/home/pritismankar/ros2_ws/install/my_slam/lib/python3.8/site-packages:${PYTHONPATH} /usr/bin/python3 -W ignore:setup.py install is deprecated -W ignore:easy_install command is deprecated setup.py develop --editable --build-directory /home/pritismankar/ros2_ws/build/my_slam/build --no-deps symlink_data --force
[0.787s] running develop
[0.867s] running egg_info
[0.867s] writing my_slam.egg-info/PKG-INFO
[0.868s] writing dependency_links to my_slam.egg-info/dependency_links.txt
[0.869s] writing entry points to my_slam.egg-info/entry_points.txt
[0.870s] writing requirements to my_slam.egg-info/requires.txt
[0.871s] writing top-level names to my_slam.egg-info/top_level.txt
[0.903s] reading manifest file 'my_slam.egg-info/SOURCES.txt'
[0.904s] writing manifest file 'my_slam.egg-info/SOURCES.txt'
[0.927s] running build_ext
[0.928s] Creating /home/pritismankar/ros2_ws/install/my_slam/lib/python3.8/site-packages/my-slam.egg-link (link to .)
[0.929s] Installing map_builder script to /home/pritismankar/ros2_ws/install/my_slam/lib/my_slam
[0.930s] Installing scan_matcher script to /home/pritismankar/ros2_ws/install/my_slam/lib/my_slam
[0.930s] 
[0.930s] Installed /home/pritismankar/ros2_ws/build/my_slam
[0.930s] running symlink_data
[0.930s] symbolically linking /home/pritismankar/ros2_ws/build/my_slam/resource/my_slam -> /home/pritismankar/ros2_ws/install/my_slam/share/ament_index/resource_index/packages
[0.931s] symbolically linking /home/pritismankar/ros2_ws/build/my_slam/package.xml -> /home/pritismankar/ros2_ws/install/my_slam/share/my_slam
[0.961s] Invoked command in '/home/pritismankar/ros2_ws/build/my_slam' returned '0': PYTHONPATH=/home/pritismankar/ros2_ws/build/my_slam/prefix_override:/usr/lib/python3/dist-packages/colcon_core/task/python/colcon_distutils_commands:/home/pritismankar/ros2_ws/install/my_slam/lib/python3.8/site-packages:${PYTHONPATH} /usr/bin/python3 -W ignore:setup.py install is deprecated -W ignore:easy_install command is deprecated setup.py develop --editable --build-directory /home/pritismankar/ros2_ws/build/my_slam/build --no-deps symlink_data --force
