[1.516s] Invoking command in '/home/pritismankar/ros2_ws/src/my_odometry': PYTHONPATH=/home/pritismankar/ros2_ws/build/my_odometry/prefix_override:/usr/lib/python3/dist-packages/colcon_core/task/python/colcon_distutils_commands:/home/pritismankar/ros2_ws/install/my_odometry/lib/python3.8/site-packages:${PYTHONPATH} /usr/bin/python3 -W ignore:setup.py install is deprecated -W ignore:easy_install command is deprecated setup.py egg_info --egg-base ../../build/my_odometry build --build-base /home/pritismankar/ros2_ws/build/my_odometry/build install --record /home/pritismankar/ros2_ws/build/my_odometry/install.log --install-scripts $base/lib/my_odometry --single-version-externally-managed install_data
[1.828s] running egg_info
[1.830s] writing ../../build/my_odometry/my_odometry.egg-info/PKG-INFO
[1.830s] writing dependency_links to ../../build/my_odometry/my_odometry.egg-info/dependency_links.txt
[1.831s] writing entry points to ../../build/my_odometry/my_odometry.egg-info/entry_points.txt
[1.831s] writing top-level names to ../../build/my_odometry/my_odometry.egg-info/top_level.txt
[1.891s] reading manifest file '../../build/my_odometry/my_odometry.egg-info/SOURCES.txt'
[1.893s] writing manifest file '../../build/my_odometry/my_odometry.egg-info/SOURCES.txt'
[1.895s] running build
[1.895s] running build_py
[1.897s] running install
[1.902s] running install_lib
[1.914s] running install_data
[1.915s] running install_egg_info
[1.918s] removing '/home/pritismankar/ros2_ws/install/my_odometry/lib/python3.8/site-packages/my_odometry-0.0.0-py3.8.egg-info' (and everything under it)
[1.918s] Copying ../../build/my_odometry/my_odometry.egg-info to /home/pritismankar/ros2_ws/install/my_odometry/lib/python3.8/site-packages/my_odometry-0.0.0-py3.8.egg-info
[1.919s] running install_scripts
[1.944s] Installing encoder_odom script to /home/pritismankar/ros2_ws/install/my_odometry/lib/my_odometry
[1.945s] Installing imu_odom script to /home/pritismankar/ros2_ws/install/my_odometry/lib/my_odometry
[1.950s] Installing move_robot script to /home/pritismankar/ros2_ws/install/my_odometry/lib/my_odometry
[1.952s] writing list of installed files to '/home/pritismankar/ros2_ws/build/my_odometry/install.log'
[2.268s] Invoked command in '/home/pritismankar/ros2_ws/src/my_odometry' returned '0': PYTHONPATH=/home/pritismankar/ros2_ws/build/my_odometry/prefix_override:/usr/lib/python3/dist-packages/colcon_core/task/python/colcon_distutils_commands:/home/pritismankar/ros2_ws/install/my_odometry/lib/python3.8/site-packages:${PYTHONPATH} /usr/bin/python3 -W ignore:setup.py install is deprecated -W ignore:easy_install command is deprecated setup.py egg_info --egg-base ../../build/my_odometry build --build-base /home/pritismankar/ros2_ws/build/my_odometry/build install --record /home/pritismankar/ros2_ws/build/my_odometry/install.log --install-scripts $base/lib/my_odometry --single-version-externally-managed install_data
