[0.114s] DEBUG:colcon:Command line arguments: ['/usr/bin/colcon', 'build', '--symlink-install']
[0.114s] DEBUG:colcon:Parsed command line arguments: Namespace(allow_overriding=[], ament_cmake_args=None, base_paths=['.'], build_base='build', catkin_cmake_args=None, catkin_skip_building_tests=False, cmake_args=None, cmake_clean_cache=False, cmake_clean_first=False, cmake_force_configure=False, cmake_target=None, cmake_target_skip_unavailable=False, continue_on_error=False, event_handlers=None, executor='parallel', ignore_user_meta=False, install_base='install', log_base=None, log_level=None, main=<bound method BuildVerb.main of <colcon_core.verb.build.BuildVerb object at 0x7f66a96e8f10>>, merge_install=False, metas=['./colcon.meta'], packages_above=None, packages_above_and_dependencies=None, packages_above_depth=None, packages_end=None, packages_ignore=None, packages_ignore_regex=None, packages_select=None, packages_select_build_failed=False, packages_select_by_dep=None, packages_select_regex=None, packages_select_test_failures=False, packages_skip=None, packages_skip_build_finished=False, packages_skip_by_dep=None, packages_skip_regex=None, packages_skip_test_passed=False, packages_skip_up_to=None, packages_start=None, packages_up_to=None, packages_up_to_regex=None, parallel_workers=4, paths=None, symlink_install=True, test_result_base=None, verb_extension=<colcon_core.verb.build.BuildVerb object at 0x7f66a96e8f10>, verb_name='build', verb_parser=<colcon_defaults.argument_parser.defaults.DefaultArgumentsDecorator object at 0x7f66a96f33a0>)
[0.196s] Level 1:colcon.colcon_core.package_discovery:discover_packages(colcon_meta) check parameters
[0.196s] Level 1:colcon.colcon_core.package_discovery:discover_packages(recursive) check parameters
[0.196s] Level 1:colcon.colcon_core.package_discovery:discover_packages(ignore) check parameters
[0.196s] Level 1:colcon.colcon_core.package_discovery:discover_packages(path) check parameters
[0.196s] Level 1:colcon.colcon_core.package_discovery:discover_packages(colcon_meta) discover
[0.196s] Level 1:colcon.colcon_core.package_discovery:discover_packages(recursive) discover
[0.196s] INFO:colcon.colcon_core.package_discovery:Crawling recursively for packages in '/home/pritismankar/ros2_ws'
[0.197s] Level 1:colcon.colcon_core.package_identification:_identify(.) by extensions ['ignore', 'ignore_ament_install']
[0.197s] Level 1:colcon.colcon_core.package_identification:_identify(.) by extension 'ignore'
[0.197s] Level 1:colcon.colcon_core.package_identification:_identify(.) by extension 'ignore_ament_install'
[0.197s] Level 1:colcon.colcon_core.package_identification:_identify(.) by extensions ['colcon_pkg']
[0.197s] Level 1:colcon.colcon_core.package_identification:_identify(.) by extension 'colcon_pkg'
[0.197s] Level 1:colcon.colcon_core.package_identification:_identify(.) by extensions ['colcon_meta']
[0.197s] Level 1:colcon.colcon_core.package_identification:_identify(.) by extension 'colcon_meta'
[0.197s] Level 1:colcon.colcon_core.package_identification:_identify(.) by extensions ['ros']
[0.197s] Level 1:colcon.colcon_core.package_identification:_identify(.) by extension 'ros'
[0.211s] Level 1:colcon.colcon_core.package_identification:_identify(.) by extensions ['cmake', 'python']
[0.211s] Level 1:colcon.colcon_core.package_identification:_identify(.) by extension 'cmake'
[0.211s] Level 1:colcon.colcon_core.package_identification:_identify(.) by extension 'python'
[0.211s] Level 1:colcon.colcon_core.package_identification:_identify(.) by extensions ['python_setup_py']
[0.211s] Level 1:colcon.colcon_core.package_identification:_identify(.) by extension 'python_setup_py'
[0.211s] Level 1:colcon.colcon_core.package_identification:_identify(build) by extensions ['ignore', 'ignore_ament_install']
[0.212s] Level 1:colcon.colcon_core.package_identification:_identify(build) by extension 'ignore'
[0.212s] Level 1:colcon.colcon_core.package_identification:_identify(build) ignored
[0.212s] Level 1:colcon.colcon_core.package_identification:_identify(install) by extensions ['ignore', 'ignore_ament_install']
[0.212s] Level 1:colcon.colcon_core.package_identification:_identify(install) by extension 'ignore'
[0.212s] Level 1:colcon.colcon_core.package_identification:_identify(install) ignored
[0.212s] Level 1:colcon.colcon_core.package_identification:_identify(log) by extensions ['ignore', 'ignore_ament_install']
[0.212s] Level 1:colcon.colcon_core.package_identification:_identify(log) by extension 'ignore'
[0.212s] Level 1:colcon.colcon_core.package_identification:_identify(log) ignored
[0.212s] Level 1:colcon.colcon_core.package_identification:_identify(src) by extensions ['ignore', 'ignore_ament_install']
[0.212s] Level 1:colcon.colcon_core.package_identification:_identify(src) by extension 'ignore'
[0.212s] Level 1:colcon.colcon_core.package_identification:_identify(src) by extension 'ignore_ament_install'
[0.212s] Level 1:colcon.colcon_core.package_identification:_identify(src) by extensions ['colcon_pkg']
[0.212s] Level 1:colcon.colcon_core.package_identification:_identify(src) by extension 'colcon_pkg'
[0.212s] Level 1:colcon.colcon_core.package_identification:_identify(src) by extensions ['colcon_meta']
[0.212s] Level 1:colcon.colcon_core.package_identification:_identify(src) by extension 'colcon_meta'
[0.212s] Level 1:colcon.colcon_core.package_identification:_identify(src) by extensions ['ros']
[0.212s] Level 1:colcon.colcon_core.package_identification:_identify(src) by extension 'ros'
[0.212s] Level 1:colcon.colcon_core.package_identification:_identify(src) by extensions ['cmake', 'python']
[0.212s] Level 1:colcon.colcon_core.package_identification:_identify(src) by extension 'cmake'
[0.212s] Level 1:colcon.colcon_core.package_identification:_identify(src) by extension 'python'
[0.212s] Level 1:colcon.colcon_core.package_identification:_identify(src) by extensions ['python_setup_py']
[0.212s] Level 1:colcon.colcon_core.package_identification:_identify(src) by extension 'python_setup_py'
[0.212s] Level 1:colcon.colcon_core.package_identification:_identify(src/my_fusion) by extensions ['ignore', 'ignore_ament_install']
[0.212s] Level 1:colcon.colcon_core.package_identification:_identify(src/my_fusion) by extension 'ignore'
[0.212s] Level 1:colcon.colcon_core.package_identification:_identify(src/my_fusion) by extension 'ignore_ament_install'
[0.212s] Level 1:colcon.colcon_core.package_identification:_identify(src/my_fusion) by extensions ['colcon_pkg']
[0.212s] Level 1:colcon.colcon_core.package_identification:_identify(src/my_fusion) by extension 'colcon_pkg'
[0.212s] Level 1:colcon.colcon_core.package_identification:_identify(src/my_fusion) by extensions ['colcon_meta']
[0.212s] Level 1:colcon.colcon_core.package_identification:_identify(src/my_fusion) by extension 'colcon_meta'
[0.212s] Level 1:colcon.colcon_core.package_identification:_identify(src/my_fusion) by extensions ['ros']
[0.212s] Level 1:colcon.colcon_core.package_identification:_identify(src/my_fusion) by extension 'ros'
[0.214s] DEBUG:colcon.colcon_core.package_identification:Package 'src/my_fusion' with type 'ros.ament_python' and name 'my_fusion'
[0.214s] Level 1:colcon.colcon_core.package_identification:_identify(src/my_odometry) by extensions ['ignore', 'ignore_ament_install']
[0.214s] Level 1:colcon.colcon_core.package_identification:_identify(src/my_odometry) by extension 'ignore'
[0.214s] Level 1:colcon.colcon_core.package_identification:_identify(src/my_odometry) by extension 'ignore_ament_install'
[0.214s] Level 1:colcon.colcon_core.package_identification:_identify(src/my_odometry) by extensions ['colcon_pkg']
[0.214s] Level 1:colcon.colcon_core.package_identification:_identify(src/my_odometry) by extension 'colcon_pkg'
[0.214s] Level 1:colcon.colcon_core.package_identification:_identify(src/my_odometry) by extensions ['colcon_meta']
[0.214s] Level 1:colcon.colcon_core.package_identification:_identify(src/my_odometry) by extension 'colcon_meta'
[0.214s] Level 1:colcon.colcon_core.package_identification:_identify(src/my_odometry) by extensions ['ros']
[0.214s] Level 1:colcon.colcon_core.package_identification:_identify(src/my_odometry) by extension 'ros'
[0.215s] DEBUG:colcon.colcon_core.package_identification:Package 'src/my_odometry' with type 'ros.ament_python' and name 'my_odometry'
[0.215s] Level 1:colcon.colcon_core.package_identification:_identify(src/my_robot_description) by extensions ['ignore', 'ignore_ament_install']
[0.215s] Level 1:colcon.colcon_core.package_identification:_identify(src/my_robot_description) by extension 'ignore'
[0.215s] Level 1:colcon.colcon_core.package_identification:_identify(src/my_robot_description) by extension 'ignore_ament_install'
[0.215s] Level 1:colcon.colcon_core.package_identification:_identify(src/my_robot_description) by extensions ['colcon_pkg']
[0.216s] Level 1:colcon.colcon_core.package_identification:_identify(src/my_robot_description) by extension 'colcon_pkg'
[0.216s] Level 1:colcon.colcon_core.package_identification:_identify(src/my_robot_description) by extensions ['colcon_meta']
[0.216s] Level 1:colcon.colcon_core.package_identification:_identify(src/my_robot_description) by extension 'colcon_meta'
[0.216s] Level 1:colcon.colcon_core.package_identification:_identify(src/my_robot_description) by extensions ['ros']
[0.216s] Level 1:colcon.colcon_core.package_identification:_identify(src/my_robot_description) by extension 'ros'
[0.216s] DEBUG:colcon.colcon_core.package_identification:Package 'src/my_robot_description' with type 'ros.ament_python' and name 'my_robot_description'
[0.216s] Level 1:colcon.colcon_core.package_identification:_identify(src/my_simulation) by extensions ['ignore', 'ignore_ament_install']
[0.216s] Level 1:colcon.colcon_core.package_identification:_identify(src/my_simulation) by extension 'ignore'
[0.216s] Level 1:colcon.colcon_core.package_identification:_identify(src/my_simulation) by extension 'ignore_ament_install'
[0.216s] Level 1:colcon.colcon_core.package_identification:_identify(src/my_simulation) by extensions ['colcon_pkg']
[0.216s] Level 1:colcon.colcon_core.package_identification:_identify(src/my_simulation) by extension 'colcon_pkg'
[0.216s] Level 1:colcon.colcon_core.package_identification:_identify(src/my_simulation) by extensions ['colcon_meta']
[0.216s] Level 1:colcon.colcon_core.package_identification:_identify(src/my_simulation) by extension 'colcon_meta'
[0.216s] Level 1:colcon.colcon_core.package_identification:_identify(src/my_simulation) by extensions ['ros']
[0.216s] Level 1:colcon.colcon_core.package_identification:_identify(src/my_simulation) by extension 'ros'
[0.217s] DEBUG:colcon.colcon_core.package_identification:Package 'src/my_simulation' with type 'ros.ament_python' and name 'my_simulation'
[0.217s] Level 1:colcon.colcon_core.package_identification:_identify(src/my_slam) by extensions ['ignore', 'ignore_ament_install']
[0.217s] Level 1:colcon.colcon_core.package_identification:_identify(src/my_slam) by extension 'ignore'
[0.217s] Level 1:colcon.colcon_core.package_identification:_identify(src/my_slam) by extension 'ignore_ament_install'
[0.217s] Level 1:colcon.colcon_core.package_identification:_identify(src/my_slam) by extensions ['colcon_pkg']
[0.217s] Level 1:colcon.colcon_core.package_identification:_identify(src/my_slam) by extension 'colcon_pkg'
[0.217s] Level 1:colcon.colcon_core.package_identification:_identify(src/my_slam) by extensions ['colcon_meta']
[0.217s] Level 1:colcon.colcon_core.package_identification:_identify(src/my_slam) by extension 'colcon_meta'
[0.217s] Level 1:colcon.colcon_core.package_identification:_identify(src/my_slam) by extensions ['ros']
[0.217s] Level 1:colcon.colcon_core.package_identification:_identify(src/my_slam) by extension 'ros'
[0.217s] DEBUG:colcon.colcon_core.package_identification:Package 'src/my_slam' with type 'ros.ament_python' and name 'my_slam'
[0.217s] Level 1:colcon.colcon_core.package_discovery:discover_packages(recursive) using defaults
[0.217s] Level 1:colcon.colcon_core.package_discovery:discover_packages(ignore) discover
[0.217s] Level 1:colcon.colcon_core.package_discovery:discover_packages(ignore) using defaults
[0.217s] Level 1:colcon.colcon_core.package_discovery:discover_packages(path) discover
[0.217s] Level 1:colcon.colcon_core.package_discovery:discover_packages(path) using defaults
[0.237s] Level 1:colcon.colcon_core.package_discovery:discover_packages(prefix_path) check parameters
[0.237s] Level 1:colcon.colcon_core.package_discovery:discover_packages(prefix_path) discover
[0.238s] DEBUG:colcon.colcon_installed_package_information.package_discovery:Found 5 installed packages in /home/pritismankar/ros2_ws/install
[0.238s] DEBUG:colcon.colcon_installed_package_information.package_discovery:Found 266 installed packages in /opt/ros/foxy
[0.239s] Level 1:colcon.colcon_core.package_discovery:discover_packages(prefix_path) using defaults
[0.269s] Level 5:colcon.colcon_core.verb:set package 'my_fusion' build argument 'cmake_args' from command line to 'None'
[0.269s] Level 5:colcon.colcon_core.verb:set package 'my_fusion' build argument 'cmake_target' from command line to 'None'
[0.269s] Level 5:colcon.colcon_core.verb:set package 'my_fusion' build argument 'cmake_target_skip_unavailable' from command line to 'False'
[0.269s] Level 5:colcon.colcon_core.verb:set package 'my_fusion' build argument 'cmake_clean_cache' from command line to 'False'
[0.269s] Level 5:colcon.colcon_core.verb:set package 'my_fusion' build argument 'cmake_clean_first' from command line to 'False'
[0.269s] Level 5:colcon.colcon_core.verb:set package 'my_fusion' build argument 'cmake_force_configure' from command line to 'False'
[0.269s] Level 5:colcon.colcon_core.verb:set package 'my_fusion' build argument 'ament_cmake_args' from command line to 'None'
[0.269s] Level 5:colcon.colcon_core.verb:set package 'my_fusion' build argument 'catkin_cmake_args' from command line to 'None'
[0.269s] Level 5:colcon.colcon_core.verb:set package 'my_fusion' build argument 'catkin_skip_building_tests' from command line to 'False'
[0.269s] DEBUG:colcon.colcon_core.verb:Building package 'my_fusion' with the following arguments: {'ament_cmake_args': None, 'build_base': '/home/pritismankar/ros2_ws/build/my_fusion', 'catkin_cmake_args': None, 'catkin_skip_building_tests': False, 'cmake_args': None, 'cmake_clean_cache': False, 'cmake_clean_first': False, 'cmake_force_configure': False, 'cmake_target': None, 'cmake_target_skip_unavailable': False, 'install_base': '/home/pritismankar/ros2_ws/install/my_fusion', 'merge_install': False, 'path': '/home/pritismankar/ros2_ws/src/my_fusion', 'symlink_install': True, 'test_result_base': None}
[0.269s] Level 5:colcon.colcon_core.verb:set package 'my_odometry' build argument 'cmake_args' from command line to 'None'
[0.269s] Level 5:colcon.colcon_core.verb:set package 'my_odometry' build argument 'cmake_target' from command line to 'None'
[0.269s] Level 5:colcon.colcon_core.verb:set package 'my_odometry' build argument 'cmake_target_skip_unavailable' from command line to 'False'
[0.269s] Level 5:colcon.colcon_core.verb:set package 'my_odometry' build argument 'cmake_clean_cache' from command line to 'False'
[0.269s] Level 5:colcon.colcon_core.verb:set package 'my_odometry' build argument 'cmake_clean_first' from command line to 'False'
[0.269s] Level 5:colcon.colcon_core.verb:set package 'my_odometry' build argument 'cmake_force_configure' from command line to 'False'
[0.269s] Level 5:colcon.colcon_core.verb:set package 'my_odometry' build argument 'ament_cmake_args' from command line to 'None'
[0.269s] Level 5:colcon.colcon_core.verb:set package 'my_odometry' build argument 'catkin_cmake_args' from command line to 'None'
[0.269s] Level 5:colcon.colcon_core.verb:set package 'my_odometry' build argument 'catkin_skip_building_tests' from command line to 'False'
[0.269s] DEBUG:colcon.colcon_core.verb:Building package 'my_odometry' with the following arguments: {'ament_cmake_args': None, 'build_base': '/home/pritismankar/ros2_ws/build/my_odometry', 'catkin_cmake_args': None, 'catkin_skip_building_tests': False, 'cmake_args': None, 'cmake_clean_cache': False, 'cmake_clean_first': False, 'cmake_force_configure': False, 'cmake_target': None, 'cmake_target_skip_unavailable': False, 'install_base': '/home/pritismankar/ros2_ws/install/my_odometry', 'merge_install': False, 'path': '/home/pritismankar/ros2_ws/src/my_odometry', 'symlink_install': True, 'test_result_base': None}
[0.269s] Level 5:colcon.colcon_core.verb:set package 'my_robot_description' build argument 'cmake_args' from command line to 'None'
[0.269s] Level 5:colcon.colcon_core.verb:set package 'my_robot_description' build argument 'cmake_target' from command line to 'None'
[0.269s] Level 5:colcon.colcon_core.verb:set package 'my_robot_description' build argument 'cmake_target_skip_unavailable' from command line to 'False'
[0.269s] Level 5:colcon.colcon_core.verb:set package 'my_robot_description' build argument 'cmake_clean_cache' from command line to 'False'
[0.269s] Level 5:colcon.colcon_core.verb:set package 'my_robot_description' build argument 'cmake_clean_first' from command line to 'False'
[0.269s] Level 5:colcon.colcon_core.verb:set package 'my_robot_description' build argument 'cmake_force_configure' from command line to 'False'
[0.269s] Level 5:colcon.colcon_core.verb:set package 'my_robot_description' build argument 'ament_cmake_args' from command line to 'None'
[0.269s] Level 5:colcon.colcon_core.verb:set package 'my_robot_description' build argument 'catkin_cmake_args' from command line to 'None'
[0.269s] Level 5:colcon.colcon_core.verb:set package 'my_robot_description' build argument 'catkin_skip_building_tests' from command line to 'False'
[0.269s] DEBUG:colcon.colcon_core.verb:Building package 'my_robot_description' with the following arguments: {'ament_cmake_args': None, 'build_base': '/home/pritismankar/ros2_ws/build/my_robot_description', 'catkin_cmake_args': None, 'catkin_skip_building_tests': False, 'cmake_args': None, 'cmake_clean_cache': False, 'cmake_clean_first': False, 'cmake_force_configure': False, 'cmake_target': None, 'cmake_target_skip_unavailable': False, 'install_base': '/home/pritismankar/ros2_ws/install/my_robot_description', 'merge_install': False, 'path': '/home/pritismankar/ros2_ws/src/my_robot_description', 'symlink_install': True, 'test_result_base': None}
[0.269s] Level 5:colcon.colcon_core.verb:set package 'my_simulation' build argument 'cmake_args' from command line to 'None'
[0.269s] Level 5:colcon.colcon_core.verb:set package 'my_simulation' build argument 'cmake_target' from command line to 'None'
[0.269s] Level 5:colcon.colcon_core.verb:set package 'my_simulation' build argument 'cmake_target_skip_unavailable' from command line to 'False'
[0.269s] Level 5:colcon.colcon_core.verb:set package 'my_simulation' build argument 'cmake_clean_cache' from command line to 'False'
[0.269s] Level 5:colcon.colcon_core.verb:set package 'my_simulation' build argument 'cmake_clean_first' from command line to 'False'
[0.270s] Level 5:colcon.colcon_core.verb:set package 'my_simulation' build argument 'cmake_force_configure' from command line to 'False'
[0.270s] Level 5:colcon.colcon_core.verb:set package 'my_simulation' build argument 'ament_cmake_args' from command line to 'None'
[0.270s] Level 5:colcon.colcon_core.verb:set package 'my_simulation' build argument 'catkin_cmake_args' from command line to 'None'
[0.270s] Level 5:colcon.colcon_core.verb:set package 'my_simulation' build argument 'catkin_skip_building_tests' from command line to 'False'
[0.270s] DEBUG:colcon.colcon_core.verb:Building package 'my_simulation' with the following arguments: {'ament_cmake_args': None, 'build_base': '/home/pritismankar/ros2_ws/build/my_simulation', 'catkin_cmake_args': None, 'catkin_skip_building_tests': False, 'cmake_args': None, 'cmake_clean_cache': False, 'cmake_clean_first': False, 'cmake_force_configure': False, 'cmake_target': None, 'cmake_target_skip_unavailable': False, 'install_base': '/home/pritismankar/ros2_ws/install/my_simulation', 'merge_install': False, 'path': '/home/pritismankar/ros2_ws/src/my_simulation', 'symlink_install': True, 'test_result_base': None}
[0.270s] Level 5:colcon.colcon_core.verb:set package 'my_slam' build argument 'cmake_args' from command line to 'None'
[0.270s] Level 5:colcon.colcon_core.verb:set package 'my_slam' build argument 'cmake_target' from command line to 'None'
[0.270s] Level 5:colcon.colcon_core.verb:set package 'my_slam' build argument 'cmake_target_skip_unavailable' from command line to 'False'
[0.270s] Level 5:colcon.colcon_core.verb:set package 'my_slam' build argument 'cmake_clean_cache' from command line to 'False'
[0.270s] Level 5:colcon.colcon_core.verb:set package 'my_slam' build argument 'cmake_clean_first' from command line to 'False'
[0.270s] Level 5:colcon.colcon_core.verb:set package 'my_slam' build argument 'cmake_force_configure' from command line to 'False'
[0.270s] Level 5:colcon.colcon_core.verb:set package 'my_slam' build argument 'ament_cmake_args' from command line to 'None'
[0.270s] Level 5:colcon.colcon_core.verb:set package 'my_slam' build argument 'catkin_cmake_args' from command line to 'None'
[0.270s] Level 5:colcon.colcon_core.verb:set package 'my_slam' build argument 'catkin_skip_building_tests' from command line to 'False'
[0.270s] DEBUG:colcon.colcon_core.verb:Building package 'my_slam' with the following arguments: {'ament_cmake_args': None, 'build_base': '/home/pritismankar/ros2_ws/build/my_slam', 'catkin_cmake_args': None, 'catkin_skip_building_tests': False, 'cmake_args': None, 'cmake_clean_cache': False, 'cmake_clean_first': False, 'cmake_force_configure': False, 'cmake_target': None, 'cmake_target_skip_unavailable': False, 'install_base': '/home/pritismankar/ros2_ws/install/my_slam', 'merge_install': False, 'path': '/home/pritismankar/ros2_ws/src/my_slam', 'symlink_install': True, 'test_result_base': None}
[0.270s] INFO:colcon.colcon_core.executor:Executing jobs using 'parallel' executor
[0.285s] DEBUG:colcon.colcon_parallel_executor.executor.parallel:run_until_complete
[0.285s] INFO:colcon.colcon_ros.task.ament_python.build:Building ROS package in '/home/pritismankar/ros2_ws/src/my_fusion' with build type 'ament_python'
[0.286s] Level 1:colcon.colcon_core.shell:create_environment_hook('my_fusion', 'ament_prefix_path')
[0.287s] INFO:colcon.colcon_core.plugin_system:Skipping extension 'colcon_core.shell.bat': Not used on non-Windows systems
[0.287s] INFO:colcon.colcon_core.shell:Creating environment hook '/home/pritismankar/ros2_ws/install/my_fusion/share/my_fusion/hook/ament_prefix_path.ps1'
[0.288s] INFO:colcon.colcon_core.shell:Creating environment descriptor '/home/pritismankar/ros2_ws/install/my_fusion/share/my_fusion/hook/ament_prefix_path.dsv'
[0.288s] INFO:colcon.colcon_core.shell:Creating environment hook '/home/pritismankar/ros2_ws/install/my_fusion/share/my_fusion/hook/ament_prefix_path.sh'
[0.289s] INFO:colcon.colcon_core.shell:Skip shell extension 'powershell' for command environment: Not usable outside of PowerShell
[0.289s] DEBUG:colcon.colcon_core.shell:Skip shell extension 'dsv' for command environment
[0.290s] DEBUG:colcon.colcon_core.shell:Ignoring prefix path '/home/pritismankar/catkin_ws/devel'
[0.297s] INFO:colcon.colcon_ros.task.ament_python.build:Building ROS package in '/home/pritismankar/ros2_ws/src/my_odometry' with build type 'ament_python'
[0.297s] Level 1:colcon.colcon_core.shell:create_environment_hook('my_odometry', 'ament_prefix_path')
[0.298s] INFO:colcon.colcon_core.shell:Creating environment hook '/home/pritismankar/ros2_ws/install/my_odometry/share/my_odometry/hook/ament_prefix_path.ps1'
[0.299s] INFO:colcon.colcon_core.shell:Creating environment descriptor '/home/pritismankar/ros2_ws/install/my_odometry/share/my_odometry/hook/ament_prefix_path.dsv'
[0.300s] INFO:colcon.colcon_core.shell:Creating environment hook '/home/pritismankar/ros2_ws/install/my_odometry/share/my_odometry/hook/ament_prefix_path.sh'
[0.301s] INFO:colcon.colcon_core.shell:Skip shell extension 'powershell' for command environment: Not usable outside of PowerShell
[0.301s] DEBUG:colcon.colcon_core.shell:Skip shell extension 'dsv' for command environment
[0.302s] DEBUG:colcon.colcon_core.shell:Ignoring prefix path '/home/pritismankar/catkin_ws/devel'
[0.307s] INFO:colcon.colcon_ros.task.ament_python.build:Building ROS package in '/home/pritismankar/ros2_ws/src/my_robot_description' with build type 'ament_python'
[0.309s] Level 1:colcon.colcon_core.shell:create_environment_hook('my_robot_description', 'ament_prefix_path')
[0.309s] INFO:colcon.colcon_core.shell:Creating environment hook '/home/pritismankar/ros2_ws/install/my_robot_description/share/my_robot_description/hook/ament_prefix_path.ps1'
[0.314s] INFO:colcon.colcon_core.shell:Creating environment descriptor '/home/pritismankar/ros2_ws/install/my_robot_description/share/my_robot_description/hook/ament_prefix_path.dsv'
[0.315s] INFO:colcon.colcon_core.shell:Creating environment hook '/home/pritismankar/ros2_ws/install/my_robot_description/share/my_robot_description/hook/ament_prefix_path.sh'
[0.316s] INFO:colcon.colcon_core.shell:Skip shell extension 'powershell' for command environment: Not usable outside of PowerShell
[0.316s] DEBUG:colcon.colcon_core.shell:Skip shell extension 'dsv' for command environment
[0.317s] DEBUG:colcon.colcon_core.shell:Ignoring prefix path '/home/pritismankar/catkin_ws/devel'
[0.321s] INFO:colcon.colcon_ros.task.ament_python.build:Building ROS package in '/home/pritismankar/ros2_ws/src/my_simulation' with build type 'ament_python'
[0.321s] Level 1:colcon.colcon_core.shell:create_environment_hook('my_simulation', 'ament_prefix_path')
[0.321s] INFO:colcon.colcon_core.shell:Creating environment hook '/home/pritismankar/ros2_ws/install/my_simulation/share/my_simulation/hook/ament_prefix_path.ps1'
[0.331s] INFO:colcon.colcon_core.shell:Creating environment descriptor '/home/pritismankar/ros2_ws/install/my_simulation/share/my_simulation/hook/ament_prefix_path.dsv'
[0.337s] INFO:colcon.colcon_core.shell:Creating environment hook '/home/pritismankar/ros2_ws/install/my_simulation/share/my_simulation/hook/ament_prefix_path.sh'
[0.346s] INFO:colcon.colcon_core.shell:Skip shell extension 'powershell' for command environment: Not usable outside of PowerShell
[0.347s] DEBUG:colcon.colcon_core.shell:Skip shell extension 'dsv' for command environment
[0.350s] DEBUG:colcon.colcon_core.shell:Ignoring prefix path '/home/pritismankar/catkin_ws/devel'
[0.526s] INFO:colcon.colcon_core.task.python.build:Building Python package in '/home/pritismankar/ros2_ws/src/my_fusion'
[0.527s] INFO:colcon.colcon_core.shell:Skip shell extension 'powershell' for command environment: Not usable outside of PowerShell
[0.527s] DEBUG:colcon.colcon_core.shell:Skip shell extension 'dsv' for command environment
[0.528s] DEBUG:colcon.colcon_core.shell:Ignoring prefix path '/home/pritismankar/catkin_ws/devel'
[0.711s] INFO:colcon.colcon_core.task.python.build:Building Python package in '/home/pritismankar/ros2_ws/src/my_odometry'
[0.711s] INFO:colcon.colcon_core.shell:Skip shell extension 'powershell' for command environment: Not usable outside of PowerShell
[0.711s] DEBUG:colcon.colcon_core.shell:Skip shell extension 'dsv' for command environment
[0.713s] DEBUG:colcon.colcon_core.shell:Ignoring prefix path '/home/pritismankar/catkin_ws/devel'
[0.903s] INFO:colcon.colcon_core.task.python.build:Building Python package in '/home/pritismankar/ros2_ws/src/my_robot_description'
[0.904s] INFO:colcon.colcon_core.shell:Skip shell extension 'powershell' for command environment: Not usable outside of PowerShell
[0.904s] DEBUG:colcon.colcon_core.shell:Skip shell extension 'dsv' for command environment
[0.906s] DEBUG:colcon.colcon_core.shell:Ignoring prefix path '/home/pritismankar/catkin_ws/devel'
[1.094s] INFO:colcon.colcon_core.task.python.build:Building Python package in '/home/pritismankar/ros2_ws/src/my_simulation'
[1.095s] INFO:colcon.colcon_core.shell:Skip shell extension 'powershell' for command environment: Not usable outside of PowerShell
[1.095s] DEBUG:colcon.colcon_core.shell:Skip shell extension 'dsv' for command environment
[1.096s] DEBUG:colcon.colcon_core.shell:Ignoring prefix path '/home/pritismankar/catkin_ws/devel'
[1.544s] DEBUG:colcon.colcon_core.event_handler.log_command:Invoking command in '/home/pritismankar/ros2_ws/build/my_fusion': PYTHONPATH=/home/pritismankar/ros2_ws/build/my_fusion/prefix_override:/usr/lib/python3/dist-packages/colcon_core/task/python/colcon_distutils_commands:/home/pritismankar/ros2_ws/install/my_fusion/lib/python3.8/site-packages:${PYTHONPATH} /usr/bin/python3 -W ignore:setup.py install is deprecated -W ignore:easy_install command is deprecated setup.py develop --editable --build-directory /home/pritismankar/ros2_ws/build/my_fusion/build --no-deps symlink_data
[1.637s] DEBUG:colcon.colcon_core.event_handler.log_command:Invoking command in '/home/pritismankar/ros2_ws/build/my_robot_description': PYTHONPATH=/home/pritismankar/ros2_ws/build/my_robot_description/prefix_override:/usr/lib/python3/dist-packages/colcon_core/task/python/colcon_distutils_commands:/home/pritismankar/ros2_ws/install/my_robot_description/lib/python3.8/site-packages:${PYTHONPATH} /usr/bin/python3 -W ignore:setup.py install is deprecated -W ignore:easy_install command is deprecated setup.py develop --editable --build-directory /home/pritismankar/ros2_ws/build/my_robot_description/build --no-deps symlink_data
[1.643s] DEBUG:colcon.colcon_core.event_handler.log_command:Invoking command in '/home/pritismankar/ros2_ws/build/my_odometry': PYTHONPATH=/home/pritismankar/ros2_ws/build/my_odometry/prefix_override:/usr/lib/python3/dist-packages/colcon_core/task/python/colcon_distutils_commands:/home/pritismankar/ros2_ws/install/my_odometry/lib/python3.8/site-packages:${PYTHONPATH} /usr/bin/python3 -W ignore:setup.py install is deprecated -W ignore:easy_install command is deprecated setup.py develop --editable --build-directory /home/pritismankar/ros2_ws/build/my_odometry/build --no-deps symlink_data
[1.786s] DEBUG:colcon.colcon_core.event_handler.log_command:Invoking command in '/home/pritismankar/ros2_ws/build/my_simulation': PYTHONPATH=/home/pritismankar/ros2_ws/build/my_simulation/prefix_override:/usr/lib/python3/dist-packages/colcon_core/task/python/colcon_distutils_commands:/home/pritismankar/ros2_ws/install/my_simulation/lib/python3.8/site-packages:${PYTHONPATH} /usr/bin/python3 -W ignore:setup.py install is deprecated -W ignore:easy_install command is deprecated setup.py develop --editable --build-directory /home/pritismankar/ros2_ws/build/my_simulation/build --no-deps symlink_data
[2.057s] Level 1:colcon.colcon_core.shell:create_environment_hook('my_fusion', 'pythonpath_develop')
[2.058s] INFO:colcon.colcon_core.shell:Creating environment hook '/home/pritismankar/ros2_ws/build/my_fusion/share/my_fusion/hook/pythonpath_develop.ps1'
[2.061s] DEBUG:colcon.colcon_core.event_handler.log_command:Invoked command in '/home/pritismankar/ros2_ws/build/my_fusion' returned '0': PYTHONPATH=/home/pritismankar/ros2_ws/build/my_fusion/prefix_override:/usr/lib/python3/dist-packages/colcon_core/task/python/colcon_distutils_commands:/home/pritismankar/ros2_ws/install/my_fusion/lib/python3.8/site-packages:${PYTHONPATH} /usr/bin/python3 -W ignore:setup.py install is deprecated -W ignore:easy_install command is deprecated setup.py develop --editable --build-directory /home/pritismankar/ros2_ws/build/my_fusion/build --no-deps symlink_data
[2.062s] INFO:colcon.colcon_core.shell:Creating environment descriptor '/home/pritismankar/ros2_ws/build/my_fusion/share/my_fusion/hook/pythonpath_develop.dsv'
[2.063s] INFO:colcon.colcon_core.shell:Creating environment hook '/home/pritismankar/ros2_ws/build/my_fusion/share/my_fusion/hook/pythonpath_develop.sh'
[2.068s] Level 1:colcon.colcon_core.environment:checking '/home/pritismankar/ros2_ws/install/my_fusion' for CMake module files
[2.069s] Level 1:colcon.colcon_core.environment:checking '/home/pritismankar/ros2_ws/install/my_fusion' for CMake config files
[2.070s] Level 1:colcon.colcon_core.environment:checking '/home/pritismankar/ros2_ws/install/my_fusion/lib'
[2.070s] Level 1:colcon.colcon_core.environment:checking '/home/pritismankar/ros2_ws/install/my_fusion/bin'
[2.070s] Level 1:colcon.colcon_core.environment:checking '/home/pritismankar/ros2_ws/install/my_fusion/lib/pkgconfig/my_fusion.pc'
[2.071s] Level 1:colcon.colcon_core.environment:checking '/home/pritismankar/ros2_ws/install/my_fusion/lib/python3.8/site-packages'
[2.072s] Level 1:colcon.colcon_core.shell:create_environment_hook('my_fusion', 'pythonpath')
[2.072s] INFO:colcon.colcon_core.shell:Creating environment hook '/home/pritismankar/ros2_ws/install/my_fusion/share/my_fusion/hook/pythonpath.ps1'
[2.075s] INFO:colcon.colcon_core.shell:Creating environment descriptor '/home/pritismankar/ros2_ws/install/my_fusion/share/my_fusion/hook/pythonpath.dsv'
[2.076s] INFO:colcon.colcon_core.shell:Creating environment hook '/home/pritismankar/ros2_ws/install/my_fusion/share/my_fusion/hook/pythonpath.sh'
[2.078s] Level 1:colcon.colcon_core.environment:checking '/home/pritismankar/ros2_ws/install/my_fusion/bin'
[2.078s] Level 1:colcon.colcon_core.environment:create_environment_scripts_only(my_fusion)
[2.079s] INFO:colcon.colcon_core.shell:Creating package script '/home/pritismankar/ros2_ws/install/my_fusion/share/my_fusion/package.ps1'
[2.080s] INFO:colcon.colcon_core.shell:Creating package descriptor '/home/pritismankar/ros2_ws/install/my_fusion/share/my_fusion/package.dsv'
[2.082s] INFO:colcon.colcon_core.shell:Creating package script '/home/pritismankar/ros2_ws/install/my_fusion/share/my_fusion/package.sh'
[2.084s] INFO:colcon.colcon_core.shell:Creating package script '/home/pritismankar/ros2_ws/install/my_fusion/share/my_fusion/package.bash'
[2.086s] INFO:colcon.colcon_core.shell:Creating package script '/home/pritismankar/ros2_ws/install/my_fusion/share/my_fusion/package.zsh'
[2.088s] Level 1:colcon.colcon_core.environment:create_file_with_runtime_dependencies(/home/pritismankar/ros2_ws/install/my_fusion/share/colcon-core/packages/my_fusion)
[2.090s] INFO:colcon.colcon_ros.task.ament_python.build:Building ROS package in '/home/pritismankar/ros2_ws/src/my_slam' with build type 'ament_python'
[2.090s] Level 1:colcon.colcon_core.shell:create_environment_hook('my_slam', 'ament_prefix_path')
[2.091s] INFO:colcon.colcon_core.shell:Creating environment hook '/home/pritismankar/ros2_ws/install/my_slam/share/my_slam/hook/ament_prefix_path.ps1'
[2.094s] INFO:colcon.colcon_core.shell:Creating environment descriptor '/home/pritismankar/ros2_ws/install/my_slam/share/my_slam/hook/ament_prefix_path.dsv'
[2.097s] INFO:colcon.colcon_core.shell:Creating environment hook '/home/pritismankar/ros2_ws/install/my_slam/share/my_slam/hook/ament_prefix_path.sh'
[2.098s] INFO:colcon.colcon_core.shell:Skip shell extension 'powershell' for command environment: Not usable outside of PowerShell
[2.098s] DEBUG:colcon.colcon_core.shell:Skip shell extension 'dsv' for command environment
[2.100s] DEBUG:colcon.colcon_core.shell:Ignoring prefix path '/home/pritismankar/catkin_ws/devel'
[2.437s] INFO:colcon.colcon_core.task.python.build:Building Python package in '/home/pritismankar/ros2_ws/src/my_slam'
[2.437s] INFO:colcon.colcon_core.shell:Skip shell extension 'powershell' for command environment: Not usable outside of PowerShell
[2.438s] DEBUG:colcon.colcon_core.shell:Skip shell extension 'dsv' for command environment
[2.440s] DEBUG:colcon.colcon_core.shell:Ignoring prefix path '/home/pritismankar/catkin_ws/devel'
[2.448s] Level 1:colcon.colcon_core.shell:create_environment_hook('my_odometry', 'pythonpath_develop')
[2.449s] INFO:colcon.colcon_core.shell:Creating environment hook '/home/pritismankar/ros2_ws/build/my_odometry/share/my_odometry/hook/pythonpath_develop.ps1'
[2.450s] INFO:colcon.colcon_core.shell:Creating environment descriptor '/home/pritismankar/ros2_ws/build/my_odometry/share/my_odometry/hook/pythonpath_develop.dsv'
[2.451s] DEBUG:colcon.colcon_core.event_handler.log_command:Invoked command in '/home/pritismankar/ros2_ws/build/my_odometry' returned '0': PYTHONPATH=/home/pritismankar/ros2_ws/build/my_odometry/prefix_override:/usr/lib/python3/dist-packages/colcon_core/task/python/colcon_distutils_commands:/home/pritismankar/ros2_ws/install/my_odometry/lib/python3.8/site-packages:${PYTHONPATH} /usr/bin/python3 -W ignore:setup.py install is deprecated -W ignore:easy_install command is deprecated setup.py develop --editable --build-directory /home/pritismankar/ros2_ws/build/my_odometry/build --no-deps symlink_data
[2.451s] INFO:colcon.colcon_core.shell:Creating environment hook '/home/pritismankar/ros2_ws/build/my_odometry/share/my_odometry/hook/pythonpath_develop.sh'
[2.452s] Level 1:colcon.colcon_core.environment:checking '/home/pritismankar/ros2_ws/install/my_odometry' for CMake module files
[2.453s] Level 1:colcon.colcon_core.environment:checking '/home/pritismankar/ros2_ws/install/my_odometry' for CMake config files
[2.453s] Level 1:colcon.colcon_core.environment:checking '/home/pritismankar/ros2_ws/install/my_odometry/lib'
[2.453s] Level 1:colcon.colcon_core.environment:checking '/home/pritismankar/ros2_ws/install/my_odometry/bin'
[2.453s] Level 1:colcon.colcon_core.environment:checking '/home/pritismankar/ros2_ws/install/my_odometry/lib/pkgconfig/my_odometry.pc'
[2.453s] Level 1:colcon.colcon_core.environment:checking '/home/pritismankar/ros2_ws/install/my_odometry/lib/python3.8/site-packages'
[2.453s] Level 1:colcon.colcon_core.shell:create_environment_hook('my_odometry', 'pythonpath')
[2.454s] INFO:colcon.colcon_core.shell:Creating environment hook '/home/pritismankar/ros2_ws/install/my_odometry/share/my_odometry/hook/pythonpath.ps1'
[2.454s] INFO:colcon.colcon_core.shell:Creating environment descriptor '/home/pritismankar/ros2_ws/install/my_odometry/share/my_odometry/hook/pythonpath.dsv'
[2.455s] INFO:colcon.colcon_core.shell:Creating environment hook '/home/pritismankar/ros2_ws/install/my_odometry/share/my_odometry/hook/pythonpath.sh'
[2.455s] Level 1:colcon.colcon_core.environment:checking '/home/pritismankar/ros2_ws/install/my_odometry/bin'
[2.455s] Level 1:colcon.colcon_core.environment:create_environment_scripts_only(my_odometry)
[2.456s] INFO:colcon.colcon_core.shell:Creating package script '/home/pritismankar/ros2_ws/install/my_odometry/share/my_odometry/package.ps1'
[2.456s] INFO:colcon.colcon_core.shell:Creating package descriptor '/home/pritismankar/ros2_ws/install/my_odometry/share/my_odometry/package.dsv'
[2.457s] INFO:colcon.colcon_core.shell:Creating package script '/home/pritismankar/ros2_ws/install/my_odometry/share/my_odometry/package.sh'
[2.458s] INFO:colcon.colcon_core.shell:Creating package script '/home/pritismankar/ros2_ws/install/my_odometry/share/my_odometry/package.bash'
[2.458s] INFO:colcon.colcon_core.shell:Creating package script '/home/pritismankar/ros2_ws/install/my_odometry/share/my_odometry/package.zsh'
[2.459s] Level 1:colcon.colcon_core.environment:create_file_with_runtime_dependencies(/home/pritismankar/ros2_ws/install/my_odometry/share/colcon-core/packages/my_odometry)
[2.461s] Level 1:colcon.colcon_core.shell:create_environment_hook('my_robot_description', 'pythonpath_develop')
[2.462s] INFO:colcon.colcon_core.shell:Creating environment hook '/home/pritismankar/ros2_ws/build/my_robot_description/share/my_robot_description/hook/pythonpath_develop.ps1'
[2.464s] DEBUG:colcon.colcon_core.event_handler.log_command:Invoked command in '/home/pritismankar/ros2_ws/build/my_robot_description' returned '0': PYTHONPATH=/home/pritismankar/ros2_ws/build/my_robot_description/prefix_override:/usr/lib/python3/dist-packages/colcon_core/task/python/colcon_distutils_commands:/home/pritismankar/ros2_ws/install/my_robot_description/lib/python3.8/site-packages:${PYTHONPATH} /usr/bin/python3 -W ignore:setup.py install is deprecated -W ignore:easy_install command is deprecated setup.py develop --editable --build-directory /home/pritismankar/ros2_ws/build/my_robot_description/build --no-deps symlink_data
[2.464s] INFO:colcon.colcon_core.shell:Creating environment descriptor '/home/pritismankar/ros2_ws/build/my_robot_description/share/my_robot_description/hook/pythonpath_develop.dsv'
[2.465s] INFO:colcon.colcon_core.shell:Creating environment hook '/home/pritismankar/ros2_ws/build/my_robot_description/share/my_robot_description/hook/pythonpath_develop.sh'
[2.466s] Level 1:colcon.colcon_core.environment:checking '/home/pritismankar/ros2_ws/install/my_robot_description' for CMake module files
[2.466s] Level 1:colcon.colcon_core.environment:checking '/home/pritismankar/ros2_ws/install/my_robot_description' for CMake config files
[2.467s] Level 1:colcon.colcon_core.environment:checking '/home/pritismankar/ros2_ws/install/my_robot_description/lib'
[2.467s] Level 1:colcon.colcon_core.environment:checking '/home/pritismankar/ros2_ws/install/my_robot_description/bin'
[2.467s] Level 1:colcon.colcon_core.environment:checking '/home/pritismankar/ros2_ws/install/my_robot_description/lib/pkgconfig/my_robot_description.pc'
[2.467s] Level 1:colcon.colcon_core.environment:checking '/home/pritismankar/ros2_ws/install/my_robot_description/lib/python3.8/site-packages'
[2.467s] Level 1:colcon.colcon_core.shell:create_environment_hook('my_robot_description', 'pythonpath')
[2.467s] INFO:colcon.colcon_core.shell:Creating environment hook '/home/pritismankar/ros2_ws/install/my_robot_description/share/my_robot_description/hook/pythonpath.ps1'
[2.468s] INFO:colcon.colcon_core.shell:Creating environment descriptor '/home/pritismankar/ros2_ws/install/my_robot_description/share/my_robot_description/hook/pythonpath.dsv'
[2.469s] INFO:colcon.colcon_core.shell:Creating environment hook '/home/pritismankar/ros2_ws/install/my_robot_description/share/my_robot_description/hook/pythonpath.sh'
[2.469s] Level 1:colcon.colcon_core.environment:checking '/home/pritismankar/ros2_ws/install/my_robot_description/bin'
[2.469s] Level 1:colcon.colcon_core.environment:create_environment_scripts_only(my_robot_description)
[2.470s] INFO:colcon.colcon_core.shell:Creating package script '/home/pritismankar/ros2_ws/install/my_robot_description/share/my_robot_description/package.ps1'
[2.470s] INFO:colcon.colcon_core.shell:Creating package descriptor '/home/pritismankar/ros2_ws/install/my_robot_description/share/my_robot_description/package.dsv'
[2.471s] INFO:colcon.colcon_core.shell:Creating package script '/home/pritismankar/ros2_ws/install/my_robot_description/share/my_robot_description/package.sh'
[2.472s] INFO:colcon.colcon_core.shell:Creating package script '/home/pritismankar/ros2_ws/install/my_robot_description/share/my_robot_description/package.bash'
[2.473s] INFO:colcon.colcon_core.shell:Creating package script '/home/pritismankar/ros2_ws/install/my_robot_description/share/my_robot_description/package.zsh'
[2.473s] Level 1:colcon.colcon_core.environment:create_file_with_runtime_dependencies(/home/pritismankar/ros2_ws/install/my_robot_description/share/colcon-core/packages/my_robot_description)
[2.474s] Level 1:colcon.colcon_core.shell:create_environment_hook('my_simulation', 'pythonpath_develop')
[2.475s] INFO:colcon.colcon_core.shell:Creating environment hook '/home/pritismankar/ros2_ws/build/my_simulation/share/my_simulation/hook/pythonpath_develop.ps1'
[2.476s] INFO:colcon.colcon_core.shell:Creating environment descriptor '/home/pritismankar/ros2_ws/build/my_simulation/share/my_simulation/hook/pythonpath_develop.dsv'
[2.479s] INFO:colcon.colcon_core.shell:Creating environment hook '/home/pritismankar/ros2_ws/build/my_simulation/share/my_simulation/hook/pythonpath_develop.sh'
[2.481s] DEBUG:colcon.colcon_core.event_handler.log_command:Invoked command in '/home/pritismankar/ros2_ws/build/my_simulation' returned '0': PYTHONPATH=/home/pritismankar/ros2_ws/build/my_simulation/prefix_override:/usr/lib/python3/dist-packages/colcon_core/task/python/colcon_distutils_commands:/home/pritismankar/ros2_ws/install/my_simulation/lib/python3.8/site-packages:${PYTHONPATH} /usr/bin/python3 -W ignore:setup.py install is deprecated -W ignore:easy_install command is deprecated setup.py develop --editable --build-directory /home/pritismankar/ros2_ws/build/my_simulation/build --no-deps symlink_data
[2.482s] Level 1:colcon.colcon_core.environment:checking '/home/pritismankar/ros2_ws/install/my_simulation' for CMake module files
[2.483s] Level 1:colcon.colcon_core.environment:checking '/home/pritismankar/ros2_ws/install/my_simulation' for CMake config files
[2.484s] Level 1:colcon.colcon_core.environment:checking '/home/pritismankar/ros2_ws/install/my_simulation/lib'
[2.484s] Level 1:colcon.colcon_core.environment:checking '/home/pritismankar/ros2_ws/install/my_simulation/bin'
[2.484s] Level 1:colcon.colcon_core.environment:checking '/home/pritismankar/ros2_ws/install/my_simulation/lib/pkgconfig/my_simulation.pc'
[2.484s] Level 1:colcon.colcon_core.environment:checking '/home/pritismankar/ros2_ws/install/my_simulation/lib/python3.8/site-packages'
[2.484s] Level 1:colcon.colcon_core.shell:create_environment_hook('my_simulation', 'pythonpath')
[2.484s] INFO:colcon.colcon_core.shell:Creating environment hook '/home/pritismankar/ros2_ws/install/my_simulation/share/my_simulation/hook/pythonpath.ps1'
[2.484s] INFO:colcon.colcon_core.shell:Creating environment descriptor '/home/pritismankar/ros2_ws/install/my_simulation/share/my_simulation/hook/pythonpath.dsv'
[2.485s] INFO:colcon.colcon_core.shell:Creating environment hook '/home/pritismankar/ros2_ws/install/my_simulation/share/my_simulation/hook/pythonpath.sh'
[2.486s] Level 1:colcon.colcon_core.environment:checking '/home/pritismankar/ros2_ws/install/my_simulation/bin'
[2.486s] Level 1:colcon.colcon_core.environment:create_environment_scripts_only(my_simulation)
[2.487s] INFO:colcon.colcon_core.shell:Creating package script '/home/pritismankar/ros2_ws/install/my_simulation/share/my_simulation/package.ps1'
[2.488s] INFO:colcon.colcon_core.shell:Creating package descriptor '/home/pritismankar/ros2_ws/install/my_simulation/share/my_simulation/package.dsv'
[2.488s] INFO:colcon.colcon_core.shell:Creating package script '/home/pritismankar/ros2_ws/install/my_simulation/share/my_simulation/package.sh'
[2.489s] INFO:colcon.colcon_core.shell:Creating package script '/home/pritismankar/ros2_ws/install/my_simulation/share/my_simulation/package.bash'
[2.490s] INFO:colcon.colcon_core.shell:Creating package script '/home/pritismankar/ros2_ws/install/my_simulation/share/my_simulation/package.zsh'
[2.490s] Level 1:colcon.colcon_core.environment:create_file_with_runtime_dependencies(/home/pritismankar/ros2_ws/install/my_simulation/share/colcon-core/packages/my_simulation)
[2.981s] DEBUG:colcon.colcon_core.event_handler.log_command:Invoking command in '/home/pritismankar/ros2_ws/build/my_slam': PYTHONPATH=/home/pritismankar/ros2_ws/build/my_slam/prefix_override:/usr/lib/python3/dist-packages/colcon_core/task/python/colcon_distutils_commands:/home/pritismankar/ros2_ws/install/my_slam/lib/python3.8/site-packages:${PYTHONPATH} /usr/bin/python3 -W ignore:setup.py install is deprecated -W ignore:easy_install command is deprecated setup.py develop --editable --build-directory /home/pritismankar/ros2_ws/build/my_slam/build --no-deps symlink_data
[3.420s] Level 1:colcon.colcon_core.shell:create_environment_hook('my_slam', 'pythonpath_develop')
[3.421s] INFO:colcon.colcon_core.shell:Creating environment hook '/home/pritismankar/ros2_ws/build/my_slam/share/my_slam/hook/pythonpath_develop.ps1'
[3.421s] DEBUG:colcon.colcon_core.event_handler.log_command:Invoked command in '/home/pritismankar/ros2_ws/build/my_slam' returned '0': PYTHONPATH=/home/pritismankar/ros2_ws/build/my_slam/prefix_override:/usr/lib/python3/dist-packages/colcon_core/task/python/colcon_distutils_commands:/home/pritismankar/ros2_ws/install/my_slam/lib/python3.8/site-packages:${PYTHONPATH} /usr/bin/python3 -W ignore:setup.py install is deprecated -W ignore:easy_install command is deprecated setup.py develop --editable --build-directory /home/pritismankar/ros2_ws/build/my_slam/build --no-deps symlink_data
[3.423s] INFO:colcon.colcon_core.shell:Creating environment descriptor '/home/pritismankar/ros2_ws/build/my_slam/share/my_slam/hook/pythonpath_develop.dsv'
[3.424s] INFO:colcon.colcon_core.shell:Creating environment hook '/home/pritismankar/ros2_ws/build/my_slam/share/my_slam/hook/pythonpath_develop.sh'
[3.426s] Level 1:colcon.colcon_core.environment:checking '/home/pritismankar/ros2_ws/install/my_slam' for CMake module files
[3.427s] Level 1:colcon.colcon_core.environment:checking '/home/pritismankar/ros2_ws/install/my_slam' for CMake config files
[3.428s] Level 1:colcon.colcon_core.environment:checking '/home/pritismankar/ros2_ws/install/my_slam/lib'
[3.428s] Level 1:colcon.colcon_core.environment:checking '/home/pritismankar/ros2_ws/install/my_slam/bin'
[3.428s] Level 1:colcon.colcon_core.environment:checking '/home/pritismankar/ros2_ws/install/my_slam/lib/pkgconfig/my_slam.pc'
[3.428s] Level 1:colcon.colcon_core.environment:checking '/home/pritismankar/ros2_ws/install/my_slam/lib/python3.8/site-packages'
[3.429s] Level 1:colcon.colcon_core.shell:create_environment_hook('my_slam', 'pythonpath')
[3.429s] INFO:colcon.colcon_core.shell:Creating environment hook '/home/pritismankar/ros2_ws/install/my_slam/share/my_slam/hook/pythonpath.ps1'
[3.430s] INFO:colcon.colcon_core.shell:Creating environment descriptor '/home/pritismankar/ros2_ws/install/my_slam/share/my_slam/hook/pythonpath.dsv'
[3.431s] INFO:colcon.colcon_core.shell:Creating environment hook '/home/pritismankar/ros2_ws/install/my_slam/share/my_slam/hook/pythonpath.sh'
[3.432s] Level 1:colcon.colcon_core.environment:checking '/home/pritismankar/ros2_ws/install/my_slam/bin'
[3.432s] Level 1:colcon.colcon_core.environment:create_environment_scripts_only(my_slam)
[3.433s] INFO:colcon.colcon_core.shell:Creating package script '/home/pritismankar/ros2_ws/install/my_slam/share/my_slam/package.ps1'
[3.434s] INFO:colcon.colcon_core.shell:Creating package descriptor '/home/pritismankar/ros2_ws/install/my_slam/share/my_slam/package.dsv'
[3.435s] INFO:colcon.colcon_core.shell:Creating package script '/home/pritismankar/ros2_ws/install/my_slam/share/my_slam/package.sh'
[3.436s] INFO:colcon.colcon_core.shell:Creating package script '/home/pritismankar/ros2_ws/install/my_slam/share/my_slam/package.bash'
[3.437s] INFO:colcon.colcon_core.shell:Creating package script '/home/pritismankar/ros2_ws/install/my_slam/share/my_slam/package.zsh'
[3.438s] Level 1:colcon.colcon_core.environment:create_file_with_runtime_dependencies(/home/pritismankar/ros2_ws/install/my_slam/share/colcon-core/packages/my_slam)
[3.440s] DEBUG:colcon.colcon_parallel_executor.executor.parallel:closing loop
[3.441s] DEBUG:colcon.colcon_parallel_executor.executor.parallel:loop closed
[3.444s] DEBUG:colcon.colcon_parallel_executor.executor.parallel:run_until_complete finished with '0'
[3.444s] DEBUG:colcon.colcon_core.event_reactor:joining thread
[3.452s] INFO:colcon.colcon_core.plugin_system:Skipping extension 'colcon_notification.desktop_notification.terminal_notifier': Not used on non-Darwin systems
[3.452s] INFO:colcon.colcon_core.plugin_system:Skipping extension 'colcon_notification.desktop_notification.win32': Not used on non-Windows systems
[3.452s] INFO:colcon.colcon_notification.desktop_notification:Sending desktop notification using 'notify2'
[3.468s] DEBUG:colcon.colcon_core.event_reactor:joined thread
[3.469s] INFO:colcon.colcon_core.shell:Creating prefix script '/home/pritismankar/ros2_ws/install/local_setup.ps1'
[3.470s] INFO:colcon.colcon_core.shell:Creating prefix util module '/home/pritismankar/ros2_ws/install/_local_setup_util_ps1.py'
[3.471s] INFO:colcon.colcon_core.shell:Creating prefix chain script '/home/pritismankar/ros2_ws/install/setup.ps1'
[3.473s] INFO:colcon.colcon_core.shell:Creating prefix script '/home/pritismankar/ros2_ws/install/local_setup.sh'
[3.473s] INFO:colcon.colcon_core.shell:Creating prefix util module '/home/pritismankar/ros2_ws/install/_local_setup_util_sh.py'
[3.476s] INFO:colcon.colcon_core.shell:Creating prefix chain script '/home/pritismankar/ros2_ws/install/setup.sh'
[3.477s] INFO:colcon.colcon_core.shell:Creating prefix script '/home/pritismankar/ros2_ws/install/local_setup.bash'
[3.478s] INFO:colcon.colcon_core.shell:Creating prefix chain script '/home/pritismankar/ros2_ws/install/setup.bash'
[3.479s] INFO:colcon.colcon_core.shell:Creating prefix script '/home/pritismankar/ros2_ws/install/local_setup.zsh'
[3.479s] INFO:colcon.colcon_core.shell:Creating prefix chain script '/home/pritismankar/ros2_ws/install/setup.zsh'
