[1.401s] Invoking command in '/home/pritismankar/ros2_ws/src/my_simulation': PYTHONPATH=/home/pritismankar/ros2_ws/build/my_simulation/prefix_override:/usr/lib/python3/dist-packages/colcon_core/task/python/colcon_distutils_commands:/home/pritismankar/ros2_ws/install/my_simulation/lib/python3.8/site-packages:${PYTHONPATH} /usr/bin/python3 -W ignore:setup.py install is deprecated -W ignore:easy_install command is deprecated setup.py egg_info --egg-base ../../build/my_simulation build --build-base /home/pritismankar/ros2_ws/build/my_simulation/build install --record /home/pritismankar/ros2_ws/build/my_simulation/install.log --install-scripts $base/lib/my_simulation --single-version-externally-managed install_data
[1.749s] running egg_info
[1.751s] writing ../../build/my_simulation/my_simulation.egg-info/PKG-INFO
[1.752s] writing dependency_links to ../../build/my_simulation/my_simulation.egg-info/dependency_links.txt
[1.752s] writing entry points to ../../build/my_simulation/my_simulation.egg-info/entry_points.txt
[1.752s] writing top-level names to ../../build/my_simulation/my_simulation.egg-info/top_level.txt
[1.803s] reading manifest file '../../build/my_simulation/my_simulation.egg-info/SOURCES.txt'
[1.810s] writing manifest file '../../build/my_simulation/my_simulation.egg-info/SOURCES.txt'
[1.810s] running build
[1.811s] running build_py
[1.811s] running install
[1.811s] running install_lib
[1.811s] running install_data
[1.811s] copying config/diffbot_controllers.yaml -> /home/pritismankar/ros2_ws/install/my_simulation/share/my_simulation/config
[1.811s] running install_egg_info
[1.815s] removing '/home/pritismankar/ros2_ws/install/my_simulation/lib/python3.8/site-packages/my_simulation-0.0.0-py3.8.egg-info' (and everything under it)
[1.815s] Copying ../../build/my_simulation/my_simulation.egg-info to /home/pritismankar/ros2_ws/install/my_simulation/lib/python3.8/site-packages/my_simulation-0.0.0-py3.8.egg-info
[1.819s] running install_scripts
[1.857s] writing list of installed files to '/home/pritismankar/ros2_ws/build/my_simulation/install.log'
[2.217s] Invoked command in '/home/pritismankar/ros2_ws/src/my_simulation' returned '0': PYTHONPATH=/home/pritismankar/ros2_ws/build/my_simulation/prefix_override:/usr/lib/python3/dist-packages/colcon_core/task/python/colcon_distutils_commands:/home/pritismankar/ros2_ws/install/my_simulation/lib/python3.8/site-packages:${PYTHONPATH} /usr/bin/python3 -W ignore:setup.py install is deprecated -W ignore:easy_install command is deprecated setup.py egg_info --egg-base ../../build/my_simulation build --build-base /home/pritismankar/ros2_ws/build/my_simulation/build install --record /home/pritismankar/ros2_ws/build/my_simulation/install.log --install-scripts $base/lib/my_simulation --single-version-externally-managed install_data
