[0.125s] Invoking command in '/home/pritismankar/ros2_ws/build/my_odometry': CMAKE_PREFIX_PATH=/home/pritismankar/ros2_ws/install/my_odometry:/home/pritismankar/ros2_ws/install/my_fusion:/home/pritismankar/ros2_ws/install/my_simulation:/home/pritismankar/ros2_ws/install/my_robot_description:/opt/ros/foxy:/home/pritismankar/catkin_ws/devel:/opt/ros/noetic /usr/bin/cmake --build /home/pritismankar/ros2_ws/build/my_odometry -- -j4 -l4
[0.563s] [35m[1mScanning dependencies of target lidar_odometry_node[0m
[0.563s] [ 50%] Built target odom_node
[0.563s] [ 75%] [32mBuilding CXX object CMakeFiles/lidar_odometry_node.dir/src/lidar_odometry.cpp.o[0m
[4.056s] [01m[K/home/pritismankar/ros2_ws/src/my_odometry/src/lidar_odometry.cpp:[m[K In member function ‘[01m[Kvoid LidarOdomNode::jointCallback(sensor_msgs::msg::JointState_<std::allocator<void> >::SharedPtr)[m[K’:
[4.056s] [01m[K/home/pritismankar/ros2_ws/src/my_odometry/src/lidar_odometry.cpp:113:40:[m[K [01;31m[Kerror: [m[Kno match for ‘[01m[Koperator-[m[K’ (operand types are ‘[01m[Kstd_msgs::msg::Header_<std::allocator<void> >::_stamp_type[m[K’ {aka ‘[01m[Kbuiltin_interfaces::msg::Time_<std::allocator<void> >[m[K’} and ‘[01m[Krclcpp::Time[m[K’)
[4.057s]   113 |         double dt = ([32m[Kmsg->header.stamp[m[K [01;31m[K-[m[K [34m[Klast_encoder_time_[m[K).seconds();
[4.057s]       |                      [32m[K~~~~~~~~~~~~~~~~~[m[K [01;31m[K^[m[K [34m[K~~~~~~~~~~~~~~~~~~[m[K
[4.057s]       |                                  [32m[K|[m[K       [34m[K|[m[K
[4.057s]       |                                  [32m[K|[m[K       [34m[Krclcpp::Time[m[K
[4.057s]       |                                  [32m[Kstd_msgs::msg::Header_<std::allocator<void> >::_stamp_type {aka builtin_interfaces::msg::Time_<std::allocator<void> >}[m[K
[4.057s] In file included from [01m[K/usr/include/c++/9/bits/stl_algobase.h:67[m[K,
[4.057s]                  from [01m[K/usr/include/c++/9/memory:62[m[K,
[4.058s]                  from [01m[K/opt/ros/foxy/include/rclcpp/rclcpp.hpp:144[m[K,
[4.058s]                  from [01m[K/home/pritismankar/ros2_ws/src/my_odometry/src/lidar_odometry.cpp:1[m[K:
[4.058s] [01m[K/usr/include/c++/9/bits/stl_iterator.h:415:5:[m[K [01;36m[Knote: [m[Kcandidate: ‘[01m[Ktemplate<class _IteratorL, class _IteratorR> decltype ((__y.base() - __x.base())) std::operator-(const std::reverse_iterator<_Iterator>&, const std::reverse_iterator<_IteratorR>&)[m[K’
[4.058s]   415 |     [01;36m[Koperator[m[K-(const reverse_iterator<_IteratorL>& __x,
[4.058s]       |     [01;36m[K^~~~~~~~[m[K
[4.058s] [01m[K/usr/include/c++/9/bits/stl_iterator.h:415:5:[m[K [01;36m[Knote: [m[K  template argument deduction/substitution failed:
[4.058s] [01m[K/home/pritismankar/ros2_ws/src/my_odometry/src/lidar_odometry.cpp:113:42:[m[K [01;36m[Knote: [m[K  ‘[01m[Kstd_msgs::msg::Header_<std::allocator<void> >::_stamp_type[m[K’ {aka ‘[01m[Kbuiltin_interfaces::msg::Time_<std::allocator<void> >[m[K’} is not derived from ‘[01m[Kconst std::reverse_iterator<_Iterator>[m[K’
[4.058s]   113 |         double dt = (msg->header.stamp - [01;36m[Klast_encoder_time_[m[K).seconds();
[4.058s]       |                                          [01;36m[K^~~~~~~~~~~~~~~~~~[m[K
[4.058s] In file included from [01m[K/usr/include/c++/9/bits/stl_algobase.h:67[m[K,
[4.058s]                  from [01m[K/usr/include/c++/9/memory:62[m[K,
[4.058s]                  from [01m[K/opt/ros/foxy/include/rclcpp/rclcpp.hpp:144[m[K,
[4.058s]                  from [01m[K/home/pritismankar/ros2_ws/src/my_odometry/src/lidar_odometry.cpp:1[m[K:
[4.058s] [01m[K/usr/include/c++/9/bits/stl_iterator.h:1209:5:[m[K [01;36m[Knote: [m[Kcandidate: ‘[01m[Ktemplate<class _IteratorL, class _IteratorR> decltype ((__x.base() - __y.base())) std::operator-(const std::move_iterator<_IteratorL>&, const std::move_iterator<_IteratorR>&)[m[K’
[4.059s]  1209 |     [01;36m[Koperator[m[K-(const move_iterator<_IteratorL>& __x,
[4.059s]       |     [01;36m[K^~~~~~~~[m[K
[4.059s] [01m[K/usr/include/c++/9/bits/stl_iterator.h:1209:5:[m[K [01;36m[Knote: [m[K  template argument deduction/substitution failed:
[4.059s] [01m[K/home/pritismankar/ros2_ws/src/my_odometry/src/lidar_odometry.cpp:113:42:[m[K [01;36m[Knote: [m[K  ‘[01m[Kstd_msgs::msg::Header_<std::allocator<void> >::_stamp_type[m[K’ {aka ‘[01m[Kbuiltin_interfaces::msg::Time_<std::allocator<void> >[m[K’} is not derived from ‘[01m[Kconst std::move_iterator<_IteratorL>[m[K’
[4.064s]   113 |         double dt = (msg->header.stamp - [01;36m[Klast_encoder_time_[m[K).seconds();
[4.065s]       |                                          [01;36m[K^~~~~~~~~~~~~~~~~~[m[K
[4.066s] In file included from [01m[K/usr/include/c++/9/vector:68[m[K,
[4.066s]                  from [01m[K/opt/ros/foxy/include/rclcpp/executor.hpp:27[m[K,
[4.066s]                  from [01m[K/opt/ros/foxy/include/rclcpp/executors/multi_threaded_executor.hpp:26[m[K,
[4.066s]                  from [01m[K/opt/ros/foxy/include/rclcpp/executors.hpp:21[m[K,
[4.066s]                  from [01m[K/opt/ros/foxy/include/rclcpp/rclcpp.hpp:146[m[K,
[4.066s]                  from [01m[K/home/pritismankar/ros2_ws/src/my_odometry/src/lidar_odometry.cpp:1[m[K:
[4.067s] [01m[K/usr/include/c++/9/bits/stl_bvector.h:214:3:[m[K [01;36m[Knote: [m[Kcandidate: ‘[01m[Kstd::ptrdiff_t std::operator-(const std::_Bit_iterator_base&, const std::_Bit_iterator_base&)[m[K’
[4.067s]   214 |   [01;36m[Koperator[m[K-(const _Bit_iterator_base& __x, const _Bit_iterator_base& __y)
[4.067s]       |   [01;36m[K^~~~~~~~[m[K
[4.067s] [01m[K/usr/include/c++/9/bits/stl_bvector.h:214:39:[m[K [01;36m[Knote: [m[K  no known conversion for argument 1 from ‘[01m[Kstd_msgs::msg::Header_<std::allocator<void> >::_stamp_type[m[K’ {aka ‘[01m[Kbuiltin_interfaces::msg::Time_<std::allocator<void> >[m[K’} to ‘[01m[Kconst std::_Bit_iterator_base&[m[K’
[4.067s]   214 |   operator-([01;36m[Kconst _Bit_iterator_base& __x[m[K, const _Bit_iterator_base& __y)
[4.067s]       |             [01;36m[K~~~~~~~~~~~~~~~~~~~~~~~~~~^~~[m[K
[4.067s] In file included from [01m[K/usr/include/eigen3/Eigen/Core:96[m[K,
[4.067s]                  from [01m[K/usr/include/eigen3/Eigen/Dense:1[m[K,
[4.067s]                  from [01m[K/home/pritismankar/ros2_ws/src/my_odometry/src/lidar_odometry.cpp:11[m[K:
[4.067s] [01m[K/usr/include/c++/9/complex:361:5:[m[K [01;36m[Knote: [m[Kcandidate: ‘[01m[Ktemplate<class _Tp> std::complex<_Tp> std::operator-(const std::complex<_Tp>&, const std::complex<_Tp>&)[m[K’
[4.067s]   361 |     [01;36m[Koperator[m[K-(const complex<_Tp>& __x, const complex<_Tp>& __y)
[4.067s]       |     [01;36m[K^~~~~~~~[m[K
[4.067s] [01m[K/usr/include/c++/9/complex:361:5:[m[K [01;36m[Knote: [m[K  template argument deduction/substitution failed:
[4.068s] [01m[K/home/pritismankar/ros2_ws/src/my_odometry/src/lidar_odometry.cpp:113:42:[m[K [01;36m[Knote: [m[K  ‘[01m[Kstd_msgs::msg::Header_<std::allocator<void> >::_stamp_type[m[K’ {aka ‘[01m[Kbuiltin_interfaces::msg::Time_<std::allocator<void> >[m[K’} is not derived from ‘[01m[Kconst std::complex<_Tp>[m[K’
[4.068s]   113 |         double dt = (msg->header.stamp - [01;36m[Klast_encoder_time_[m[K).seconds();
[4.068s]       |                                          [01;36m[K^~~~~~~~~~~~~~~~~~[m[K
[4.068s] In file included from [01m[K/usr/include/eigen3/Eigen/Core:96[m[K,
[4.068s]                  from [01m[K/usr/include/eigen3/Eigen/Dense:1[m[K,
[4.068s]                  from [01m[K/home/pritismankar/ros2_ws/src/my_odometry/src/lidar_odometry.cpp:11[m[K:
[4.068s] [01m[K/usr/include/c++/9/complex:370:5:[m[K [01;36m[Knote: [m[Kcandidate: ‘[01m[Ktemplate<class _Tp> std::complex<_Tp> std::operator-(const std::complex<_Tp>&, const _Tp&)[m[K’
[4.068s]   370 |     [01;36m[Koperator[m[K-(const complex<_Tp>& __x, const _Tp& __y)
[4.068s]       |     [01;36m[K^~~~~~~~[m[K
[4.069s] [01m[K/usr/include/c++/9/complex:370:5:[m[K [01;36m[Knote: [m[K  template argument deduction/substitution failed:
[4.069s] [01m[K/home/pritismankar/ros2_ws/src/my_odometry/src/lidar_odometry.cpp:113:42:[m[K [01;36m[Knote: [m[K  ‘[01m[Kstd_msgs::msg::Header_<std::allocator<void> >::_stamp_type[m[K’ {aka ‘[01m[Kbuiltin_interfaces::msg::Time_<std::allocator<void> >[m[K’} is not derived from ‘[01m[Kconst std::complex<_Tp>[m[K’
[4.072s]   113 |         double dt = (msg->header.stamp - [01;36m[Klast_encoder_time_[m[K).seconds();
[4.072s]       |                                          [01;36m[K^~~~~~~~~~~~~~~~~~[m[K
[4.072s] In file included from [01m[K/usr/include/eigen3/Eigen/Core:96[m[K,
[4.072s]                  from [01m[K/usr/include/eigen3/Eigen/Dense:1[m[K,
[4.072s]                  from [01m[K/home/pritismankar/ros2_ws/src/my_odometry/src/lidar_odometry.cpp:11[m[K:
[4.072s] [01m[K/usr/include/c++/9/complex:379:5:[m[K [01;36m[Knote: [m[Kcandidate: ‘[01m[Ktemplate<class _Tp> std::complex<_Tp> std::operator-(const _Tp&, const std::complex<_Tp>&)[m[K’
[4.073s]   379 |     [01;36m[Koperator[m[K-(const _Tp& __x, const complex<_Tp>& __y)
[4.073s]       |     [01;36m[K^~~~~~~~[m[K
[4.073s] [01m[K/usr/include/c++/9/complex:379:5:[m[K [01;36m[Knote: [m[K  template argument deduction/substitution failed:
[4.073s] [01m[K/home/pritismankar/ros2_ws/src/my_odometry/src/lidar_odometry.cpp:113:42:[m[K [01;36m[Knote: [m[K  ‘[01m[Krclcpp::Time[m[K’ is not derived from ‘[01m[Kconst std::complex<_Tp>[m[K’
[4.073s]   113 |         double dt = (msg->header.stamp - [01;36m[Klast_encoder_time_[m[K).seconds();
[4.073s]       |                                          [01;36m[K^~~~~~~~~~~~~~~~~~[m[K
[4.073s] In file included from [01m[K/usr/include/eigen3/Eigen/Core:96[m[K,
[4.073s]                  from [01m[K/usr/include/eigen3/Eigen/Dense:1[m[K,
[4.073s]                  from [01m[K/home/pritismankar/ros2_ws/src/my_odometry/src/lidar_odometry.cpp:11[m[K:
[4.073s] [01m[K/usr/include/c++/9/complex:456:5:[m[K [01;36m[Knote: [m[Kcandidate: ‘[01m[Ktemplate<class _Tp> std::complex<_Tp> std::operator-(const std::complex<_Tp>&)[m[K’
[4.073s]   456 |     [01;36m[Koperator[m[K-(const complex<_Tp>& __x)
[4.073s]       |     [01;36m[K^~~~~~~~[m[K
[4.073s] [01m[K/usr/include/c++/9/complex:456:5:[m[K [01;36m[Knote: [m[K  template argument deduction/substitution failed:
[4.074s] [01m[K/home/pritismankar/ros2_ws/src/my_odometry/src/lidar_odometry.cpp:113:42:[m[K [01;36m[Knote: [m[K  ‘[01m[Kstd_msgs::msg::Header_<std::allocator<void> >::_stamp_type[m[K’ {aka ‘[01m[Kbuiltin_interfaces::msg::Time_<std::allocator<void> >[m[K’} is not derived from ‘[01m[Kconst std::complex<_Tp>[m[K’
[4.074s]   113 |         double dt = (msg->header.stamp - [01;36m[Klast_encoder_time_[m[K).seconds();
[4.074s]       |                                          [01;36m[K^~~~~~~~~~~~~~~~~~[m[K
[9.665s] make[2]: *** [CMakeFiles/lidar_odometry_node.dir/build.make:63: CMakeFiles/lidar_odometry_node.dir/src/lidar_odometry.cpp.o] Error 1
[9.668s] make[1]: *** [CMakeFiles/Makefile2:80: CMakeFiles/lidar_odometry_node.dir/all] Error 2
[9.668s] make: *** [Makefile:141: all] Error 2
[9.675s] Invoked command in '/home/pritismankar/ros2_ws/build/my_odometry' returned '2': CMAKE_PREFIX_PATH=/home/pritismankar/ros2_ws/install/my_odometry:/home/pritismankar/ros2_ws/install/my_fusion:/home/pritismankar/ros2_ws/install/my_simulation:/home/pritismankar/ros2_ws/install/my_robot_description:/opt/ros/foxy:/home/pritismankar/catkin_ws/devel:/opt/ros/noetic /usr/bin/cmake --build /home/pritismankar/ros2_ws/build/my_odometry -- -j4 -l4
