[1.495s] Invoking command in '/home/pritismankar/ros2_ws/build/my_odometry': PYTHONPATH=/home/pritismankar/ros2_ws/build/my_odometry/prefix_override:/usr/lib/python3/dist-packages/colcon_core/task/python/colcon_distutils_commands:/home/pritismankar/ros2_ws/install/my_odometry/lib/python3.8/site-packages:${PYTHONPATH} /usr/bin/python3 -W ignore:setup.py install is deprecated -W ignore:easy_install command is deprecated setup.py develop --editable --build-directory /home/pritismankar/ros2_ws/build/my_odometry/build --no-deps symlink_data
[1.880s] running develop
[1.979s] /usr/lib/python3/dist-packages/setuptools/command/easy_install.py:368: UserWarning: Unbuilt egg for my-simulation 0.0.0 (/home/pritismankar/ros2_ws/build/my_simulation)
[1.979s]   self.local_index = Environment(self.shadow_path + sys.path)
[2.048s] running egg_info
[2.049s] writing my_odometry.egg-info/PKG-INFO
[2.051s] writing dependency_links to my_odometry.egg-info/dependency_links.txt
[2.053s] writing entry points to my_odometry.egg-info/entry_points.txt
[2.053s] writing top-level names to my_odometry.egg-info/top_level.txt
[2.124s] reading manifest file 'my_odometry.egg-info/SOURCES.txt'
[2.124s] writing manifest file 'my_odometry.egg-info/SOURCES.txt'
[2.160s] running build_ext
[2.162s] Creating /home/pritismankar/ros2_ws/install/my_odometry/lib/python3.8/site-packages/my-odometry.egg-link (link to .)
[2.162s] Installing encoder_odom script to /home/pritismankar/ros2_ws/install/my_odometry/lib/my_odometry
[2.162s] Installing imu_odom script to /home/pritismankar/ros2_ws/install/my_odometry/lib/my_odometry
[2.162s] Installing move_robot script to /home/pritismankar/ros2_ws/install/my_odometry/lib/my_odometry
[2.163s] 
[2.163s] Installed /home/pritismankar/ros2_ws/build/my_odometry
[2.163s] running symlink_data
[2.519s] Invoked command in '/home/pritismankar/ros2_ws/build/my_odometry' returned '0': PYTHONPATH=/home/pritismankar/ros2_ws/build/my_odometry/prefix_override:/usr/lib/python3/dist-packages/colcon_core/task/python/colcon_distutils_commands:/home/pritismankar/ros2_ws/install/my_odometry/lib/python3.8/site-packages:${PYTHONPATH} /usr/bin/python3 -W ignore:setup.py install is deprecated -W ignore:easy_install command is deprecated setup.py develop --editable --build-directory /home/pritismankar/ros2_ws/build/my_odometry/build --no-deps symlink_data
