[0.456s] DEBUG:colcon:Command line arguments: ['/usr/bin/colcon', 'build', '--symlink-install']
[0.456s] DEBUG:colcon:Parsed command line arguments: Namespace(allow_overriding=[], ament_cmake_args=None, base_paths=['.'], build_base='build', catkin_cmake_args=None, catkin_skip_building_tests=False, cmake_args=None, cmake_clean_cache=False, cmake_clean_first=False, cmake_force_configure=False, cmake_target=None, cmake_target_skip_unavailable=False, continue_on_error=False, event_handlers=None, executor='parallel', ignore_user_meta=False, install_base='install', log_base=None, log_level=None, main=<bound method BuildVerb.main of <colcon_core.verb.build.BuildVerb object at 0x7f74e7977f10>>, merge_install=False, metas=['./colcon.meta'], packages_above=None, packages_above_and_dependencies=None, packages_above_depth=None, packages_end=None, packages_ignore=None, packages_ignore_regex=None, packages_select=None, packages_select_build_failed=False, packages_select_by_dep=None, packages_select_regex=None, packages_select_test_failures=False, packages_skip=None, packages_skip_build_finished=False, packages_skip_by_dep=None, packages_skip_regex=None, packages_skip_test_passed=False, packages_skip_up_to=None, packages_start=None, packages_up_to=None, packages_up_to_regex=None, parallel_workers=4, paths=None, symlink_install=True, test_result_base=None, verb_extension=<colcon_core.verb.build.BuildVerb object at 0x7f74e7977f10>, verb_name='build', verb_parser=<colcon_defaults.argument_parser.defaults.DefaultArgumentsDecorator object at 0x7f74e79843a0>)
[0.759s] Level 1:colcon.colcon_core.package_discovery:discover_packages(colcon_meta) check parameters
[0.760s] Level 1:colcon.colcon_core.package_discovery:discover_packages(recursive) check parameters
[0.760s] Level 1:colcon.colcon_core.package_discovery:discover_packages(ignore) check parameters
[0.760s] Level 1:colcon.colcon_core.package_discovery:discover_packages(path) check parameters
[0.760s] Level 1:colcon.colcon_core.package_discovery:discover_packages(colcon_meta) discover
[0.760s] Level 1:colcon.colcon_core.package_discovery:discover_packages(recursive) discover
[0.761s] INFO:colcon.colcon_core.package_discovery:Crawling recursively for packages in '/home/pritismankar/ros2_ws'
[0.761s] Level 1:colcon.colcon_core.package_identification:_identify(.) by extensions ['ignore', 'ignore_ament_install']
[0.761s] Level 1:colcon.colcon_core.package_identification:_identify(.) by extension 'ignore'
[0.761s] Level 1:colcon.colcon_core.package_identification:_identify(.) by extension 'ignore_ament_install'
[0.761s] Level 1:colcon.colcon_core.package_identification:_identify(.) by extensions ['colcon_pkg']
[0.761s] Level 1:colcon.colcon_core.package_identification:_identify(.) by extension 'colcon_pkg'
[0.761s] Level 1:colcon.colcon_core.package_identification:_identify(.) by extensions ['colcon_meta']
[0.761s] Level 1:colcon.colcon_core.package_identification:_identify(.) by extension 'colcon_meta'
[0.761s] Level 1:colcon.colcon_core.package_identification:_identify(.) by extensions ['ros']
[0.761s] Level 1:colcon.colcon_core.package_identification:_identify(.) by extension 'ros'
[0.815s] Level 1:colcon.colcon_core.package_identification:_identify(.) by extensions ['cmake', 'python']
[0.816s] Level 1:colcon.colcon_core.package_identification:_identify(.) by extension 'cmake'
[0.816s] Level 1:colcon.colcon_core.package_identification:_identify(.) by extension 'python'
[0.816s] Level 1:colcon.colcon_core.package_identification:_identify(.) by extensions ['python_setup_py']
[0.816s] Level 1:colcon.colcon_core.package_identification:_identify(.) by extension 'python_setup_py'
[0.816s] Level 1:colcon.colcon_core.package_identification:_identify(build) by extensions ['ignore', 'ignore_ament_install']
[0.817s] Level 1:colcon.colcon_core.package_identification:_identify(build) by extension 'ignore'
[0.817s] Level 1:colcon.colcon_core.package_identification:_identify(build) ignored
[0.817s] Level 1:colcon.colcon_core.package_identification:_identify(install) by extensions ['ignore', 'ignore_ament_install']
[0.817s] Level 1:colcon.colcon_core.package_identification:_identify(install) by extension 'ignore'
[0.817s] Level 1:colcon.colcon_core.package_identification:_identify(install) ignored
[0.818s] Level 1:colcon.colcon_core.package_identification:_identify(log) by extensions ['ignore', 'ignore_ament_install']
[0.818s] Level 1:colcon.colcon_core.package_identification:_identify(log) by extension 'ignore'
[0.818s] Level 1:colcon.colcon_core.package_identification:_identify(log) ignored
[0.818s] Level 1:colcon.colcon_core.package_identification:_identify(results) by extensions ['ignore', 'ignore_ament_install']
[0.818s] Level 1:colcon.colcon_core.package_identification:_identify(results) by extension 'ignore'
[0.818s] Level 1:colcon.colcon_core.package_identification:_identify(results) by extension 'ignore_ament_install'
[0.818s] Level 1:colcon.colcon_core.package_identification:_identify(results) by extensions ['colcon_pkg']
[0.818s] Level 1:colcon.colcon_core.package_identification:_identify(results) by extension 'colcon_pkg'
[0.819s] Level 1:colcon.colcon_core.package_identification:_identify(results) by extensions ['colcon_meta']
[0.819s] Level 1:colcon.colcon_core.package_identification:_identify(results) by extension 'colcon_meta'
[0.819s] Level 1:colcon.colcon_core.package_identification:_identify(results) by extensions ['ros']
[0.819s] Level 1:colcon.colcon_core.package_identification:_identify(results) by extension 'ros'
[0.819s] Level 1:colcon.colcon_core.package_identification:_identify(results) by extensions ['cmake', 'python']
[0.819s] Level 1:colcon.colcon_core.package_identification:_identify(results) by extension 'cmake'
[0.819s] Level 1:colcon.colcon_core.package_identification:_identify(results) by extension 'python'
[0.819s] Level 1:colcon.colcon_core.package_identification:_identify(results) by extensions ['python_setup_py']
[0.819s] Level 1:colcon.colcon_core.package_identification:_identify(results) by extension 'python_setup_py'
[0.820s] Level 1:colcon.colcon_core.package_identification:_identify(results/my_fusion_results) by extensions ['ignore', 'ignore_ament_install']
[0.820s] Level 1:colcon.colcon_core.package_identification:_identify(results/my_fusion_results) by extension 'ignore'
[0.820s] Level 1:colcon.colcon_core.package_identification:_identify(results/my_fusion_results) by extension 'ignore_ament_install'
[0.820s] Level 1:colcon.colcon_core.package_identification:_identify(results/my_fusion_results) by extensions ['colcon_pkg']
[0.820s] Level 1:colcon.colcon_core.package_identification:_identify(results/my_fusion_results) by extension 'colcon_pkg'
[0.820s] Level 1:colcon.colcon_core.package_identification:_identify(results/my_fusion_results) by extensions ['colcon_meta']
[0.820s] Level 1:colcon.colcon_core.package_identification:_identify(results/my_fusion_results) by extension 'colcon_meta'
[0.820s] Level 1:colcon.colcon_core.package_identification:_identify(results/my_fusion_results) by extensions ['ros']
[0.820s] Level 1:colcon.colcon_core.package_identification:_identify(results/my_fusion_results) by extension 'ros'
[0.821s] Level 1:colcon.colcon_core.package_identification:_identify(results/my_fusion_results) by extensions ['cmake', 'python']
[0.821s] Level 1:colcon.colcon_core.package_identification:_identify(results/my_fusion_results) by extension 'cmake'
[0.821s] Level 1:colcon.colcon_core.package_identification:_identify(results/my_fusion_results) by extension 'python'
[0.821s] Level 1:colcon.colcon_core.package_identification:_identify(results/my_fusion_results) by extensions ['python_setup_py']
[0.821s] Level 1:colcon.colcon_core.package_identification:_identify(results/my_fusion_results) by extension 'python_setup_py'
[0.821s] Level 1:colcon.colcon_core.package_identification:_identify(results/my_fusion_results/TC1_1CW_Manuever) by extensions ['ignore', 'ignore_ament_install']
[0.821s] Level 1:colcon.colcon_core.package_identification:_identify(results/my_fusion_results/TC1_1CW_Manuever) by extension 'ignore'
[0.821s] Level 1:colcon.colcon_core.package_identification:_identify(results/my_fusion_results/TC1_1CW_Manuever) by extension 'ignore_ament_install'
[0.822s] Level 1:colcon.colcon_core.package_identification:_identify(results/my_fusion_results/TC1_1CW_Manuever) by extensions ['colcon_pkg']
[0.822s] Level 1:colcon.colcon_core.package_identification:_identify(results/my_fusion_results/TC1_1CW_Manuever) by extension 'colcon_pkg'
[0.822s] Level 1:colcon.colcon_core.package_identification:_identify(results/my_fusion_results/TC1_1CW_Manuever) by extensions ['colcon_meta']
[0.822s] Level 1:colcon.colcon_core.package_identification:_identify(results/my_fusion_results/TC1_1CW_Manuever) by extension 'colcon_meta'
[0.822s] Level 1:colcon.colcon_core.package_identification:_identify(results/my_fusion_results/TC1_1CW_Manuever) by extensions ['ros']
[0.822s] Level 1:colcon.colcon_core.package_identification:_identify(results/my_fusion_results/TC1_1CW_Manuever) by extension 'ros'
[0.822s] Level 1:colcon.colcon_core.package_identification:_identify(results/my_fusion_results/TC1_1CW_Manuever) by extensions ['cmake', 'python']
[0.822s] Level 1:colcon.colcon_core.package_identification:_identify(results/my_fusion_results/TC1_1CW_Manuever) by extension 'cmake'
[0.822s] Level 1:colcon.colcon_core.package_identification:_identify(results/my_fusion_results/TC1_1CW_Manuever) by extension 'python'
[0.822s] Level 1:colcon.colcon_core.package_identification:_identify(results/my_fusion_results/TC1_1CW_Manuever) by extensions ['python_setup_py']
[0.822s] Level 1:colcon.colcon_core.package_identification:_identify(results/my_fusion_results/TC1_1CW_Manuever) by extension 'python_setup_py'
[0.823s] Level 1:colcon.colcon_core.package_identification:_identify(results/my_fusion_results/TC2-1CW_Manuver2) by extensions ['ignore', 'ignore_ament_install']
[0.823s] Level 1:colcon.colcon_core.package_identification:_identify(results/my_fusion_results/TC2-1CW_Manuver2) by extension 'ignore'
[0.823s] Level 1:colcon.colcon_core.package_identification:_identify(results/my_fusion_results/TC2-1CW_Manuver2) by extension 'ignore_ament_install'
[0.823s] Level 1:colcon.colcon_core.package_identification:_identify(results/my_fusion_results/TC2-1CW_Manuver2) by extensions ['colcon_pkg']
[0.823s] Level 1:colcon.colcon_core.package_identification:_identify(results/my_fusion_results/TC2-1CW_Manuver2) by extension 'colcon_pkg'
[0.823s] Level 1:colcon.colcon_core.package_identification:_identify(results/my_fusion_results/TC2-1CW_Manuver2) by extensions ['colcon_meta']
[0.823s] Level 1:colcon.colcon_core.package_identification:_identify(results/my_fusion_results/TC2-1CW_Manuver2) by extension 'colcon_meta'
[0.823s] Level 1:colcon.colcon_core.package_identification:_identify(results/my_fusion_results/TC2-1CW_Manuver2) by extensions ['ros']
[0.823s] Level 1:colcon.colcon_core.package_identification:_identify(results/my_fusion_results/TC2-1CW_Manuver2) by extension 'ros'
[0.823s] Level 1:colcon.colcon_core.package_identification:_identify(results/my_fusion_results/TC2-1CW_Manuver2) by extensions ['cmake', 'python']
[0.823s] Level 1:colcon.colcon_core.package_identification:_identify(results/my_fusion_results/TC2-1CW_Manuver2) by extension 'cmake'
[0.823s] Level 1:colcon.colcon_core.package_identification:_identify(results/my_fusion_results/TC2-1CW_Manuver2) by extension 'python'
[0.823s] Level 1:colcon.colcon_core.package_identification:_identify(results/my_fusion_results/TC2-1CW_Manuver2) by extensions ['python_setup_py']
[0.823s] Level 1:colcon.colcon_core.package_identification:_identify(results/my_fusion_results/TC2-1CW_Manuver2) by extension 'python_setup_py'
[0.823s] Level 1:colcon.colcon_core.package_identification:_identify(results/my_fusion_results/TC3-1CCW-BothMarker) by extensions ['ignore', 'ignore_ament_install']
[0.824s] Level 1:colcon.colcon_core.package_identification:_identify(results/my_fusion_results/TC3-1CCW-BothMarker) by extension 'ignore'
[0.824s] Level 1:colcon.colcon_core.package_identification:_identify(results/my_fusion_results/TC3-1CCW-BothMarker) by extension 'ignore_ament_install'
[0.824s] Level 1:colcon.colcon_core.package_identification:_identify(results/my_fusion_results/TC3-1CCW-BothMarker) by extensions ['colcon_pkg']
[0.824s] Level 1:colcon.colcon_core.package_identification:_identify(results/my_fusion_results/TC3-1CCW-BothMarker) by extension 'colcon_pkg'
[0.824s] Level 1:colcon.colcon_core.package_identification:_identify(results/my_fusion_results/TC3-1CCW-BothMarker) by extensions ['colcon_meta']
[0.824s] Level 1:colcon.colcon_core.package_identification:_identify(results/my_fusion_results/TC3-1CCW-BothMarker) by extension 'colcon_meta'
[0.824s] Level 1:colcon.colcon_core.package_identification:_identify(results/my_fusion_results/TC3-1CCW-BothMarker) by extensions ['ros']
[0.824s] Level 1:colcon.colcon_core.package_identification:_identify(results/my_fusion_results/TC3-1CCW-BothMarker) by extension 'ros'
[0.824s] Level 1:colcon.colcon_core.package_identification:_identify(results/my_fusion_results/TC3-1CCW-BothMarker) by extensions ['cmake', 'python']
[0.824s] Level 1:colcon.colcon_core.package_identification:_identify(results/my_fusion_results/TC3-1CCW-BothMarker) by extension 'cmake'
[0.824s] Level 1:colcon.colcon_core.package_identification:_identify(results/my_fusion_results/TC3-1CCW-BothMarker) by extension 'python'
[0.824s] Level 1:colcon.colcon_core.package_identification:_identify(results/my_fusion_results/TC3-1CCW-BothMarker) by extensions ['python_setup_py']
[0.824s] Level 1:colcon.colcon_core.package_identification:_identify(results/my_fusion_results/TC3-1CCW-BothMarker) by extension 'python_setup_py'
[0.824s] Level 1:colcon.colcon_core.package_identification:_identify(results/my_fusion_results/TC4-1CCW-SingleMarker) by extensions ['ignore', 'ignore_ament_install']
[0.824s] Level 1:colcon.colcon_core.package_identification:_identify(results/my_fusion_results/TC4-1CCW-SingleMarker) by extension 'ignore'
[0.825s] Level 1:colcon.colcon_core.package_identification:_identify(results/my_fusion_results/TC4-1CCW-SingleMarker) by extension 'ignore_ament_install'
[0.825s] Level 1:colcon.colcon_core.package_identification:_identify(results/my_fusion_results/TC4-1CCW-SingleMarker) by extensions ['colcon_pkg']
[0.825s] Level 1:colcon.colcon_core.package_identification:_identify(results/my_fusion_results/TC4-1CCW-SingleMarker) by extension 'colcon_pkg'
[0.825s] Level 1:colcon.colcon_core.package_identification:_identify(results/my_fusion_results/TC4-1CCW-SingleMarker) by extensions ['colcon_meta']
[0.825s] Level 1:colcon.colcon_core.package_identification:_identify(results/my_fusion_results/TC4-1CCW-SingleMarker) by extension 'colcon_meta'
[0.825s] Level 1:colcon.colcon_core.package_identification:_identify(results/my_fusion_results/TC4-1CCW-SingleMarker) by extensions ['ros']
[0.825s] Level 1:colcon.colcon_core.package_identification:_identify(results/my_fusion_results/TC4-1CCW-SingleMarker) by extension 'ros'
[0.825s] Level 1:colcon.colcon_core.package_identification:_identify(results/my_fusion_results/TC4-1CCW-SingleMarker) by extensions ['cmake', 'python']
[0.825s] Level 1:colcon.colcon_core.package_identification:_identify(results/my_fusion_results/TC4-1CCW-SingleMarker) by extension 'cmake'
[0.825s] Level 1:colcon.colcon_core.package_identification:_identify(results/my_fusion_results/TC4-1CCW-SingleMarker) by extension 'python'
[0.825s] Level 1:colcon.colcon_core.package_identification:_identify(results/my_fusion_results/TC4-1CCW-SingleMarker) by extensions ['python_setup_py']
[0.825s] Level 1:colcon.colcon_core.package_identification:_identify(results/my_fusion_results/TC4-1CCW-SingleMarker) by extension 'python_setup_py'
[0.825s] Level 1:colcon.colcon_core.package_identification:_identify(results/my_fusion_results/TC5-2CCW-1CW-MultipleLoops) by extensions ['ignore', 'ignore_ament_install']
[0.825s] Level 1:colcon.colcon_core.package_identification:_identify(results/my_fusion_results/TC5-2CCW-1CW-MultipleLoops) by extension 'ignore'
[0.825s] Level 1:colcon.colcon_core.package_identification:_identify(results/my_fusion_results/TC5-2CCW-1CW-MultipleLoops) by extension 'ignore_ament_install'
[0.825s] Level 1:colcon.colcon_core.package_identification:_identify(results/my_fusion_results/TC5-2CCW-1CW-MultipleLoops) by extensions ['colcon_pkg']
[0.825s] Level 1:colcon.colcon_core.package_identification:_identify(results/my_fusion_results/TC5-2CCW-1CW-MultipleLoops) by extension 'colcon_pkg'
[0.825s] Level 1:colcon.colcon_core.package_identification:_identify(results/my_fusion_results/TC5-2CCW-1CW-MultipleLoops) by extensions ['colcon_meta']
[0.826s] Level 1:colcon.colcon_core.package_identification:_identify(results/my_fusion_results/TC5-2CCW-1CW-MultipleLoops) by extension 'colcon_meta'
[0.826s] Level 1:colcon.colcon_core.package_identification:_identify(results/my_fusion_results/TC5-2CCW-1CW-MultipleLoops) by extensions ['ros']
[0.826s] Level 1:colcon.colcon_core.package_identification:_identify(results/my_fusion_results/TC5-2CCW-1CW-MultipleLoops) by extension 'ros'
[0.826s] Level 1:colcon.colcon_core.package_identification:_identify(results/my_fusion_results/TC5-2CCW-1CW-MultipleLoops) by extensions ['cmake', 'python']
[0.826s] Level 1:colcon.colcon_core.package_identification:_identify(results/my_fusion_results/TC5-2CCW-1CW-MultipleLoops) by extension 'cmake'
[0.826s] Level 1:colcon.colcon_core.package_identification:_identify(results/my_fusion_results/TC5-2CCW-1CW-MultipleLoops) by extension 'python'
[0.826s] Level 1:colcon.colcon_core.package_identification:_identify(results/my_fusion_results/TC5-2CCW-1CW-MultipleLoops) by extensions ['python_setup_py']
[0.826s] Level 1:colcon.colcon_core.package_identification:_identify(results/my_fusion_results/TC5-2CCW-1CW-MultipleLoops) by extension 'python_setup_py'
[0.826s] Level 1:colcon.colcon_core.package_identification:_identify(results/my_fusion_results/TC6-Stationary) by extensions ['ignore', 'ignore_ament_install']
[0.826s] Level 1:colcon.colcon_core.package_identification:_identify(results/my_fusion_results/TC6-Stationary) by extension 'ignore'
[0.826s] Level 1:colcon.colcon_core.package_identification:_identify(results/my_fusion_results/TC6-Stationary) by extension 'ignore_ament_install'
[0.826s] Level 1:colcon.colcon_core.package_identification:_identify(results/my_fusion_results/TC6-Stationary) by extensions ['colcon_pkg']
[0.826s] Level 1:colcon.colcon_core.package_identification:_identify(results/my_fusion_results/TC6-Stationary) by extension 'colcon_pkg'
[0.826s] Level 1:colcon.colcon_core.package_identification:_identify(results/my_fusion_results/TC6-Stationary) by extensions ['colcon_meta']
[0.826s] Level 1:colcon.colcon_core.package_identification:_identify(results/my_fusion_results/TC6-Stationary) by extension 'colcon_meta'
[0.826s] Level 1:colcon.colcon_core.package_identification:_identify(results/my_fusion_results/TC6-Stationary) by extensions ['ros']
[0.827s] Level 1:colcon.colcon_core.package_identification:_identify(results/my_fusion_results/TC6-Stationary) by extension 'ros'
[0.827s] Level 1:colcon.colcon_core.package_identification:_identify(results/my_fusion_results/TC6-Stationary) by extensions ['cmake', 'python']
[0.827s] Level 1:colcon.colcon_core.package_identification:_identify(results/my_fusion_results/TC6-Stationary) by extension 'cmake'
[0.827s] Level 1:colcon.colcon_core.package_identification:_identify(results/my_fusion_results/TC6-Stationary) by extension 'python'
[0.827s] Level 1:colcon.colcon_core.package_identification:_identify(results/my_fusion_results/TC6-Stationary) by extensions ['python_setup_py']
[0.827s] Level 1:colcon.colcon_core.package_identification:_identify(results/my_fusion_results/TC6-Stationary) by extension 'python_setup_py'
[0.827s] Level 1:colcon.colcon_core.package_identification:_identify(results/my_odometry_results) by extensions ['ignore', 'ignore_ament_install']
[0.827s] Level 1:colcon.colcon_core.package_identification:_identify(results/my_odometry_results) by extension 'ignore'
[0.827s] Level 1:colcon.colcon_core.package_identification:_identify(results/my_odometry_results) by extension 'ignore_ament_install'
[0.827s] Level 1:colcon.colcon_core.package_identification:_identify(results/my_odometry_results) by extensions ['colcon_pkg']
[0.827s] Level 1:colcon.colcon_core.package_identification:_identify(results/my_odometry_results) by extension 'colcon_pkg'
[0.827s] Level 1:colcon.colcon_core.package_identification:_identify(results/my_odometry_results) by extensions ['colcon_meta']
[0.827s] Level 1:colcon.colcon_core.package_identification:_identify(results/my_odometry_results) by extension 'colcon_meta'
[0.828s] Level 1:colcon.colcon_core.package_identification:_identify(results/my_odometry_results) by extensions ['ros']
[0.828s] Level 1:colcon.colcon_core.package_identification:_identify(results/my_odometry_results) by extension 'ros'
[0.828s] Level 1:colcon.colcon_core.package_identification:_identify(results/my_odometry_results) by extensions ['cmake', 'python']
[0.828s] Level 1:colcon.colcon_core.package_identification:_identify(results/my_odometry_results) by extension 'cmake'
[0.828s] Level 1:colcon.colcon_core.package_identification:_identify(results/my_odometry_results) by extension 'python'
[0.828s] Level 1:colcon.colcon_core.package_identification:_identify(results/my_odometry_results) by extensions ['python_setup_py']
[0.828s] Level 1:colcon.colcon_core.package_identification:_identify(results/my_odometry_results) by extension 'python_setup_py'
[0.828s] Level 1:colcon.colcon_core.package_identification:_identify(results/my_robot_description_results) by extensions ['ignore', 'ignore_ament_install']
[0.828s] Level 1:colcon.colcon_core.package_identification:_identify(results/my_robot_description_results) by extension 'ignore'
[0.828s] Level 1:colcon.colcon_core.package_identification:_identify(results/my_robot_description_results) by extension 'ignore_ament_install'
[0.828s] Level 1:colcon.colcon_core.package_identification:_identify(results/my_robot_description_results) by extensions ['colcon_pkg']
[0.828s] Level 1:colcon.colcon_core.package_identification:_identify(results/my_robot_description_results) by extension 'colcon_pkg'
[0.828s] Level 1:colcon.colcon_core.package_identification:_identify(results/my_robot_description_results) by extensions ['colcon_meta']
[0.828s] Level 1:colcon.colcon_core.package_identification:_identify(results/my_robot_description_results) by extension 'colcon_meta'
[0.828s] Level 1:colcon.colcon_core.package_identification:_identify(results/my_robot_description_results) by extensions ['ros']
[0.829s] Level 1:colcon.colcon_core.package_identification:_identify(results/my_robot_description_results) by extension 'ros'
[0.829s] Level 1:colcon.colcon_core.package_identification:_identify(results/my_robot_description_results) by extensions ['cmake', 'python']
[0.829s] Level 1:colcon.colcon_core.package_identification:_identify(results/my_robot_description_results) by extension 'cmake'
[0.829s] Level 1:colcon.colcon_core.package_identification:_identify(results/my_robot_description_results) by extension 'python'
[0.829s] Level 1:colcon.colcon_core.package_identification:_identify(results/my_robot_description_results) by extensions ['python_setup_py']
[0.829s] Level 1:colcon.colcon_core.package_identification:_identify(results/my_robot_description_results) by extension 'python_setup_py'
[0.829s] Level 1:colcon.colcon_core.package_identification:_identify(results/my_simulation_results) by extensions ['ignore', 'ignore_ament_install']
[0.829s] Level 1:colcon.colcon_core.package_identification:_identify(results/my_simulation_results) by extension 'ignore'
[0.829s] Level 1:colcon.colcon_core.package_identification:_identify(results/my_simulation_results) by extension 'ignore_ament_install'
[0.829s] Level 1:colcon.colcon_core.package_identification:_identify(results/my_simulation_results) by extensions ['colcon_pkg']
[0.830s] Level 1:colcon.colcon_core.package_identification:_identify(results/my_simulation_results) by extension 'colcon_pkg'
[0.830s] Level 1:colcon.colcon_core.package_identification:_identify(results/my_simulation_results) by extensions ['colcon_meta']
[0.830s] Level 1:colcon.colcon_core.package_identification:_identify(results/my_simulation_results) by extension 'colcon_meta'
[0.830s] Level 1:colcon.colcon_core.package_identification:_identify(results/my_simulation_results) by extensions ['ros']
[0.830s] Level 1:colcon.colcon_core.package_identification:_identify(results/my_simulation_results) by extension 'ros'
[0.830s] Level 1:colcon.colcon_core.package_identification:_identify(results/my_simulation_results) by extensions ['cmake', 'python']
[0.831s] Level 1:colcon.colcon_core.package_identification:_identify(results/my_simulation_results) by extension 'cmake'
[0.831s] Level 1:colcon.colcon_core.package_identification:_identify(results/my_simulation_results) by extension 'python'
[0.831s] Level 1:colcon.colcon_core.package_identification:_identify(results/my_simulation_results) by extensions ['python_setup_py']
[0.831s] Level 1:colcon.colcon_core.package_identification:_identify(results/my_simulation_results) by extension 'python_setup_py'
[0.831s] Level 1:colcon.colcon_core.package_identification:_identify(src) by extensions ['ignore', 'ignore_ament_install']
[0.831s] Level 1:colcon.colcon_core.package_identification:_identify(src) by extension 'ignore'
[0.831s] Level 1:colcon.colcon_core.package_identification:_identify(src) by extension 'ignore_ament_install'
[0.831s] Level 1:colcon.colcon_core.package_identification:_identify(src) by extensions ['colcon_pkg']
[0.831s] Level 1:colcon.colcon_core.package_identification:_identify(src) by extension 'colcon_pkg'
[0.832s] Level 1:colcon.colcon_core.package_identification:_identify(src) by extensions ['colcon_meta']
[0.832s] Level 1:colcon.colcon_core.package_identification:_identify(src) by extension 'colcon_meta'
[0.832s] Level 1:colcon.colcon_core.package_identification:_identify(src) by extensions ['ros']
[0.832s] Level 1:colcon.colcon_core.package_identification:_identify(src) by extension 'ros'
[0.832s] Level 1:colcon.colcon_core.package_identification:_identify(src) by extensions ['cmake', 'python']
[0.832s] Level 1:colcon.colcon_core.package_identification:_identify(src) by extension 'cmake'
[0.832s] Level 1:colcon.colcon_core.package_identification:_identify(src) by extension 'python'
[0.832s] Level 1:colcon.colcon_core.package_identification:_identify(src) by extensions ['python_setup_py']
[0.832s] Level 1:colcon.colcon_core.package_identification:_identify(src) by extension 'python_setup_py'
[0.833s] Level 1:colcon.colcon_core.package_identification:_identify(src/my_fusion) by extensions ['ignore', 'ignore_ament_install']
[0.833s] Level 1:colcon.colcon_core.package_identification:_identify(src/my_fusion) by extension 'ignore'
[0.833s] Level 1:colcon.colcon_core.package_identification:_identify(src/my_fusion) by extension 'ignore_ament_install'
[0.833s] Level 1:colcon.colcon_core.package_identification:_identify(src/my_fusion) by extensions ['colcon_pkg']
[0.833s] Level 1:colcon.colcon_core.package_identification:_identify(src/my_fusion) by extension 'colcon_pkg'
[0.833s] Level 1:colcon.colcon_core.package_identification:_identify(src/my_fusion) by extensions ['colcon_meta']
[0.833s] Level 1:colcon.colcon_core.package_identification:_identify(src/my_fusion) by extension 'colcon_meta'
[0.833s] Level 1:colcon.colcon_core.package_identification:_identify(src/my_fusion) by extensions ['ros']
[0.833s] Level 1:colcon.colcon_core.package_identification:_identify(src/my_fusion) by extension 'ros'
[0.840s] DEBUG:colcon.colcon_core.package_identification:Package 'src/my_fusion' with type 'ros.ament_cmake' and name 'my_fusion'
[0.840s] Level 1:colcon.colcon_core.package_identification:_identify(src/my_odometry) by extensions ['ignore', 'ignore_ament_install']
[0.840s] Level 1:colcon.colcon_core.package_identification:_identify(src/my_odometry) by extension 'ignore'
[0.840s] Level 1:colcon.colcon_core.package_identification:_identify(src/my_odometry) by extension 'ignore_ament_install'
[0.840s] Level 1:colcon.colcon_core.package_identification:_identify(src/my_odometry) by extensions ['colcon_pkg']
[0.840s] Level 1:colcon.colcon_core.package_identification:_identify(src/my_odometry) by extension 'colcon_pkg'
[0.840s] Level 1:colcon.colcon_core.package_identification:_identify(src/my_odometry) by extensions ['colcon_meta']
[0.841s] Level 1:colcon.colcon_core.package_identification:_identify(src/my_odometry) by extension 'colcon_meta'
[0.841s] Level 1:colcon.colcon_core.package_identification:_identify(src/my_odometry) by extensions ['ros']
[0.841s] Level 1:colcon.colcon_core.package_identification:_identify(src/my_odometry) by extension 'ros'
[0.844s] DEBUG:colcon.colcon_core.package_identification:Package 'src/my_odometry' with type 'ros.ament_cmake' and name 'my_odometry'
[0.844s] Level 1:colcon.colcon_core.package_identification:_identify(src/my_robot_description) by extensions ['ignore', 'ignore_ament_install']
[0.844s] Level 1:colcon.colcon_core.package_identification:_identify(src/my_robot_description) by extension 'ignore'
[0.845s] Level 1:colcon.colcon_core.package_identification:_identify(src/my_robot_description) by extension 'ignore_ament_install'
[0.845s] Level 1:colcon.colcon_core.package_identification:_identify(src/my_robot_description) by extensions ['colcon_pkg']
[0.845s] Level 1:colcon.colcon_core.package_identification:_identify(src/my_robot_description) by extension 'colcon_pkg'
[0.845s] Level 1:colcon.colcon_core.package_identification:_identify(src/my_robot_description) by extensions ['colcon_meta']
[0.845s] Level 1:colcon.colcon_core.package_identification:_identify(src/my_robot_description) by extension 'colcon_meta'
[0.845s] Level 1:colcon.colcon_core.package_identification:_identify(src/my_robot_description) by extensions ['ros']
[0.845s] Level 1:colcon.colcon_core.package_identification:_identify(src/my_robot_description) by extension 'ros'
[0.846s] DEBUG:colcon.colcon_core.package_identification:Package 'src/my_robot_description' with type 'ros.ament_python' and name 'my_robot_description'
[0.847s] Level 1:colcon.colcon_core.package_identification:_identify(src/my_simulation) by extensions ['ignore', 'ignore_ament_install']
[0.847s] Level 1:colcon.colcon_core.package_identification:_identify(src/my_simulation) by extension 'ignore'
[0.847s] Level 1:colcon.colcon_core.package_identification:_identify(src/my_simulation) by extension 'ignore_ament_install'
[0.847s] Level 1:colcon.colcon_core.package_identification:_identify(src/my_simulation) by extensions ['colcon_pkg']
[0.847s] Level 1:colcon.colcon_core.package_identification:_identify(src/my_simulation) by extension 'colcon_pkg'
[0.847s] Level 1:colcon.colcon_core.package_identification:_identify(src/my_simulation) by extensions ['colcon_meta']
[0.847s] Level 1:colcon.colcon_core.package_identification:_identify(src/my_simulation) by extension 'colcon_meta'
[0.847s] Level 1:colcon.colcon_core.package_identification:_identify(src/my_simulation) by extensions ['ros']
[0.847s] Level 1:colcon.colcon_core.package_identification:_identify(src/my_simulation) by extension 'ros'
[0.849s] DEBUG:colcon.colcon_core.package_identification:Package 'src/my_simulation' with type 'ros.ament_python' and name 'my_simulation'
[0.849s] Level 1:colcon.colcon_core.package_discovery:discover_packages(recursive) using defaults
[0.849s] Level 1:colcon.colcon_core.package_discovery:discover_packages(ignore) discover
[0.849s] Level 1:colcon.colcon_core.package_discovery:discover_packages(ignore) using defaults
[0.849s] Level 1:colcon.colcon_core.package_discovery:discover_packages(path) discover
[0.849s] Level 1:colcon.colcon_core.package_discovery:discover_packages(path) using defaults
[0.901s] Level 1:colcon.colcon_core.package_discovery:discover_packages(prefix_path) check parameters
[0.901s] Level 1:colcon.colcon_core.package_discovery:discover_packages(prefix_path) discover
[0.905s] DEBUG:colcon.colcon_installed_package_information.package_discovery:Found 4 installed packages in /home/pritismankar/ros2_ws/install
[0.907s] DEBUG:colcon.colcon_installed_package_information.package_discovery:Found 289 installed packages in /opt/ros/foxy
[0.910s] Level 1:colcon.colcon_core.package_discovery:discover_packages(prefix_path) using defaults
[1.016s] Level 5:colcon.colcon_core.verb:set package 'my_fusion' build argument 'cmake_args' from command line to 'None'
[1.016s] Level 5:colcon.colcon_core.verb:set package 'my_fusion' build argument 'cmake_target' from command line to 'None'
[1.016s] Level 5:colcon.colcon_core.verb:set package 'my_fusion' build argument 'cmake_target_skip_unavailable' from command line to 'False'
[1.016s] Level 5:colcon.colcon_core.verb:set package 'my_fusion' build argument 'cmake_clean_cache' from command line to 'False'
[1.016s] Level 5:colcon.colcon_core.verb:set package 'my_fusion' build argument 'cmake_clean_first' from command line to 'False'
[1.016s] Level 5:colcon.colcon_core.verb:set package 'my_fusion' build argument 'cmake_force_configure' from command line to 'False'
[1.016s] Level 5:colcon.colcon_core.verb:set package 'my_fusion' build argument 'ament_cmake_args' from command line to 'None'
[1.016s] Level 5:colcon.colcon_core.verb:set package 'my_fusion' build argument 'catkin_cmake_args' from command line to 'None'
[1.016s] Level 5:colcon.colcon_core.verb:set package 'my_fusion' build argument 'catkin_skip_building_tests' from command line to 'False'
[1.017s] DEBUG:colcon.colcon_core.verb:Building package 'my_fusion' with the following arguments: {'ament_cmake_args': None, 'build_base': '/home/pritismankar/ros2_ws/build/my_fusion', 'catkin_cmake_args': None, 'catkin_skip_building_tests': False, 'cmake_args': None, 'cmake_clean_cache': False, 'cmake_clean_first': False, 'cmake_force_configure': False, 'cmake_target': None, 'cmake_target_skip_unavailable': False, 'install_base': '/home/pritismankar/ros2_ws/install/my_fusion', 'merge_install': False, 'path': '/home/pritismankar/ros2_ws/src/my_fusion', 'symlink_install': True, 'test_result_base': None}
[1.017s] Level 5:colcon.colcon_core.verb:set package 'my_odometry' build argument 'cmake_args' from command line to 'None'
[1.017s] Level 5:colcon.colcon_core.verb:set package 'my_odometry' build argument 'cmake_target' from command line to 'None'
[1.017s] Level 5:colcon.colcon_core.verb:set package 'my_odometry' build argument 'cmake_target_skip_unavailable' from command line to 'False'
[1.017s] Level 5:colcon.colcon_core.verb:set package 'my_odometry' build argument 'cmake_clean_cache' from command line to 'False'
[1.017s] Level 5:colcon.colcon_core.verb:set package 'my_odometry' build argument 'cmake_clean_first' from command line to 'False'
[1.017s] Level 5:colcon.colcon_core.verb:set package 'my_odometry' build argument 'cmake_force_configure' from command line to 'False'
[1.017s] Level 5:colcon.colcon_core.verb:set package 'my_odometry' build argument 'ament_cmake_args' from command line to 'None'
[1.017s] Level 5:colcon.colcon_core.verb:set package 'my_odometry' build argument 'catkin_cmake_args' from command line to 'None'
[1.017s] Level 5:colcon.colcon_core.verb:set package 'my_odometry' build argument 'catkin_skip_building_tests' from command line to 'False'
[1.018s] DEBUG:colcon.colcon_core.verb:Building package 'my_odometry' with the following arguments: {'ament_cmake_args': None, 'build_base': '/home/pritismankar/ros2_ws/build/my_odometry', 'catkin_cmake_args': None, 'catkin_skip_building_tests': False, 'cmake_args': None, 'cmake_clean_cache': False, 'cmake_clean_first': False, 'cmake_force_configure': False, 'cmake_target': None, 'cmake_target_skip_unavailable': False, 'install_base': '/home/pritismankar/ros2_ws/install/my_odometry', 'merge_install': False, 'path': '/home/pritismankar/ros2_ws/src/my_odometry', 'symlink_install': True, 'test_result_base': None}
[1.019s] Level 5:colcon.colcon_core.verb:set package 'my_robot_description' build argument 'cmake_args' from command line to 'None'
[1.019s] Level 5:colcon.colcon_core.verb:set package 'my_robot_description' build argument 'cmake_target' from command line to 'None'
[1.019s] Level 5:colcon.colcon_core.verb:set package 'my_robot_description' build argument 'cmake_target_skip_unavailable' from command line to 'False'
[1.019s] Level 5:colcon.colcon_core.verb:set package 'my_robot_description' build argument 'cmake_clean_cache' from command line to 'False'
[1.019s] Level 5:colcon.colcon_core.verb:set package 'my_robot_description' build argument 'cmake_clean_first' from command line to 'False'
[1.019s] Level 5:colcon.colcon_core.verb:set package 'my_robot_description' build argument 'cmake_force_configure' from command line to 'False'
[1.019s] Level 5:colcon.colcon_core.verb:set package 'my_robot_description' build argument 'ament_cmake_args' from command line to 'None'
[1.019s] Level 5:colcon.colcon_core.verb:set package 'my_robot_description' build argument 'catkin_cmake_args' from command line to 'None'
[1.019s] Level 5:colcon.colcon_core.verb:set package 'my_robot_description' build argument 'catkin_skip_building_tests' from command line to 'False'
[1.019s] DEBUG:colcon.colcon_core.verb:Building package 'my_robot_description' with the following arguments: {'ament_cmake_args': None, 'build_base': '/home/pritismankar/ros2_ws/build/my_robot_description', 'catkin_cmake_args': None, 'catkin_skip_building_tests': False, 'cmake_args': None, 'cmake_clean_cache': False, 'cmake_clean_first': False, 'cmake_force_configure': False, 'cmake_target': None, 'cmake_target_skip_unavailable': False, 'install_base': '/home/pritismankar/ros2_ws/install/my_robot_description', 'merge_install': False, 'path': '/home/pritismankar/ros2_ws/src/my_robot_description', 'symlink_install': True, 'test_result_base': None}
[1.020s] Level 5:colcon.colcon_core.verb:set package 'my_simulation' build argument 'cmake_args' from command line to 'None'
[1.020s] Level 5:colcon.colcon_core.verb:set package 'my_simulation' build argument 'cmake_target' from command line to 'None'
[1.020s] Level 5:colcon.colcon_core.verb:set package 'my_simulation' build argument 'cmake_target_skip_unavailable' from command line to 'False'
[1.020s] Level 5:colcon.colcon_core.verb:set package 'my_simulation' build argument 'cmake_clean_cache' from command line to 'False'
[1.020s] Level 5:colcon.colcon_core.verb:set package 'my_simulation' build argument 'cmake_clean_first' from command line to 'False'
[1.020s] Level 5:colcon.colcon_core.verb:set package 'my_simulation' build argument 'cmake_force_configure' from command line to 'False'
[1.020s] Level 5:colcon.colcon_core.verb:set package 'my_simulation' build argument 'ament_cmake_args' from command line to 'None'
[1.020s] Level 5:colcon.colcon_core.verb:set package 'my_simulation' build argument 'catkin_cmake_args' from command line to 'None'
[1.020s] Level 5:colcon.colcon_core.verb:set package 'my_simulation' build argument 'catkin_skip_building_tests' from command line to 'False'
[1.020s] DEBUG:colcon.colcon_core.verb:Building package 'my_simulation' with the following arguments: {'ament_cmake_args': None, 'build_base': '/home/pritismankar/ros2_ws/build/my_simulation', 'catkin_cmake_args': None, 'catkin_skip_building_tests': False, 'cmake_args': None, 'cmake_clean_cache': False, 'cmake_clean_first': False, 'cmake_force_configure': False, 'cmake_target': None, 'cmake_target_skip_unavailable': False, 'install_base': '/home/pritismankar/ros2_ws/install/my_simulation', 'merge_install': False, 'path': '/home/pritismankar/ros2_ws/src/my_simulation', 'symlink_install': True, 'test_result_base': None}
[1.020s] INFO:colcon.colcon_core.executor:Executing jobs using 'parallel' executor
[1.022s] DEBUG:colcon.colcon_parallel_executor.executor.parallel:run_until_complete
[1.023s] INFO:colcon.colcon_ros.task.ament_cmake.build:Building ROS package in '/home/pritismankar/ros2_ws/src/my_fusion' with build type 'ament_cmake'
[1.023s] INFO:colcon.colcon_cmake.task.cmake.build:Building CMake package in '/home/pritismankar/ros2_ws/src/my_fusion'
[1.031s] INFO:colcon.colcon_core.plugin_system:Skipping extension 'colcon_core.shell.bat': Not used on non-Windows systems
[1.031s] INFO:colcon.colcon_core.shell:Skip shell extension 'powershell' for command environment: Not usable outside of PowerShell
[1.031s] DEBUG:colcon.colcon_core.shell:Skip shell extension 'dsv' for command environment
[1.036s] DEBUG:colcon.colcon_core.shell:Ignoring prefix path '/home/pritismankar/catkin_ws/devel'
[1.043s] INFO:colcon.colcon_ros.task.ament_cmake.build:Building ROS package in '/home/pritismankar/ros2_ws/src/my_odometry' with build type 'ament_cmake'
[1.044s] INFO:colcon.colcon_cmake.task.cmake.build:Building CMake package in '/home/pritismankar/ros2_ws/src/my_odometry'
[1.046s] INFO:colcon.colcon_core.shell:Skip shell extension 'powershell' for command environment: Not usable outside of PowerShell
[1.046s] DEBUG:colcon.colcon_core.shell:Skip shell extension 'dsv' for command environment
[1.055s] DEBUG:colcon.colcon_core.shell:Ignoring prefix path '/home/pritismankar/catkin_ws/devel'
[1.069s] INFO:colcon.colcon_ros.task.ament_python.build:Building ROS package in '/home/pritismankar/ros2_ws/src/my_robot_description' with build type 'ament_python'
[1.069s] Level 1:colcon.colcon_core.shell:create_environment_hook('my_robot_description', 'ament_prefix_path')
[1.070s] INFO:colcon.colcon_core.shell:Creating environment hook '/home/pritismankar/ros2_ws/install/my_robot_description/share/my_robot_description/hook/ament_prefix_path.ps1'
[1.087s] INFO:colcon.colcon_core.shell:Creating environment descriptor '/home/pritismankar/ros2_ws/install/my_robot_description/share/my_robot_description/hook/ament_prefix_path.dsv'
[1.089s] INFO:colcon.colcon_core.shell:Creating environment hook '/home/pritismankar/ros2_ws/install/my_robot_description/share/my_robot_description/hook/ament_prefix_path.sh'
[1.092s] INFO:colcon.colcon_core.shell:Skip shell extension 'powershell' for command environment: Not usable outside of PowerShell
[1.092s] DEBUG:colcon.colcon_core.shell:Skip shell extension 'dsv' for command environment
[1.097s] DEBUG:colcon.colcon_core.shell:Ignoring prefix path '/home/pritismankar/catkin_ws/devel'
[1.111s] INFO:colcon.colcon_ros.task.ament_python.build:Building ROS package in '/home/pritismankar/ros2_ws/src/my_simulation' with build type 'ament_python'
[1.112s] Level 1:colcon.colcon_core.shell:create_environment_hook('my_simulation', 'ament_prefix_path')
[1.113s] INFO:colcon.colcon_core.shell:Creating environment hook '/home/pritismankar/ros2_ws/install/my_simulation/share/my_simulation/hook/ament_prefix_path.ps1'
[1.116s] INFO:colcon.colcon_core.shell:Creating environment descriptor '/home/pritismankar/ros2_ws/install/my_simulation/share/my_simulation/hook/ament_prefix_path.dsv'
[1.117s] INFO:colcon.colcon_core.shell:Creating environment hook '/home/pritismankar/ros2_ws/install/my_simulation/share/my_simulation/hook/ament_prefix_path.sh'
[1.120s] INFO:colcon.colcon_core.shell:Skip shell extension 'powershell' for command environment: Not usable outside of PowerShell
[1.120s] DEBUG:colcon.colcon_core.shell:Skip shell extension 'dsv' for command environment
[1.126s] DEBUG:colcon.colcon_core.shell:Ignoring prefix path '/home/pritismankar/catkin_ws/devel'
[1.230s] DEBUG:colcon.colcon_core.event_handler.log_command:Invoking command in '/home/pritismankar/ros2_ws/build/my_fusion': CMAKE_PREFIX_PATH=/home/pritismankar/ros2_ws/install/my_odometry:/home/pritismankar/ros2_ws/install/my_fusion:/home/pritismankar/ros2_ws/install/my_simulation:/home/pritismankar/ros2_ws/install/my_robot_description:/opt/ros/foxy:/home/pritismankar/catkin_ws/devel:/opt/ros/noetic /usr/bin/cmake --build /home/pritismankar/ros2_ws/build/my_fusion -- -j4 -l4
[1.248s] DEBUG:colcon.colcon_core.event_handler.log_command:Invoking command in '/home/pritismankar/ros2_ws/build/my_odometry': CMAKE_PREFIX_PATH=/home/pritismankar/ros2_ws/install/my_odometry:/home/pritismankar/ros2_ws/install/my_fusion:/home/pritismankar/ros2_ws/install/my_simulation:/home/pritismankar/ros2_ws/install/my_robot_description:/opt/ros/foxy:/home/pritismankar/catkin_ws/devel:/opt/ros/noetic /usr/bin/cmake --build /home/pritismankar/ros2_ws/build/my_odometry -- -j4 -l4
[1.728s] INFO:colcon.colcon_core.task.python.build:Building Python package in '/home/pritismankar/ros2_ws/src/my_robot_description'
[1.729s] INFO:colcon.colcon_core.shell:Skip shell extension 'powershell' for command environment: Not usable outside of PowerShell
[1.729s] DEBUG:colcon.colcon_core.shell:Skip shell extension 'dsv' for command environment
[1.732s] DEBUG:colcon.colcon_core.shell:Ignoring prefix path '/home/pritismankar/catkin_ws/devel'
[1.758s] DEBUG:colcon.colcon_core.event_handler.log_command:Invoked command in '/home/pritismankar/ros2_ws/build/my_fusion' returned '0': CMAKE_PREFIX_PATH=/home/pritismankar/ros2_ws/install/my_odometry:/home/pritismankar/ros2_ws/install/my_fusion:/home/pritismankar/ros2_ws/install/my_simulation:/home/pritismankar/ros2_ws/install/my_robot_description:/opt/ros/foxy:/home/pritismankar/catkin_ws/devel:/opt/ros/noetic /usr/bin/cmake --build /home/pritismankar/ros2_ws/build/my_fusion -- -j4 -l4
[1.800s] DEBUG:colcon.colcon_core.event_handler.log_command:Invoking command in '/home/pritismankar/ros2_ws/build/my_fusion': CMAKE_PREFIX_PATH=/home/pritismankar/ros2_ws/install/my_odometry:/home/pritismankar/ros2_ws/install/my_fusion:/home/pritismankar/ros2_ws/install/my_simulation:/home/pritismankar/ros2_ws/install/my_robot_description:/opt/ros/foxy:/home/pritismankar/catkin_ws/devel:/opt/ros/noetic /usr/bin/cmake --install /home/pritismankar/ros2_ws/build/my_fusion
[2.267s] INFO:colcon.colcon_core.task.python.build:Building Python package in '/home/pritismankar/ros2_ws/src/my_simulation'
[2.269s] INFO:colcon.colcon_core.shell:Skip shell extension 'powershell' for command environment: Not usable outside of PowerShell
[2.269s] DEBUG:colcon.colcon_core.shell:Skip shell extension 'dsv' for command environment
[2.273s] DEBUG:colcon.colcon_core.shell:Ignoring prefix path '/home/pritismankar/catkin_ws/devel'
[2.318s] Level 1:colcon.colcon_core.environment:create_environment_scripts_only(my_fusion)
[2.320s] DEBUG:colcon.colcon_core.event_handler.log_command:Invoked command in '/home/pritismankar/ros2_ws/build/my_fusion' returned '0': CMAKE_PREFIX_PATH=/home/pritismankar/ros2_ws/install/my_odometry:/home/pritismankar/ros2_ws/install/my_fusion:/home/pritismankar/ros2_ws/install/my_simulation:/home/pritismankar/ros2_ws/install/my_robot_description:/opt/ros/foxy:/home/pritismankar/catkin_ws/devel:/opt/ros/noetic /usr/bin/cmake --install /home/pritismankar/ros2_ws/build/my_fusion
[2.324s] Level 1:colcon.colcon_core.environment:checking '/home/pritismankar/ros2_ws/install/my_fusion' for CMake module files
[2.325s] Level 1:colcon.colcon_core.environment:checking '/home/pritismankar/ros2_ws/install/my_fusion' for CMake config files
[2.325s] Level 1:colcon.colcon_core.shell:create_environment_hook('my_fusion', 'cmake_prefix_path')
[2.326s] INFO:colcon.colcon_core.shell:Creating environment hook '/home/pritismankar/ros2_ws/install/my_fusion/share/my_fusion/hook/cmake_prefix_path.ps1'
[2.327s] INFO:colcon.colcon_core.shell:Creating environment descriptor '/home/pritismankar/ros2_ws/install/my_fusion/share/my_fusion/hook/cmake_prefix_path.dsv'
[2.328s] INFO:colcon.colcon_core.shell:Creating environment hook '/home/pritismankar/ros2_ws/install/my_fusion/share/my_fusion/hook/cmake_prefix_path.sh'
[2.331s] Level 1:colcon.colcon_core.environment:checking '/home/pritismankar/ros2_ws/install/my_fusion/lib'
[2.331s] Level 1:colcon.colcon_core.environment:checking '/home/pritismankar/ros2_ws/install/my_fusion/bin'
[2.332s] Level 1:colcon.colcon_core.environment:checking '/home/pritismankar/ros2_ws/install/my_fusion/lib/pkgconfig/my_fusion.pc'
[2.332s] Level 1:colcon.colcon_core.environment:checking '/home/pritismankar/ros2_ws/install/my_fusion/lib/python3.8/site-packages'
[2.332s] Level 1:colcon.colcon_core.environment:checking '/home/pritismankar/ros2_ws/install/my_fusion/bin'
[2.333s] INFO:colcon.colcon_core.shell:Creating package script '/home/pritismankar/ros2_ws/install/my_fusion/share/my_fusion/package.ps1'
[2.335s] INFO:colcon.colcon_core.shell:Creating package descriptor '/home/pritismankar/ros2_ws/install/my_fusion/share/my_fusion/package.dsv'
[2.337s] INFO:colcon.colcon_core.shell:Creating package script '/home/pritismankar/ros2_ws/install/my_fusion/share/my_fusion/package.sh'
[2.338s] INFO:colcon.colcon_core.shell:Creating package script '/home/pritismankar/ros2_ws/install/my_fusion/share/my_fusion/package.bash'
[2.341s] INFO:colcon.colcon_core.shell:Creating package script '/home/pritismankar/ros2_ws/install/my_fusion/share/my_fusion/package.zsh'
[2.343s] Level 1:colcon.colcon_core.environment:create_file_with_runtime_dependencies(/home/pritismankar/ros2_ws/install/my_fusion/share/colcon-core/packages/my_fusion)
[2.345s] Level 1:colcon.colcon_core.environment:create_environment_scripts_only(my_fusion)
[2.345s] Level 1:colcon.colcon_core.environment:checking '/home/pritismankar/ros2_ws/install/my_fusion' for CMake module files
[2.346s] Level 1:colcon.colcon_core.environment:checking '/home/pritismankar/ros2_ws/install/my_fusion' for CMake config files
[2.346s] Level 1:colcon.colcon_core.shell:create_environment_hook('my_fusion', 'cmake_prefix_path')
[2.346s] INFO:colcon.colcon_core.shell:Creating environment hook '/home/pritismankar/ros2_ws/install/my_fusion/share/my_fusion/hook/cmake_prefix_path.ps1'
[2.347s] INFO:colcon.colcon_core.shell:Creating environment descriptor '/home/pritismankar/ros2_ws/install/my_fusion/share/my_fusion/hook/cmake_prefix_path.dsv'
[2.348s] INFO:colcon.colcon_core.shell:Creating environment hook '/home/pritismankar/ros2_ws/install/my_fusion/share/my_fusion/hook/cmake_prefix_path.sh'
[2.350s] Level 1:colcon.colcon_core.environment:checking '/home/pritismankar/ros2_ws/install/my_fusion/lib'
[2.350s] Level 1:colcon.colcon_core.environment:checking '/home/pritismankar/ros2_ws/install/my_fusion/bin'
[2.350s] Level 1:colcon.colcon_core.environment:checking '/home/pritismankar/ros2_ws/install/my_fusion/lib/pkgconfig/my_fusion.pc'
[2.351s] Level 1:colcon.colcon_core.environment:checking '/home/pritismankar/ros2_ws/install/my_fusion/lib/python3.8/site-packages'
[2.351s] Level 1:colcon.colcon_core.environment:checking '/home/pritismankar/ros2_ws/install/my_fusion/bin'
[2.352s] INFO:colcon.colcon_core.shell:Creating package script '/home/pritismankar/ros2_ws/install/my_fusion/share/my_fusion/package.ps1'
[2.353s] INFO:colcon.colcon_core.shell:Creating package descriptor '/home/pritismankar/ros2_ws/install/my_fusion/share/my_fusion/package.dsv'
[2.355s] INFO:colcon.colcon_core.shell:Creating package script '/home/pritismankar/ros2_ws/install/my_fusion/share/my_fusion/package.sh'
[2.361s] INFO:colcon.colcon_core.shell:Creating package script '/home/pritismankar/ros2_ws/install/my_fusion/share/my_fusion/package.bash'
[2.363s] INFO:colcon.colcon_core.shell:Creating package script '/home/pritismankar/ros2_ws/install/my_fusion/share/my_fusion/package.zsh'
[2.364s] Level 1:colcon.colcon_core.environment:create_file_with_runtime_dependencies(/home/pritismankar/ros2_ws/install/my_fusion/share/colcon-core/packages/my_fusion)
[3.067s] DEBUG:colcon.colcon_core.event_handler.log_command:Invoking command in '/home/pritismankar/ros2_ws/build/my_robot_description': PYTHONPATH=/home/pritismankar/ros2_ws/build/my_robot_description/prefix_override:/usr/lib/python3/dist-packages/colcon_core/task/python/colcon_distutils_commands:/home/pritismankar/ros2_ws/install/my_robot_description/lib/python3.8/site-packages:${PYTHONPATH} /usr/bin/python3 -W ignore:setup.py install is deprecated -W ignore:easy_install command is deprecated setup.py develop --editable --build-directory /home/pritismankar/ros2_ws/build/my_robot_description/build --no-deps symlink_data
[3.198s] DEBUG:colcon.colcon_core.event_handler.log_command:Invoking command in '/home/pritismankar/ros2_ws/build/my_simulation': PYTHONPATH=/home/pritismankar/ros2_ws/build/my_simulation/prefix_override:/usr/lib/python3/dist-packages/colcon_core/task/python/colcon_distutils_commands:/home/pritismankar/ros2_ws/install/my_simulation/lib/python3.8/site-packages:${PYTHONPATH} /usr/bin/python3 -W ignore:setup.py install is deprecated -W ignore:easy_install command is deprecated setup.py develop --editable --build-directory /home/pritismankar/ros2_ws/build/my_simulation/build --no-deps symlink_data
[3.895s] Level 1:colcon.colcon_core.shell:create_environment_hook('my_robot_description', 'pythonpath_develop')
[3.896s] INFO:colcon.colcon_core.shell:Creating environment hook '/home/pritismankar/ros2_ws/build/my_robot_description/share/my_robot_description/hook/pythonpath_develop.ps1'
[3.897s] INFO:colcon.colcon_core.shell:Creating environment descriptor '/home/pritismankar/ros2_ws/build/my_robot_description/share/my_robot_description/hook/pythonpath_develop.dsv'
[3.898s] DEBUG:colcon.colcon_core.event_handler.log_command:Invoked command in '/home/pritismankar/ros2_ws/build/my_robot_description' returned '0': PYTHONPATH=/home/pritismankar/ros2_ws/build/my_robot_description/prefix_override:/usr/lib/python3/dist-packages/colcon_core/task/python/colcon_distutils_commands:/home/pritismankar/ros2_ws/install/my_robot_description/lib/python3.8/site-packages:${PYTHONPATH} /usr/bin/python3 -W ignore:setup.py install is deprecated -W ignore:easy_install command is deprecated setup.py develop --editable --build-directory /home/pritismankar/ros2_ws/build/my_robot_description/build --no-deps symlink_data
[3.899s] INFO:colcon.colcon_core.shell:Creating environment hook '/home/pritismankar/ros2_ws/build/my_robot_description/share/my_robot_description/hook/pythonpath_develop.sh'
[3.901s] Level 1:colcon.colcon_core.environment:checking '/home/pritismankar/ros2_ws/install/my_robot_description' for CMake module files
[3.902s] Level 1:colcon.colcon_core.environment:checking '/home/pritismankar/ros2_ws/install/my_robot_description' for CMake config files
[3.903s] Level 1:colcon.colcon_core.environment:checking '/home/pritismankar/ros2_ws/install/my_robot_description/lib'
[3.903s] Level 1:colcon.colcon_core.environment:checking '/home/pritismankar/ros2_ws/install/my_robot_description/bin'
[3.903s] Level 1:colcon.colcon_core.environment:checking '/home/pritismankar/ros2_ws/install/my_robot_description/lib/pkgconfig/my_robot_description.pc'
[3.904s] Level 1:colcon.colcon_core.environment:checking '/home/pritismankar/ros2_ws/install/my_robot_description/lib/python3.8/site-packages'
[3.904s] Level 1:colcon.colcon_core.shell:create_environment_hook('my_robot_description', 'pythonpath')
[3.904s] INFO:colcon.colcon_core.shell:Creating environment hook '/home/pritismankar/ros2_ws/install/my_robot_description/share/my_robot_description/hook/pythonpath.ps1'
[3.905s] INFO:colcon.colcon_core.shell:Creating environment descriptor '/home/pritismankar/ros2_ws/install/my_robot_description/share/my_robot_description/hook/pythonpath.dsv'
[3.906s] INFO:colcon.colcon_core.shell:Creating environment hook '/home/pritismankar/ros2_ws/install/my_robot_description/share/my_robot_description/hook/pythonpath.sh'
[3.907s] Level 1:colcon.colcon_core.environment:checking '/home/pritismankar/ros2_ws/install/my_robot_description/bin'
[3.907s] Level 1:colcon.colcon_core.environment:create_environment_scripts_only(my_robot_description)
[3.908s] INFO:colcon.colcon_core.shell:Creating package script '/home/pritismankar/ros2_ws/install/my_robot_description/share/my_robot_description/package.ps1'
[3.909s] INFO:colcon.colcon_core.shell:Creating package descriptor '/home/pritismankar/ros2_ws/install/my_robot_description/share/my_robot_description/package.dsv'
[3.910s] INFO:colcon.colcon_core.shell:Creating package script '/home/pritismankar/ros2_ws/install/my_robot_description/share/my_robot_description/package.sh'
[3.911s] INFO:colcon.colcon_core.shell:Creating package script '/home/pritismankar/ros2_ws/install/my_robot_description/share/my_robot_description/package.bash'
[3.912s] INFO:colcon.colcon_core.shell:Creating package script '/home/pritismankar/ros2_ws/install/my_robot_description/share/my_robot_description/package.zsh'
[3.913s] Level 1:colcon.colcon_core.environment:create_file_with_runtime_dependencies(/home/pritismankar/ros2_ws/install/my_robot_description/share/colcon-core/packages/my_robot_description)
[4.016s] Level 1:colcon.colcon_core.shell:create_environment_hook('my_simulation', 'pythonpath_develop')
[4.017s] INFO:colcon.colcon_core.shell:Creating environment hook '/home/pritismankar/ros2_ws/build/my_simulation/share/my_simulation/hook/pythonpath_develop.ps1'
[4.018s] INFO:colcon.colcon_core.shell:Creating environment descriptor '/home/pritismankar/ros2_ws/build/my_simulation/share/my_simulation/hook/pythonpath_develop.dsv'
[4.021s] DEBUG:colcon.colcon_core.event_handler.log_command:Invoked command in '/home/pritismankar/ros2_ws/build/my_simulation' returned '0': PYTHONPATH=/home/pritismankar/ros2_ws/build/my_simulation/prefix_override:/usr/lib/python3/dist-packages/colcon_core/task/python/colcon_distutils_commands:/home/pritismankar/ros2_ws/install/my_simulation/lib/python3.8/site-packages:${PYTHONPATH} /usr/bin/python3 -W ignore:setup.py install is deprecated -W ignore:easy_install command is deprecated setup.py develop --editable --build-directory /home/pritismankar/ros2_ws/build/my_simulation/build --no-deps symlink_data
[4.021s] INFO:colcon.colcon_core.shell:Creating environment hook '/home/pritismankar/ros2_ws/build/my_simulation/share/my_simulation/hook/pythonpath_develop.sh'
[4.023s] Level 1:colcon.colcon_core.environment:checking '/home/pritismankar/ros2_ws/install/my_simulation' for CMake module files
[4.024s] Level 1:colcon.colcon_core.environment:checking '/home/pritismankar/ros2_ws/install/my_simulation' for CMake config files
[4.025s] Level 1:colcon.colcon_core.environment:checking '/home/pritismankar/ros2_ws/install/my_simulation/lib'
[4.025s] Level 1:colcon.colcon_core.environment:checking '/home/pritismankar/ros2_ws/install/my_simulation/bin'
[4.025s] Level 1:colcon.colcon_core.environment:checking '/home/pritismankar/ros2_ws/install/my_simulation/lib/pkgconfig/my_simulation.pc'
[4.026s] Level 1:colcon.colcon_core.environment:checking '/home/pritismankar/ros2_ws/install/my_simulation/lib/python3.8/site-packages'
[4.026s] Level 1:colcon.colcon_core.shell:create_environment_hook('my_simulation', 'pythonpath')
[4.026s] INFO:colcon.colcon_core.shell:Creating environment hook '/home/pritismankar/ros2_ws/install/my_simulation/share/my_simulation/hook/pythonpath.ps1'
[4.028s] INFO:colcon.colcon_core.shell:Creating environment descriptor '/home/pritismankar/ros2_ws/install/my_simulation/share/my_simulation/hook/pythonpath.dsv'
[4.033s] INFO:colcon.colcon_core.shell:Creating environment hook '/home/pritismankar/ros2_ws/install/my_simulation/share/my_simulation/hook/pythonpath.sh'
[4.065s] Level 1:colcon.colcon_core.environment:checking '/home/pritismankar/ros2_ws/install/my_simulation/bin'
[4.066s] Level 1:colcon.colcon_core.environment:create_environment_scripts_only(my_simulation)
[4.067s] INFO:colcon.colcon_core.shell:Creating package script '/home/pritismankar/ros2_ws/install/my_simulation/share/my_simulation/package.ps1'
[4.070s] INFO:colcon.colcon_core.shell:Creating package descriptor '/home/pritismankar/ros2_ws/install/my_simulation/share/my_simulation/package.dsv'
[4.072s] INFO:colcon.colcon_core.shell:Creating package script '/home/pritismankar/ros2_ws/install/my_simulation/share/my_simulation/package.sh'
[4.073s] INFO:colcon.colcon_core.shell:Creating package script '/home/pritismankar/ros2_ws/install/my_simulation/share/my_simulation/package.bash'
[4.075s] INFO:colcon.colcon_core.shell:Creating package script '/home/pritismankar/ros2_ws/install/my_simulation/share/my_simulation/package.zsh'
[4.077s] Level 1:colcon.colcon_core.environment:create_file_with_runtime_dependencies(/home/pritismankar/ros2_ws/install/my_simulation/share/colcon-core/packages/my_simulation)
[21.768s] DEBUG:colcon.colcon_core.event_handler.log_command:Invoked command in '/home/pritismankar/ros2_ws/build/my_odometry' returned '0': CMAKE_PREFIX_PATH=/home/pritismankar/ros2_ws/install/my_odometry:/home/pritismankar/ros2_ws/install/my_fusion:/home/pritismankar/ros2_ws/install/my_simulation:/home/pritismankar/ros2_ws/install/my_robot_description:/opt/ros/foxy:/home/pritismankar/catkin_ws/devel:/opt/ros/noetic /usr/bin/cmake --build /home/pritismankar/ros2_ws/build/my_odometry -- -j4 -l4
[21.769s] DEBUG:colcon.colcon_core.event_handler.log_command:Invoking command in '/home/pritismankar/ros2_ws/build/my_odometry': CMAKE_PREFIX_PATH=/home/pritismankar/ros2_ws/install/my_odometry:/home/pritismankar/ros2_ws/install/my_fusion:/home/pritismankar/ros2_ws/install/my_simulation:/home/pritismankar/ros2_ws/install/my_robot_description:/opt/ros/foxy:/home/pritismankar/catkin_ws/devel:/opt/ros/noetic /usr/bin/cmake --install /home/pritismankar/ros2_ws/build/my_odometry
[21.835s] Level 1:colcon.colcon_core.environment:create_environment_scripts_only(my_odometry)
[21.836s] Level 1:colcon.colcon_core.environment:checking '/home/pritismankar/ros2_ws/install/my_odometry' for CMake module files
[21.837s] Level 1:colcon.colcon_core.environment:checking '/home/pritismankar/ros2_ws/install/my_odometry' for CMake config files
[21.838s] Level 1:colcon.colcon_core.shell:create_environment_hook('my_odometry', 'cmake_prefix_path')
[21.838s] INFO:colcon.colcon_core.shell:Creating environment hook '/home/pritismankar/ros2_ws/install/my_odometry/share/my_odometry/hook/cmake_prefix_path.ps1'
[21.842s] DEBUG:colcon.colcon_core.event_handler.log_command:Invoked command in '/home/pritismankar/ros2_ws/build/my_odometry' returned '0': CMAKE_PREFIX_PATH=/home/pritismankar/ros2_ws/install/my_odometry:/home/pritismankar/ros2_ws/install/my_fusion:/home/pritismankar/ros2_ws/install/my_simulation:/home/pritismankar/ros2_ws/install/my_robot_description:/opt/ros/foxy:/home/pritismankar/catkin_ws/devel:/opt/ros/noetic /usr/bin/cmake --install /home/pritismankar/ros2_ws/build/my_odometry
[21.842s] INFO:colcon.colcon_core.shell:Creating environment descriptor '/home/pritismankar/ros2_ws/install/my_odometry/share/my_odometry/hook/cmake_prefix_path.dsv'
[21.843s] INFO:colcon.colcon_core.shell:Creating environment hook '/home/pritismankar/ros2_ws/install/my_odometry/share/my_odometry/hook/cmake_prefix_path.sh'
[21.846s] Level 1:colcon.colcon_core.environment:checking '/home/pritismankar/ros2_ws/install/my_odometry/lib'
[21.846s] Level 1:colcon.colcon_core.environment:checking '/home/pritismankar/ros2_ws/install/my_odometry/bin'
[21.846s] Level 1:colcon.colcon_core.environment:checking '/home/pritismankar/ros2_ws/install/my_odometry/lib/pkgconfig/my_odometry.pc'
[21.846s] Level 1:colcon.colcon_core.environment:checking '/home/pritismankar/ros2_ws/install/my_odometry/lib/python3.8/site-packages'
[21.847s] Level 1:colcon.colcon_core.environment:checking '/home/pritismankar/ros2_ws/install/my_odometry/bin'
[21.848s] INFO:colcon.colcon_core.shell:Creating package script '/home/pritismankar/ros2_ws/install/my_odometry/share/my_odometry/package.ps1'
[21.849s] INFO:colcon.colcon_core.shell:Creating package descriptor '/home/pritismankar/ros2_ws/install/my_odometry/share/my_odometry/package.dsv'
[21.850s] INFO:colcon.colcon_core.shell:Creating package script '/home/pritismankar/ros2_ws/install/my_odometry/share/my_odometry/package.sh'
[21.851s] INFO:colcon.colcon_core.shell:Creating package script '/home/pritismankar/ros2_ws/install/my_odometry/share/my_odometry/package.bash'
[21.853s] INFO:colcon.colcon_core.shell:Creating package script '/home/pritismankar/ros2_ws/install/my_odometry/share/my_odometry/package.zsh'
[21.854s] Level 1:colcon.colcon_core.environment:create_file_with_runtime_dependencies(/home/pritismankar/ros2_ws/install/my_odometry/share/colcon-core/packages/my_odometry)
[21.857s] Level 1:colcon.colcon_core.environment:create_environment_scripts_only(my_odometry)
[21.857s] Level 1:colcon.colcon_core.environment:checking '/home/pritismankar/ros2_ws/install/my_odometry' for CMake module files
[21.858s] Level 1:colcon.colcon_core.environment:checking '/home/pritismankar/ros2_ws/install/my_odometry' for CMake config files
[21.860s] Level 1:colcon.colcon_core.shell:create_environment_hook('my_odometry', 'cmake_prefix_path')
[21.861s] INFO:colcon.colcon_core.shell:Creating environment hook '/home/pritismankar/ros2_ws/install/my_odometry/share/my_odometry/hook/cmake_prefix_path.ps1'
[21.863s] INFO:colcon.colcon_core.shell:Creating environment descriptor '/home/pritismankar/ros2_ws/install/my_odometry/share/my_odometry/hook/cmake_prefix_path.dsv'
[21.864s] INFO:colcon.colcon_core.shell:Creating environment hook '/home/pritismankar/ros2_ws/install/my_odometry/share/my_odometry/hook/cmake_prefix_path.sh'
[21.866s] Level 1:colcon.colcon_core.environment:checking '/home/pritismankar/ros2_ws/install/my_odometry/lib'
[21.866s] Level 1:colcon.colcon_core.environment:checking '/home/pritismankar/ros2_ws/install/my_odometry/bin'
[21.866s] Level 1:colcon.colcon_core.environment:checking '/home/pritismankar/ros2_ws/install/my_odometry/lib/pkgconfig/my_odometry.pc'
[21.866s] Level 1:colcon.colcon_core.environment:checking '/home/pritismankar/ros2_ws/install/my_odometry/lib/python3.8/site-packages'
[21.867s] Level 1:colcon.colcon_core.environment:checking '/home/pritismankar/ros2_ws/install/my_odometry/bin'
[21.867s] INFO:colcon.colcon_core.shell:Creating package script '/home/pritismankar/ros2_ws/install/my_odometry/share/my_odometry/package.ps1'
[21.869s] INFO:colcon.colcon_core.shell:Creating package descriptor '/home/pritismankar/ros2_ws/install/my_odometry/share/my_odometry/package.dsv'
[21.870s] INFO:colcon.colcon_core.shell:Creating package script '/home/pritismankar/ros2_ws/install/my_odometry/share/my_odometry/package.sh'
[21.872s] INFO:colcon.colcon_core.shell:Creating package script '/home/pritismankar/ros2_ws/install/my_odometry/share/my_odometry/package.bash'
[21.874s] INFO:colcon.colcon_core.shell:Creating package script '/home/pritismankar/ros2_ws/install/my_odometry/share/my_odometry/package.zsh'
[21.875s] Level 1:colcon.colcon_core.environment:create_file_with_runtime_dependencies(/home/pritismankar/ros2_ws/install/my_odometry/share/colcon-core/packages/my_odometry)
[21.878s] DEBUG:colcon.colcon_parallel_executor.executor.parallel:closing loop
[21.878s] DEBUG:colcon.colcon_parallel_executor.executor.parallel:loop closed
[21.879s] DEBUG:colcon.colcon_parallel_executor.executor.parallel:run_until_complete finished with '0'
[21.879s] DEBUG:colcon.colcon_core.event_reactor:joining thread
[21.891s] INFO:colcon.colcon_core.plugin_system:Skipping extension 'colcon_notification.desktop_notification.terminal_notifier': Not used on non-Darwin systems
[21.891s] INFO:colcon.colcon_core.plugin_system:Skipping extension 'colcon_notification.desktop_notification.win32': Not used on non-Windows systems
[21.892s] INFO:colcon.colcon_notification.desktop_notification:Sending desktop notification using 'notify2'
[21.938s] DEBUG:colcon.colcon_core.event_reactor:joined thread
[21.939s] INFO:colcon.colcon_core.shell:Creating prefix script '/home/pritismankar/ros2_ws/install/local_setup.ps1'
[21.941s] INFO:colcon.colcon_core.shell:Creating prefix util module '/home/pritismankar/ros2_ws/install/_local_setup_util_ps1.py'
[21.944s] INFO:colcon.colcon_core.shell:Creating prefix chain script '/home/pritismankar/ros2_ws/install/setup.ps1'
[21.946s] INFO:colcon.colcon_core.shell:Creating prefix script '/home/pritismankar/ros2_ws/install/local_setup.sh'
[21.948s] INFO:colcon.colcon_core.shell:Creating prefix util module '/home/pritismankar/ros2_ws/install/_local_setup_util_sh.py'
[21.959s] INFO:colcon.colcon_core.shell:Creating prefix chain script '/home/pritismankar/ros2_ws/install/setup.sh'
[21.968s] INFO:colcon.colcon_core.shell:Creating prefix script '/home/pritismankar/ros2_ws/install/local_setup.bash'
[21.970s] INFO:colcon.colcon_core.shell:Creating prefix chain script '/home/pritismankar/ros2_ws/install/setup.bash'
[21.975s] INFO:colcon.colcon_core.shell:Creating prefix script '/home/pritismankar/ros2_ws/install/local_setup.zsh'
[21.977s] INFO:colcon.colcon_core.shell:Creating prefix chain script '/home/pritismankar/ros2_ws/install/setup.zsh'
