[1.923s] Invoking command in '/home/pritismankar/ros2_ws/src/my_simulation': PYTHONPATH=/home/pritismankar/ros2_ws/build/my_simulation/prefix_override:/usr/lib/python3/dist-packages/colcon_core/task/python/colcon_distutils_commands:/home/pritismankar/ros2_ws/install/my_simulation/lib/python3.8/site-packages:${PYTHONPATH} /usr/bin/python3 -W ignore:setup.py install is deprecated -W ignore:easy_install command is deprecated setup.py egg_info --egg-base ../../build/my_simulation build --build-base /home/pritismankar/ros2_ws/build/my_simulation/build install --record /home/pritismankar/ros2_ws/build/my_simulation/install.log --install-scripts $base/lib/my_simulation --single-version-externally-managed install_data
[2.224s] running egg_info
[2.224s] writing ../../build/my_simulation/my_simulation.egg-info/PKG-INFO
[2.224s] writing dependency_links to ../../build/my_simulation/my_simulation.egg-info/dependency_links.txt
[2.224s] writing entry points to ../../build/my_simulation/my_simulation.egg-info/entry_points.txt
[2.226s] writing top-level names to ../../build/my_simulation/my_simulation.egg-info/top_level.txt
[2.285s] reading manifest file '../../build/my_simulation/my_simulation.egg-info/SOURCES.txt'
[2.287s] writing manifest file '../../build/my_simulation/my_simulation.egg-info/SOURCES.txt'
[2.288s] running build
[2.288s] running build_py
[2.289s] running install
[2.292s] running install_lib
[2.301s] running install_data
[2.302s] copying config/diffbot_controllers.yaml -> /home/pritismankar/ros2_ws/install/my_simulation/share/my_simulation/config
[2.303s] running install_egg_info
[2.308s] removing '/home/pritismankar/ros2_ws/install/my_simulation/lib/python3.8/site-packages/my_simulation-0.0.0-py3.8.egg-info' (and everything under it)
[2.309s] Copying ../../build/my_simulation/my_simulation.egg-info to /home/pritismankar/ros2_ws/install/my_simulation/lib/python3.8/site-packages/my_simulation-0.0.0-py3.8.egg-info
[2.310s] running install_scripts
[2.352s] writing list of installed files to '/home/pritismankar/ros2_ws/build/my_simulation/install.log'
[2.624s] Invoked command in '/home/pritismankar/ros2_ws/src/my_simulation' returned '0': PYTHONPATH=/home/pritismankar/ros2_ws/build/my_simulation/prefix_override:/usr/lib/python3/dist-packages/colcon_core/task/python/colcon_distutils_commands:/home/pritismankar/ros2_ws/install/my_simulation/lib/python3.8/site-packages:${PYTHONPATH} /usr/bin/python3 -W ignore:setup.py install is deprecated -W ignore:easy_install command is deprecated setup.py egg_info --egg-base ../../build/my_simulation build --build-base /home/pritismankar/ros2_ws/build/my_simulation/build install --record /home/pritismankar/ros2_ws/build/my_simulation/install.log --install-scripts $base/lib/my_simulation --single-version-externally-managed install_data
