[0.361s] DEBUG:colcon:Command line arguments: ['/usr/bin/colcon', 'build', '--symlink-install']
[0.361s] DEBUG:colcon:Parsed command line arguments: Namespace(allow_overriding=[], ament_cmake_args=None, base_paths=['.'], build_base='build', catkin_cmake_args=None, catkin_skip_building_tests=False, cmake_args=None, cmake_clean_cache=False, cmake_clean_first=False, cmake_force_configure=False, cmake_target=None, cmake_target_skip_unavailable=False, continue_on_error=False, event_handlers=None, executor='parallel', ignore_user_meta=False, install_base='install', log_base=None, log_level=None, main=<bound method BuildVerb.main of <colcon_core.verb.build.BuildVerb object at 0x7f24d2841d60>>, merge_install=False, metas=['./colcon.meta'], packages_above=None, packages_above_and_dependencies=None, packages_above_depth=None, packages_end=None, packages_ignore=None, packages_ignore_regex=None, packages_select=None, packages_select_build_failed=False, packages_select_by_dep=None, packages_select_regex=None, packages_select_test_failures=False, packages_skip=None, packages_skip_build_finished=False, packages_skip_by_dep=None, packages_skip_regex=None, packages_skip_test_passed=False, packages_skip_up_to=None, packages_start=None, packages_up_to=None, packages_up_to_regex=None, parallel_workers=4, paths=None, symlink_install=True, test_result_base=None, verb_extension=<colcon_core.verb.build.BuildVerb object at 0x7f24d2841d60>, verb_name='build', verb_parser=<colcon_defaults.argument_parser.defaults.DefaultArgumentsDecorator object at 0x7f24d284d1f0>)
[0.549s] Level 1:colcon.colcon_core.package_discovery:discover_packages(colcon_meta) check parameters
[0.550s] Level 1:colcon.colcon_core.package_discovery:discover_packages(recursive) check parameters
[0.550s] Level 1:colcon.colcon_core.package_discovery:discover_packages(ignore) check parameters
[0.550s] Level 1:colcon.colcon_core.package_discovery:discover_packages(path) check parameters
[0.550s] Level 1:colcon.colcon_core.package_discovery:discover_packages(colcon_meta) discover
[0.550s] Level 1:colcon.colcon_core.package_discovery:discover_packages(recursive) discover
[0.550s] INFO:colcon.colcon_core.package_discovery:Crawling recursively for packages in '/home/pritismankar/ros2_ws'
[0.550s] Level 1:colcon.colcon_core.package_identification:_identify(.) by extensions ['ignore', 'ignore_ament_install']
[0.551s] Level 1:colcon.colcon_core.package_identification:_identify(.) by extension 'ignore'
[0.551s] Level 1:colcon.colcon_core.package_identification:_identify(.) by extension 'ignore_ament_install'
[0.551s] Level 1:colcon.colcon_core.package_identification:_identify(.) by extensions ['colcon_pkg']
[0.551s] Level 1:colcon.colcon_core.package_identification:_identify(.) by extension 'colcon_pkg'
[0.551s] Level 1:colcon.colcon_core.package_identification:_identify(.) by extensions ['colcon_meta']
[0.551s] Level 1:colcon.colcon_core.package_identification:_identify(.) by extension 'colcon_meta'
[0.551s] Level 1:colcon.colcon_core.package_identification:_identify(.) by extensions ['ros']
[0.551s] Level 1:colcon.colcon_core.package_identification:_identify(.) by extension 'ros'
[0.590s] Level 1:colcon.colcon_core.package_identification:_identify(.) by extensions ['cmake', 'python']
[0.590s] Level 1:colcon.colcon_core.package_identification:_identify(.) by extension 'cmake'
[0.590s] Level 1:colcon.colcon_core.package_identification:_identify(.) by extension 'python'
[0.590s] Level 1:colcon.colcon_core.package_identification:_identify(.) by extensions ['python_setup_py']
[0.590s] Level 1:colcon.colcon_core.package_identification:_identify(.) by extension 'python_setup_py'
[0.590s] Level 1:colcon.colcon_core.package_identification:_identify(build) by extensions ['ignore', 'ignore_ament_install']
[0.591s] Level 1:colcon.colcon_core.package_identification:_identify(build) by extension 'ignore'
[0.591s] Level 1:colcon.colcon_core.package_identification:_identify(build) ignored
[0.591s] Level 1:colcon.colcon_core.package_identification:_identify(install) by extensions ['ignore', 'ignore_ament_install']
[0.591s] Level 1:colcon.colcon_core.package_identification:_identify(install) by extension 'ignore'
[0.591s] Level 1:colcon.colcon_core.package_identification:_identify(install) ignored
[0.591s] Level 1:colcon.colcon_core.package_identification:_identify(log) by extensions ['ignore', 'ignore_ament_install']
[0.591s] Level 1:colcon.colcon_core.package_identification:_identify(log) by extension 'ignore'
[0.592s] Level 1:colcon.colcon_core.package_identification:_identify(log) ignored
[0.592s] Level 1:colcon.colcon_core.package_identification:_identify(src) by extensions ['ignore', 'ignore_ament_install']
[0.592s] Level 1:colcon.colcon_core.package_identification:_identify(src) by extension 'ignore'
[0.592s] Level 1:colcon.colcon_core.package_identification:_identify(src) by extension 'ignore_ament_install'
[0.592s] Level 1:colcon.colcon_core.package_identification:_identify(src) by extensions ['colcon_pkg']
[0.592s] Level 1:colcon.colcon_core.package_identification:_identify(src) by extension 'colcon_pkg'
[0.592s] Level 1:colcon.colcon_core.package_identification:_identify(src) by extensions ['colcon_meta']
[0.592s] Level 1:colcon.colcon_core.package_identification:_identify(src) by extension 'colcon_meta'
[0.592s] Level 1:colcon.colcon_core.package_identification:_identify(src) by extensions ['ros']
[0.592s] Level 1:colcon.colcon_core.package_identification:_identify(src) by extension 'ros'
[0.592s] Level 1:colcon.colcon_core.package_identification:_identify(src) by extensions ['cmake', 'python']
[0.592s] Level 1:colcon.colcon_core.package_identification:_identify(src) by extension 'cmake'
[0.592s] Level 1:colcon.colcon_core.package_identification:_identify(src) by extension 'python'
[0.592s] Level 1:colcon.colcon_core.package_identification:_identify(src) by extensions ['python_setup_py']
[0.592s] Level 1:colcon.colcon_core.package_identification:_identify(src) by extension 'python_setup_py'
[0.593s] Level 1:colcon.colcon_core.package_identification:_identify(src/my_fusion) by extensions ['ignore', 'ignore_ament_install']
[0.593s] Level 1:colcon.colcon_core.package_identification:_identify(src/my_fusion) by extension 'ignore'
[0.594s] Level 1:colcon.colcon_core.package_identification:_identify(src/my_fusion) by extension 'ignore_ament_install'
[0.594s] Level 1:colcon.colcon_core.package_identification:_identify(src/my_fusion) by extensions ['colcon_pkg']
[0.594s] Level 1:colcon.colcon_core.package_identification:_identify(src/my_fusion) by extension 'colcon_pkg'
[0.594s] Level 1:colcon.colcon_core.package_identification:_identify(src/my_fusion) by extensions ['colcon_meta']
[0.594s] Level 1:colcon.colcon_core.package_identification:_identify(src/my_fusion) by extension 'colcon_meta'
[0.594s] Level 1:colcon.colcon_core.package_identification:_identify(src/my_fusion) by extensions ['ros']
[0.594s] Level 1:colcon.colcon_core.package_identification:_identify(src/my_fusion) by extension 'ros'
[0.601s] DEBUG:colcon.colcon_core.package_identification:Package 'src/my_fusion' with type 'ros.ament_python' and name 'my_fusion'
[0.601s] Level 1:colcon.colcon_core.package_identification:_identify(src/my_odometry) by extensions ['ignore', 'ignore_ament_install']
[0.601s] Level 1:colcon.colcon_core.package_identification:_identify(src/my_odometry) by extension 'ignore'
[0.601s] Level 1:colcon.colcon_core.package_identification:_identify(src/my_odometry) by extension 'ignore_ament_install'
[0.602s] Level 1:colcon.colcon_core.package_identification:_identify(src/my_odometry) by extensions ['colcon_pkg']
[0.602s] Level 1:colcon.colcon_core.package_identification:_identify(src/my_odometry) by extension 'colcon_pkg'
[0.602s] Level 1:colcon.colcon_core.package_identification:_identify(src/my_odometry) by extensions ['colcon_meta']
[0.602s] Level 1:colcon.colcon_core.package_identification:_identify(src/my_odometry) by extension 'colcon_meta'
[0.602s] Level 1:colcon.colcon_core.package_identification:_identify(src/my_odometry) by extensions ['ros']
[0.602s] Level 1:colcon.colcon_core.package_identification:_identify(src/my_odometry) by extension 'ros'
[0.604s] DEBUG:colcon.colcon_core.package_identification:Package 'src/my_odometry' with type 'ros.ament_python' and name 'my_odometry'
[0.604s] Level 1:colcon.colcon_core.package_identification:_identify(src/my_robot_description) by extensions ['ignore', 'ignore_ament_install']
[0.607s] Level 1:colcon.colcon_core.package_identification:_identify(src/my_robot_description) by extension 'ignore'
[0.608s] Level 1:colcon.colcon_core.package_identification:_identify(src/my_robot_description) by extension 'ignore_ament_install'
[0.608s] Level 1:colcon.colcon_core.package_identification:_identify(src/my_robot_description) by extensions ['colcon_pkg']
[0.608s] Level 1:colcon.colcon_core.package_identification:_identify(src/my_robot_description) by extension 'colcon_pkg'
[0.608s] Level 1:colcon.colcon_core.package_identification:_identify(src/my_robot_description) by extensions ['colcon_meta']
[0.608s] Level 1:colcon.colcon_core.package_identification:_identify(src/my_robot_description) by extension 'colcon_meta'
[0.608s] Level 1:colcon.colcon_core.package_identification:_identify(src/my_robot_description) by extensions ['ros']
[0.608s] Level 1:colcon.colcon_core.package_identification:_identify(src/my_robot_description) by extension 'ros'
[0.611s] DEBUG:colcon.colcon_core.package_identification:Package 'src/my_robot_description' with type 'ros.ament_python' and name 'my_robot_description'
[0.611s] Level 1:colcon.colcon_core.package_identification:_identify(src/my_simulation) by extensions ['ignore', 'ignore_ament_install']
[0.611s] Level 1:colcon.colcon_core.package_identification:_identify(src/my_simulation) by extension 'ignore'
[0.611s] Level 1:colcon.colcon_core.package_identification:_identify(src/my_simulation) by extension 'ignore_ament_install'
[0.611s] Level 1:colcon.colcon_core.package_identification:_identify(src/my_simulation) by extensions ['colcon_pkg']
[0.611s] Level 1:colcon.colcon_core.package_identification:_identify(src/my_simulation) by extension 'colcon_pkg'
[0.611s] Level 1:colcon.colcon_core.package_identification:_identify(src/my_simulation) by extensions ['colcon_meta']
[0.611s] Level 1:colcon.colcon_core.package_identification:_identify(src/my_simulation) by extension 'colcon_meta'
[0.612s] Level 1:colcon.colcon_core.package_identification:_identify(src/my_simulation) by extensions ['ros']
[0.612s] Level 1:colcon.colcon_core.package_identification:_identify(src/my_simulation) by extension 'ros'
[0.613s] DEBUG:colcon.colcon_core.package_identification:Package 'src/my_simulation' with type 'ros.ament_python' and name 'my_simulation'
[0.613s] Level 1:colcon.colcon_core.package_identification:_identify(src/my_slam) by extensions ['ignore', 'ignore_ament_install']
[0.613s] Level 1:colcon.colcon_core.package_identification:_identify(src/my_slam) by extension 'ignore'
[0.613s] Level 1:colcon.colcon_core.package_identification:_identify(src/my_slam) by extension 'ignore_ament_install'
[0.613s] Level 1:colcon.colcon_core.package_identification:_identify(src/my_slam) by extensions ['colcon_pkg']
[0.613s] Level 1:colcon.colcon_core.package_identification:_identify(src/my_slam) by extension 'colcon_pkg'
[0.613s] Level 1:colcon.colcon_core.package_identification:_identify(src/my_slam) by extensions ['colcon_meta']
[0.613s] Level 1:colcon.colcon_core.package_identification:_identify(src/my_slam) by extension 'colcon_meta'
[0.614s] Level 1:colcon.colcon_core.package_identification:_identify(src/my_slam) by extensions ['ros']
[0.614s] Level 1:colcon.colcon_core.package_identification:_identify(src/my_slam) by extension 'ros'
[0.615s] DEBUG:colcon.colcon_core.package_identification:Package 'src/my_slam' with type 'ros.ament_python' and name 'my_slam'
[0.616s] Level 1:colcon.colcon_core.package_discovery:discover_packages(recursive) using defaults
[0.616s] Level 1:colcon.colcon_core.package_discovery:discover_packages(ignore) discover
[0.616s] Level 1:colcon.colcon_core.package_discovery:discover_packages(ignore) using defaults
[0.616s] Level 1:colcon.colcon_core.package_discovery:discover_packages(path) discover
[0.616s] Level 1:colcon.colcon_core.package_discovery:discover_packages(path) using defaults
[0.678s] Level 1:colcon.colcon_core.package_discovery:discover_packages(prefix_path) check parameters
[0.678s] Level 1:colcon.colcon_core.package_discovery:discover_packages(prefix_path) discover
[0.680s] WARNING:colcon.colcon_ros.prefix_path.ament:The path '/home/pritismankar/ros2_ws/install/my_slam' in the environment variable AMENT_PREFIX_PATH doesn't exist
[0.680s] WARNING:colcon.colcon_ros.prefix_path.ament:The path '/home/pritismankar/ros2_ws/install/my_simulation' in the environment variable AMENT_PREFIX_PATH doesn't exist
[0.681s] WARNING:colcon.colcon_ros.prefix_path.ament:The path '/home/pritismankar/ros2_ws/install/my_robot_description' in the environment variable AMENT_PREFIX_PATH doesn't exist
[0.681s] WARNING:colcon.colcon_ros.prefix_path.ament:The path '/home/pritismankar/ros2_ws/install/my_odometry' in the environment variable AMENT_PREFIX_PATH doesn't exist
[0.681s] WARNING:colcon.colcon_ros.prefix_path.ament:The path '/home/pritismankar/ros2_ws/install/my_fusion' in the environment variable AMENT_PREFIX_PATH doesn't exist
[0.682s] DEBUG:colcon.colcon_installed_package_information.package_discovery:Found 0 installed packages in /home/pritismankar/ros2_ws/install
[0.684s] DEBUG:colcon.colcon_installed_package_information.package_discovery:Found 266 installed packages in /opt/ros/foxy
[0.687s] Level 1:colcon.colcon_core.package_discovery:discover_packages(prefix_path) using defaults
[0.799s] Level 5:colcon.colcon_core.verb:set package 'my_fusion' build argument 'cmake_args' from command line to 'None'
[0.799s] Level 5:colcon.colcon_core.verb:set package 'my_fusion' build argument 'cmake_target' from command line to 'None'
[0.800s] Level 5:colcon.colcon_core.verb:set package 'my_fusion' build argument 'cmake_target_skip_unavailable' from command line to 'False'
[0.800s] Level 5:colcon.colcon_core.verb:set package 'my_fusion' build argument 'cmake_clean_cache' from command line to 'False'
[0.800s] Level 5:colcon.colcon_core.verb:set package 'my_fusion' build argument 'cmake_clean_first' from command line to 'False'
[0.800s] Level 5:colcon.colcon_core.verb:set package 'my_fusion' build argument 'cmake_force_configure' from command line to 'False'
[0.800s] Level 5:colcon.colcon_core.verb:set package 'my_fusion' build argument 'ament_cmake_args' from command line to 'None'
[0.800s] Level 5:colcon.colcon_core.verb:set package 'my_fusion' build argument 'catkin_cmake_args' from command line to 'None'
[0.800s] Level 5:colcon.colcon_core.verb:set package 'my_fusion' build argument 'catkin_skip_building_tests' from command line to 'False'
[0.800s] DEBUG:colcon.colcon_core.verb:Building package 'my_fusion' with the following arguments: {'ament_cmake_args': None, 'build_base': '/home/pritismankar/ros2_ws/build/my_fusion', 'catkin_cmake_args': None, 'catkin_skip_building_tests': False, 'cmake_args': None, 'cmake_clean_cache': False, 'cmake_clean_first': False, 'cmake_force_configure': False, 'cmake_target': None, 'cmake_target_skip_unavailable': False, 'install_base': '/home/pritismankar/ros2_ws/install/my_fusion', 'merge_install': False, 'path': '/home/pritismankar/ros2_ws/src/my_fusion', 'symlink_install': True, 'test_result_base': None}
[0.801s] Level 5:colcon.colcon_core.verb:set package 'my_odometry' build argument 'cmake_args' from command line to 'None'
[0.801s] Level 5:colcon.colcon_core.verb:set package 'my_odometry' build argument 'cmake_target' from command line to 'None'
[0.801s] Level 5:colcon.colcon_core.verb:set package 'my_odometry' build argument 'cmake_target_skip_unavailable' from command line to 'False'
[0.801s] Level 5:colcon.colcon_core.verb:set package 'my_odometry' build argument 'cmake_clean_cache' from command line to 'False'
[0.801s] Level 5:colcon.colcon_core.verb:set package 'my_odometry' build argument 'cmake_clean_first' from command line to 'False'
[0.801s] Level 5:colcon.colcon_core.verb:set package 'my_odometry' build argument 'cmake_force_configure' from command line to 'False'
[0.801s] Level 5:colcon.colcon_core.verb:set package 'my_odometry' build argument 'ament_cmake_args' from command line to 'None'
[0.801s] Level 5:colcon.colcon_core.verb:set package 'my_odometry' build argument 'catkin_cmake_args' from command line to 'None'
[0.801s] Level 5:colcon.colcon_core.verb:set package 'my_odometry' build argument 'catkin_skip_building_tests' from command line to 'False'
[0.801s] DEBUG:colcon.colcon_core.verb:Building package 'my_odometry' with the following arguments: {'ament_cmake_args': None, 'build_base': '/home/pritismankar/ros2_ws/build/my_odometry', 'catkin_cmake_args': None, 'catkin_skip_building_tests': False, 'cmake_args': None, 'cmake_clean_cache': False, 'cmake_clean_first': False, 'cmake_force_configure': False, 'cmake_target': None, 'cmake_target_skip_unavailable': False, 'install_base': '/home/pritismankar/ros2_ws/install/my_odometry', 'merge_install': False, 'path': '/home/pritismankar/ros2_ws/src/my_odometry', 'symlink_install': True, 'test_result_base': None}
[0.802s] Level 5:colcon.colcon_core.verb:set package 'my_robot_description' build argument 'cmake_args' from command line to 'None'
[0.802s] Level 5:colcon.colcon_core.verb:set package 'my_robot_description' build argument 'cmake_target' from command line to 'None'
[0.802s] Level 5:colcon.colcon_core.verb:set package 'my_robot_description' build argument 'cmake_target_skip_unavailable' from command line to 'False'
[0.802s] Level 5:colcon.colcon_core.verb:set package 'my_robot_description' build argument 'cmake_clean_cache' from command line to 'False'
[0.802s] Level 5:colcon.colcon_core.verb:set package 'my_robot_description' build argument 'cmake_clean_first' from command line to 'False'
[0.802s] Level 5:colcon.colcon_core.verb:set package 'my_robot_description' build argument 'cmake_force_configure' from command line to 'False'
[0.802s] Level 5:colcon.colcon_core.verb:set package 'my_robot_description' build argument 'ament_cmake_args' from command line to 'None'
[0.802s] Level 5:colcon.colcon_core.verb:set package 'my_robot_description' build argument 'catkin_cmake_args' from command line to 'None'
[0.802s] Level 5:colcon.colcon_core.verb:set package 'my_robot_description' build argument 'catkin_skip_building_tests' from command line to 'False'
[0.802s] DEBUG:colcon.colcon_core.verb:Building package 'my_robot_description' with the following arguments: {'ament_cmake_args': None, 'build_base': '/home/pritismankar/ros2_ws/build/my_robot_description', 'catkin_cmake_args': None, 'catkin_skip_building_tests': False, 'cmake_args': None, 'cmake_clean_cache': False, 'cmake_clean_first': False, 'cmake_force_configure': False, 'cmake_target': None, 'cmake_target_skip_unavailable': False, 'install_base': '/home/pritismankar/ros2_ws/install/my_robot_description', 'merge_install': False, 'path': '/home/pritismankar/ros2_ws/src/my_robot_description', 'symlink_install': True, 'test_result_base': None}
[0.802s] Level 5:colcon.colcon_core.verb:set package 'my_simulation' build argument 'cmake_args' from command line to 'None'
[0.802s] Level 5:colcon.colcon_core.verb:set package 'my_simulation' build argument 'cmake_target' from command line to 'None'
[0.802s] Level 5:colcon.colcon_core.verb:set package 'my_simulation' build argument 'cmake_target_skip_unavailable' from command line to 'False'
[0.802s] Level 5:colcon.colcon_core.verb:set package 'my_simulation' build argument 'cmake_clean_cache' from command line to 'False'
[0.803s] Level 5:colcon.colcon_core.verb:set package 'my_simulation' build argument 'cmake_clean_first' from command line to 'False'
[0.803s] Level 5:colcon.colcon_core.verb:set package 'my_simulation' build argument 'cmake_force_configure' from command line to 'False'
[0.803s] Level 5:colcon.colcon_core.verb:set package 'my_simulation' build argument 'ament_cmake_args' from command line to 'None'
[0.803s] Level 5:colcon.colcon_core.verb:set package 'my_simulation' build argument 'catkin_cmake_args' from command line to 'None'
[0.803s] Level 5:colcon.colcon_core.verb:set package 'my_simulation' build argument 'catkin_skip_building_tests' from command line to 'False'
[0.803s] DEBUG:colcon.colcon_core.verb:Building package 'my_simulation' with the following arguments: {'ament_cmake_args': None, 'build_base': '/home/pritismankar/ros2_ws/build/my_simulation', 'catkin_cmake_args': None, 'catkin_skip_building_tests': False, 'cmake_args': None, 'cmake_clean_cache': False, 'cmake_clean_first': False, 'cmake_force_configure': False, 'cmake_target': None, 'cmake_target_skip_unavailable': False, 'install_base': '/home/pritismankar/ros2_ws/install/my_simulation', 'merge_install': False, 'path': '/home/pritismankar/ros2_ws/src/my_simulation', 'symlink_install': True, 'test_result_base': None}
[0.803s] Level 5:colcon.colcon_core.verb:set package 'my_slam' build argument 'cmake_args' from command line to 'None'
[0.803s] Level 5:colcon.colcon_core.verb:set package 'my_slam' build argument 'cmake_target' from command line to 'None'
[0.803s] Level 5:colcon.colcon_core.verb:set package 'my_slam' build argument 'cmake_target_skip_unavailable' from command line to 'False'
[0.803s] Level 5:colcon.colcon_core.verb:set package 'my_slam' build argument 'cmake_clean_cache' from command line to 'False'
[0.803s] Level 5:colcon.colcon_core.verb:set package 'my_slam' build argument 'cmake_clean_first' from command line to 'False'
[0.803s] Level 5:colcon.colcon_core.verb:set package 'my_slam' build argument 'cmake_force_configure' from command line to 'False'
[0.803s] Level 5:colcon.colcon_core.verb:set package 'my_slam' build argument 'ament_cmake_args' from command line to 'None'
[0.803s] Level 5:colcon.colcon_core.verb:set package 'my_slam' build argument 'catkin_cmake_args' from command line to 'None'
[0.803s] Level 5:colcon.colcon_core.verb:set package 'my_slam' build argument 'catkin_skip_building_tests' from command line to 'False'
[0.803s] DEBUG:colcon.colcon_core.verb:Building package 'my_slam' with the following arguments: {'ament_cmake_args': None, 'build_base': '/home/pritismankar/ros2_ws/build/my_slam', 'catkin_cmake_args': None, 'catkin_skip_building_tests': False, 'cmake_args': None, 'cmake_clean_cache': False, 'cmake_clean_first': False, 'cmake_force_configure': False, 'cmake_target': None, 'cmake_target_skip_unavailable': False, 'install_base': '/home/pritismankar/ros2_ws/install/my_slam', 'merge_install': False, 'path': '/home/pritismankar/ros2_ws/src/my_slam', 'symlink_install': True, 'test_result_base': None}
[0.804s] INFO:colcon.colcon_core.executor:Executing jobs using 'parallel' executor
[0.899s] DEBUG:colcon.colcon_parallel_executor.executor.parallel:run_until_complete
[0.900s] INFO:colcon.colcon_ros.task.ament_python.build:Building ROS package in '/home/pritismankar/ros2_ws/src/my_fusion' with build type 'ament_python'
[0.900s] Level 1:colcon.colcon_core.shell:create_environment_hook('my_fusion', 'ament_prefix_path')
[0.905s] INFO:colcon.colcon_core.plugin_system:Skipping extension 'colcon_core.shell.bat': Not used on non-Windows systems
[0.906s] INFO:colcon.colcon_core.shell:Creating environment hook '/home/pritismankar/ros2_ws/install/my_fusion/share/my_fusion/hook/ament_prefix_path.ps1'
[0.914s] INFO:colcon.colcon_core.shell:Creating environment descriptor '/home/pritismankar/ros2_ws/install/my_fusion/share/my_fusion/hook/ament_prefix_path.dsv'
[0.916s] INFO:colcon.colcon_core.shell:Creating environment hook '/home/pritismankar/ros2_ws/install/my_fusion/share/my_fusion/hook/ament_prefix_path.sh'
[0.920s] INFO:colcon.colcon_core.shell:Skip shell extension 'powershell' for command environment: Not usable outside of PowerShell
[0.920s] DEBUG:colcon.colcon_core.shell:Skip shell extension 'dsv' for command environment
[0.922s] DEBUG:colcon.colcon_core.shell:Ignoring prefix path '/home/pritismankar/catkin_ws/devel'
[0.930s] INFO:colcon.colcon_ros.task.ament_python.build:Building ROS package in '/home/pritismankar/ros2_ws/src/my_odometry' with build type 'ament_python'
[0.930s] Level 1:colcon.colcon_core.shell:create_environment_hook('my_odometry', 'ament_prefix_path')
[0.931s] INFO:colcon.colcon_core.shell:Creating environment hook '/home/pritismankar/ros2_ws/install/my_odometry/share/my_odometry/hook/ament_prefix_path.ps1'
[0.934s] INFO:colcon.colcon_core.shell:Creating environment descriptor '/home/pritismankar/ros2_ws/install/my_odometry/share/my_odometry/hook/ament_prefix_path.dsv'
[0.935s] INFO:colcon.colcon_core.shell:Creating environment hook '/home/pritismankar/ros2_ws/install/my_odometry/share/my_odometry/hook/ament_prefix_path.sh'
[0.936s] INFO:colcon.colcon_core.shell:Skip shell extension 'powershell' for command environment: Not usable outside of PowerShell
[0.936s] DEBUG:colcon.colcon_core.shell:Skip shell extension 'dsv' for command environment
[0.939s] DEBUG:colcon.colcon_core.shell:Ignoring prefix path '/home/pritismankar/catkin_ws/devel'
[0.948s] INFO:colcon.colcon_ros.task.ament_python.build:Building ROS package in '/home/pritismankar/ros2_ws/src/my_robot_description' with build type 'ament_python'
[0.949s] Level 1:colcon.colcon_core.shell:create_environment_hook('my_robot_description', 'ament_prefix_path')
[0.950s] INFO:colcon.colcon_core.shell:Creating environment hook '/home/pritismankar/ros2_ws/install/my_robot_description/share/my_robot_description/hook/ament_prefix_path.ps1'
[0.954s] INFO:colcon.colcon_core.shell:Creating environment descriptor '/home/pritismankar/ros2_ws/install/my_robot_description/share/my_robot_description/hook/ament_prefix_path.dsv'
[0.963s] INFO:colcon.colcon_core.shell:Creating environment hook '/home/pritismankar/ros2_ws/install/my_robot_description/share/my_robot_description/hook/ament_prefix_path.sh'
[0.965s] INFO:colcon.colcon_core.shell:Skip shell extension 'powershell' for command environment: Not usable outside of PowerShell
[0.965s] DEBUG:colcon.colcon_core.shell:Skip shell extension 'dsv' for command environment
[0.969s] DEBUG:colcon.colcon_core.shell:Ignoring prefix path '/home/pritismankar/catkin_ws/devel'
[0.984s] INFO:colcon.colcon_ros.task.ament_python.build:Building ROS package in '/home/pritismankar/ros2_ws/src/my_simulation' with build type 'ament_python'
[0.985s] Level 1:colcon.colcon_core.shell:create_environment_hook('my_simulation', 'ament_prefix_path')
[0.986s] INFO:colcon.colcon_core.shell:Creating environment hook '/home/pritismankar/ros2_ws/install/my_simulation/share/my_simulation/hook/ament_prefix_path.ps1'
[0.989s] INFO:colcon.colcon_core.shell:Creating environment descriptor '/home/pritismankar/ros2_ws/install/my_simulation/share/my_simulation/hook/ament_prefix_path.dsv'
[0.989s] INFO:colcon.colcon_core.shell:Creating environment hook '/home/pritismankar/ros2_ws/install/my_simulation/share/my_simulation/hook/ament_prefix_path.sh'
[0.990s] INFO:colcon.colcon_core.shell:Skip shell extension 'powershell' for command environment: Not usable outside of PowerShell
[0.990s] DEBUG:colcon.colcon_core.shell:Skip shell extension 'dsv' for command environment
[0.993s] DEBUG:colcon.colcon_core.shell:Ignoring prefix path '/home/pritismankar/catkin_ws/devel'
[1.590s] INFO:colcon.colcon_core.task.python.build:Building Python package in '/home/pritismankar/ros2_ws/src/my_fusion'
[1.590s] INFO:colcon.colcon_core.shell:Skip shell extension 'powershell' for command environment: Not usable outside of PowerShell
[1.590s] DEBUG:colcon.colcon_core.shell:Skip shell extension 'dsv' for command environment
[1.592s] DEBUG:colcon.colcon_core.shell:Ignoring prefix path '/home/pritismankar/catkin_ws/devel'
[1.920s] INFO:colcon.colcon_core.task.python.build:Building Python package in '/home/pritismankar/ros2_ws/src/my_odometry'
[1.923s] INFO:colcon.colcon_core.shell:Skip shell extension 'powershell' for command environment: Not usable outside of PowerShell
[1.923s] DEBUG:colcon.colcon_core.shell:Skip shell extension 'dsv' for command environment
[1.928s] DEBUG:colcon.colcon_core.shell:Ignoring prefix path '/home/pritismankar/catkin_ws/devel'
[2.391s] INFO:colcon.colcon_core.task.python.build:Building Python package in '/home/pritismankar/ros2_ws/src/my_robot_description'
[2.392s] INFO:colcon.colcon_core.shell:Skip shell extension 'powershell' for command environment: Not usable outside of PowerShell
[2.392s] DEBUG:colcon.colcon_core.shell:Skip shell extension 'dsv' for command environment
[2.394s] DEBUG:colcon.colcon_core.shell:Ignoring prefix path '/home/pritismankar/catkin_ws/devel'
[3.103s] INFO:colcon.colcon_core.task.python.build:Building Python package in '/home/pritismankar/ros2_ws/src/my_simulation'
[3.104s] INFO:colcon.colcon_core.shell:Skip shell extension 'powershell' for command environment: Not usable outside of PowerShell
[3.104s] DEBUG:colcon.colcon_core.shell:Skip shell extension 'dsv' for command environment
[3.107s] DEBUG:colcon.colcon_core.shell:Ignoring prefix path '/home/pritismankar/catkin_ws/devel'
[3.798s] DEBUG:colcon.colcon_core.event_handler.log_command:Invoking command in '/home/pritismankar/ros2_ws/build/my_odometry': PYTHONPATH=/home/pritismankar/ros2_ws/build/my_odometry/prefix_override:/usr/lib/python3/dist-packages/colcon_core/task/python/colcon_distutils_commands:/home/pritismankar/ros2_ws/install/my_odometry/lib/python3.8/site-packages:${PYTHONPATH} /usr/bin/python3 -W ignore:setup.py install is deprecated -W ignore:easy_install command is deprecated setup.py develop --editable --build-directory /home/pritismankar/ros2_ws/build/my_odometry/build --no-deps symlink_data
[4.207s] DEBUG:colcon.colcon_core.event_handler.log_command:Invoking command in '/home/pritismankar/ros2_ws/build/my_fusion': PYTHONPATH=/home/pritismankar/ros2_ws/build/my_fusion/prefix_override:/usr/lib/python3/dist-packages/colcon_core/task/python/colcon_distutils_commands:/home/pritismankar/ros2_ws/install/my_fusion/lib/python3.8/site-packages:${PYTHONPATH} /usr/bin/python3 -W ignore:setup.py install is deprecated -W ignore:easy_install command is deprecated setup.py develop --editable --build-directory /home/pritismankar/ros2_ws/build/my_fusion/build --no-deps symlink_data
[4.236s] DEBUG:colcon.colcon_core.event_handler.log_command:Invoking command in '/home/pritismankar/ros2_ws/build/my_robot_description': PYTHONPATH=/home/pritismankar/ros2_ws/build/my_robot_description/prefix_override:/usr/lib/python3/dist-packages/colcon_core/task/python/colcon_distutils_commands:/home/pritismankar/ros2_ws/install/my_robot_description/lib/python3.8/site-packages:${PYTHONPATH} /usr/bin/python3 -W ignore:setup.py install is deprecated -W ignore:easy_install command is deprecated setup.py develop --editable --build-directory /home/pritismankar/ros2_ws/build/my_robot_description/build --no-deps symlink_data
[4.296s] DEBUG:colcon.colcon_core.event_handler.log_command:Invoking command in '/home/pritismankar/ros2_ws/build/my_simulation': PYTHONPATH=/home/pritismankar/ros2_ws/build/my_simulation/prefix_override:/usr/lib/python3/dist-packages/colcon_core/task/python/colcon_distutils_commands:/home/pritismankar/ros2_ws/install/my_simulation/lib/python3.8/site-packages:${PYTHONPATH} /usr/bin/python3 -W ignore:setup.py install is deprecated -W ignore:easy_install command is deprecated setup.py develop --editable --build-directory /home/pritismankar/ros2_ws/build/my_simulation/build --no-deps symlink_data
[4.967s] Level 1:colcon.colcon_core.shell:create_environment_hook('my_fusion', 'pythonpath_develop')
[4.968s] INFO:colcon.colcon_core.shell:Creating environment hook '/home/pritismankar/ros2_ws/build/my_fusion/share/my_fusion/hook/pythonpath_develop.ps1'
[4.969s] DEBUG:colcon.colcon_core.event_handler.log_command:Invoked command in '/home/pritismankar/ros2_ws/build/my_fusion' returned '0': PYTHONPATH=/home/pritismankar/ros2_ws/build/my_fusion/prefix_override:/usr/lib/python3/dist-packages/colcon_core/task/python/colcon_distutils_commands:/home/pritismankar/ros2_ws/install/my_fusion/lib/python3.8/site-packages:${PYTHONPATH} /usr/bin/python3 -W ignore:setup.py install is deprecated -W ignore:easy_install command is deprecated setup.py develop --editable --build-directory /home/pritismankar/ros2_ws/build/my_fusion/build --no-deps symlink_data
[4.970s] INFO:colcon.colcon_core.shell:Creating environment descriptor '/home/pritismankar/ros2_ws/build/my_fusion/share/my_fusion/hook/pythonpath_develop.dsv'
[4.971s] INFO:colcon.colcon_core.shell:Creating environment hook '/home/pritismankar/ros2_ws/build/my_fusion/share/my_fusion/hook/pythonpath_develop.sh'
[4.976s] Level 1:colcon.colcon_core.environment:checking '/home/pritismankar/ros2_ws/install/my_fusion' for CMake module files
[4.977s] Level 1:colcon.colcon_core.environment:checking '/home/pritismankar/ros2_ws/install/my_fusion' for CMake config files
[4.979s] Level 1:colcon.colcon_core.environment:checking '/home/pritismankar/ros2_ws/install/my_fusion/lib'
[4.980s] Level 1:colcon.colcon_core.environment:checking '/home/pritismankar/ros2_ws/install/my_fusion/bin'
[4.980s] Level 1:colcon.colcon_core.environment:checking '/home/pritismankar/ros2_ws/install/my_fusion/lib/pkgconfig/my_fusion.pc'
[4.980s] Level 1:colcon.colcon_core.environment:checking '/home/pritismankar/ros2_ws/install/my_fusion/lib/python3.8/site-packages'
[4.980s] Level 1:colcon.colcon_core.shell:create_environment_hook('my_fusion', 'pythonpath')
[4.981s] INFO:colcon.colcon_core.shell:Creating environment hook '/home/pritismankar/ros2_ws/install/my_fusion/share/my_fusion/hook/pythonpath.ps1'
[4.982s] INFO:colcon.colcon_core.shell:Creating environment descriptor '/home/pritismankar/ros2_ws/install/my_fusion/share/my_fusion/hook/pythonpath.dsv'
[4.982s] INFO:colcon.colcon_core.shell:Creating environment hook '/home/pritismankar/ros2_ws/install/my_fusion/share/my_fusion/hook/pythonpath.sh'
[4.983s] Level 1:colcon.colcon_core.environment:checking '/home/pritismankar/ros2_ws/install/my_fusion/bin'
[4.983s] Level 1:colcon.colcon_core.environment:create_environment_scripts_only(my_fusion)
[4.984s] INFO:colcon.colcon_core.shell:Creating package script '/home/pritismankar/ros2_ws/install/my_fusion/share/my_fusion/package.ps1'
[4.985s] INFO:colcon.colcon_core.shell:Creating package descriptor '/home/pritismankar/ros2_ws/install/my_fusion/share/my_fusion/package.dsv'
[4.986s] INFO:colcon.colcon_core.shell:Creating package script '/home/pritismankar/ros2_ws/install/my_fusion/share/my_fusion/package.sh'
[4.987s] INFO:colcon.colcon_core.shell:Creating package script '/home/pritismankar/ros2_ws/install/my_fusion/share/my_fusion/package.bash'
[4.988s] INFO:colcon.colcon_core.shell:Creating package script '/home/pritismankar/ros2_ws/install/my_fusion/share/my_fusion/package.zsh'
[4.989s] Level 1:colcon.colcon_core.environment:create_file_with_runtime_dependencies(/home/pritismankar/ros2_ws/install/my_fusion/share/colcon-core/packages/my_fusion)
[4.990s] INFO:colcon.colcon_ros.task.ament_python.build:Building ROS package in '/home/pritismankar/ros2_ws/src/my_slam' with build type 'ament_python'
[4.991s] Level 1:colcon.colcon_core.shell:create_environment_hook('my_slam', 'ament_prefix_path')
[4.991s] INFO:colcon.colcon_core.shell:Creating environment hook '/home/pritismankar/ros2_ws/install/my_slam/share/my_slam/hook/ament_prefix_path.ps1'
[4.999s] INFO:colcon.colcon_core.shell:Creating environment descriptor '/home/pritismankar/ros2_ws/install/my_slam/share/my_slam/hook/ament_prefix_path.dsv'
[5.000s] INFO:colcon.colcon_core.shell:Creating environment hook '/home/pritismankar/ros2_ws/install/my_slam/share/my_slam/hook/ament_prefix_path.sh'
[5.001s] INFO:colcon.colcon_core.shell:Skip shell extension 'powershell' for command environment: Not usable outside of PowerShell
[5.002s] DEBUG:colcon.colcon_core.shell:Skip shell extension 'dsv' for command environment
[5.005s] DEBUG:colcon.colcon_core.shell:Ignoring prefix path '/home/pritismankar/catkin_ws/devel'
[5.611s] INFO:colcon.colcon_core.task.python.build:Building Python package in '/home/pritismankar/ros2_ws/src/my_slam'
[5.615s] INFO:colcon.colcon_core.shell:Skip shell extension 'powershell' for command environment: Not usable outside of PowerShell
[5.615s] DEBUG:colcon.colcon_core.shell:Skip shell extension 'dsv' for command environment
[5.619s] DEBUG:colcon.colcon_core.shell:Ignoring prefix path '/home/pritismankar/catkin_ws/devel'
[5.704s] Level 1:colcon.colcon_core.shell:create_environment_hook('my_simulation', 'pythonpath_develop')
[5.705s] INFO:colcon.colcon_core.shell:Creating environment hook '/home/pritismankar/ros2_ws/build/my_simulation/share/my_simulation/hook/pythonpath_develop.ps1'
[5.710s] DEBUG:colcon.colcon_core.event_handler.log_command:Invoked command in '/home/pritismankar/ros2_ws/build/my_simulation' returned '0': PYTHONPATH=/home/pritismankar/ros2_ws/build/my_simulation/prefix_override:/usr/lib/python3/dist-packages/colcon_core/task/python/colcon_distutils_commands:/home/pritismankar/ros2_ws/install/my_simulation/lib/python3.8/site-packages:${PYTHONPATH} /usr/bin/python3 -W ignore:setup.py install is deprecated -W ignore:easy_install command is deprecated setup.py develop --editable --build-directory /home/pritismankar/ros2_ws/build/my_simulation/build --no-deps symlink_data
[5.712s] INFO:colcon.colcon_core.shell:Creating environment descriptor '/home/pritismankar/ros2_ws/build/my_simulation/share/my_simulation/hook/pythonpath_develop.dsv'
[5.714s] INFO:colcon.colcon_core.shell:Creating environment hook '/home/pritismankar/ros2_ws/build/my_simulation/share/my_simulation/hook/pythonpath_develop.sh'
[5.723s] Level 1:colcon.colcon_core.environment:checking '/home/pritismankar/ros2_ws/install/my_simulation' for CMake module files
[5.727s] Level 1:colcon.colcon_core.environment:checking '/home/pritismankar/ros2_ws/install/my_simulation' for CMake config files
[5.732s] Level 1:colcon.colcon_core.environment:checking '/home/pritismankar/ros2_ws/install/my_simulation/lib'
[5.732s] Level 1:colcon.colcon_core.environment:checking '/home/pritismankar/ros2_ws/install/my_simulation/bin'
[5.732s] Level 1:colcon.colcon_core.environment:checking '/home/pritismankar/ros2_ws/install/my_simulation/lib/pkgconfig/my_simulation.pc'
[5.733s] Level 1:colcon.colcon_core.environment:checking '/home/pritismankar/ros2_ws/install/my_simulation/lib/python3.8/site-packages'
[5.734s] Level 1:colcon.colcon_core.shell:create_environment_hook('my_simulation', 'pythonpath')
[5.736s] INFO:colcon.colcon_core.shell:Creating environment hook '/home/pritismankar/ros2_ws/install/my_simulation/share/my_simulation/hook/pythonpath.ps1'
[5.738s] INFO:colcon.colcon_core.shell:Creating environment descriptor '/home/pritismankar/ros2_ws/install/my_simulation/share/my_simulation/hook/pythonpath.dsv'
[5.747s] INFO:colcon.colcon_core.shell:Creating environment hook '/home/pritismankar/ros2_ws/install/my_simulation/share/my_simulation/hook/pythonpath.sh'
[5.753s] Level 1:colcon.colcon_core.environment:checking '/home/pritismankar/ros2_ws/install/my_simulation/bin'
[5.753s] Level 1:colcon.colcon_core.environment:create_environment_scripts_only(my_simulation)
[5.756s] INFO:colcon.colcon_core.shell:Creating package script '/home/pritismankar/ros2_ws/install/my_simulation/share/my_simulation/package.ps1'
[5.761s] INFO:colcon.colcon_core.shell:Creating package descriptor '/home/pritismankar/ros2_ws/install/my_simulation/share/my_simulation/package.dsv'
[5.762s] INFO:colcon.colcon_core.shell:Creating package script '/home/pritismankar/ros2_ws/install/my_simulation/share/my_simulation/package.sh'
[5.764s] INFO:colcon.colcon_core.shell:Creating package script '/home/pritismankar/ros2_ws/install/my_simulation/share/my_simulation/package.bash'
[5.765s] INFO:colcon.colcon_core.shell:Creating package script '/home/pritismankar/ros2_ws/install/my_simulation/share/my_simulation/package.zsh'
[5.766s] Level 1:colcon.colcon_core.environment:create_file_with_runtime_dependencies(/home/pritismankar/ros2_ws/install/my_simulation/share/colcon-core/packages/my_simulation)
[5.835s] Level 1:colcon.colcon_core.shell:create_environment_hook('my_robot_description', 'pythonpath_develop')
[5.836s] DEBUG:colcon.colcon_core.event_handler.log_command:Invoked command in '/home/pritismankar/ros2_ws/build/my_robot_description' returned '0': PYTHONPATH=/home/pritismankar/ros2_ws/build/my_robot_description/prefix_override:/usr/lib/python3/dist-packages/colcon_core/task/python/colcon_distutils_commands:/home/pritismankar/ros2_ws/install/my_robot_description/lib/python3.8/site-packages:${PYTHONPATH} /usr/bin/python3 -W ignore:setup.py install is deprecated -W ignore:easy_install command is deprecated setup.py develop --editable --build-directory /home/pritismankar/ros2_ws/build/my_robot_description/build --no-deps symlink_data
[5.837s] INFO:colcon.colcon_core.shell:Creating environment hook '/home/pritismankar/ros2_ws/build/my_robot_description/share/my_robot_description/hook/pythonpath_develop.ps1'
[5.840s] INFO:colcon.colcon_core.shell:Creating environment descriptor '/home/pritismankar/ros2_ws/build/my_robot_description/share/my_robot_description/hook/pythonpath_develop.dsv'
[5.840s] INFO:colcon.colcon_core.shell:Creating environment hook '/home/pritismankar/ros2_ws/build/my_robot_description/share/my_robot_description/hook/pythonpath_develop.sh'
[5.841s] Level 1:colcon.colcon_core.environment:checking '/home/pritismankar/ros2_ws/install/my_robot_description' for CMake module files
[5.842s] Level 1:colcon.colcon_core.environment:checking '/home/pritismankar/ros2_ws/install/my_robot_description' for CMake config files
[5.843s] Level 1:colcon.colcon_core.environment:checking '/home/pritismankar/ros2_ws/install/my_robot_description/lib'
[5.843s] Level 1:colcon.colcon_core.environment:checking '/home/pritismankar/ros2_ws/install/my_robot_description/bin'
[5.843s] Level 1:colcon.colcon_core.environment:checking '/home/pritismankar/ros2_ws/install/my_robot_description/lib/pkgconfig/my_robot_description.pc'
[5.844s] Level 1:colcon.colcon_core.environment:checking '/home/pritismankar/ros2_ws/install/my_robot_description/lib/python3.8/site-packages'
[5.844s] Level 1:colcon.colcon_core.shell:create_environment_hook('my_robot_description', 'pythonpath')
[5.844s] INFO:colcon.colcon_core.shell:Creating environment hook '/home/pritismankar/ros2_ws/install/my_robot_description/share/my_robot_description/hook/pythonpath.ps1'
[5.847s] INFO:colcon.colcon_core.shell:Creating environment descriptor '/home/pritismankar/ros2_ws/install/my_robot_description/share/my_robot_description/hook/pythonpath.dsv'
[5.847s] INFO:colcon.colcon_core.shell:Creating environment hook '/home/pritismankar/ros2_ws/install/my_robot_description/share/my_robot_description/hook/pythonpath.sh'
[5.848s] Level 1:colcon.colcon_core.environment:checking '/home/pritismankar/ros2_ws/install/my_robot_description/bin'
[5.848s] Level 1:colcon.colcon_core.environment:create_environment_scripts_only(my_robot_description)
[5.849s] INFO:colcon.colcon_core.shell:Creating package script '/home/pritismankar/ros2_ws/install/my_robot_description/share/my_robot_description/package.ps1'
[5.850s] INFO:colcon.colcon_core.shell:Creating package descriptor '/home/pritismankar/ros2_ws/install/my_robot_description/share/my_robot_description/package.dsv'
[5.858s] INFO:colcon.colcon_core.shell:Creating package script '/home/pritismankar/ros2_ws/install/my_robot_description/share/my_robot_description/package.sh'
[5.859s] INFO:colcon.colcon_core.shell:Creating package script '/home/pritismankar/ros2_ws/install/my_robot_description/share/my_robot_description/package.bash'
[5.859s] INFO:colcon.colcon_core.shell:Creating package script '/home/pritismankar/ros2_ws/install/my_robot_description/share/my_robot_description/package.zsh'
[5.860s] Level 1:colcon.colcon_core.environment:create_file_with_runtime_dependencies(/home/pritismankar/ros2_ws/install/my_robot_description/share/colcon-core/packages/my_robot_description)
[5.860s] Level 1:colcon.colcon_core.shell:create_environment_hook('my_odometry', 'pythonpath_develop')
[5.861s] INFO:colcon.colcon_core.shell:Creating environment hook '/home/pritismankar/ros2_ws/build/my_odometry/share/my_odometry/hook/pythonpath_develop.ps1'
[5.862s] INFO:colcon.colcon_core.shell:Creating environment descriptor '/home/pritismankar/ros2_ws/build/my_odometry/share/my_odometry/hook/pythonpath_develop.dsv'
[5.864s] DEBUG:colcon.colcon_core.event_handler.log_command:Invoked command in '/home/pritismankar/ros2_ws/build/my_odometry' returned '0': PYTHONPATH=/home/pritismankar/ros2_ws/build/my_odometry/prefix_override:/usr/lib/python3/dist-packages/colcon_core/task/python/colcon_distutils_commands:/home/pritismankar/ros2_ws/install/my_odometry/lib/python3.8/site-packages:${PYTHONPATH} /usr/bin/python3 -W ignore:setup.py install is deprecated -W ignore:easy_install command is deprecated setup.py develop --editable --build-directory /home/pritismankar/ros2_ws/build/my_odometry/build --no-deps symlink_data
[5.864s] INFO:colcon.colcon_core.shell:Creating environment hook '/home/pritismankar/ros2_ws/build/my_odometry/share/my_odometry/hook/pythonpath_develop.sh'
[5.865s] Level 1:colcon.colcon_core.environment:checking '/home/pritismankar/ros2_ws/install/my_odometry' for CMake module files
[5.865s] Level 1:colcon.colcon_core.environment:checking '/home/pritismankar/ros2_ws/install/my_odometry' for CMake config files
[5.866s] Level 1:colcon.colcon_core.environment:checking '/home/pritismankar/ros2_ws/install/my_odometry/lib'
[5.866s] Level 1:colcon.colcon_core.environment:checking '/home/pritismankar/ros2_ws/install/my_odometry/bin'
[5.866s] Level 1:colcon.colcon_core.environment:checking '/home/pritismankar/ros2_ws/install/my_odometry/lib/pkgconfig/my_odometry.pc'
[5.866s] Level 1:colcon.colcon_core.environment:checking '/home/pritismankar/ros2_ws/install/my_odometry/lib/python3.8/site-packages'
[5.866s] Level 1:colcon.colcon_core.shell:create_environment_hook('my_odometry', 'pythonpath')
[5.866s] INFO:colcon.colcon_core.shell:Creating environment hook '/home/pritismankar/ros2_ws/install/my_odometry/share/my_odometry/hook/pythonpath.ps1'
[5.867s] INFO:colcon.colcon_core.shell:Creating environment descriptor '/home/pritismankar/ros2_ws/install/my_odometry/share/my_odometry/hook/pythonpath.dsv'
[5.867s] INFO:colcon.colcon_core.shell:Creating environment hook '/home/pritismankar/ros2_ws/install/my_odometry/share/my_odometry/hook/pythonpath.sh'
[5.867s] Level 1:colcon.colcon_core.environment:checking '/home/pritismankar/ros2_ws/install/my_odometry/bin'
[5.868s] Level 1:colcon.colcon_core.environment:create_environment_scripts_only(my_odometry)
[5.868s] INFO:colcon.colcon_core.shell:Creating package script '/home/pritismankar/ros2_ws/install/my_odometry/share/my_odometry/package.ps1'
[5.869s] INFO:colcon.colcon_core.shell:Creating package descriptor '/home/pritismankar/ros2_ws/install/my_odometry/share/my_odometry/package.dsv'
[5.869s] INFO:colcon.colcon_core.shell:Creating package script '/home/pritismankar/ros2_ws/install/my_odometry/share/my_odometry/package.sh'
[5.869s] INFO:colcon.colcon_core.shell:Creating package script '/home/pritismankar/ros2_ws/install/my_odometry/share/my_odometry/package.bash'
[5.870s] INFO:colcon.colcon_core.shell:Creating package script '/home/pritismankar/ros2_ws/install/my_odometry/share/my_odometry/package.zsh'
[5.871s] Level 1:colcon.colcon_core.environment:create_file_with_runtime_dependencies(/home/pritismankar/ros2_ws/install/my_odometry/share/colcon-core/packages/my_odometry)
[6.574s] DEBUG:colcon.colcon_core.event_handler.log_command:Invoking command in '/home/pritismankar/ros2_ws/build/my_slam': PYTHONPATH=/home/pritismankar/ros2_ws/build/my_slam/prefix_override:/usr/lib/python3/dist-packages/colcon_core/task/python/colcon_distutils_commands:/home/pritismankar/ros2_ws/install/my_slam/lib/python3.8/site-packages:${PYTHONPATH} /usr/bin/python3 -W ignore:setup.py install is deprecated -W ignore:easy_install command is deprecated setup.py develop --editable --build-directory /home/pritismankar/ros2_ws/build/my_slam/build --no-deps symlink_data
[7.311s] Level 1:colcon.colcon_core.shell:create_environment_hook('my_slam', 'pythonpath_develop')
[7.312s] DEBUG:colcon.colcon_core.event_handler.log_command:Invoked command in '/home/pritismankar/ros2_ws/build/my_slam' returned '0': PYTHONPATH=/home/pritismankar/ros2_ws/build/my_slam/prefix_override:/usr/lib/python3/dist-packages/colcon_core/task/python/colcon_distutils_commands:/home/pritismankar/ros2_ws/install/my_slam/lib/python3.8/site-packages:${PYTHONPATH} /usr/bin/python3 -W ignore:setup.py install is deprecated -W ignore:easy_install command is deprecated setup.py develop --editable --build-directory /home/pritismankar/ros2_ws/build/my_slam/build --no-deps symlink_data
[7.313s] INFO:colcon.colcon_core.shell:Creating environment hook '/home/pritismankar/ros2_ws/build/my_slam/share/my_slam/hook/pythonpath_develop.ps1'
[7.317s] INFO:colcon.colcon_core.shell:Creating environment descriptor '/home/pritismankar/ros2_ws/build/my_slam/share/my_slam/hook/pythonpath_develop.dsv'
[7.317s] INFO:colcon.colcon_core.shell:Creating environment hook '/home/pritismankar/ros2_ws/build/my_slam/share/my_slam/hook/pythonpath_develop.sh'
[7.318s] Level 1:colcon.colcon_core.environment:checking '/home/pritismankar/ros2_ws/install/my_slam' for CMake module files
[7.319s] Level 1:colcon.colcon_core.environment:checking '/home/pritismankar/ros2_ws/install/my_slam' for CMake config files
[7.319s] Level 1:colcon.colcon_core.environment:checking '/home/pritismankar/ros2_ws/install/my_slam/lib'
[7.320s] Level 1:colcon.colcon_core.environment:checking '/home/pritismankar/ros2_ws/install/my_slam/bin'
[7.320s] Level 1:colcon.colcon_core.environment:checking '/home/pritismankar/ros2_ws/install/my_slam/lib/pkgconfig/my_slam.pc'
[7.320s] Level 1:colcon.colcon_core.environment:checking '/home/pritismankar/ros2_ws/install/my_slam/lib/python3.8/site-packages'
[7.320s] Level 1:colcon.colcon_core.shell:create_environment_hook('my_slam', 'pythonpath')
[7.321s] INFO:colcon.colcon_core.shell:Creating environment hook '/home/pritismankar/ros2_ws/install/my_slam/share/my_slam/hook/pythonpath.ps1'
[7.321s] INFO:colcon.colcon_core.shell:Creating environment descriptor '/home/pritismankar/ros2_ws/install/my_slam/share/my_slam/hook/pythonpath.dsv'
[7.321s] INFO:colcon.colcon_core.shell:Creating environment hook '/home/pritismankar/ros2_ws/install/my_slam/share/my_slam/hook/pythonpath.sh'
[7.322s] Level 1:colcon.colcon_core.environment:checking '/home/pritismankar/ros2_ws/install/my_slam/bin'
[7.322s] Level 1:colcon.colcon_core.environment:create_environment_scripts_only(my_slam)
[7.323s] INFO:colcon.colcon_core.shell:Creating package script '/home/pritismankar/ros2_ws/install/my_slam/share/my_slam/package.ps1'
[7.324s] INFO:colcon.colcon_core.shell:Creating package descriptor '/home/pritismankar/ros2_ws/install/my_slam/share/my_slam/package.dsv'
[7.324s] INFO:colcon.colcon_core.shell:Creating package script '/home/pritismankar/ros2_ws/install/my_slam/share/my_slam/package.sh'
[7.325s] INFO:colcon.colcon_core.shell:Creating package script '/home/pritismankar/ros2_ws/install/my_slam/share/my_slam/package.bash'
[7.325s] INFO:colcon.colcon_core.shell:Creating package script '/home/pritismankar/ros2_ws/install/my_slam/share/my_slam/package.zsh'
[7.326s] Level 1:colcon.colcon_core.environment:create_file_with_runtime_dependencies(/home/pritismankar/ros2_ws/install/my_slam/share/colcon-core/packages/my_slam)
[7.328s] DEBUG:colcon.colcon_parallel_executor.executor.parallel:closing loop
[7.377s] DEBUG:colcon.colcon_parallel_executor.executor.parallel:loop closed
[7.378s] DEBUG:colcon.colcon_parallel_executor.executor.parallel:run_until_complete finished with '0'
[7.378s] DEBUG:colcon.colcon_core.event_reactor:joining thread
[7.396s] INFO:colcon.colcon_core.plugin_system:Skipping extension 'colcon_notification.desktop_notification.terminal_notifier': Not used on non-Darwin systems
[7.396s] INFO:colcon.colcon_core.plugin_system:Skipping extension 'colcon_notification.desktop_notification.win32': Not used on non-Windows systems
[7.396s] INFO:colcon.colcon_notification.desktop_notification:Sending desktop notification using 'notify2'
[7.455s] DEBUG:colcon.colcon_core.event_reactor:joined thread
[7.456s] INFO:colcon.colcon_core.shell:Creating prefix script '/home/pritismankar/ros2_ws/install/local_setup.ps1'
[7.457s] INFO:colcon.colcon_core.shell:Creating prefix util module '/home/pritismankar/ros2_ws/install/_local_setup_util_ps1.py'
[7.458s] INFO:colcon.colcon_core.shell:Creating prefix chain script '/home/pritismankar/ros2_ws/install/setup.ps1'
[7.459s] INFO:colcon.colcon_core.shell:Creating prefix script '/home/pritismankar/ros2_ws/install/local_setup.sh'
[7.460s] INFO:colcon.colcon_core.shell:Creating prefix util module '/home/pritismankar/ros2_ws/install/_local_setup_util_sh.py'
[7.460s] INFO:colcon.colcon_core.shell:Creating prefix chain script '/home/pritismankar/ros2_ws/install/setup.sh'
[7.461s] INFO:colcon.colcon_core.shell:Creating prefix script '/home/pritismankar/ros2_ws/install/local_setup.bash'
[7.464s] INFO:colcon.colcon_core.shell:Creating prefix chain script '/home/pritismankar/ros2_ws/install/setup.bash'
[7.468s] INFO:colcon.colcon_core.shell:Creating prefix script '/home/pritismankar/ros2_ws/install/local_setup.zsh'
[7.469s] INFO:colcon.colcon_core.shell:Creating prefix chain script '/home/pritismankar/ros2_ws/install/setup.zsh'
