[35m[1mScanning dependencies of target lidar_odometry_node[0m
[ 50%] Built target odom_node
[ 75%] [32mBuilding CXX object CMakeFiles/lidar_odometry_node.dir/src/lidar_odometry.cpp.o[0m
[100%] [32m[1mLinking CXX executable lidar_odometry_node[0m
[100%] Built target lidar_odometry_node
-- Install configuration: ""
-- Execute custom install script
-- Symlinking: /home/pritismankar/ros2_ws/install/my_odometry/lib/my_odometry/odom_node
-- Symlinking: /home/pritismankar/ros2_ws/install/my_odometry/lib/my_odometry/lidar_odometry_node
-- Symlinking: /home/pritismankar/ros2_ws/install/my_odometry/share/my_odometry/launch/odom.launch.py
-- Symlinking: /home/pritismankar/ros2_ws/install/my_odometry/share/my_odometry/rviz/config.rviz
-- Symlinking: /home/pritismankar/ros2_ws/install/my_odometry/share/ament_index/resource_index/package_run_dependencies/my_odometry
-- Symlinking: /home/pritismankar/ros2_ws/install/my_odometry/share/ament_index/resource_index/parent_prefix_path/my_odometry
-- Symlinking: /home/pritismankar/ros2_ws/install/my_odometry/share/my_odometry/environment/ament_prefix_path.sh
-- Symlinking: /home/pritismankar/ros2_ws/install/my_odometry/share/my_odometry/environment/ament_prefix_path.dsv
-- Symlinking: /home/pritismankar/ros2_ws/install/my_odometry/share/my_odometry/environment/path.sh
-- Symlinking: /home/pritismankar/ros2_ws/install/my_odometry/share/my_odometry/environment/path.dsv
-- Symlinking: /home/pritismankar/ros2_ws/install/my_odometry/share/my_odometry/local_setup.bash
-- Symlinking: /home/pritismankar/ros2_ws/install/my_odometry/share/my_odometry/local_setup.sh
-- Symlinking: /home/pritismankar/ros2_ws/install/my_odometry/share/my_odometry/local_setup.zsh
-- Symlinking: /home/pritismankar/ros2_ws/install/my_odometry/share/my_odometry/local_setup.dsv
-- Symlinking: /home/pritismankar/ros2_ws/install/my_odometry/share/my_odometry/package.dsv
-- Symlinking: /home/pritismankar/ros2_ws/install/my_odometry/share/ament_index/resource_index/packages/my_odometry
-- Symlinking: /home/pritismankar/ros2_ws/install/my_odometry/share/my_odometry/cmake/my_odometryConfig.cmake
-- Symlinking: /home/pritismankar/ros2_ws/install/my_odometry/share/my_odometry/cmake/my_odometryConfig-version.cmake
-- Symlinking: /home/pritismankar/ros2_ws/install/my_odometry/share/my_odometry/package.xml
