[0.126s] Invoking command in '/home/pritismankar/ros2_ws/build/my_odometry': CMAKE_PREFIX_PATH=/home/pritismankar/ros2_ws/install/my_odometry:/home/pritismankar/ros2_ws/install/my_fusion:/home/pritismankar/ros2_ws/install/my_simulation:/home/pritismankar/ros2_ws/install/my_robot_description:/opt/ros/foxy:/home/pritismankar/catkin_ws/devel:/opt/ros/noetic /usr/bin/cmake /home/pritismankar/ros2_ws/src/my_odometry -DAMENT_CMAKE_SYMLINK_INSTALL=1 -DCMAKE_INSTALL_PREFIX=/home/pritismankar/ros2_ws/install/my_odometry
[0.882s] -- The C compiler identification is GNU 9.4.0
[1.293s] -- The CXX compiler identification is GNU 9.4.0
[1.328s] -- Check for working C compiler: /usr/bin/cc
[1.526s] -- Check for working C compiler: /usr/bin/cc -- works
[1.538s] -- Detecting C compiler ABI info
[1.802s] -- Detecting C compiler ABI info - done
[1.806s] -- Detecting C compile features
[1.809s] -- Detecting C compile features - done
[1.826s] -- Check for working CXX compiler: /usr/bin/c++
[2.082s] -- Check for working CXX compiler: /usr/bin/c++ -- works
[2.083s] -- Detecting CXX compiler ABI info
[2.297s] -- Detecting CXX compiler ABI info - done
[2.317s] -- Detecting CXX compile features
[2.318s] -- Detecting CXX compile features - done
[2.351s] -- Found ament_cmake: 0.9.12 (/opt/ros/foxy/share/ament_cmake/cmake)
[2.443s] -- Found PythonInterp: /usr/bin/python3 (found suitable version "3.8.10", minimum required is "3") 
[2.443s] -- Using PYTHON_EXECUTABLE: /usr/bin/python3
[3.067s] -- Override CMake install command with custom implementation using symlinks instead of copying resources
[3.206s] -- Found rclcpp: 2.4.3 (/opt/ros/foxy/share/rclcpp/cmake)
[3.393s] -- Using all available rosidl_typesupport_c: rosidl_typesupport_fastrtps_c;rosidl_typesupport_introspection_c
[3.438s] -- Found rosidl_adapter: 1.3.1 (/opt/ros/foxy/share/rosidl_adapter/cmake)
[3.782s] -- Found OpenSSL: /usr/lib/x86_64-linux-gnu/libcrypto.so (found version "1.1.1f")  
[3.845s] -- Found FastRTPS: /opt/ros/foxy/include  
[4.065s] -- Using all available rosidl_typesupport_cpp: rosidl_typesupport_fastrtps_cpp;rosidl_typesupport_introspection_cpp
[4.304s] -- Found rmw_implementation_cmake: 1.0.4 (/opt/ros/foxy/share/rmw_implementation_cmake/cmake)
[4.317s] -- Using RMW implementation 'rmw_fastrtps_cpp' as default
[4.325s] -- Looking for pthread.h
[4.551s] -- Looking for pthread.h - found
[4.554s] -- Performing Test CMAKE_HAVE_LIBC_PTHREAD
[4.935s] -- Performing Test CMAKE_HAVE_LIBC_PTHREAD - Failed
[4.935s] -- Looking for pthread_create in pthreads
[5.158s] -- Looking for pthread_create in pthreads - not found
[5.158s] -- Looking for pthread_create in pthread
[5.337s] -- Looking for pthread_create in pthread - found
[5.340s] -- Found Threads: TRUE  
[5.741s] -- Found sensor_msgs: 2.0.5 (/opt/ros/foxy/share/sensor_msgs/cmake)
[5.937s] -- Found nav_msgs: 2.0.5 (/opt/ros/foxy/share/nav_msgs/cmake)
[6.029s] -- Found visualization_msgs: 2.0.5 (/opt/ros/foxy/share/visualization_msgs/cmake)
[6.140s] -- Found tf2: 0.13.14 (/opt/ros/foxy/share/tf2/cmake)
[6.174s] -- Found tf2_geometry_msgs: 0.13.14 (/opt/ros/foxy/share/tf2_geometry_msgs/cmake)
[6.194s] -- Found eigen3_cmake_module: 0.1.1 (/opt/ros/foxy/share/eigen3_cmake_module/cmake)
[6.206s] -- Found Eigen3: TRUE (found version "3.3.7") 
[6.841s] CMake Error at CMakeLists.txt:35 (add_executable):
[6.841s]   add_executable cannot create target "odom_node" because another target with
[6.841s]   the same name already exists.  The existing target is an executable created
[6.841s]   in source directory "/home/pritismankar/ros2_ws/src/my_odometry".  See
[6.841s]   documentation for policy CMP0002 for more details.
[6.841s] 
[6.841s] 
[6.982s] -- Configuring incomplete, errors occurred!
[6.982s] See also "/home/pritismankar/ros2_ws/build/my_odometry/CMakeFiles/CMakeOutput.log".
[6.982s] See also "/home/pritismankar/ros2_ws/build/my_odometry/CMakeFiles/CMakeError.log".
[7.003s] Invoked command in '/home/pritismankar/ros2_ws/build/my_odometry' returned '1': CMAKE_PREFIX_PATH=/home/pritismankar/ros2_ws/install/my_odometry:/home/pritismankar/ros2_ws/install/my_fusion:/home/pritismankar/ros2_ws/install/my_simulation:/home/pritismankar/ros2_ws/install/my_robot_description:/opt/ros/foxy:/home/pritismankar/catkin_ws/devel:/opt/ros/noetic /usr/bin/cmake /home/pritismankar/ros2_ws/src/my_odometry -DAMENT_CMAKE_SYMLINK_INSTALL=1 -DCMAKE_INSTALL_PREFIX=/home/pritismankar/ros2_ws/install/my_odometry
