[0.061s] Invoking command in '/home/pritismankar/ros2_ws/build/my_odometry': CMAKE_PREFIX_PATH=/home/pritismankar/ros2_ws/install/my_odometry:/home/pritismankar/ros2_ws/install/my_fusion:/home/pritismankar/ros2_ws/install/my_simulation:/home/pritismankar/ros2_ws/install/my_robot_description:/opt/ros/foxy:/home/pritismankar/catkin_ws/devel:/opt/ros/noetic /usr/bin/cmake --build /home/pritismankar/ros2_ws/build/my_odometry -- -j4 -l4
[0.352s] [35m[1mScanning dependencies of target lidar_odometry_node[0m
[0.352s] [ 50%] Built target odom_node
[0.352s] [ 75%] [32mBuilding CXX object CMakeFiles/lidar_odometry_node.dir/src/lidar_odometry.cpp.o[0m
[9.899s] [100%] [32m[1mLinking CXX executable lidar_odometry_node[0m
[10.406s] [100%] Built target lidar_odometry_node
[10.418s] Invoked command in '/home/pritismankar/ros2_ws/build/my_odometry' returned '0': CMAKE_PREFIX_PATH=/home/pritismankar/ros2_ws/install/my_odometry:/home/pritismankar/ros2_ws/install/my_fusion:/home/pritismankar/ros2_ws/install/my_simulation:/home/pritismankar/ros2_ws/install/my_robot_description:/opt/ros/foxy:/home/pritismankar/catkin_ws/devel:/opt/ros/noetic /usr/bin/cmake --build /home/pritismankar/ros2_ws/build/my_odometry -- -j4 -l4
[10.422s] Invoking command in '/home/pritismankar/ros2_ws/build/my_odometry': CMAKE_PREFIX_PATH=/home/pritismankar/ros2_ws/install/my_odometry:/home/pritismankar/ros2_ws/install/my_fusion:/home/pritismankar/ros2_ws/install/my_simulation:/home/pritismankar/ros2_ws/install/my_robot_description:/opt/ros/foxy:/home/pritismankar/catkin_ws/devel:/opt/ros/noetic /usr/bin/cmake --install /home/pritismankar/ros2_ws/build/my_odometry
[10.436s] -- Install configuration: ""
[10.437s] -- Execute custom install script
[10.437s] -- Up-to-date symlink: /home/pritismankar/ros2_ws/install/my_odometry/lib/my_odometry/odom_node
[10.438s] -- Up-to-date symlink: /home/pritismankar/ros2_ws/install/my_odometry/lib/my_odometry/lidar_odometry_node
[10.439s] -- Up-to-date symlink: /home/pritismankar/ros2_ws/install/my_odometry/share/my_odometry/launch/odom.launch.py
[10.439s] -- Up-to-date symlink: /home/pritismankar/ros2_ws/install/my_odometry/share/my_odometry/launch/odom_with_lidar.launch.py
[10.439s] -- Up-to-date symlink: /home/pritismankar/ros2_ws/install/my_odometry/share/my_odometry/rviz/config.rviz
[10.440s] -- Up-to-date symlink: /home/pritismankar/ros2_ws/install/my_odometry/share/ament_index/resource_index/package_run_dependencies/my_odometry
[10.440s] -- Up-to-date symlink: /home/pritismankar/ros2_ws/install/my_odometry/share/ament_index/resource_index/parent_prefix_path/my_odometry
[10.440s] -- Up-to-date symlink: /home/pritismankar/ros2_ws/install/my_odometry/share/my_odometry/environment/ament_prefix_path.sh
[10.440s] -- Up-to-date symlink: /home/pritismankar/ros2_ws/install/my_odometry/share/my_odometry/environment/ament_prefix_path.dsv
[10.440s] -- Up-to-date symlink: /home/pritismankar/ros2_ws/install/my_odometry/share/my_odometry/environment/path.sh
[10.441s] -- Up-to-date symlink: /home/pritismankar/ros2_ws/install/my_odometry/share/my_odometry/environment/path.dsv
[10.441s] -- Up-to-date symlink: /home/pritismankar/ros2_ws/install/my_odometry/share/my_odometry/local_setup.bash
[10.441s] -- Up-to-date symlink: /home/pritismankar/ros2_ws/install/my_odometry/share/my_odometry/local_setup.sh
[10.441s] -- Up-to-date symlink: /home/pritismankar/ros2_ws/install/my_odometry/share/my_odometry/local_setup.zsh
[10.441s] -- Up-to-date symlink: /home/pritismankar/ros2_ws/install/my_odometry/share/my_odometry/local_setup.dsv
[10.441s] -- Symlinking: /home/pritismankar/ros2_ws/install/my_odometry/share/my_odometry/package.dsv
[10.451s] -- Up-to-date symlink: /home/pritismankar/ros2_ws/install/my_odometry/share/ament_index/resource_index/packages/my_odometry
[10.451s] -- Up-to-date symlink: /home/pritismankar/ros2_ws/install/my_odometry/share/my_odometry/cmake/my_odometryConfig.cmake
[10.451s] -- Up-to-date symlink: /home/pritismankar/ros2_ws/install/my_odometry/share/my_odometry/cmake/my_odometryConfig-version.cmake
[10.451s] -- Up-to-date symlink: /home/pritismankar/ros2_ws/install/my_odometry/share/my_odometry/package.xml
[10.456s] Invoked command in '/home/pritismankar/ros2_ws/build/my_odometry' returned '0': CMAKE_PREFIX_PATH=/home/pritismankar/ros2_ws/install/my_odometry:/home/pritismankar/ros2_ws/install/my_fusion:/home/pritismankar/ros2_ws/install/my_simulation:/home/pritismankar/ros2_ws/install/my_robot_description:/opt/ros/foxy:/home/pritismankar/catkin_ws/devel:/opt/ros/noetic /usr/bin/cmake --install /home/pritismankar/ros2_ws/build/my_odometry
