[0.191s] Invoking command in '/home/pritismankar/ros2_ws/build/my_odometry': CMAKE_PREFIX_PATH=/home/pritismankar/ros2_ws/install/my_odometry:/home/pritismankar/ros2_ws/install/my_fusion:/home/pritismankar/ros2_ws/install/my_simulation:/home/pritismankar/ros2_ws/install/my_robot_description:/opt/ros/foxy:/home/pritismankar/catkin_ws/devel:/opt/ros/noetic /usr/bin/cmake --build /home/pritismankar/ros2_ws/build/my_odometry -- -j4 -l4
[0.655s] [35m[1mScanning dependencies of target lidar_odometry_node[0m
[0.655s] [ 50%] Built target odom_node
[0.655s] [ 75%] [32mBuilding CXX object CMakeFiles/lidar_odometry_node.dir/src/lidar_odometry.cpp.o[0m
[21.118s] [100%] [32m[1mLinking CXX executable lidar_odometry_node[0m
[21.990s] [100%] Built target lidar_odometry_node
[22.028s] Invoked command in '/home/pritismankar/ros2_ws/build/my_odometry' returned '0': CMAKE_PREFIX_PATH=/home/pritismankar/ros2_ws/install/my_odometry:/home/pritismankar/ros2_ws/install/my_fusion:/home/pritismankar/ros2_ws/install/my_simulation:/home/pritismankar/ros2_ws/install/my_robot_description:/opt/ros/foxy:/home/pritismankar/catkin_ws/devel:/opt/ros/noetic /usr/bin/cmake --build /home/pritismankar/ros2_ws/build/my_odometry -- -j4 -l4
[22.030s] Invoking command in '/home/pritismankar/ros2_ws/build/my_odometry': CMAKE_PREFIX_PATH=/home/pritismankar/ros2_ws/install/my_odometry:/home/pritismankar/ros2_ws/install/my_fusion:/home/pritismankar/ros2_ws/install/my_simulation:/home/pritismankar/ros2_ws/install/my_robot_description:/opt/ros/foxy:/home/pritismankar/catkin_ws/devel:/opt/ros/noetic /usr/bin/cmake --install /home/pritismankar/ros2_ws/build/my_odometry
[22.048s] -- Install configuration: ""
[22.048s] -- Execute custom install script
[22.050s] -- Up-to-date symlink: /home/pritismankar/ros2_ws/install/my_odometry/lib/my_odometry/odom_node
[22.051s] -- Up-to-date symlink: /home/pritismankar/ros2_ws/install/my_odometry/lib/my_odometry/lidar_odometry_node
[22.053s] -- Up-to-date symlink: /home/pritismankar/ros2_ws/install/my_odometry/share/my_odometry/launch/odom.launch.py
[22.053s] -- Up-to-date symlink: /home/pritismankar/ros2_ws/install/my_odometry/share/my_odometry/launch/odom_with_lidar.launch.py
[22.055s] -- Up-to-date symlink: /home/pritismankar/ros2_ws/install/my_odometry/share/my_odometry/rviz/config.rviz
[22.055s] -- Up-to-date symlink: /home/pritismankar/ros2_ws/install/my_odometry/share/ament_index/resource_index/package_run_dependencies/my_odometry
[22.057s] -- Up-to-date symlink: /home/pritismankar/ros2_ws/install/my_odometry/share/ament_index/resource_index/parent_prefix_path/my_odometry
[22.057s] -- Up-to-date symlink: /home/pritismankar/ros2_ws/install/my_odometry/share/my_odometry/environment/ament_prefix_path.sh
[22.057s] -- Up-to-date symlink: /home/pritismankar/ros2_ws/install/my_odometry/share/my_odometry/environment/ament_prefix_path.dsv
[22.059s] -- Up-to-date symlink: /home/pritismankar/ros2_ws/install/my_odometry/share/my_odometry/environment/path.sh
[22.059s] -- Up-to-date symlink: /home/pritismankar/ros2_ws/install/my_odometry/share/my_odometry/environment/path.dsv
[22.059s] -- Up-to-date symlink: /home/pritismankar/ros2_ws/install/my_odometry/share/my_odometry/local_setup.bash
[22.061s] -- Up-to-date symlink: /home/pritismankar/ros2_ws/install/my_odometry/share/my_odometry/local_setup.sh
[22.061s] -- Up-to-date symlink: /home/pritismankar/ros2_ws/install/my_odometry/share/my_odometry/local_setup.zsh
[22.061s] -- Up-to-date symlink: /home/pritismankar/ros2_ws/install/my_odometry/share/my_odometry/local_setup.dsv
[22.063s] -- Symlinking: /home/pritismankar/ros2_ws/install/my_odometry/share/my_odometry/package.dsv
[22.087s] -- Up-to-date symlink: /home/pritismankar/ros2_ws/install/my_odometry/share/ament_index/resource_index/packages/my_odometry
[22.089s] -- Up-to-date symlink: /home/pritismankar/ros2_ws/install/my_odometry/share/my_odometry/cmake/my_odometryConfig.cmake
[22.089s] -- Up-to-date symlink: /home/pritismankar/ros2_ws/install/my_odometry/share/my_odometry/cmake/my_odometryConfig-version.cmake
[22.089s] -- Up-to-date symlink: /home/pritismankar/ros2_ws/install/my_odometry/share/my_odometry/package.xml
[22.096s] Invoked command in '/home/pritismankar/ros2_ws/build/my_odometry' returned '0': CMAKE_PREFIX_PATH=/home/pritismankar/ros2_ws/install/my_odometry:/home/pritismankar/ros2_ws/install/my_fusion:/home/pritismankar/ros2_ws/install/my_simulation:/home/pritismankar/ros2_ws/install/my_robot_description:/opt/ros/foxy:/home/pritismankar/catkin_ws/devel:/opt/ros/noetic /usr/bin/cmake --install /home/pritismankar/ros2_ws/build/my_odometry
