[0.123s] Invoking command in '/home/pritismankar/ros2_ws/build/my_fusion': CMAKE_PREFIX_PATH=/home/pritismankar/ros2_ws/install/my_odometry:/home/pritismankar/ros2_ws/install/my_fusion:/home/pritismankar/ros2_ws/install/my_simulation:/home/pritismankar/ros2_ws/install/my_robot_description:/opt/ros/foxy:/home/pritismankar/catkin_ws/devel:/opt/ros/noetic /usr/bin/cmake /home/pritismankar/ros2_ws/src/my_fusion -DAMENT_CMAKE_SYMLINK_INSTALL=1 -DCMAKE_INSTALL_PREFIX=/home/pritismankar/ros2_ws/install/my_fusion
[0.898s] -- The C compiler identification is GNU 9.4.0
[1.311s] -- The CXX compiler identification is GNU 9.4.0
[1.360s] -- Check for working C compiler: /usr/bin/cc
[1.600s] -- Check for working C compiler: /usr/bin/cc -- works
[1.602s] -- Detecting C compiler ABI info
[1.852s] -- Detecting C compiler ABI info - done
[1.872s] -- Detecting C compile features
[1.872s] -- Detecting C compile features - done
[1.881s] -- Check for working CXX compiler: /usr/bin/c++
[2.133s] -- Check for working CXX compiler: /usr/bin/c++ -- works
[2.135s] -- Detecting CXX compiler ABI info
[2.355s] -- Detecting CXX compiler ABI info - done
[2.415s] -- Detecting CXX compile features
[2.416s] -- Detecting CXX compile features - done
[2.420s] -- Found ament_cmake: 0.9.12 (/opt/ros/foxy/share/ament_cmake/cmake)
[2.520s] -- Found PythonInterp: /usr/bin/python3 (found suitable version "3.8.10", minimum required is "3") 
[2.520s] -- Using PYTHON_EXECUTABLE: /usr/bin/python3
[3.252s] -- Override CMake install command with custom implementation using symlinks instead of copying resources
[3.322s] -- Found rclcpp: 2.4.3 (/opt/ros/foxy/share/rclcpp/cmake)
[3.431s] -- Using all available rosidl_typesupport_c: rosidl_typesupport_fastrtps_c;rosidl_typesupport_introspection_c
[3.459s] -- Found rosidl_adapter: 1.3.1 (/opt/ros/foxy/share/rosidl_adapter/cmake)
[3.802s] -- Found OpenSSL: /usr/lib/x86_64-linux-gnu/libcrypto.so (found version "1.1.1f")  
[3.866s] -- Found FastRTPS: /opt/ros/foxy/include  
[4.085s] -- Using all available rosidl_typesupport_cpp: rosidl_typesupport_fastrtps_cpp;rosidl_typesupport_introspection_cpp
[4.324s] -- Found rmw_implementation_cmake: 1.0.4 (/opt/ros/foxy/share/rmw_implementation_cmake/cmake)
[4.337s] -- Using RMW implementation 'rmw_fastrtps_cpp' as default
[4.345s] -- Looking for pthread.h
[4.607s] -- Looking for pthread.h - found
[4.609s] -- Performing Test CMAKE_HAVE_LIBC_PTHREAD
[4.999s] -- Performing Test CMAKE_HAVE_LIBC_PTHREAD - Failed
[4.999s] -- Looking for pthread_create in pthreads
[5.202s] -- Looking for pthread_create in pthreads - not found
[5.203s] -- Looking for pthread_create in pthread
[5.383s] -- Looking for pthread_create in pthread - found
[5.385s] -- Found Threads: TRUE  
[5.762s] -- Found nav_msgs: 2.0.5 (/opt/ros/foxy/share/nav_msgs/cmake)
[5.969s] -- Found sensor_msgs: 2.0.5 (/opt/ros/foxy/share/sensor_msgs/cmake)
[6.046s] -- Found visualization_msgs: 2.0.5 (/opt/ros/foxy/share/visualization_msgs/cmake)
[6.160s] -- Found tf2: 0.13.14 (/opt/ros/foxy/share/tf2/cmake)
[6.194s] -- Found tf2_geometry_msgs: 0.13.14 (/opt/ros/foxy/share/tf2_geometry_msgs/cmake)
[6.215s] -- Found eigen3_cmake_module: 0.1.1 (/opt/ros/foxy/share/eigen3_cmake_module/cmake)
[6.227s] -- Found Eigen3: TRUE (found version "3.3.7") 
[7.002s] -- Configuring done
[7.016s] -- Generating done
[7.025s] -- Build files have been written to: /home/pritismankar/ros2_ws/build/my_fusion
[7.043s] Invoked command in '/home/pritismankar/ros2_ws/build/my_fusion' returned '0': CMAKE_PREFIX_PATH=/home/pritismankar/ros2_ws/install/my_odometry:/home/pritismankar/ros2_ws/install/my_fusion:/home/pritismankar/ros2_ws/install/my_simulation:/home/pritismankar/ros2_ws/install/my_robot_description:/opt/ros/foxy:/home/pritismankar/catkin_ws/devel:/opt/ros/noetic /usr/bin/cmake /home/pritismankar/ros2_ws/src/my_fusion -DAMENT_CMAKE_SYMLINK_INSTALL=1 -DCMAKE_INSTALL_PREFIX=/home/pritismankar/ros2_ws/install/my_fusion
[7.044s] Invoking command in '/home/pritismankar/ros2_ws/build/my_fusion': CMAKE_PREFIX_PATH=/home/pritismankar/ros2_ws/install/my_odometry:/home/pritismankar/ros2_ws/install/my_fusion:/home/pritismankar/ros2_ws/install/my_simulation:/home/pritismankar/ros2_ws/install/my_robot_description:/opt/ros/foxy:/home/pritismankar/catkin_ws/devel:/opt/ros/noetic /usr/bin/cmake --build /home/pritismankar/ros2_ws/build/my_fusion -- -j4 -l4
[7.128s] [35m[1mScanning dependencies of target ekf_fusion_node[0m
[8.160s] [ 50%] [32mBuilding CXX object CMakeFiles/ekf_fusion_node.dir/src/ekf_fusion_node.cpp.o[0m
[28.038s] [100%] [32m[1mLinking CXX executable ekf_fusion_node[0m
[29.194s] [100%] Built target ekf_fusion_node
