running develop
Removing /home/pritismankar/ros2_ws/install/my_odometry/lib/python3.8/site-packages/my-odometry.egg-link (link to .)
running egg_info
writing ../../build/my_odometry/my_odometry.egg-info/PKG-INFO
writing dependency_links to ../../build/my_odometry/my_odometry.egg-info/dependency_links.txt
writing entry points to ../../build/my_odometry/my_odometry.egg-info/entry_points.txt
writing top-level names to ../../build/my_odometry/my_odometry.egg-info/top_level.txt
reading manifest file '../../build/my_odometry/my_odometry.egg-info/SOURCES.txt'
writing manifest file '../../build/my_odometry/my_odometry.egg-info/SOURCES.txt'
running build
running build_py
creating /home/pritismankar/ros2_ws/build/my_odometry/build
creating /home/pritismankar/ros2_ws/build/my_odometry/build/lib
creating /home/pritismankar/ros2_ws/build/my_odometry/build/lib/my_odometry
copying my_odometry/__init__.py -> /home/pritismankar/ros2_ws/build/my_odometry/build/lib/my_odometry
running install
running install_lib
creating /home/pritismankar/ros2_ws/install/my_odometry/lib/python3.8/site-packages/my_odometry
copying /home/pritismankar/ros2_ws/build/my_odometry/build/lib/my_odometry/__init__.py -> /home/pritismankar/ros2_ws/install/my_odometry/lib/python3.8/site-packages/my_odometry
byte-compiling /home/pritismankar/ros2_ws/install/my_odometry/lib/python3.8/site-packages/my_odometry/__init__.py to __init__.cpython-38.pyc
running install_data
copying resource/my_odometry -> /home/pritismankar/ros2_ws/install/my_odometry/share/ament_index/resource_index/packages
copying package.xml -> /home/pritismankar/ros2_ws/install/my_odometry/share/my_odometry
copying launch/odom.launch.py -> /home/pritismankar/ros2_ws/install/my_odometry/share/my_odometry/launch
copying scripts/encoder_odom.py -> /home/pritismankar/ros2_ws/install/my_odometry/share/my_odometry/scripts
copying scripts/imu_odom.py -> /home/pritismankar/ros2_ws/install/my_odometry/share/my_odometry/scripts
copying scripts/move_robot.py -> /home/pritismankar/ros2_ws/install/my_odometry/share/my_odometry/scripts
running install_egg_info
Copying ../../build/my_odometry/my_odometry.egg-info to /home/pritismankar/ros2_ws/install/my_odometry/lib/python3.8/site-packages/my_odometry-0.0.0-py3.8.egg-info
running install_scripts
Installing encoder_odom script to /home/pritismankar/ros2_ws/install/my_odometry/lib/my_odometry
Installing imu_odom script to /home/pritismankar/ros2_ws/install/my_odometry/lib/my_odometry
Installing move_robot script to /home/pritismankar/ros2_ws/install/my_odometry/lib/my_odometry
writing list of installed files to '/home/pritismankar/ros2_ws/build/my_odometry/install.log'
