[2.190s] Invoking command in '/home/pritismankar/ros2_ws/build/my_odometry': PYTHONPATH=/home/pritismankar/ros2_ws/build/my_odometry/prefix_override:/usr/lib/python3/dist-packages/colcon_core/task/python/colcon_distutils_commands:/home/pritismankar/ros2_ws/install/my_odometry/lib/python3.8/site-packages:${PYTHONPATH} /usr/bin/python3 -W ignore:setup.py install is deprecated -W ignore:easy_install command is deprecated setup.py develop --uninstall --editable --build-directory /home/pritismankar/ros2_ws/build/my_odometry/build
[2.656s] running develop
[2.877s] Removing /home/pritismankar/ros2_ws/install/my_odometry/lib/python3.8/site-packages/my-odometry.egg-link (link to .)
[2.921s] Invoked command in '/home/pritismankar/ros2_ws/build/my_odometry' returned '0': PYTHONPATH=/home/pritismankar/ros2_ws/build/my_odometry/prefix_override:/usr/lib/python3/dist-packages/colcon_core/task/python/colcon_distutils_commands:/home/pritismankar/ros2_ws/install/my_odometry/lib/python3.8/site-packages:${PYTHONPATH} /usr/bin/python3 -W ignore:setup.py install is deprecated -W ignore:easy_install command is deprecated setup.py develop --uninstall --editable --build-directory /home/pritismankar/ros2_ws/build/my_odometry/build
[2.929s] Invoking command in '/home/pritismankar/ros2_ws/src/my_odometry': PYTHONPATH=/home/pritismankar/ros2_ws/build/my_odometry/prefix_override:/usr/lib/python3/dist-packages/colcon_core/task/python/colcon_distutils_commands:/home/pritismankar/ros2_ws/install/my_odometry/lib/python3.8/site-packages:${PYTHONPATH} /usr/bin/python3 -W ignore:setup.py install is deprecated -W ignore:easy_install command is deprecated setup.py egg_info --egg-base ../../build/my_odometry build --build-base /home/pritismankar/ros2_ws/build/my_odometry/build install --record /home/pritismankar/ros2_ws/build/my_odometry/install.log --install-scripts $base/lib/my_odometry --single-version-externally-managed install_data --force
[3.459s] running egg_info
[3.460s] writing ../../build/my_odometry/my_odometry.egg-info/PKG-INFO
[3.461s] writing dependency_links to ../../build/my_odometry/my_odometry.egg-info/dependency_links.txt
[3.462s] writing entry points to ../../build/my_odometry/my_odometry.egg-info/entry_points.txt
[3.464s] writing top-level names to ../../build/my_odometry/my_odometry.egg-info/top_level.txt
[3.516s] reading manifest file '../../build/my_odometry/my_odometry.egg-info/SOURCES.txt'
[3.518s] writing manifest file '../../build/my_odometry/my_odometry.egg-info/SOURCES.txt'
[3.518s] running build
[3.518s] running build_py
[3.519s] creating /home/pritismankar/ros2_ws/build/my_odometry/build
[3.519s] creating /home/pritismankar/ros2_ws/build/my_odometry/build/lib
[3.519s] creating /home/pritismankar/ros2_ws/build/my_odometry/build/lib/my_odometry
[3.519s] copying my_odometry/__init__.py -> /home/pritismankar/ros2_ws/build/my_odometry/build/lib/my_odometry
[3.519s] running install
[3.522s] running install_lib
[3.523s] creating /home/pritismankar/ros2_ws/install/my_odometry/lib/python3.8/site-packages/my_odometry
[3.524s] copying /home/pritismankar/ros2_ws/build/my_odometry/build/lib/my_odometry/__init__.py -> /home/pritismankar/ros2_ws/install/my_odometry/lib/python3.8/site-packages/my_odometry
[3.525s] byte-compiling /home/pritismankar/ros2_ws/install/my_odometry/lib/python3.8/site-packages/my_odometry/__init__.py to __init__.cpython-38.pyc
[3.527s] running install_data
[3.527s] copying resource/my_odometry -> /home/pritismankar/ros2_ws/install/my_odometry/share/ament_index/resource_index/packages
[3.528s] copying package.xml -> /home/pritismankar/ros2_ws/install/my_odometry/share/my_odometry
[3.528s] copying launch/odom.launch.py -> /home/pritismankar/ros2_ws/install/my_odometry/share/my_odometry/launch
[3.529s] copying scripts/encoder_odom.py -> /home/pritismankar/ros2_ws/install/my_odometry/share/my_odometry/scripts
[3.529s] copying scripts/imu_odom.py -> /home/pritismankar/ros2_ws/install/my_odometry/share/my_odometry/scripts
[3.529s] copying scripts/move_robot.py -> /home/pritismankar/ros2_ws/install/my_odometry/share/my_odometry/scripts
[3.529s] running install_egg_info
[3.533s] Copying ../../build/my_odometry/my_odometry.egg-info to /home/pritismankar/ros2_ws/install/my_odometry/lib/python3.8/site-packages/my_odometry-0.0.0-py3.8.egg-info
[3.536s] running install_scripts
[3.559s] Installing encoder_odom script to /home/pritismankar/ros2_ws/install/my_odometry/lib/my_odometry
[3.561s] Installing imu_odom script to /home/pritismankar/ros2_ws/install/my_odometry/lib/my_odometry
[3.564s] Installing move_robot script to /home/pritismankar/ros2_ws/install/my_odometry/lib/my_odometry
[3.566s] writing list of installed files to '/home/pritismankar/ros2_ws/build/my_odometry/install.log'
[3.717s] Invoked command in '/home/pritismankar/ros2_ws/src/my_odometry' returned '0': PYTHONPATH=/home/pritismankar/ros2_ws/build/my_odometry/prefix_override:/usr/lib/python3/dist-packages/colcon_core/task/python/colcon_distutils_commands:/home/pritismankar/ros2_ws/install/my_odometry/lib/python3.8/site-packages:${PYTHONPATH} /usr/bin/python3 -W ignore:setup.py install is deprecated -W ignore:easy_install command is deprecated setup.py egg_info --egg-base ../../build/my_odometry build --build-base /home/pritismankar/ros2_ws/build/my_odometry/build install --record /home/pritismankar/ros2_ws/build/my_odometry/install.log --install-scripts $base/lib/my_odometry --single-version-externally-managed install_data --force
