[1.119s] Invoking command in '/home/pritismankar/ros2_ws/build/my_slam': PYTHONPATH=/home/pritismankar/ros2_ws/build/my_slam/prefix_override:/usr/lib/python3/dist-packages/colcon_core/task/python/colcon_distutils_commands:/home/pritismankar/ros2_ws/install/my_slam/lib/python3.8/site-packages:${PYTHONPATH} /usr/bin/python3 -W ignore:setup.py install is deprecated -W ignore:easy_install command is deprecated setup.py develop --uninstall --editable --build-directory /home/pritismankar/ros2_ws/build/my_slam/build
[1.413s] running develop
[1.601s] Removing /home/pritismankar/ros2_ws/install/my_slam/lib/python3.8/site-packages/my-slam.egg-link (link to .)
[1.657s] Invoked command in '/home/pritismankar/ros2_ws/build/my_slam' returned '0': PYTHONPATH=/home/pritismankar/ros2_ws/build/my_slam/prefix_override:/usr/lib/python3/dist-packages/colcon_core/task/python/colcon_distutils_commands:/home/pritismankar/ros2_ws/install/my_slam/lib/python3.8/site-packages:${PYTHONPATH} /usr/bin/python3 -W ignore:setup.py install is deprecated -W ignore:easy_install command is deprecated setup.py develop --uninstall --editable --build-directory /home/pritismankar/ros2_ws/build/my_slam/build
[1.658s] Invoking command in '/home/pritismankar/ros2_ws/src/my_slam': PYTHONPATH=/home/pritismankar/ros2_ws/build/my_slam/prefix_override:/usr/lib/python3/dist-packages/colcon_core/task/python/colcon_distutils_commands:/home/pritismankar/ros2_ws/install/my_slam/lib/python3.8/site-packages:${PYTHONPATH} /usr/bin/python3 -W ignore:setup.py install is deprecated -W ignore:easy_install command is deprecated setup.py egg_info --egg-base ../../build/my_slam build --build-base /home/pritismankar/ros2_ws/build/my_slam/build install --record /home/pritismankar/ros2_ws/build/my_slam/install.log --install-scripts $base/lib/my_slam --single-version-externally-managed install_data --force
[1.960s] running egg_info
[1.961s] writing ../../build/my_slam/my_slam.egg-info/PKG-INFO
[1.962s] writing dependency_links to ../../build/my_slam/my_slam.egg-info/dependency_links.txt
[1.962s] writing entry points to ../../build/my_slam/my_slam.egg-info/entry_points.txt
[1.962s] writing requirements to ../../build/my_slam/my_slam.egg-info/requires.txt
[1.962s] writing top-level names to ../../build/my_slam/my_slam.egg-info/top_level.txt
[2.006s] reading manifest file '../../build/my_slam/my_slam.egg-info/SOURCES.txt'
[2.007s] writing manifest file '../../build/my_slam/my_slam.egg-info/SOURCES.txt'
[2.008s] running build
[2.008s] running build_py
[2.008s] creating /home/pritismankar/ros2_ws/build/my_slam/build
[2.008s] creating /home/pritismankar/ros2_ws/build/my_slam/build/lib
[2.008s] creating /home/pritismankar/ros2_ws/build/my_slam/build/lib/my_slam
[2.008s] copying my_slam/__init__.py -> /home/pritismankar/ros2_ws/build/my_slam/build/lib/my_slam
[2.010s] running install
[2.010s] running install_lib
[2.014s] creating /home/pritismankar/ros2_ws/install/my_slam/lib/python3.8/site-packages/my_slam
[2.014s] copying /home/pritismankar/ros2_ws/build/my_slam/build/lib/my_slam/__init__.py -> /home/pritismankar/ros2_ws/install/my_slam/lib/python3.8/site-packages/my_slam
[2.014s] byte-compiling /home/pritismankar/ros2_ws/install/my_slam/lib/python3.8/site-packages/my_slam/__init__.py to __init__.cpython-38.pyc
[2.026s] running install_data
[2.028s] copying resource/my_slam -> /home/pritismankar/ros2_ws/install/my_slam/share/ament_index/resource_index/packages
[2.028s] copying package.xml -> /home/pritismankar/ros2_ws/install/my_slam/share/my_slam
[2.028s] running install_egg_info
[2.028s] Copying ../../build/my_slam/my_slam.egg-info to /home/pritismankar/ros2_ws/install/my_slam/lib/python3.8/site-packages/my_slam-0.0.0-py3.8.egg-info
[2.039s] running install_scripts
[2.058s] Installing map_builder script to /home/pritismankar/ros2_ws/install/my_slam/lib/my_slam
[2.060s] Installing scan_matcher script to /home/pritismankar/ros2_ws/install/my_slam/lib/my_slam
[2.060s] writing list of installed files to '/home/pritismankar/ros2_ws/build/my_slam/install.log'
[2.095s] Invoked command in '/home/pritismankar/ros2_ws/src/my_slam' returned '0': PYTHONPATH=/home/pritismankar/ros2_ws/build/my_slam/prefix_override:/usr/lib/python3/dist-packages/colcon_core/task/python/colcon_distutils_commands:/home/pritismankar/ros2_ws/install/my_slam/lib/python3.8/site-packages:${PYTHONPATH} /usr/bin/python3 -W ignore:setup.py install is deprecated -W ignore:easy_install command is deprecated setup.py egg_info --egg-base ../../build/my_slam build --build-base /home/pritismankar/ros2_ws/build/my_slam/build install --record /home/pritismankar/ros2_ws/build/my_slam/install.log --install-scripts $base/lib/my_slam --single-version-externally-managed install_data --force
