running develop
Removing /home/pritismankar/ros2_ws/install/my_simulation/lib/python3.8/site-packages/my-simulation.egg-link (link to .)
running egg_info
writing ../../build/my_simulation/my_simulation.egg-info/PKG-INFO
writing dependency_links to ../../build/my_simulation/my_simulation.egg-info/dependency_links.txt
writing entry points to ../../build/my_simulation/my_simulation.egg-info/entry_points.txt
writing top-level names to ../../build/my_simulation/my_simulation.egg-info/top_level.txt
reading manifest file '../../build/my_simulation/my_simulation.egg-info/SOURCES.txt'
writing manifest file '../../build/my_simulation/my_simulation.egg-info/SOURCES.txt'
running build
running build_py
creating /home/pritismankar/ros2_ws/build/my_simulation/build
creating /home/pritismankar/ros2_ws/build/my_simulation/build/lib
creating /home/pritismankar/ros2_ws/build/my_simulation/build/lib/my_simulation
copying my_simulation/__init__.py -> /home/pritismankar/ros2_ws/build/my_simulation/build/lib/my_simulation
running install
running install_lib
creating /home/pritismankar/ros2_ws/install/my_simulation/lib/python3.8/site-packages/my_simulation
copying /home/pritismankar/ros2_ws/build/my_simulation/build/lib/my_simulation/__init__.py -> /home/pritismankar/ros2_ws/install/my_simulation/lib/python3.8/site-packages/my_simulation
byte-compiling /home/pritismankar/ros2_ws/install/my_simulation/lib/python3.8/site-packages/my_simulation/__init__.py to __init__.cpython-38.pyc
running install_data
copying resource/my_simulation -> /home/pritismankar/ros2_ws/install/my_simulation/share/ament_index/resource_index/packages
copying package.xml -> /home/pritismankar/ros2_ws/install/my_simulation/share/my_simulation
copying worlds/apartment.world -> /home/pritismankar/ros2_ws/install/my_simulation/share/my_simulation/worlds
copying launch/sim.launch.py -> /home/pritismankar/ros2_ws/install/my_simulation/share/my_simulation/launch
copying config/diffbot_controllers.yaml -> /home/pritismankar/ros2_ws/install/my_simulation/share/my_simulation/config
running install_egg_info
Copying ../../build/my_simulation/my_simulation.egg-info to /home/pritismankar/ros2_ws/install/my_simulation/lib/python3.8/site-packages/my_simulation-0.0.0-py3.8.egg-info
running install_scripts
writing list of installed files to '/home/pritismankar/ros2_ws/build/my_simulation/install.log'
