[1.420s] Invoking command in '/home/pritismankar/ros2_ws/build/my_robot_description': PYTHONPATH=/home/pritismankar/ros2_ws/build/my_robot_description/prefix_override:/usr/lib/python3/dist-packages/colcon_core/task/python/colcon_distutils_commands:/home/pritismankar/ros2_ws/install/my_robot_description/lib/python3.8/site-packages:${PYTHONPATH} /usr/bin/python3 -W ignore:setup.py install is deprecated -W ignore:easy_install command is deprecated setup.py develop --editable --build-directory /home/pritismankar/ros2_ws/build/my_robot_description/build --no-deps symlink_data
[1.937s] running develop
[2.126s] running egg_info
[2.136s] creating my_robot_description.egg-info
[2.145s] writing my_robot_description.egg-info/PKG-INFO
[2.148s] writing dependency_links to my_robot_description.egg-info/dependency_links.txt
[2.152s] writing top-level names to my_robot_description.egg-info/top_level.txt
[2.158s] writing manifest file 'my_robot_description.egg-info/SOURCES.txt'
[2.253s] reading manifest file 'my_robot_description.egg-info/SOURCES.txt'
[2.263s] writing manifest file 'my_robot_description.egg-info/SOURCES.txt'
[2.327s] running build_ext
[2.330s] Creating /home/pritismankar/ros2_ws/install/my_robot_description/lib/python3.8/site-packages/site.py
[2.333s] Creating /home/pritismankar/ros2_ws/install/my_robot_description/lib/python3.8/site-packages/my-robot-description.egg-link (link to .)
[2.334s] 
[2.334s] Installed /home/pritismankar/ros2_ws/build/my_robot_description
[2.334s] running symlink_data
[2.334s] creating /home/pritismankar/ros2_ws/install/my_robot_description/share/ament_index
[2.335s] creating /home/pritismankar/ros2_ws/install/my_robot_description/share/ament_index/resource_index
[2.335s] creating /home/pritismankar/ros2_ws/install/my_robot_description/share/ament_index/resource_index/packages
[2.335s] symbolically linking /home/pritismankar/ros2_ws/build/my_robot_description/resource/my_robot_description -> /home/pritismankar/ros2_ws/install/my_robot_description/share/ament_index/resource_index/packages
[2.335s] symbolically linking /home/pritismankar/ros2_ws/build/my_robot_description/package.xml -> /home/pritismankar/ros2_ws/install/my_robot_description/share/my_robot_description
[2.335s] creating /home/pritismankar/ros2_ws/install/my_robot_description/share/my_robot_description/urdf
[2.335s] symbolically linking /home/pritismankar/ros2_ws/build/my_robot_description/urdf/robot.urdf.xacro -> /home/pritismankar/ros2_ws/install/my_robot_description/share/my_robot_description/urdf
[2.336s] symbolically linking /home/pritismankar/ros2_ws/build/my_robot_description/urdf/materials.xacro -> /home/pritismankar/ros2_ws/install/my_robot_description/share/my_robot_description/urdf
[2.336s] creating /home/pritismankar/ros2_ws/install/my_robot_description/share/my_robot_description/launch
[2.336s] symbolically linking /home/pritismankar/ros2_ws/build/my_robot_description/launch/display.launch.py -> /home/pritismankar/ros2_ws/install/my_robot_description/share/my_robot_description/launch
[2.336s] creating /home/pritismankar/ros2_ws/install/my_robot_description/share/my_robot_description/rviz
[2.336s] symbolically linking /home/pritismankar/ros2_ws/build/my_robot_description/rviz/config.rviz -> /home/pritismankar/ros2_ws/install/my_robot_description/share/my_robot_description/rviz
[2.380s] Invoked command in '/home/pritismankar/ros2_ws/build/my_robot_description' returned '0': PYTHONPATH=/home/pritismankar/ros2_ws/build/my_robot_description/prefix_override:/usr/lib/python3/dist-packages/colcon_core/task/python/colcon_distutils_commands:/home/pritismankar/ros2_ws/install/my_robot_description/lib/python3.8/site-packages:${PYTHONPATH} /usr/bin/python3 -W ignore:setup.py install is deprecated -W ignore:easy_install command is deprecated setup.py develop --editable --build-directory /home/pritismankar/ros2_ws/build/my_robot_description/build --no-deps symlink_data
