[0.351s] Invoking command in '/home/pritismankar/ros2_ws/build/my_odometry': /usr/bin/cmake /home/pritismankar/ros2_ws/src/my_odometry -DCMAKE_INSTALL_PREFIX=/home/pritismankar/ros2_ws/install/my_odometry
[0.974s] -- Found ament_cmake: 0.9.12 (/opt/ros/foxy/share/ament_cmake/cmake)
[0.975s] -- Using PYTHON_EXECUTABLE: /usr/bin/python3
[0.976s] -- Found rclcpp: 2.4.3 (/opt/ros/foxy/share/rclcpp/cmake)
[0.976s] -- Using all available rosidl_typesupport_c: rosidl_typesupport_fastrtps_c;rosidl_typesupport_introspection_c
[0.976s] -- Found rosidl_adapter: 1.3.1 (/opt/ros/foxy/share/rosidl_adapter/cmake)
[0.976s] -- Using all available rosidl_typesupport_cpp: rosidl_typesupport_fastrtps_cpp;rosidl_typesupport_introspection_cpp
[0.976s] -- Found rmw_implementation_cmake: 1.0.4 (/opt/ros/foxy/share/rmw_implementation_cmake/cmake)
[0.976s] -- Using RMW implementation 'rmw_fastrtps_cpp' as default
[0.987s] -- Found sensor_msgs: 2.0.5 (/opt/ros/foxy/share/sensor_msgs/cmake)
[1.102s] -- Found nav_msgs: 2.0.5 (/opt/ros/foxy/share/nav_msgs/cmake)
[1.203s] -- Found visualization_msgs: 2.0.5 (/opt/ros/foxy/share/visualization_msgs/cmake)
[1.313s] -- Found tf2: 0.13.14 (/opt/ros/foxy/share/tf2/cmake)
[1.351s] -- Found tf2_geometry_msgs: 0.13.14 (/opt/ros/foxy/share/tf2_geometry_msgs/cmake)
[1.373s] -- Found eigen3_cmake_module: 0.1.1 (/opt/ros/foxy/share/eigen3_cmake_module/cmake)
[1.384s] -- Found Eigen3: TRUE (found version "3.3.7") 
[2.280s] Error parsing '/home/pritismankar/ros2_ws/src/my_odometry/package.xml':
[2.596s] Traceback (most recent call last):
[2.596s]   File "/opt/ros/foxy/share/ament_cmake_core/cmake/core/package_xml_2_cmake.py", line 143, in <module>
[2.596s]     main()
[2.596s]   File "/opt/ros/foxy/share/ament_cmake_core/cmake/core/package_xml_2_cmake.py", line 52, in main
[2.596s]     raise e
[2.596s]   File "/opt/ros/foxy/share/ament_cmake_core/cmake/core/package_xml_2_cmake.py", line 48, in main
[2.596s]     package = parse_package_string(
[2.596s]   File "/usr/lib/python3/dist-packages/catkin_pkg/package.py", line 786, in parse_package_string
[2.596s]     raise InvalidPackage('Error(s):%s' % (''.join(['\n- %s' % e for e in errors])), filename)
[2.597s] catkin_pkg.package.InvalidPackage: Error(s) in package '/home/pritismankar/ros2_ws/src/my_odometry/package.xml':
[2.597s] Error(s):
[2.597s] - The generic dependency on 'geometry_msgs' is redundant with: build_depend, build_export_depend, exec_depend
[2.668s] CMake Error at /opt/ros/foxy/share/ament_cmake_core/cmake/core/ament_package_xml.cmake:94 (message):
[2.668s]   execute_process(/usr/bin/python3
[2.668s]   /opt/ros/foxy/share/ament_cmake_core/cmake/core/package_xml_2_cmake.py
[2.668s]   /home/pritismankar/ros2_ws/src/my_odometry/package.xml
[2.668s]   /home/pritismankar/ros2_ws/build/my_odometry/ament_cmake_core/package.cmake)
[2.668s]   returned error code 1
[2.668s] Call Stack (most recent call first):
[2.668s]   /opt/ros/foxy/share/ament_cmake_core/cmake/core/ament_package_xml.cmake:49 (_ament_package_xml)
[2.668s]   /opt/ros/foxy/share/ament_cmake_core/cmake/core/ament_package.cmake:63 (ament_package_xml)
[2.668s]   CMakeLists.txt:35 (ament_package)
[2.669s] 
[2.669s] 
[2.671s] -- Configuring incomplete, errors occurred!
[2.671s] See also "/home/pritismankar/ros2_ws/build/my_odometry/CMakeFiles/CMakeOutput.log".
[2.671s] See also "/home/pritismankar/ros2_ws/build/my_odometry/CMakeFiles/CMakeError.log".
[2.729s] Invoked command in '/home/pritismankar/ros2_ws/build/my_odometry' returned '1': /usr/bin/cmake /home/pritismankar/ros2_ws/src/my_odometry -DCMAKE_INSTALL_PREFIX=/home/pritismankar/ros2_ws/install/my_odometry
