[2.540s] Invoking command in '/home/pritismankar/ros2_ws/build/my_simulation': PYTHONPATH=/home/pritismankar/ros2_ws/build/my_simulation/prefix_override:/usr/lib/python3/dist-packages/colcon_core/task/python/colcon_distutils_commands:/home/pritismankar/ros2_ws/install/my_simulation/lib/python3.8/site-packages:${PYTHONPATH} /usr/bin/python3 -W ignore:setup.py install is deprecated -W ignore:easy_install command is deprecated setup.py develop --editable --build-directory /home/pritismankar/ros2_ws/build/my_simulation/build --no-deps symlink_data
[3.263s] running develop
[4.140s] running egg_info
[4.141s] creating my_simulation.egg-info
[4.144s] writing my_simulation.egg-info/PKG-INFO
[4.145s] writing dependency_links to my_simulation.egg-info/dependency_links.txt
[4.146s] writing entry points to my_simulation.egg-info/entry_points.txt
[4.146s] writing top-level names to my_simulation.egg-info/top_level.txt
[4.165s] writing manifest file 'my_simulation.egg-info/SOURCES.txt'
[4.307s] reading manifest file 'my_simulation.egg-info/SOURCES.txt'
[4.309s] writing manifest file 'my_simulation.egg-info/SOURCES.txt'
[4.450s] running build_ext
[4.451s] Creating /home/pritismankar/ros2_ws/install/my_simulation/lib/python3.8/site-packages/site.py
[4.456s] Creating /home/pritismankar/ros2_ws/install/my_simulation/lib/python3.8/site-packages/my-simulation.egg-link (link to .)
[4.459s] 
[4.462s] Installed /home/pritismankar/ros2_ws/build/my_simulation
[4.463s] running symlink_data
[4.465s] creating /home/pritismankar/ros2_ws/install/my_simulation/share/ament_index
[4.466s] creating /home/pritismankar/ros2_ws/install/my_simulation/share/ament_index/resource_index
[4.467s] creating /home/pritismankar/ros2_ws/install/my_simulation/share/ament_index/resource_index/packages
[4.469s] symbolically linking /home/pritismankar/ros2_ws/build/my_simulation/resource/my_simulation -> /home/pritismankar/ros2_ws/install/my_simulation/share/ament_index/resource_index/packages
[4.472s] symbolically linking /home/pritismankar/ros2_ws/build/my_simulation/package.xml -> /home/pritismankar/ros2_ws/install/my_simulation/share/my_simulation
[4.476s] creating /home/pritismankar/ros2_ws/install/my_simulation/share/my_simulation/worlds
[4.476s] symbolically linking /home/pritismankar/ros2_ws/build/my_simulation/worlds/apartment.world -> /home/pritismankar/ros2_ws/install/my_simulation/share/my_simulation/worlds
[4.476s] creating /home/pritismankar/ros2_ws/install/my_simulation/share/my_simulation/launch
[4.476s] symbolically linking /home/pritismankar/ros2_ws/build/my_simulation/launch/sim.launch.py -> /home/pritismankar/ros2_ws/install/my_simulation/share/my_simulation/launch
[4.476s] creating /home/pritismankar/ros2_ws/install/my_simulation/share/my_simulation/config
[4.476s] symbolically linking /home/pritismankar/ros2_ws/build/my_simulation/config/diffbot_controllers.yaml -> /home/pritismankar/ros2_ws/install/my_simulation/share/my_simulation/config
[4.544s] Invoked command in '/home/pritismankar/ros2_ws/build/my_simulation' returned '0': PYTHONPATH=/home/pritismankar/ros2_ws/build/my_simulation/prefix_override:/usr/lib/python3/dist-packages/colcon_core/task/python/colcon_distutils_commands:/home/pritismankar/ros2_ws/install/my_simulation/lib/python3.8/site-packages:${PYTHONPATH} /usr/bin/python3 -W ignore:setup.py install is deprecated -W ignore:easy_install command is deprecated setup.py develop --editable --build-directory /home/pritismankar/ros2_ws/build/my_simulation/build --no-deps symlink_data
