running develop
running egg_info
creating my_odometry.egg-info
writing my_odometry.egg-info/PKG-INFO
writing dependency_links to my_odometry.egg-info/dependency_links.txt
writing entry points to my_odometry.egg-info/entry_points.txt
writing top-level names to my_odometry.egg-info/top_level.txt
writing manifest file 'my_odometry.egg-info/SOURCES.txt'
reading manifest file 'my_odometry.egg-info/SOURCES.txt'
writing manifest file 'my_odometry.egg-info/SOURCES.txt'
running build_ext
Creating /home/pritismankar/ros2_ws/install/my_odometry/lib/python3.8/site-packages/site.py
Creating /home/pritismankar/ros2_ws/install/my_odometry/lib/python3.8/site-packages/my-odometry.egg-link (link to .)
Installing encoder_odom script to /home/pritismankar/ros2_ws/install/my_odometry/lib/my_odometry
Installing imu_odom script to /home/pritismankar/ros2_ws/install/my_odometry/lib/my_odometry
Installing move_robot script to /home/pritismankar/ros2_ws/install/my_odometry/lib/my_odometry

Installed /home/pritismankar/ros2_ws/build/my_odometry
running symlink_data
creating /home/pritismankar/ros2_ws/install/my_odometry/share/ament_index
creating /home/pritismankar/ros2_ws/install/my_odometry/share/ament_index/resource_index
creating /home/pritismankar/ros2_ws/install/my_odometry/share/ament_index/resource_index/packages
symbolically linking /home/pritismankar/ros2_ws/build/my_odometry/resource/my_odometry -> /home/pritismankar/ros2_ws/install/my_odometry/share/ament_index/resource_index/packages
symbolically linking /home/pritismankar/ros2_ws/build/my_odometry/package.xml -> /home/pritismankar/ros2_ws/install/my_odometry/share/my_odometry
creating /home/pritismankar/ros2_ws/install/my_odometry/share/my_odometry/launch
symbolically linking /home/pritismankar/ros2_ws/build/my_odometry/launch/odom.launch.py -> /home/pritismankar/ros2_ws/install/my_odometry/share/my_odometry/launch
creating /home/pritismankar/ros2_ws/install/my_odometry/share/my_odometry/scripts
symbolically linking /home/pritismankar/ros2_ws/build/my_odometry/scripts/encoder_odom.py -> /home/pritismankar/ros2_ws/install/my_odometry/share/my_odometry/scripts
symbolically linking /home/pritismankar/ros2_ws/build/my_odometry/scripts/imu_odom.py -> /home/pritismankar/ros2_ws/install/my_odometry/share/my_odometry/scripts
symbolically linking /home/pritismankar/ros2_ws/build/my_odometry/scripts/move_robot.py -> /home/pritismankar/ros2_ws/install/my_odometry/share/my_odometry/scripts
