[1.955s] Invoking command in '/home/pritismankar/ros2_ws/build/my_odometry': PYTHONPATH=/home/pritismankar/ros2_ws/build/my_odometry/prefix_override:/usr/lib/python3/dist-packages/colcon_core/task/python/colcon_distutils_commands:/home/pritismankar/ros2_ws/install/my_odometry/lib/python3.8/site-packages:${PYTHONPATH} /usr/bin/python3 -W ignore:setup.py install is deprecated -W ignore:easy_install command is deprecated setup.py develop --editable --build-directory /home/pritismankar/ros2_ws/build/my_odometry/build --no-deps symlink_data
[2.324s] running develop
[2.496s] running egg_info
[2.497s] creating my_odometry.egg-info
[2.497s] writing my_odometry.egg-info/PKG-INFO
[2.497s] writing dependency_links to my_odometry.egg-info/dependency_links.txt
[2.497s] writing entry points to my_odometry.egg-info/entry_points.txt
[2.499s] writing top-level names to my_odometry.egg-info/top_level.txt
[2.500s] writing manifest file 'my_odometry.egg-info/SOURCES.txt'
[2.553s] reading manifest file 'my_odometry.egg-info/SOURCES.txt'
[2.559s] writing manifest file 'my_odometry.egg-info/SOURCES.txt'
[2.650s] running build_ext
[2.651s] Creating /home/pritismankar/ros2_ws/install/my_odometry/lib/python3.8/site-packages/site.py
[2.657s] Creating /home/pritismankar/ros2_ws/install/my_odometry/lib/python3.8/site-packages/my-odometry.egg-link (link to .)
[2.659s] Installing encoder_odom script to /home/pritismankar/ros2_ws/install/my_odometry/lib/my_odometry
[2.660s] Installing imu_odom script to /home/pritismankar/ros2_ws/install/my_odometry/lib/my_odometry
[2.660s] Installing move_robot script to /home/pritismankar/ros2_ws/install/my_odometry/lib/my_odometry
[2.661s] 
[2.661s] Installed /home/pritismankar/ros2_ws/build/my_odometry
[2.661s] running symlink_data
[2.662s] creating /home/pritismankar/ros2_ws/install/my_odometry/share/ament_index
[2.662s] creating /home/pritismankar/ros2_ws/install/my_odometry/share/ament_index/resource_index
[2.662s] creating /home/pritismankar/ros2_ws/install/my_odometry/share/ament_index/resource_index/packages
[2.663s] symbolically linking /home/pritismankar/ros2_ws/build/my_odometry/resource/my_odometry -> /home/pritismankar/ros2_ws/install/my_odometry/share/ament_index/resource_index/packages
[2.663s] symbolically linking /home/pritismankar/ros2_ws/build/my_odometry/package.xml -> /home/pritismankar/ros2_ws/install/my_odometry/share/my_odometry
[2.664s] creating /home/pritismankar/ros2_ws/install/my_odometry/share/my_odometry/launch
[2.664s] symbolically linking /home/pritismankar/ros2_ws/build/my_odometry/launch/odom.launch.py -> /home/pritismankar/ros2_ws/install/my_odometry/share/my_odometry/launch
[2.664s] creating /home/pritismankar/ros2_ws/install/my_odometry/share/my_odometry/scripts
[2.665s] symbolically linking /home/pritismankar/ros2_ws/build/my_odometry/scripts/encoder_odom.py -> /home/pritismankar/ros2_ws/install/my_odometry/share/my_odometry/scripts
[2.665s] symbolically linking /home/pritismankar/ros2_ws/build/my_odometry/scripts/imu_odom.py -> /home/pritismankar/ros2_ws/install/my_odometry/share/my_odometry/scripts
[2.665s] symbolically linking /home/pritismankar/ros2_ws/build/my_odometry/scripts/move_robot.py -> /home/pritismankar/ros2_ws/install/my_odometry/share/my_odometry/scripts
[3.050s] Invoked command in '/home/pritismankar/ros2_ws/build/my_odometry' returned '0': PYTHONPATH=/home/pritismankar/ros2_ws/build/my_odometry/prefix_override:/usr/lib/python3/dist-packages/colcon_core/task/python/colcon_distutils_commands:/home/pritismankar/ros2_ws/install/my_odometry/lib/python3.8/site-packages:${PYTHONPATH} /usr/bin/python3 -W ignore:setup.py install is deprecated -W ignore:easy_install command is deprecated setup.py develop --editable --build-directory /home/pritismankar/ros2_ws/build/my_odometry/build --no-deps symlink_data
