[1.576s] Invoking command in '/home/pritismankar/ros2_ws/src/my_odometry': PYTHONPATH=/home/pritismankar/ros2_ws/build/my_odometry/prefix_override:/usr/lib/python3/dist-packages/colcon_core/task/python/colcon_distutils_commands:/home/pritismankar/ros2_ws/install/my_odometry/lib/python3.8/site-packages:${PYTHONPATH} /usr/bin/python3 -W ignore:setup.py install is deprecated -W ignore:easy_install command is deprecated setup.py egg_info --egg-base ../../build/my_odometry build --build-base /home/pritismankar/ros2_ws/build/my_odometry/build install --record /home/pritismankar/ros2_ws/build/my_odometry/install.log --install-scripts $base/lib/my_odometry --single-version-externally-managed install_data
[1.971s] running egg_info
[1.972s] writing ../../build/my_odometry/my_odometry.egg-info/PKG-INFO
[1.973s] writing dependency_links to ../../build/my_odometry/my_odometry.egg-info/dependency_links.txt
[1.975s] writing entry points to ../../build/my_odometry/my_odometry.egg-info/entry_points.txt
[1.976s] writing top-level names to ../../build/my_odometry/my_odometry.egg-info/top_level.txt
[2.028s] reading manifest file '../../build/my_odometry/my_odometry.egg-info/SOURCES.txt'
[2.029s] writing manifest file '../../build/my_odometry/my_odometry.egg-info/SOURCES.txt'
[2.030s] running build
[2.031s] running build_py
[2.032s] running install
[2.032s] running install_lib
[2.033s] running install_data
[2.033s] running install_egg_info
[2.034s] removing '/home/pritismankar/ros2_ws/install/my_odometry/lib/python3.8/site-packages/my_odometry-0.0.0-py3.8.egg-info' (and everything under it)
[2.035s] Copying ../../build/my_odometry/my_odometry.egg-info to /home/pritismankar/ros2_ws/install/my_odometry/lib/python3.8/site-packages/my_odometry-0.0.0-py3.8.egg-info
[2.035s] running install_scripts
[2.056s] Installing encoder_odom script to /home/pritismankar/ros2_ws/install/my_odometry/lib/my_odometry
[2.057s] Installing imu_odom script to /home/pritismankar/ros2_ws/install/my_odometry/lib/my_odometry
[2.057s] Installing move_robot script to /home/pritismankar/ros2_ws/install/my_odometry/lib/my_odometry
[2.057s] writing list of installed files to '/home/pritismankar/ros2_ws/build/my_odometry/install.log'
[2.263s] Invoked command in '/home/pritismankar/ros2_ws/src/my_odometry' returned '0': PYTHONPATH=/home/pritismankar/ros2_ws/build/my_odometry/prefix_override:/usr/lib/python3/dist-packages/colcon_core/task/python/colcon_distutils_commands:/home/pritismankar/ros2_ws/install/my_odometry/lib/python3.8/site-packages:${PYTHONPATH} /usr/bin/python3 -W ignore:setup.py install is deprecated -W ignore:easy_install command is deprecated setup.py egg_info --egg-base ../../build/my_odometry build --build-base /home/pritismankar/ros2_ws/build/my_odometry/build install --record /home/pritismankar/ros2_ws/build/my_odometry/install.log --install-scripts $base/lib/my_odometry --single-version-externally-managed install_data
