[0.075s] Invoking command in '/home/pritismankar/ros2_ws/build/matplotlib_cpp': /usr/bin/cmake /home/pritismankar/ros2_ws/src/matplotlib-cpp -DCMAKE_INSTALL_PREFIX=/home/pritismankar/ros2_ws/install/matplotlib_cpp
[0.272s] -- The CXX compiler identification is GNU 9.4.0
[0.281s] -- Check for working CXX compiler: /usr/bin/c++
[0.670s] -- Check for working CXX compiler: /usr/bin/c++ -- works
[0.672s] -- Detecting CXX compiler ABI info
[0.972s] -- Detecting CXX compiler ABI info - done
[1.002s] -- Detecting CXX compile features
[1.006s] -- Detecting CXX compile features - done
[1.807s] -- Found Python3: /usr/bin/python3.8 (found version "3.8.10") found components: Interpreter Development 
[2.625s] -- Found Python3: /home/pritismankar/.local/lib/python3.8/site-packages/numpy/core/include (found version "3.8.10") found components: NumPy Interpreter Development 
[2.644s] -- Configuring done
[2.707s] -- Generating done
[2.719s] -- Build files have been written to: /home/pritismankar/ros2_ws/build/matplotlib_cpp
[2.845s] Invoked command in '/home/pritismankar/ros2_ws/build/matplotlib_cpp' returned '0': /usr/bin/cmake /home/pritismankar/ros2_ws/src/matplotlib-cpp -DCMAKE_INSTALL_PREFIX=/home/pritismankar/ros2_ws/install/matplotlib_cpp
[2.856s] Invoking command in '/home/pritismankar/ros2_ws/build/matplotlib_cpp': /usr/bin/cmake --build /home/pritismankar/ros2_ws/build/matplotlib_cpp -- -j4 -l4
[3.127s] [35m[1mScanning dependencies of target xkcd[0m
[3.170s] [35m[1mScanning dependencies of target spy[0m
[3.171s] [35m[1mScanning dependencies of target colorbar[0m
[3.195s] [35m[1mScanning dependencies of target surface[0m
[3.269s] [  3%] [32mBuilding CXX object CMakeFiles/colorbar.dir/examples/colorbar.cpp.o[0m
[3.282s] [  6%] [32mBuilding CXX object CMakeFiles/spy.dir/examples/spy.cpp.o[0m
[3.302s] [  9%] [32mBuilding CXX object CMakeFiles/xkcd.dir/examples/xkcd.cpp.o[0m
[3.340s] [ 12%] [32mBuilding CXX object CMakeFiles/surface.dir/examples/surface.cpp.o[0m
[4.572s] [ 15%] [32m[1mLinking CXX executable bin/xkcd[0m
[4.615s] [ 18%] [32m[1mLinking CXX executable bin/surface[0m
[4.912s] [ 18%] Built target xkcd
[4.918s] [ 18%] Built target surface
[4.981s] [35m[1mScanning dependencies of target animation[0m
[4.986s] [35m[1mScanning dependencies of target basic[0m
[5.165s] [ 21%] [32mBuilding CXX object CMakeFiles/basic.dir/examples/basic.cpp.o[0m
[5.176s] [ 25%] [32mBuilding CXX object CMakeFiles/animation.dir/examples/animation.cpp.o[0m
[5.621s] [ 28%] [32m[1mLinking CXX executable bin/colorbar[0m
[5.879s] [ 31%] [32m[1mLinking CXX executable bin/spy[0m
[6.155s] [ 31%] Built target colorbar
[6.225s] [ 31%] Built target spy
[6.352s] [35m[1mScanning dependencies of target nonblock[0m
[6.354s] [35m[1mScanning dependencies of target minimal[0m
[6.445s] [ 34%] [32mBuilding CXX object CMakeFiles/minimal.dir/examples/minimal.cpp.o[0m
[6.459s] [ 37%] [32m[1mLinking CXX executable bin/basic[0m
[6.558s] [ 40%] [32mBuilding CXX object CMakeFiles/nonblock.dir/examples/nonblock.cpp.o[0m
[6.800s] [ 40%] Built target basic
[6.892s] [35m[1mScanning dependencies of target fill[0m
[6.978s] [ 43%] [32m[1mLinking CXX executable bin/animation[0m
[7.080s] [ 46%] [32mBuilding CXX object CMakeFiles/fill.dir/examples/fill.cpp.o[0m
[7.676s] [ 46%] Built target animation
[8.012s] [35m[1mScanning dependencies of target contour[0m
[8.159s] [ 50%] [32mBuilding CXX object CMakeFiles/contour.dir/examples/contour.cpp.o[0m
[8.696s] [ 53%] [32m[1mLinking CXX executable bin/minimal[0m
[9.074s] [ 56%] [32m[1mLinking CXX executable bin/nonblock[0m
[9.243s] [ 56%] Built target minimal
[9.358s] [35m[1mScanning dependencies of target bar[0m
[9.388s] [ 59%] [32m[1mLinking CXX executable bin/fill[0m
[9.509s] [ 62%] [32mBuilding CXX object CMakeFiles/bar.dir/examples/bar.cpp.o[0m
[9.634s] [ 62%] Built target nonblock
[9.695s] [35m[1mScanning dependencies of target fill_inbetween[0m
[9.754s] [ 65%] [32mBuilding CXX object CMakeFiles/fill_inbetween.dir/examples/fill_inbetween.cpp.o[0m
[9.804s] [ 65%] Built target fill
[10.185s] [35m[1mScanning dependencies of target update[0m
[10.657s] [ 68%] [32mBuilding CXX object CMakeFiles/update.dir/examples/update.cpp.o[0m
[10.831s] [ 71%] [32m[1mLinking CXX executable bin/contour[0m
[11.358s] [ 75%] [32m[1mLinking CXX executable bin/bar[0m
[11.371s] [ 75%] Built target contour
[11.470s] [ 78%] [32m[1mLinking CXX executable bin/fill_inbetween[0m
[11.502s] [35m[1mScanning dependencies of target lines3d[0m
[11.652s] [ 81%] [32mBuilding CXX object CMakeFiles/lines3d.dir/examples/lines3d.cpp.o[0m
[12.045s] [ 81%] Built target fill_inbetween
[12.203s] [ 81%] Built target bar
[12.236s] [35m[1mScanning dependencies of target subplot2grid[0m
[12.248s] [35m[1mScanning dependencies of target modern[0m
[12.342s] [ 84%] [32mBuilding CXX object CMakeFiles/subplot2grid.dir/examples/subplot2grid.cpp.o[0m
[12.381s] [ 87%] [32mBuilding CXX object CMakeFiles/modern.dir/examples/modern.cpp.o[0m
[12.396s] [ 90%] [32m[1mLinking CXX executable bin/update[0m
[12.638s] [ 90%] Built target update
[13.377s] [ 93%] [32m[1mLinking CXX executable bin/lines3d[0m
[13.601s] [ 93%] Built target lines3d
[13.996s] [ 96%] [32m[1mLinking CXX executable bin/subplot2grid[0m
[14.190s] [ 96%] Built target subplot2grid
[14.373s] [100%] [32m[1mLinking CXX executable bin/modern[0m
[14.543s] [100%] Built target modern
[14.601s] Invoked command in '/home/pritismankar/ros2_ws/build/matplotlib_cpp' returned '0': /usr/bin/cmake --build /home/pritismankar/ros2_ws/build/matplotlib_cpp -- -j4 -l4
[14.636s] Invoking command in '/home/pritismankar/ros2_ws/build/matplotlib_cpp': /usr/bin/cmake --install /home/pritismankar/ros2_ws/build/matplotlib_cpp
[14.669s] -- Install configuration: ""
[14.670s] -- Installing: /home/pritismankar/ros2_ws/install/matplotlib_cpp/include/matplotlibcpp.h
[14.674s] -- Installing: /home/pritismankar/ros2_ws/install/matplotlib_cpp/lib/matplotlib_cpp/cmake/matplotlib_cppTargets.cmake
[14.677s] -- Installing: /home/pritismankar/ros2_ws/install/matplotlib_cpp/lib/matplotlib_cpp/cmake/matplotlib_cppConfig.cmake
[14.686s] Invoked command in '/home/pritismankar/ros2_ws/build/matplotlib_cpp' returned '0': /usr/bin/cmake --install /home/pritismankar/ros2_ws/build/matplotlib_cpp
