[1.578s] Invoking command in '/home/pritismankar/ros2_ws/build/my_slam': PYTHONPATH=/home/pritismankar/ros2_ws/build/my_slam/prefix_override:/usr/lib/python3/dist-packages/colcon_core/task/python/colcon_distutils_commands:/home/pritismankar/ros2_ws/install/my_slam/lib/python3.8/site-packages:${PYTHONPATH} /usr/bin/python3 -W ignore:setup.py install is deprecated -W ignore:easy_install command is deprecated setup.py develop --editable --build-directory /home/pritismankar/ros2_ws/build/my_slam/build --no-deps symlink_data
[1.994s] running develop
[2.145s] running egg_info
[2.145s] creating my_slam.egg-info
[2.145s] writing my_slam.egg-info/PKG-INFO
[2.146s] writing dependency_links to my_slam.egg-info/dependency_links.txt
[2.146s] writing entry points to my_slam.egg-info/entry_points.txt
[2.146s] writing requirements to my_slam.egg-info/requires.txt
[2.146s] writing top-level names to my_slam.egg-info/top_level.txt
[2.149s] writing manifest file 'my_slam.egg-info/SOURCES.txt'
[2.206s] reading manifest file 'my_slam.egg-info/SOURCES.txt'
[2.207s] writing manifest file 'my_slam.egg-info/SOURCES.txt'
[2.272s] running build_ext
[2.272s] Creating /home/pritismankar/ros2_ws/install/my_slam/lib/python3.8/site-packages/site.py
[2.274s] Creating /home/pritismankar/ros2_ws/install/my_slam/lib/python3.8/site-packages/my-slam.egg-link (link to .)
[2.275s] Installing map_builder script to /home/pritismankar/ros2_ws/install/my_slam/lib/my_slam
[2.275s] Installing scan_matcher script to /home/pritismankar/ros2_ws/install/my_slam/lib/my_slam
[2.275s] 
[2.276s] Installed /home/pritismankar/ros2_ws/build/my_slam
[2.276s] running symlink_data
[2.276s] creating /home/pritismankar/ros2_ws/install/my_slam/share/ament_index
[2.276s] creating /home/pritismankar/ros2_ws/install/my_slam/share/ament_index/resource_index
[2.276s] creating /home/pritismankar/ros2_ws/install/my_slam/share/ament_index/resource_index/packages
[2.276s] symbolically linking /home/pritismankar/ros2_ws/build/my_slam/resource/my_slam -> /home/pritismankar/ros2_ws/install/my_slam/share/ament_index/resource_index/packages
[2.276s] symbolically linking /home/pritismankar/ros2_ws/build/my_slam/package.xml -> /home/pritismankar/ros2_ws/install/my_slam/share/my_slam
[2.315s] Invoked command in '/home/pritismankar/ros2_ws/build/my_slam' returned '0': PYTHONPATH=/home/pritismankar/ros2_ws/build/my_slam/prefix_override:/usr/lib/python3/dist-packages/colcon_core/task/python/colcon_distutils_commands:/home/pritismankar/ros2_ws/install/my_slam/lib/python3.8/site-packages:${PYTHONPATH} /usr/bin/python3 -W ignore:setup.py install is deprecated -W ignore:easy_install command is deprecated setup.py develop --editable --build-directory /home/pritismankar/ros2_ws/build/my_slam/build --no-deps symlink_data
