running develop
running egg_info
writing my_robot_description.egg-info/PKG-INFO
writing dependency_links to my_robot_description.egg-info/dependency_links.txt
writing top-level names to my_robot_description.egg-info/top_level.txt
reading manifest file 'my_robot_description.egg-info/SOURCES.txt'
writing manifest file 'my_robot_description.egg-info/SOURCES.txt'
running build_ext
Creating /home/pritismankar/ros2_ws/install/my_robot_description/lib/python3.8/site-packages/my-robot-description.egg-link (link to .)

Installed /home/pritismankar/ros2_ws/build/my_robot_description
running symlink_data
creating /home/pritismankar/ros2_ws/install/my_robot_description/src
creating /home/pritismankar/ros2_ws/install/my_robot_description/src/my_robot_description
creating /home/pritismankar/ros2_ws/install/my_robot_description/src/my_robot_description/urdf
symbolically linking /home/pritismankar/ros2_ws/build/my_robot_description/urdf/robot.urdf.xacro -> /home/pritismankar/ros2_ws/install/my_robot_description/src/my_robot_description/urdf
symbolically linking /home/pritismankar/ros2_ws/build/my_robot_description/urdf/materials.xacro -> /home/pritismankar/ros2_ws/install/my_robot_description/src/my_robot_description/urdf
creating /home/pritismankar/ros2_ws/install/my_robot_description/src/my_robot_description/launch
symbolically linking /home/pritismankar/ros2_ws/build/my_robot_description/launch/display.launch.py -> /home/pritismankar/ros2_ws/install/my_robot_description/src/my_robot_description/launch
creating /home/pritismankar/ros2_ws/install/my_robot_description/src/my_robot_description/rviz
symbolically linking /home/pritismankar/ros2_ws/build/my_robot_description/rviz/config.rviz -> /home/pritismankar/ros2_ws/install/my_robot_description/src/my_robot_description/rviz
