[2.537s] Invoking command in '/home/pritismankar/ros2_ws/build/my_robot_description': PYTHONPATH=/home/pritismankar/ros2_ws/build/my_robot_description/prefix_override:/usr/lib/python3/dist-packages/colcon_core/task/python/colcon_distutils_commands:/home/pritismankar/ros2_ws/install/my_robot_description/lib/python3.8/site-packages:${PYTHONPATH} /usr/bin/python3 -W ignore:setup.py install is deprecated -W ignore:easy_install command is deprecated setup.py develop --editable --build-directory /home/pritismankar/ros2_ws/build/my_robot_description/build --no-deps symlink_data
[3.109s] running develop
[3.341s] running egg_info
[3.342s] writing my_robot_description.egg-info/PKG-INFO
[3.342s] writing dependency_links to my_robot_description.egg-info/dependency_links.txt
[3.342s] writing top-level names to my_robot_description.egg-info/top_level.txt
[3.342s] reading manifest file 'my_robot_description.egg-info/SOURCES.txt'
[3.342s] writing manifest file 'my_robot_description.egg-info/SOURCES.txt'
[3.342s] running build_ext
[3.342s] Creating /home/pritismankar/ros2_ws/install/my_robot_description/lib/python3.8/site-packages/my-robot-description.egg-link (link to .)
[3.342s] 
[3.343s] Installed /home/pritismankar/ros2_ws/build/my_robot_description
[3.343s] running symlink_data
[3.343s] creating /home/pritismankar/ros2_ws/install/my_robot_description/src
[3.343s] creating /home/pritismankar/ros2_ws/install/my_robot_description/src/my_robot_description
[3.343s] creating /home/pritismankar/ros2_ws/install/my_robot_description/src/my_robot_description/urdf
[3.343s] symbolically linking /home/pritismankar/ros2_ws/build/my_robot_description/urdf/robot.urdf.xacro -> /home/pritismankar/ros2_ws/install/my_robot_description/src/my_robot_description/urdf
[3.343s] symbolically linking /home/pritismankar/ros2_ws/build/my_robot_description/urdf/materials.xacro -> /home/pritismankar/ros2_ws/install/my_robot_description/src/my_robot_description/urdf
[3.343s] creating /home/pritismankar/ros2_ws/install/my_robot_description/src/my_robot_description/launch
[3.343s] symbolically linking /home/pritismankar/ros2_ws/build/my_robot_description/launch/display.launch.py -> /home/pritismankar/ros2_ws/install/my_robot_description/src/my_robot_description/launch
[3.343s] creating /home/pritismankar/ros2_ws/install/my_robot_description/src/my_robot_description/rviz
[3.343s] symbolically linking /home/pritismankar/ros2_ws/build/my_robot_description/rviz/config.rviz -> /home/pritismankar/ros2_ws/install/my_robot_description/src/my_robot_description/rviz
[3.732s] Invoked command in '/home/pritismankar/ros2_ws/build/my_robot_description' returned '0': PYTHONPATH=/home/pritismankar/ros2_ws/build/my_robot_description/prefix_override:/usr/lib/python3/dist-packages/colcon_core/task/python/colcon_distutils_commands:/home/pritismankar/ros2_ws/install/my_robot_description/lib/python3.8/site-packages:${PYTHONPATH} /usr/bin/python3 -W ignore:setup.py install is deprecated -W ignore:easy_install command is deprecated setup.py develop --editable --build-directory /home/pritismankar/ros2_ws/build/my_robot_description/build --no-deps symlink_data
